ARM GAS  C:\Users\073be\AppData\Local\Temp\cczJk8sL.s 			page 1


   1              		.cpu cortex-m4
   2              		.eabi_attribute 27, 1
   3              		.eabi_attribute 28, 1
   4              		.eabi_attribute 20, 1
   5              		.eabi_attribute 21, 1
   6              		.eabi_attribute 23, 3
   7              		.eabi_attribute 24, 1
   8              		.eabi_attribute 25, 1
   9              		.eabi_attribute 26, 1
  10              		.eabi_attribute 30, 1
  11              		.eabi_attribute 34, 1
  12              		.eabi_attribute 18, 4
  13              		.file	"adc.c"
  14              		.text
  15              	.Ltext0:
  16              		.cfi_sections	.debug_frame
  17              		.section	.text.MX_ADC1_Init,"ax",%progbits
  18              		.align	1
  19              		.global	MX_ADC1_Init
  20              		.syntax unified
  21              		.thumb
  22              		.thumb_func
  23              		.fpu fpv4-sp-d16
  25              	MX_ADC1_Init:
  26              	.LFB126:
  27              		.file 1 "Core/Src/periphs/adc.c"
   1:Core/Src/periphs/adc.c **** /**
   2:Core/Src/periphs/adc.c ****   ******************************************************************************
   3:Core/Src/periphs/adc.c ****   * File Name          : ADC.c
   4:Core/Src/periphs/adc.c ****   * Description        : This file provides code for the configuration
   5:Core/Src/periphs/adc.c ****   *                      of the ADC instances.
   6:Core/Src/periphs/adc.c ****   ******************************************************************************
   7:Core/Src/periphs/adc.c ****   * This notice applies to any and all portions of this file
   8:Core/Src/periphs/adc.c ****   * that are not between comment pairs USER CODE BEGIN and
   9:Core/Src/periphs/adc.c ****   * USER CODE END. Other portions of this file, whether 
  10:Core/Src/periphs/adc.c ****   * inserted by the user or by software development tools
  11:Core/Src/periphs/adc.c ****   * are owned by their respective copyright owners.
  12:Core/Src/periphs/adc.c ****   *
  13:Core/Src/periphs/adc.c ****   * Copyright (c) 2018 STMicroelectronics International N.V. 
  14:Core/Src/periphs/adc.c ****   * All rights reserved.
  15:Core/Src/periphs/adc.c ****   *
  16:Core/Src/periphs/adc.c ****   * Redistribution and use in source and binary forms, with or without 
  17:Core/Src/periphs/adc.c ****   * modification, are permitted, provided that the following conditions are met:
  18:Core/Src/periphs/adc.c ****   *
  19:Core/Src/periphs/adc.c ****   * 1. Redistribution of source code must retain the above copyright notice, 
  20:Core/Src/periphs/adc.c ****   *    this list of conditions and the following disclaimer.
  21:Core/Src/periphs/adc.c ****   * 2. Redistributions in binary form must reproduce the above copyright notice,
  22:Core/Src/periphs/adc.c ****   *    this list of conditions and the following disclaimer in the documentation
  23:Core/Src/periphs/adc.c ****   *    and/or other materials provided with the distribution.
  24:Core/Src/periphs/adc.c ****   * 3. Neither the name of STMicroelectronics nor the names of other 
  25:Core/Src/periphs/adc.c ****   *    contributors to this software may be used to endorse or promote products 
  26:Core/Src/periphs/adc.c ****   *    derived from this software without specific written permission.
  27:Core/Src/periphs/adc.c ****   * 4. This software, including modifications and/or derivative works of this 
  28:Core/Src/periphs/adc.c ****   *    software, must execute solely and exclusively on microcontroller or
  29:Core/Src/periphs/adc.c ****   *    microprocessor devices manufactured by or for STMicroelectronics.
  30:Core/Src/periphs/adc.c ****   * 5. Redistribution and use of this software other than as permitted under 
  31:Core/Src/periphs/adc.c ****   *    this license is void and will automatically terminate your rights under 
ARM GAS  C:\Users\073be\AppData\Local\Temp\cczJk8sL.s 			page 2


  32:Core/Src/periphs/adc.c ****   *    this license. 
  33:Core/Src/periphs/adc.c ****   *
  34:Core/Src/periphs/adc.c ****   * THIS SOFTWARE IS PROVIDED BY STMICROELECTRONICS AND CONTRIBUTORS "AS IS" 
  35:Core/Src/periphs/adc.c ****   * AND ANY EXPRESS, IMPLIED OR STATUTORY WARRANTIES, INCLUDING, BUT NOT 
  36:Core/Src/periphs/adc.c ****   * LIMITED TO, THE IMPLIED WARRANTIES OF MERCHANTABILITY, FITNESS FOR A 
  37:Core/Src/periphs/adc.c ****   * PARTICULAR PURPOSE AND NON-INFRINGEMENT OF THIRD PARTY INTELLECTUAL PROPERTY
  38:Core/Src/periphs/adc.c ****   * RIGHTS ARE DISCLAIMED TO THE FULLEST EXTENT PERMITTED BY LAW. IN NO EVENT 
  39:Core/Src/periphs/adc.c ****   * SHALL STMICROELECTRONICS OR CONTRIBUTORS BE LIABLE FOR ANY DIRECT, INDIRECT,
  40:Core/Src/periphs/adc.c ****   * INCIDENTAL, SPECIAL, EXEMPLARY, OR CONSEQUENTIAL DAMAGES (INCLUDING, BUT NOT
  41:Core/Src/periphs/adc.c ****   * LIMITED TO, PROCUREMENT OF SUBSTITUTE GOODS OR SERVICES; LOSS OF USE, DATA, 
  42:Core/Src/periphs/adc.c ****   * OR PROFITS; OR BUSINESS INTERRUPTION) HOWEVER CAUSED AND ON ANY THEORY OF 
  43:Core/Src/periphs/adc.c ****   * LIABILITY, WHETHER IN CONTRACT, STRICT LIABILITY, OR TORT (INCLUDING 
  44:Core/Src/periphs/adc.c ****   * NEGLIGENCE OR OTHERWISE) ARISING IN ANY WAY OUT OF THE USE OF THIS SOFTWARE,
  45:Core/Src/periphs/adc.c ****   * EVEN IF ADVISED OF THE POSSIBILITY OF SUCH DAMAGE.
  46:Core/Src/periphs/adc.c ****   *
  47:Core/Src/periphs/adc.c ****   ******************************************************************************
  48:Core/Src/periphs/adc.c ****   */
  49:Core/Src/periphs/adc.c **** 
  50:Core/Src/periphs/adc.c **** /* Includes ------------------------------------------------------------------*/
  51:Core/Src/periphs/adc.c **** #include "adc.h"
  52:Core/Src/periphs/adc.c **** 
  53:Core/Src/periphs/adc.c **** /* USER CODE BEGIN 0 */
  54:Core/Src/periphs/adc.c **** 
  55:Core/Src/periphs/adc.c **** /* USER CODE END 0 */
  56:Core/Src/periphs/adc.c **** 
  57:Core/Src/periphs/adc.c **** ADC_HandleTypeDef hadc1;
  58:Core/Src/periphs/adc.c **** 
  59:Core/Src/periphs/adc.c **** /* ADC1 init function */
  60:Core/Src/periphs/adc.c **** void MX_ADC1_Init(void)
  61:Core/Src/periphs/adc.c **** {
  28              		.loc 1 61 0
  29              		.cfi_startproc
  30              		@ args = 0, pretend = 0, frame = 16
  31              		@ frame_needed = 0, uses_anonymous_args = 0
  32 0000 00B5     		push	{lr}
  33              	.LCFI0:
  34              		.cfi_def_cfa_offset 4
  35              		.cfi_offset 14, -4
  36 0002 85B0     		sub	sp, sp, #20
  37              	.LCFI1:
  38              		.cfi_def_cfa_offset 24
  62:Core/Src/periphs/adc.c ****   ADC_ChannelConfTypeDef sConfig = {0};
  39              		.loc 1 62 0
  40 0004 0023     		movs	r3, #0
  41 0006 0093     		str	r3, [sp]
  42 0008 0193     		str	r3, [sp, #4]
  43 000a 0293     		str	r3, [sp, #8]
  44 000c 0393     		str	r3, [sp, #12]
  63:Core/Src/periphs/adc.c **** 
  64:Core/Src/periphs/adc.c ****   /**Configure the global features of the ADC (Clock, Resolution, Data Alignment and number of conv
  65:Core/Src/periphs/adc.c ****   */
  66:Core/Src/periphs/adc.c ****   hadc1.Instance = ADC1;
  45              		.loc 1 66 0
  46 000e 1448     		ldr	r0, .L7
  47 0010 144A     		ldr	r2, .L7+4
  48 0012 0260     		str	r2, [r0]
  67:Core/Src/periphs/adc.c ****   hadc1.Init.ClockPrescaler = ADC_CLOCK_SYNC_PCLK_DIV4;
ARM GAS  C:\Users\073be\AppData\Local\Temp\cczJk8sL.s 			page 3


  49              		.loc 1 67 0
  50 0014 4FF48032 		mov	r2, #65536
  51 0018 4260     		str	r2, [r0, #4]
  68:Core/Src/periphs/adc.c ****   hadc1.Init.Resolution = ADC_RESOLUTION_12B;
  52              		.loc 1 68 0
  53 001a 8360     		str	r3, [r0, #8]
  69:Core/Src/periphs/adc.c ****   hadc1.Init.ScanConvMode = DISABLE;
  54              		.loc 1 69 0
  55 001c 0361     		str	r3, [r0, #16]
  70:Core/Src/periphs/adc.c ****   hadc1.Init.ContinuousConvMode = DISABLE;
  56              		.loc 1 70 0
  57 001e 8361     		str	r3, [r0, #24]
  71:Core/Src/periphs/adc.c ****   hadc1.Init.DiscontinuousConvMode = DISABLE;
  58              		.loc 1 71 0
  59 0020 0362     		str	r3, [r0, #32]
  72:Core/Src/periphs/adc.c ****   hadc1.Init.ExternalTrigConvEdge = ADC_EXTERNALTRIGCONVEDGE_NONE;
  60              		.loc 1 72 0
  61 0022 C362     		str	r3, [r0, #44]
  73:Core/Src/periphs/adc.c ****   hadc1.Init.ExternalTrigConv = ADC_SOFTWARE_START;
  62              		.loc 1 73 0
  63 0024 104A     		ldr	r2, .L7+8
  64 0026 8262     		str	r2, [r0, #40]
  74:Core/Src/periphs/adc.c ****   hadc1.Init.DataAlign = ADC_DATAALIGN_RIGHT;
  65              		.loc 1 74 0
  66 0028 C360     		str	r3, [r0, #12]
  75:Core/Src/periphs/adc.c ****   hadc1.Init.NbrOfConversion = 1;
  67              		.loc 1 75 0
  68 002a 0122     		movs	r2, #1
  69 002c C261     		str	r2, [r0, #28]
  76:Core/Src/periphs/adc.c ****   hadc1.Init.DMAContinuousRequests = DISABLE;
  70              		.loc 1 76 0
  71 002e 0363     		str	r3, [r0, #48]
  77:Core/Src/periphs/adc.c ****   hadc1.Init.EOCSelection = ADC_EOC_SINGLE_CONV;
  72              		.loc 1 77 0
  73 0030 4261     		str	r2, [r0, #20]
  78:Core/Src/periphs/adc.c ****   if (HAL_ADC_Init(&hadc1) != HAL_OK)
  74              		.loc 1 78 0
  75 0032 FFF7FEFF 		bl	HAL_ADC_Init
  76              	.LVL0:
  77 0036 68B9     		cbnz	r0, .L5
  78              	.L2:
  79:Core/Src/periphs/adc.c ****   {
  80:Core/Src/periphs/adc.c ****     Error_Handler();
  81:Core/Src/periphs/adc.c ****   }
  82:Core/Src/periphs/adc.c ****   /**Configure for the selected ADC regular channel its corresponding rank in the sequencer and its
  83:Core/Src/periphs/adc.c ****   */
  84:Core/Src/periphs/adc.c ****   sConfig.Channel = ADC_CHANNEL_3;
  79              		.loc 1 84 0
  80 0038 0323     		movs	r3, #3
  81 003a 0093     		str	r3, [sp]
  85:Core/Src/periphs/adc.c ****   sConfig.Rank = 1;
  82              		.loc 1 85 0
  83 003c 0123     		movs	r3, #1
  84 003e 0193     		str	r3, [sp, #4]
  86:Core/Src/periphs/adc.c ****   sConfig.SamplingTime = ADC_SAMPLETIME_3CYCLES;
  85              		.loc 1 86 0
  86 0040 0023     		movs	r3, #0
ARM GAS  C:\Users\073be\AppData\Local\Temp\cczJk8sL.s 			page 4


  87 0042 0293     		str	r3, [sp, #8]
  87:Core/Src/periphs/adc.c ****   if (HAL_ADC_ConfigChannel(&hadc1, &sConfig) != HAL_OK)
  88              		.loc 1 87 0
  89 0044 6946     		mov	r1, sp
  90 0046 0648     		ldr	r0, .L7
  91 0048 FFF7FEFF 		bl	HAL_ADC_ConfigChannel
  92              	.LVL1:
  93 004c 28B9     		cbnz	r0, .L6
  94              	.L1:
  88:Core/Src/periphs/adc.c ****   {
  89:Core/Src/periphs/adc.c ****     Error_Handler();
  90:Core/Src/periphs/adc.c ****   }
  91:Core/Src/periphs/adc.c **** 
  92:Core/Src/periphs/adc.c **** }
  95              		.loc 1 92 0
  96 004e 05B0     		add	sp, sp, #20
  97              	.LCFI2:
  98              		.cfi_remember_state
  99              		.cfi_def_cfa_offset 4
 100              		@ sp needed
 101 0050 5DF804FB 		ldr	pc, [sp], #4
 102              	.L5:
 103              	.LCFI3:
 104              		.cfi_restore_state
  80:Core/Src/periphs/adc.c ****   }
 105              		.loc 1 80 0
 106 0054 FFF7FEFF 		bl	Error_Handler
 107              	.LVL2:
 108 0058 EEE7     		b	.L2
 109              	.L6:
  89:Core/Src/periphs/adc.c ****   }
 110              		.loc 1 89 0
 111 005a FFF7FEFF 		bl	Error_Handler
 112              	.LVL3:
 113              		.loc 1 92 0
 114 005e F6E7     		b	.L1
 115              	.L8:
 116              		.align	2
 117              	.L7:
 118 0060 00000000 		.word	hadc1
 119 0064 00200140 		.word	1073815552
 120 0068 0100000F 		.word	251658241
 121              		.cfi_endproc
 122              	.LFE126:
 124              		.section	.text.HAL_ADC_MspInit,"ax",%progbits
 125              		.align	1
 126              		.global	HAL_ADC_MspInit
 127              		.syntax unified
 128              		.thumb
 129              		.thumb_func
 130              		.fpu fpv4-sp-d16
 132              	HAL_ADC_MspInit:
 133              	.LFB127:
  93:Core/Src/periphs/adc.c **** 
  94:Core/Src/periphs/adc.c **** void HAL_ADC_MspInit(ADC_HandleTypeDef* adcHandle)
  95:Core/Src/periphs/adc.c **** {
 134              		.loc 1 95 0
ARM GAS  C:\Users\073be\AppData\Local\Temp\cczJk8sL.s 			page 5


 135              		.cfi_startproc
 136              		@ args = 0, pretend = 0, frame = 32
 137              		@ frame_needed = 0, uses_anonymous_args = 0
 138              	.LVL4:
 139 0000 00B5     		push	{lr}
 140              	.LCFI4:
 141              		.cfi_def_cfa_offset 4
 142              		.cfi_offset 14, -4
 143 0002 89B0     		sub	sp, sp, #36
 144              	.LCFI5:
 145              		.cfi_def_cfa_offset 40
  96:Core/Src/periphs/adc.c **** 
  97:Core/Src/periphs/adc.c ****   GPIO_InitTypeDef GPIO_InitStruct = {0};
 146              		.loc 1 97 0
 147 0004 0023     		movs	r3, #0
 148 0006 0393     		str	r3, [sp, #12]
 149 0008 0493     		str	r3, [sp, #16]
 150 000a 0593     		str	r3, [sp, #20]
 151 000c 0693     		str	r3, [sp, #24]
 152 000e 0793     		str	r3, [sp, #28]
  98:Core/Src/periphs/adc.c ****   if(adcHandle->Instance==ADC1)
 153              		.loc 1 98 0
 154 0010 0268     		ldr	r2, [r0]
 155 0012 03F18043 		add	r3, r3, #1073741824
 156 0016 03F59033 		add	r3, r3, #73728
 157 001a 9A42     		cmp	r2, r3
 158 001c 02D0     		beq	.L12
 159              	.LVL5:
 160              	.L9:
  99:Core/Src/periphs/adc.c ****   {
 100:Core/Src/periphs/adc.c ****   /* USER CODE BEGIN ADC1_MspInit 0 */
 101:Core/Src/periphs/adc.c **** 
 102:Core/Src/periphs/adc.c ****   /* USER CODE END ADC1_MspInit 0 */
 103:Core/Src/periphs/adc.c ****     /* ADC1 clock enable */
 104:Core/Src/periphs/adc.c ****     __HAL_RCC_ADC1_CLK_ENABLE();
 105:Core/Src/periphs/adc.c ****   
 106:Core/Src/periphs/adc.c ****     __HAL_RCC_GPIOA_CLK_ENABLE();
 107:Core/Src/periphs/adc.c ****     /**ADC1 GPIO Configuration    
 108:Core/Src/periphs/adc.c ****     PA3     ------> ADC1_IN3 
 109:Core/Src/periphs/adc.c ****     */
 110:Core/Src/periphs/adc.c ****     GPIO_InitStruct.Pin = GPIO_PIN_3;
 111:Core/Src/periphs/adc.c ****     GPIO_InitStruct.Mode = GPIO_MODE_ANALOG;
 112:Core/Src/periphs/adc.c ****     GPIO_InitStruct.Pull = GPIO_NOPULL;
 113:Core/Src/periphs/adc.c ****     HAL_GPIO_Init(GPIOA, &GPIO_InitStruct);
 114:Core/Src/periphs/adc.c **** 
 115:Core/Src/periphs/adc.c ****   /* USER CODE BEGIN ADC1_MspInit 1 */
 116:Core/Src/periphs/adc.c **** 
 117:Core/Src/periphs/adc.c ****   /* USER CODE END ADC1_MspInit 1 */
 118:Core/Src/periphs/adc.c ****   }
 119:Core/Src/periphs/adc.c **** }
 161              		.loc 1 119 0
 162 001e 09B0     		add	sp, sp, #36
 163              	.LCFI6:
 164              		.cfi_remember_state
 165              		.cfi_def_cfa_offset 4
 166              		@ sp needed
 167 0020 5DF804FB 		ldr	pc, [sp], #4
ARM GAS  C:\Users\073be\AppData\Local\Temp\cczJk8sL.s 			page 6


 168              	.LVL6:
 169              	.L12:
 170              	.LCFI7:
 171              		.cfi_restore_state
 172              	.LBB2:
 104:Core/Src/periphs/adc.c ****   
 173              		.loc 1 104 0
 174 0024 0021     		movs	r1, #0
 175 0026 0191     		str	r1, [sp, #4]
 176 0028 03F58C33 		add	r3, r3, #71680
 177 002c 5A6C     		ldr	r2, [r3, #68]
 178 002e 42F48072 		orr	r2, r2, #256
 179 0032 5A64     		str	r2, [r3, #68]
 180 0034 5A6C     		ldr	r2, [r3, #68]
 181 0036 02F48072 		and	r2, r2, #256
 182 003a 0192     		str	r2, [sp, #4]
 183 003c 019A     		ldr	r2, [sp, #4]
 184              	.LBE2:
 185              	.LBB3:
 106:Core/Src/periphs/adc.c ****     /**ADC1 GPIO Configuration    
 186              		.loc 1 106 0
 187 003e 0291     		str	r1, [sp, #8]
 188 0040 1A6B     		ldr	r2, [r3, #48]
 189 0042 42F00102 		orr	r2, r2, #1
 190 0046 1A63     		str	r2, [r3, #48]
 191 0048 1B6B     		ldr	r3, [r3, #48]
 192 004a 03F00103 		and	r3, r3, #1
 193 004e 0293     		str	r3, [sp, #8]
 194 0050 029B     		ldr	r3, [sp, #8]
 195              	.LBE3:
 110:Core/Src/periphs/adc.c ****     GPIO_InitStruct.Mode = GPIO_MODE_ANALOG;
 196              		.loc 1 110 0
 197 0052 0823     		movs	r3, #8
 198 0054 0393     		str	r3, [sp, #12]
 111:Core/Src/periphs/adc.c ****     GPIO_InitStruct.Pull = GPIO_NOPULL;
 199              		.loc 1 111 0
 200 0056 0323     		movs	r3, #3
 201 0058 0493     		str	r3, [sp, #16]
 113:Core/Src/periphs/adc.c **** 
 202              		.loc 1 113 0
 203 005a 03A9     		add	r1, sp, #12
 204 005c 0148     		ldr	r0, .L13
 205              	.LVL7:
 206 005e FFF7FEFF 		bl	HAL_GPIO_Init
 207              	.LVL8:
 208              		.loc 1 119 0
 209 0062 DCE7     		b	.L9
 210              	.L14:
 211              		.align	2
 212              	.L13:
 213 0064 00000240 		.word	1073872896
 214              		.cfi_endproc
 215              	.LFE127:
 217              		.section	.text.HAL_ADC_MspDeInit,"ax",%progbits
 218              		.align	1
 219              		.global	HAL_ADC_MspDeInit
 220              		.syntax unified
ARM GAS  C:\Users\073be\AppData\Local\Temp\cczJk8sL.s 			page 7


 221              		.thumb
 222              		.thumb_func
 223              		.fpu fpv4-sp-d16
 225              	HAL_ADC_MspDeInit:
 226              	.LFB128:
 120:Core/Src/periphs/adc.c **** 
 121:Core/Src/periphs/adc.c **** void HAL_ADC_MspDeInit(ADC_HandleTypeDef* adcHandle)
 122:Core/Src/periphs/adc.c **** {
 227              		.loc 1 122 0
 228              		.cfi_startproc
 229              		@ args = 0, pretend = 0, frame = 0
 230              		@ frame_needed = 0, uses_anonymous_args = 0
 231              	.LVL9:
 232 0000 08B5     		push	{r3, lr}
 233              	.LCFI8:
 234              		.cfi_def_cfa_offset 8
 235              		.cfi_offset 3, -8
 236              		.cfi_offset 14, -4
 123:Core/Src/periphs/adc.c **** 
 124:Core/Src/periphs/adc.c ****   if(adcHandle->Instance==ADC1)
 237              		.loc 1 124 0
 238 0002 0268     		ldr	r2, [r0]
 239 0004 064B     		ldr	r3, .L19
 240 0006 9A42     		cmp	r2, r3
 241 0008 00D0     		beq	.L18
 242              	.LVL10:
 243              	.L15:
 125:Core/Src/periphs/adc.c ****   {
 126:Core/Src/periphs/adc.c ****   /* USER CODE BEGIN ADC1_MspDeInit 0 */
 127:Core/Src/periphs/adc.c **** 
 128:Core/Src/periphs/adc.c ****   /* USER CODE END ADC1_MspDeInit 0 */
 129:Core/Src/periphs/adc.c ****     /* Peripheral clock disable */
 130:Core/Src/periphs/adc.c ****     __HAL_RCC_ADC1_CLK_DISABLE();
 131:Core/Src/periphs/adc.c ****   
 132:Core/Src/periphs/adc.c ****     /**ADC1 GPIO Configuration    
 133:Core/Src/periphs/adc.c ****     PA3     ------> ADC1_IN3 
 134:Core/Src/periphs/adc.c ****     */
 135:Core/Src/periphs/adc.c ****     HAL_GPIO_DeInit(GPIOA, GPIO_PIN_3);
 136:Core/Src/periphs/adc.c **** 
 137:Core/Src/periphs/adc.c ****   /* USER CODE BEGIN ADC1_MspDeInit 1 */
 138:Core/Src/periphs/adc.c **** 
 139:Core/Src/periphs/adc.c ****   /* USER CODE END ADC1_MspDeInit 1 */
 140:Core/Src/periphs/adc.c ****   }
 141:Core/Src/periphs/adc.c **** } 
 244              		.loc 1 141 0
 245 000a 08BD     		pop	{r3, pc}
 246              	.LVL11:
 247              	.L18:
 130:Core/Src/periphs/adc.c ****   
 248              		.loc 1 130 0
 249 000c 054A     		ldr	r2, .L19+4
 250 000e 536C     		ldr	r3, [r2, #68]
 251 0010 23F48073 		bic	r3, r3, #256
 252 0014 5364     		str	r3, [r2, #68]
 135:Core/Src/periphs/adc.c **** 
 253              		.loc 1 135 0
 254 0016 0821     		movs	r1, #8
ARM GAS  C:\Users\073be\AppData\Local\Temp\cczJk8sL.s 			page 8


 255 0018 0348     		ldr	r0, .L19+8
 256              	.LVL12:
 257 001a FFF7FEFF 		bl	HAL_GPIO_DeInit
 258              	.LVL13:
 259              		.loc 1 141 0
 260 001e F4E7     		b	.L15
 261              	.L20:
 262              		.align	2
 263              	.L19:
 264 0020 00200140 		.word	1073815552
 265 0024 00380240 		.word	1073887232
 266 0028 00000240 		.word	1073872896
 267              		.cfi_endproc
 268              	.LFE128:
 270              		.comm	hadc1,72,4
 271              		.text
 272              	.Letext0:
 273              		.file 2 "c:\\program files (x86)\\gnu tools arm embedded\\7 2017-q4-major\\arm-none-eabi\\include\
 274              		.file 3 "c:\\program files (x86)\\gnu tools arm embedded\\7 2017-q4-major\\arm-none-eabi\\include\
 275              		.file 4 "C:/Users/073be/STM32Cube/Repository/STM32Cube_FW_F4_V1.23.0/Drivers/CMSIS/Include/core_cm
 276              		.file 5 "C:/Users/073be/STM32Cube/Repository/STM32Cube_FW_F4_V1.23.0/Drivers/CMSIS/Device/ST/STM32
 277              		.file 6 "C:/Users/073be/STM32Cube/Repository/STM32Cube_FW_F4_V1.23.0/Drivers/CMSIS/Device/ST/STM32
 278              		.file 7 "c:\\program files (x86)\\gnu tools arm embedded\\7 2017-q4-major\\arm-none-eabi\\include\
 279              		.file 8 "c:\\program files (x86)\\gnu tools arm embedded\\7 2017-q4-major\\arm-none-eabi\\include\
 280              		.file 9 "c:\\program files (x86)\\gnu tools arm embedded\\7 2017-q4-major\\lib\\gcc\\arm-none-eabi
 281              		.file 10 "c:\\program files (x86)\\gnu tools arm embedded\\7 2017-q4-major\\arm-none-eabi\\include
 282              		.file 11 "C:/Users/073be/STM32Cube/Repository/STM32Cube_FW_F4_V1.23.0/Drivers/CMSIS/Device/ST/STM3
 283              		.file 12 "C:/Users/073be/STM32Cube/Repository/STM32Cube_FW_F4_V1.23.0/Drivers/STM32F4xx_HAL_Driver
 284              		.file 13 "C:/Users/073be/STM32Cube/Repository/STM32Cube_FW_F4_V1.23.0/Drivers/STM32F4xx_HAL_Driver
 285              		.file 14 "C:/Users/073be/STM32Cube/Repository/STM32Cube_FW_F4_V1.23.0/Drivers/STM32F4xx_HAL_Driver
 286              		.file 15 "C:/Users/073be/STM32Cube/Repository/STM32Cube_FW_F4_V1.23.0/Drivers/STM32F4xx_HAL_Driver
 287              		.file 16 "Core/Inc\\periphs/adc.h"
 288              		.file 17 "Core/Inc/main.h"
ARM GAS  C:\Users\073be\AppData\Local\Temp\cczJk8sL.s 			page 9


DEFINED SYMBOLS
                            *ABS*:00000000 adc.c
C:\Users\073be\AppData\Local\Temp\cczJk8sL.s:18     .text.MX_ADC1_Init:00000000 $t
C:\Users\073be\AppData\Local\Temp\cczJk8sL.s:25     .text.MX_ADC1_Init:00000000 MX_ADC1_Init
C:\Users\073be\AppData\Local\Temp\cczJk8sL.s:118    .text.MX_ADC1_Init:00000060 $d
                            *COM*:00000048 hadc1
C:\Users\073be\AppData\Local\Temp\cczJk8sL.s:125    .text.HAL_ADC_MspInit:00000000 $t
C:\Users\073be\AppData\Local\Temp\cczJk8sL.s:132    .text.HAL_ADC_MspInit:00000000 HAL_ADC_MspInit
C:\Users\073be\AppData\Local\Temp\cczJk8sL.s:213    .text.HAL_ADC_MspInit:00000064 $d
C:\Users\073be\AppData\Local\Temp\cczJk8sL.s:218    .text.HAL_ADC_MspDeInit:00000000 $t
C:\Users\073be\AppData\Local\Temp\cczJk8sL.s:225    .text.HAL_ADC_MspDeInit:00000000 HAL_ADC_MspDeInit
C:\Users\073be\AppData\Local\Temp\cczJk8sL.s:264    .text.HAL_ADC_MspDeInit:00000020 $d

UNDEFINED SYMBOLS
HAL_ADC_Init
HAL_ADC_ConfigChannel
Error_Handler
HAL_GPIO_Init
HAL_GPIO_DeInit
