ARM GAS  C:\Users\073be\AppData\Local\Temp\ccjHAALa.s 			page 1


   1              		.cpu cortex-m4
   2              		.eabi_attribute 27, 1
   3              		.eabi_attribute 28, 1
   4              		.eabi_attribute 20, 1
   5              		.eabi_attribute 21, 1
   6              		.eabi_attribute 23, 3
   7              		.eabi_attribute 24, 1
   8              		.eabi_attribute 25, 1
   9              		.eabi_attribute 26, 1
  10              		.eabi_attribute 30, 1
  11              		.eabi_attribute 34, 1
  12              		.eabi_attribute 18, 4
  13              		.file	"stm32f4xx_hal_msp.c"
  14              		.text
  15              	.Ltext0:
  16              		.cfi_sections	.debug_frame
  17              		.section	.text.HAL_MspInit,"ax",%progbits
  18              		.align	1
  19              		.global	HAL_MspInit
  20              		.syntax unified
  21              		.thumb
  22              		.thumb_func
  23              		.fpu fpv4-sp-d16
  25              	HAL_MspInit:
  26              	.LFB126:
  27              		.file 1 "Core/Src/stm32f4xx_hal_msp.c"
   1:Core/Src/stm32f4xx_hal_msp.c **** /* USER CODE BEGIN Header */
   2:Core/Src/stm32f4xx_hal_msp.c **** /**
   3:Core/Src/stm32f4xx_hal_msp.c ****   ******************************************************************************
   4:Core/Src/stm32f4xx_hal_msp.c ****   * File Name          : stm32f4xx_hal_msp.c
   5:Core/Src/stm32f4xx_hal_msp.c ****   * Description        : This file provides code for the MSP Initialization 
   6:Core/Src/stm32f4xx_hal_msp.c ****   *                      and de-Initialization codes.
   7:Core/Src/stm32f4xx_hal_msp.c ****   ******************************************************************************
   8:Core/Src/stm32f4xx_hal_msp.c ****   * This notice applies to any and all portions of this file
   9:Core/Src/stm32f4xx_hal_msp.c ****   * that are not between comment pairs USER CODE BEGIN and
  10:Core/Src/stm32f4xx_hal_msp.c ****   * USER CODE END. Other portions of this file, whether 
  11:Core/Src/stm32f4xx_hal_msp.c ****   * inserted by the user or by software development tools
  12:Core/Src/stm32f4xx_hal_msp.c ****   * are owned by their respective copyright owners.
  13:Core/Src/stm32f4xx_hal_msp.c ****   *
  14:Core/Src/stm32f4xx_hal_msp.c ****   * Copyright (c) 2018 STMicroelectronics International N.V. 
  15:Core/Src/stm32f4xx_hal_msp.c ****   * All rights reserved.
  16:Core/Src/stm32f4xx_hal_msp.c ****   *
  17:Core/Src/stm32f4xx_hal_msp.c ****   * Redistribution and use in source and binary forms, with or without 
  18:Core/Src/stm32f4xx_hal_msp.c ****   * modification, are permitted, provided that the following conditions are met:
  19:Core/Src/stm32f4xx_hal_msp.c ****   *
  20:Core/Src/stm32f4xx_hal_msp.c ****   * 1. Redistribution of source code must retain the above copyright notice, 
  21:Core/Src/stm32f4xx_hal_msp.c ****   *    this list of conditions and the following disclaimer.
  22:Core/Src/stm32f4xx_hal_msp.c ****   * 2. Redistributions in binary form must reproduce the above copyright notice,
  23:Core/Src/stm32f4xx_hal_msp.c ****   *    this list of conditions and the following disclaimer in the documentation
  24:Core/Src/stm32f4xx_hal_msp.c ****   *    and/or other materials provided with the distribution.
  25:Core/Src/stm32f4xx_hal_msp.c ****   * 3. Neither the name of STMicroelectronics nor the names of other 
  26:Core/Src/stm32f4xx_hal_msp.c ****   *    contributors to this software may be used to endorse or promote products 
  27:Core/Src/stm32f4xx_hal_msp.c ****   *    derived from this software without specific written permission.
  28:Core/Src/stm32f4xx_hal_msp.c ****   * 4. This software, including modifications and/or derivative works of this 
  29:Core/Src/stm32f4xx_hal_msp.c ****   *    software, must execute solely and exclusively on microcontroller or
  30:Core/Src/stm32f4xx_hal_msp.c ****   *    microprocessor devices manufactured by or for STMicroelectronics.
  31:Core/Src/stm32f4xx_hal_msp.c ****   * 5. Redistribution and use of this software other than as permitted under 
ARM GAS  C:\Users\073be\AppData\Local\Temp\ccjHAALa.s 			page 2


  32:Core/Src/stm32f4xx_hal_msp.c ****   *    this license is void and will automatically terminate your rights under 
  33:Core/Src/stm32f4xx_hal_msp.c ****   *    this license. 
  34:Core/Src/stm32f4xx_hal_msp.c ****   *
  35:Core/Src/stm32f4xx_hal_msp.c ****   * THIS SOFTWARE IS PROVIDED BY STMICROELECTRONICS AND CONTRIBUTORS "AS IS" 
  36:Core/Src/stm32f4xx_hal_msp.c ****   * AND ANY EXPRESS, IMPLIED OR STATUTORY WARRANTIES, INCLUDING, BUT NOT 
  37:Core/Src/stm32f4xx_hal_msp.c ****   * LIMITED TO, THE IMPLIED WARRANTIES OF MERCHANTABILITY, FITNESS FOR A 
  38:Core/Src/stm32f4xx_hal_msp.c ****   * PARTICULAR PURPOSE AND NON-INFRINGEMENT OF THIRD PARTY INTELLECTUAL PROPERTY
  39:Core/Src/stm32f4xx_hal_msp.c ****   * RIGHTS ARE DISCLAIMED TO THE FULLEST EXTENT PERMITTED BY LAW. IN NO EVENT 
  40:Core/Src/stm32f4xx_hal_msp.c ****   * SHALL STMICROELECTRONICS OR CONTRIBUTORS BE LIABLE FOR ANY DIRECT, INDIRECT,
  41:Core/Src/stm32f4xx_hal_msp.c ****   * INCIDENTAL, SPECIAL, EXEMPLARY, OR CONSEQUENTIAL DAMAGES (INCLUDING, BUT NOT
  42:Core/Src/stm32f4xx_hal_msp.c ****   * LIMITED TO, PROCUREMENT OF SUBSTITUTE GOODS OR SERVICES; LOSS OF USE, DATA, 
  43:Core/Src/stm32f4xx_hal_msp.c ****   * OR PROFITS; OR BUSINESS INTERRUPTION) HOWEVER CAUSED AND ON ANY THEORY OF 
  44:Core/Src/stm32f4xx_hal_msp.c ****   * LIABILITY, WHETHER IN CONTRACT, STRICT LIABILITY, OR TORT (INCLUDING 
  45:Core/Src/stm32f4xx_hal_msp.c ****   * NEGLIGENCE OR OTHERWISE) ARISING IN ANY WAY OUT OF THE USE OF THIS SOFTWARE,
  46:Core/Src/stm32f4xx_hal_msp.c ****   * EVEN IF ADVISED OF THE POSSIBILITY OF SUCH DAMAGE.
  47:Core/Src/stm32f4xx_hal_msp.c ****   *
  48:Core/Src/stm32f4xx_hal_msp.c ****   ******************************************************************************
  49:Core/Src/stm32f4xx_hal_msp.c ****   */
  50:Core/Src/stm32f4xx_hal_msp.c **** /* USER CODE END Header */
  51:Core/Src/stm32f4xx_hal_msp.c **** 
  52:Core/Src/stm32f4xx_hal_msp.c **** /* Includes ------------------------------------------------------------------*/
  53:Core/Src/stm32f4xx_hal_msp.c **** #include "main.h"
  54:Core/Src/stm32f4xx_hal_msp.c **** /* USER CODE BEGIN Includes */
  55:Core/Src/stm32f4xx_hal_msp.c **** 
  56:Core/Src/stm32f4xx_hal_msp.c **** /* USER CODE END Includes */
  57:Core/Src/stm32f4xx_hal_msp.c **** 
  58:Core/Src/stm32f4xx_hal_msp.c **** /* Private typedef -----------------------------------------------------------*/
  59:Core/Src/stm32f4xx_hal_msp.c **** /* USER CODE BEGIN TD */
  60:Core/Src/stm32f4xx_hal_msp.c **** 
  61:Core/Src/stm32f4xx_hal_msp.c **** /* USER CODE END TD */
  62:Core/Src/stm32f4xx_hal_msp.c **** 
  63:Core/Src/stm32f4xx_hal_msp.c **** /* Private define ------------------------------------------------------------*/
  64:Core/Src/stm32f4xx_hal_msp.c **** /* USER CODE BEGIN Define */
  65:Core/Src/stm32f4xx_hal_msp.c ****  
  66:Core/Src/stm32f4xx_hal_msp.c **** /* USER CODE END Define */
  67:Core/Src/stm32f4xx_hal_msp.c **** 
  68:Core/Src/stm32f4xx_hal_msp.c **** /* Private macro -------------------------------------------------------------*/
  69:Core/Src/stm32f4xx_hal_msp.c **** /* USER CODE BEGIN Macro */
  70:Core/Src/stm32f4xx_hal_msp.c **** 
  71:Core/Src/stm32f4xx_hal_msp.c **** /* USER CODE END Macro */
  72:Core/Src/stm32f4xx_hal_msp.c **** 
  73:Core/Src/stm32f4xx_hal_msp.c **** /* Private variables ---------------------------------------------------------*/
  74:Core/Src/stm32f4xx_hal_msp.c **** /* USER CODE BEGIN PV */
  75:Core/Src/stm32f4xx_hal_msp.c **** 
  76:Core/Src/stm32f4xx_hal_msp.c **** /* USER CODE END PV */
  77:Core/Src/stm32f4xx_hal_msp.c **** 
  78:Core/Src/stm32f4xx_hal_msp.c **** /* Private function prototypes -----------------------------------------------*/
  79:Core/Src/stm32f4xx_hal_msp.c **** /* USER CODE BEGIN PFP */
  80:Core/Src/stm32f4xx_hal_msp.c **** 
  81:Core/Src/stm32f4xx_hal_msp.c **** /* USER CODE END PFP */
  82:Core/Src/stm32f4xx_hal_msp.c **** 
  83:Core/Src/stm32f4xx_hal_msp.c **** /* External functions --------------------------------------------------------*/
  84:Core/Src/stm32f4xx_hal_msp.c **** /* USER CODE BEGIN ExternalFunctions */
  85:Core/Src/stm32f4xx_hal_msp.c **** 
  86:Core/Src/stm32f4xx_hal_msp.c **** /* USER CODE END ExternalFunctions */
  87:Core/Src/stm32f4xx_hal_msp.c **** 
  88:Core/Src/stm32f4xx_hal_msp.c **** /* USER CODE BEGIN 0 */
ARM GAS  C:\Users\073be\AppData\Local\Temp\ccjHAALa.s 			page 3


  89:Core/Src/stm32f4xx_hal_msp.c **** 
  90:Core/Src/stm32f4xx_hal_msp.c **** /* USER CODE END 0 */
  91:Core/Src/stm32f4xx_hal_msp.c **** /**
  92:Core/Src/stm32f4xx_hal_msp.c ****   * Initializes the Global MSP.
  93:Core/Src/stm32f4xx_hal_msp.c ****   */
  94:Core/Src/stm32f4xx_hal_msp.c **** void HAL_MspInit(void)
  95:Core/Src/stm32f4xx_hal_msp.c **** {
  28              		.loc 1 95 0
  29              		.cfi_startproc
  30              		@ args = 0, pretend = 0, frame = 8
  31              		@ frame_needed = 0, uses_anonymous_args = 0
  32 0000 00B5     		push	{lr}
  33              	.LCFI0:
  34              		.cfi_def_cfa_offset 4
  35              		.cfi_offset 14, -4
  36 0002 83B0     		sub	sp, sp, #12
  37              	.LCFI1:
  38              		.cfi_def_cfa_offset 16
  39              	.LBB2:
  96:Core/Src/stm32f4xx_hal_msp.c ****   /* USER CODE BEGIN MspInit 0 */
  97:Core/Src/stm32f4xx_hal_msp.c **** 
  98:Core/Src/stm32f4xx_hal_msp.c ****   /* USER CODE END MspInit 0 */
  99:Core/Src/stm32f4xx_hal_msp.c **** 
 100:Core/Src/stm32f4xx_hal_msp.c ****   __HAL_RCC_SYSCFG_CLK_ENABLE();
  40              		.loc 1 100 0
  41 0004 0022     		movs	r2, #0
  42 0006 0092     		str	r2, [sp]
  43 0008 0D4B     		ldr	r3, .L3
  44 000a 596C     		ldr	r1, [r3, #68]
  45 000c 41F48041 		orr	r1, r1, #16384
  46 0010 5964     		str	r1, [r3, #68]
  47 0012 596C     		ldr	r1, [r3, #68]
  48 0014 01F48041 		and	r1, r1, #16384
  49 0018 0091     		str	r1, [sp]
  50 001a 0099     		ldr	r1, [sp]
  51              	.LBE2:
  52              	.LBB3:
 101:Core/Src/stm32f4xx_hal_msp.c ****   __HAL_RCC_PWR_CLK_ENABLE();
  53              		.loc 1 101 0
  54 001c 0192     		str	r2, [sp, #4]
  55 001e 196C     		ldr	r1, [r3, #64]
  56 0020 41F08051 		orr	r1, r1, #268435456
  57 0024 1964     		str	r1, [r3, #64]
  58 0026 1B6C     		ldr	r3, [r3, #64]
  59 0028 03F08053 		and	r3, r3, #268435456
  60 002c 0193     		str	r3, [sp, #4]
  61 002e 019B     		ldr	r3, [sp, #4]
  62              	.LBE3:
 102:Core/Src/stm32f4xx_hal_msp.c **** 
 103:Core/Src/stm32f4xx_hal_msp.c ****   /* System interrupt init*/
 104:Core/Src/stm32f4xx_hal_msp.c ****   /* PendSV_IRQn interrupt configuration */
 105:Core/Src/stm32f4xx_hal_msp.c ****   HAL_NVIC_SetPriority(PendSV_IRQn, 15, 0);
  63              		.loc 1 105 0
  64 0030 0F21     		movs	r1, #15
  65 0032 6FF00100 		mvn	r0, #1
  66 0036 FFF7FEFF 		bl	HAL_NVIC_SetPriority
  67              	.LVL0:
ARM GAS  C:\Users\073be\AppData\Local\Temp\ccjHAALa.s 			page 4


 106:Core/Src/stm32f4xx_hal_msp.c **** 
 107:Core/Src/stm32f4xx_hal_msp.c ****   /* USER CODE BEGIN MspInit 1 */
 108:Core/Src/stm32f4xx_hal_msp.c **** 
 109:Core/Src/stm32f4xx_hal_msp.c ****   /* USER CODE END MspInit 1 */
 110:Core/Src/stm32f4xx_hal_msp.c **** }
  68              		.loc 1 110 0
  69 003a 03B0     		add	sp, sp, #12
  70              	.LCFI2:
  71              		.cfi_def_cfa_offset 4
  72              		@ sp needed
  73 003c 5DF804FB 		ldr	pc, [sp], #4
  74              	.L4:
  75              		.align	2
  76              	.L3:
  77 0040 00380240 		.word	1073887232
  78              		.cfi_endproc
  79              	.LFE126:
  81              		.text
  82              	.Letext0:
  83              		.file 2 "c:\\program files (x86)\\gnu tools arm embedded\\7 2017-q4-major\\arm-none-eabi\\include\
  84              		.file 3 "c:\\program files (x86)\\gnu tools arm embedded\\7 2017-q4-major\\arm-none-eabi\\include\
  85              		.file 4 "C:/Users/073be/STM32Cube/Repository/STM32Cube_FW_F4_V1.23.0/Drivers/CMSIS/Include/core_cm
  86              		.file 5 "C:/Users/073be/STM32Cube/Repository/STM32Cube_FW_F4_V1.23.0/Drivers/CMSIS/Device/ST/STM32
  87              		.file 6 "C:/Users/073be/STM32Cube/Repository/STM32Cube_FW_F4_V1.23.0/Drivers/CMSIS/Device/ST/STM32
  88              		.file 7 "c:\\program files (x86)\\gnu tools arm embedded\\7 2017-q4-major\\arm-none-eabi\\include\
  89              		.file 8 "c:\\program files (x86)\\gnu tools arm embedded\\7 2017-q4-major\\arm-none-eabi\\include\
  90              		.file 9 "c:\\program files (x86)\\gnu tools arm embedded\\7 2017-q4-major\\lib\\gcc\\arm-none-eabi
  91              		.file 10 "c:\\program files (x86)\\gnu tools arm embedded\\7 2017-q4-major\\arm-none-eabi\\include
  92              		.file 11 "C:/Users/073be/STM32Cube/Repository/STM32Cube_FW_F4_V1.23.0/Drivers/STM32F4xx_HAL_Driver
ARM GAS  C:\Users\073be\AppData\Local\Temp\ccjHAALa.s 			page 5


DEFINED SYMBOLS
                            *ABS*:00000000 stm32f4xx_hal_msp.c
C:\Users\073be\AppData\Local\Temp\ccjHAALa.s:18     .text.HAL_MspInit:00000000 $t
C:\Users\073be\AppData\Local\Temp\ccjHAALa.s:25     .text.HAL_MspInit:00000000 HAL_MspInit
C:\Users\073be\AppData\Local\Temp\ccjHAALa.s:77     .text.HAL_MspInit:00000040 $d

UNDEFINED SYMBOLS
HAL_NVIC_SetPriority
