ARM GAS  C:\Users\073be\AppData\Local\Temp\cc94O9UR.s 			page 1


   1              		.cpu cortex-m4
   2              		.eabi_attribute 27, 1
   3              		.eabi_attribute 28, 1
   4              		.eabi_attribute 20, 1
   5              		.eabi_attribute 21, 1
   6              		.eabi_attribute 23, 3
   7              		.eabi_attribute 24, 1
   8              		.eabi_attribute 25, 1
   9              		.eabi_attribute 26, 1
  10              		.eabi_attribute 30, 1
  11              		.eabi_attribute 34, 1
  12              		.eabi_attribute 18, 4
  13              		.file	"stm32f4xx_it.c"
  14              		.text
  15              	.Ltext0:
  16              		.cfi_sections	.debug_frame
  17              		.section	.text.NMI_Handler,"ax",%progbits
  18              		.align	1
  19              		.global	NMI_Handler
  20              		.syntax unified
  21              		.thumb
  22              		.thumb_func
  23              		.fpu fpv4-sp-d16
  25              	NMI_Handler:
  26              	.LFB131:
  27              		.file 1 "Core/Src/stm32f4xx_it.c"
   1:Core/Src/stm32f4xx_it.c **** /* USER CODE BEGIN Header */
   2:Core/Src/stm32f4xx_it.c **** /**
   3:Core/Src/stm32f4xx_it.c ****   ******************************************************************************
   4:Core/Src/stm32f4xx_it.c ****   * @file    stm32f4xx_it.c
   5:Core/Src/stm32f4xx_it.c ****   * @brief   Interrupt Service Routines.
   6:Core/Src/stm32f4xx_it.c ****   ******************************************************************************
   7:Core/Src/stm32f4xx_it.c ****   *
   8:Core/Src/stm32f4xx_it.c ****   * COPYRIGHT(c) 2018 STMicroelectronics
   9:Core/Src/stm32f4xx_it.c ****   *
  10:Core/Src/stm32f4xx_it.c ****   * Redistribution and use in source and binary forms, with or without modification,
  11:Core/Src/stm32f4xx_it.c ****   * are permitted provided that the following conditions are met:
  12:Core/Src/stm32f4xx_it.c ****   *   1. Redistributions of source code must retain the above copyright notice,
  13:Core/Src/stm32f4xx_it.c ****   *      this list of conditions and the following disclaimer.
  14:Core/Src/stm32f4xx_it.c ****   *   2. Redistributions in binary form must reproduce the above copyright notice,
  15:Core/Src/stm32f4xx_it.c ****   *      this list of conditions and the following disclaimer in the documentation
  16:Core/Src/stm32f4xx_it.c ****   *      and/or other materials provided with the distribution.
  17:Core/Src/stm32f4xx_it.c ****   *   3. Neither the name of STMicroelectronics nor the names of its contributors
  18:Core/Src/stm32f4xx_it.c ****   *      may be used to endorse or promote products derived from this software
  19:Core/Src/stm32f4xx_it.c ****   *      without specific prior written permission.
  20:Core/Src/stm32f4xx_it.c ****   *
  21:Core/Src/stm32f4xx_it.c ****   * THIS SOFTWARE IS PROVIDED BY THE COPYRIGHT HOLDERS AND CONTRIBUTORS "AS IS"
  22:Core/Src/stm32f4xx_it.c ****   * AND ANY EXPRESS OR IMPLIED WARRANTIES, INCLUDING, BUT NOT LIMITED TO, THE
  23:Core/Src/stm32f4xx_it.c ****   * IMPLIED WARRANTIES OF MERCHANTABILITY AND FITNESS FOR A PARTICULAR PURPOSE ARE
  24:Core/Src/stm32f4xx_it.c ****   * DISCLAIMED. IN NO EVENT SHALL THE COPYRIGHT HOLDER OR CONTRIBUTORS BE LIABLE
  25:Core/Src/stm32f4xx_it.c ****   * FOR ANY DIRECT, INDIRECT, INCIDENTAL, SPECIAL, EXEMPLARY, OR CONSEQUENTIAL
  26:Core/Src/stm32f4xx_it.c ****   * DAMAGES (INCLUDING, BUT NOT LIMITED TO, PROCUREMENT OF SUBSTITUTE GOODS OR
  27:Core/Src/stm32f4xx_it.c ****   * SERVICES; LOSS OF USE, DATA, OR PROFITS; OR BUSINESS INTERRUPTION) HOWEVER
  28:Core/Src/stm32f4xx_it.c ****   * CAUSED AND ON ANY THEORY OF LIABILITY, WHETHER IN CONTRACT, STRICT LIABILITY,
  29:Core/Src/stm32f4xx_it.c ****   * OR TORT (INCLUDING NEGLIGENCE OR OTHERWISE) ARISING IN ANY WAY OUT OF THE USE
  30:Core/Src/stm32f4xx_it.c ****   * OF THIS SOFTWARE, EVEN IF ADVISED OF THE POSSIBILITY OF SUCH DAMAGE.
  31:Core/Src/stm32f4xx_it.c ****   *
ARM GAS  C:\Users\073be\AppData\Local\Temp\cc94O9UR.s 			page 2


  32:Core/Src/stm32f4xx_it.c ****   ******************************************************************************
  33:Core/Src/stm32f4xx_it.c ****   */
  34:Core/Src/stm32f4xx_it.c **** /* USER CODE END Header */
  35:Core/Src/stm32f4xx_it.c **** 
  36:Core/Src/stm32f4xx_it.c **** /* Includes ------------------------------------------------------------------*/
  37:Core/Src/stm32f4xx_it.c **** #include "main.h"
  38:Core/Src/stm32f4xx_it.c **** #include "stm32f4xx_it.h"
  39:Core/Src/stm32f4xx_it.c **** #include "cmsis_os.h"
  40:Core/Src/stm32f4xx_it.c **** /* Private includes ----------------------------------------------------------*/
  41:Core/Src/stm32f4xx_it.c **** /* USER CODE BEGIN Includes */
  42:Core/Src/stm32f4xx_it.c **** /* USER CODE END Includes */
  43:Core/Src/stm32f4xx_it.c **** 
  44:Core/Src/stm32f4xx_it.c **** /* Private typedef -----------------------------------------------------------*/
  45:Core/Src/stm32f4xx_it.c **** /* USER CODE BEGIN TD */
  46:Core/Src/stm32f4xx_it.c **** 
  47:Core/Src/stm32f4xx_it.c **** /* USER CODE END TD */
  48:Core/Src/stm32f4xx_it.c **** 
  49:Core/Src/stm32f4xx_it.c **** /* Private define ------------------------------------------------------------*/
  50:Core/Src/stm32f4xx_it.c **** /* USER CODE BEGIN PD */
  51:Core/Src/stm32f4xx_it.c ****  
  52:Core/Src/stm32f4xx_it.c **** /* USER CODE END PD */
  53:Core/Src/stm32f4xx_it.c **** 
  54:Core/Src/stm32f4xx_it.c **** /* Private macro -------------------------------------------------------------*/
  55:Core/Src/stm32f4xx_it.c **** /* USER CODE BEGIN PM */
  56:Core/Src/stm32f4xx_it.c **** 
  57:Core/Src/stm32f4xx_it.c **** /* USER CODE END PM */
  58:Core/Src/stm32f4xx_it.c **** 
  59:Core/Src/stm32f4xx_it.c **** /* Private variables ---------------------------------------------------------*/
  60:Core/Src/stm32f4xx_it.c **** /* USER CODE BEGIN PV */
  61:Core/Src/stm32f4xx_it.c **** 
  62:Core/Src/stm32f4xx_it.c **** /* USER CODE END PV */
  63:Core/Src/stm32f4xx_it.c **** 
  64:Core/Src/stm32f4xx_it.c **** /* Private function prototypes -----------------------------------------------*/
  65:Core/Src/stm32f4xx_it.c **** /* USER CODE BEGIN PFP */
  66:Core/Src/stm32f4xx_it.c **** 
  67:Core/Src/stm32f4xx_it.c **** /* USER CODE END PFP */
  68:Core/Src/stm32f4xx_it.c **** 
  69:Core/Src/stm32f4xx_it.c **** /* Private user code ---------------------------------------------------------*/
  70:Core/Src/stm32f4xx_it.c **** /* USER CODE BEGIN 0 */
  71:Core/Src/stm32f4xx_it.c **** 
  72:Core/Src/stm32f4xx_it.c **** /* USER CODE END 0 */
  73:Core/Src/stm32f4xx_it.c **** 
  74:Core/Src/stm32f4xx_it.c **** /* External variables --------------------------------------------------------*/
  75:Core/Src/stm32f4xx_it.c **** extern PCD_HandleTypeDef hpcd_USB_OTG_FS;
  76:Core/Src/stm32f4xx_it.c **** extern DMA_HandleTypeDef hdma_usart3_rx;
  77:Core/Src/stm32f4xx_it.c **** extern TIM_HandleTypeDef htim5;
  78:Core/Src/stm32f4xx_it.c **** 
  79:Core/Src/stm32f4xx_it.c **** /* USER CODE BEGIN EV */
  80:Core/Src/stm32f4xx_it.c **** 
  81:Core/Src/stm32f4xx_it.c **** /* USER CODE END EV */
  82:Core/Src/stm32f4xx_it.c **** 
  83:Core/Src/stm32f4xx_it.c **** /******************************************************************************/
  84:Core/Src/stm32f4xx_it.c **** /*           Cortex-M4 Processor Interruption and Exception Handlers          */ 
  85:Core/Src/stm32f4xx_it.c **** /******************************************************************************/
  86:Core/Src/stm32f4xx_it.c **** /**
  87:Core/Src/stm32f4xx_it.c ****   * @brief This function handles Non maskable interrupt.
  88:Core/Src/stm32f4xx_it.c ****   */
ARM GAS  C:\Users\073be\AppData\Local\Temp\cc94O9UR.s 			page 3


  89:Core/Src/stm32f4xx_it.c **** void NMI_Handler(void)
  90:Core/Src/stm32f4xx_it.c **** {
  28              		.loc 1 90 0
  29              		.cfi_startproc
  30              		@ args = 0, pretend = 0, frame = 0
  31              		@ frame_needed = 0, uses_anonymous_args = 0
  32              		@ link register save eliminated.
  91:Core/Src/stm32f4xx_it.c ****   /* USER CODE BEGIN NonMaskableInt_IRQn 0 */
  92:Core/Src/stm32f4xx_it.c **** 
  93:Core/Src/stm32f4xx_it.c ****   /* USER CODE END NonMaskableInt_IRQn 0 */
  94:Core/Src/stm32f4xx_it.c ****   /* USER CODE BEGIN NonMaskableInt_IRQn 1 */
  95:Core/Src/stm32f4xx_it.c **** 
  96:Core/Src/stm32f4xx_it.c ****   /* USER CODE END NonMaskableInt_IRQn 1 */
  97:Core/Src/stm32f4xx_it.c **** }
  33              		.loc 1 97 0
  34 0000 7047     		bx	lr
  35              		.cfi_endproc
  36              	.LFE131:
  38              		.section	.text.HardFault_Handler,"ax",%progbits
  39              		.align	1
  40              		.global	HardFault_Handler
  41              		.syntax unified
  42              		.thumb
  43              		.thumb_func
  44              		.fpu fpv4-sp-d16
  46              	HardFault_Handler:
  47              	.LFB132:
  98:Core/Src/stm32f4xx_it.c **** 
  99:Core/Src/stm32f4xx_it.c **** /**
 100:Core/Src/stm32f4xx_it.c ****   * @brief This function handles Hard fault interrupt.
 101:Core/Src/stm32f4xx_it.c ****   */
 102:Core/Src/stm32f4xx_it.c **** void HardFault_Handler(void)
 103:Core/Src/stm32f4xx_it.c **** {
  48              		.loc 1 103 0
  49              		.cfi_startproc
  50              		@ Volatile: function does not return.
  51              		@ args = 0, pretend = 0, frame = 0
  52              		@ frame_needed = 0, uses_anonymous_args = 0
  53              		@ link register save eliminated.
  54              	.L3:
  55 0000 FEE7     		b	.L3
  56              		.cfi_endproc
  57              	.LFE132:
  59              		.section	.text.MemManage_Handler,"ax",%progbits
  60              		.align	1
  61              		.global	MemManage_Handler
  62              		.syntax unified
  63              		.thumb
  64              		.thumb_func
  65              		.fpu fpv4-sp-d16
  67              	MemManage_Handler:
  68              	.LFB133:
 104:Core/Src/stm32f4xx_it.c ****   /* USER CODE BEGIN HardFault_IRQn 0 */
 105:Core/Src/stm32f4xx_it.c **** 
 106:Core/Src/stm32f4xx_it.c ****   /* USER CODE END HardFault_IRQn 0 */
 107:Core/Src/stm32f4xx_it.c ****   while (1)
 108:Core/Src/stm32f4xx_it.c ****   {
ARM GAS  C:\Users\073be\AppData\Local\Temp\cc94O9UR.s 			page 4


 109:Core/Src/stm32f4xx_it.c ****     /* USER CODE BEGIN W1_HardFault_IRQn 0 */
 110:Core/Src/stm32f4xx_it.c ****     /* USER CODE END W1_HardFault_IRQn 0 */
 111:Core/Src/stm32f4xx_it.c ****   }
 112:Core/Src/stm32f4xx_it.c **** }
 113:Core/Src/stm32f4xx_it.c **** 
 114:Core/Src/stm32f4xx_it.c **** /**
 115:Core/Src/stm32f4xx_it.c ****   * @brief This function handles Memory management fault.
 116:Core/Src/stm32f4xx_it.c ****   */
 117:Core/Src/stm32f4xx_it.c **** void MemManage_Handler(void)
 118:Core/Src/stm32f4xx_it.c **** {
  69              		.loc 1 118 0
  70              		.cfi_startproc
  71              		@ Volatile: function does not return.
  72              		@ args = 0, pretend = 0, frame = 0
  73              		@ frame_needed = 0, uses_anonymous_args = 0
  74              		@ link register save eliminated.
  75              	.L5:
  76 0000 FEE7     		b	.L5
  77              		.cfi_endproc
  78              	.LFE133:
  80              		.section	.text.BusFault_Handler,"ax",%progbits
  81              		.align	1
  82              		.global	BusFault_Handler
  83              		.syntax unified
  84              		.thumb
  85              		.thumb_func
  86              		.fpu fpv4-sp-d16
  88              	BusFault_Handler:
  89              	.LFB134:
 119:Core/Src/stm32f4xx_it.c ****   /* USER CODE BEGIN MemoryManagement_IRQn 0 */
 120:Core/Src/stm32f4xx_it.c **** 
 121:Core/Src/stm32f4xx_it.c ****   /* USER CODE END MemoryManagement_IRQn 0 */
 122:Core/Src/stm32f4xx_it.c ****   while (1)
 123:Core/Src/stm32f4xx_it.c ****   {
 124:Core/Src/stm32f4xx_it.c ****     /* USER CODE BEGIN W1_MemoryManagement_IRQn 0 */
 125:Core/Src/stm32f4xx_it.c ****     /* USER CODE END W1_MemoryManagement_IRQn 0 */
 126:Core/Src/stm32f4xx_it.c ****   }
 127:Core/Src/stm32f4xx_it.c **** }
 128:Core/Src/stm32f4xx_it.c **** 
 129:Core/Src/stm32f4xx_it.c **** /**
 130:Core/Src/stm32f4xx_it.c ****   * @brief This function handles Pre-fetch fault, memory access fault.
 131:Core/Src/stm32f4xx_it.c ****   */
 132:Core/Src/stm32f4xx_it.c **** void BusFault_Handler(void)
 133:Core/Src/stm32f4xx_it.c **** {
  90              		.loc 1 133 0
  91              		.cfi_startproc
  92              		@ Volatile: function does not return.
  93              		@ args = 0, pretend = 0, frame = 0
  94              		@ frame_needed = 0, uses_anonymous_args = 0
  95              		@ link register save eliminated.
  96              	.L7:
  97 0000 FEE7     		b	.L7
  98              		.cfi_endproc
  99              	.LFE134:
 101              		.section	.text.UsageFault_Handler,"ax",%progbits
 102              		.align	1
 103              		.global	UsageFault_Handler
ARM GAS  C:\Users\073be\AppData\Local\Temp\cc94O9UR.s 			page 5


 104              		.syntax unified
 105              		.thumb
 106              		.thumb_func
 107              		.fpu fpv4-sp-d16
 109              	UsageFault_Handler:
 110              	.LFB135:
 134:Core/Src/stm32f4xx_it.c ****   /* USER CODE BEGIN BusFault_IRQn 0 */
 135:Core/Src/stm32f4xx_it.c **** 
 136:Core/Src/stm32f4xx_it.c ****   /* USER CODE END BusFault_IRQn 0 */
 137:Core/Src/stm32f4xx_it.c ****   while (1)
 138:Core/Src/stm32f4xx_it.c ****   {
 139:Core/Src/stm32f4xx_it.c ****     /* USER CODE BEGIN W1_BusFault_IRQn 0 */
 140:Core/Src/stm32f4xx_it.c ****     /* USER CODE END W1_BusFault_IRQn 0 */
 141:Core/Src/stm32f4xx_it.c ****   }
 142:Core/Src/stm32f4xx_it.c **** }
 143:Core/Src/stm32f4xx_it.c **** 
 144:Core/Src/stm32f4xx_it.c **** /**
 145:Core/Src/stm32f4xx_it.c ****   * @brief This function handles Undefined instruction or illegal state.
 146:Core/Src/stm32f4xx_it.c ****   */
 147:Core/Src/stm32f4xx_it.c **** void UsageFault_Handler(void)
 148:Core/Src/stm32f4xx_it.c **** {
 111              		.loc 1 148 0
 112              		.cfi_startproc
 113              		@ Volatile: function does not return.
 114              		@ args = 0, pretend = 0, frame = 0
 115              		@ frame_needed = 0, uses_anonymous_args = 0
 116              		@ link register save eliminated.
 117              	.L9:
 118 0000 FEE7     		b	.L9
 119              		.cfi_endproc
 120              	.LFE135:
 122              		.section	.text.DebugMon_Handler,"ax",%progbits
 123              		.align	1
 124              		.global	DebugMon_Handler
 125              		.syntax unified
 126              		.thumb
 127              		.thumb_func
 128              		.fpu fpv4-sp-d16
 130              	DebugMon_Handler:
 131              	.LFB136:
 149:Core/Src/stm32f4xx_it.c ****   /* USER CODE BEGIN UsageFault_IRQn 0 */
 150:Core/Src/stm32f4xx_it.c **** 
 151:Core/Src/stm32f4xx_it.c ****   /* USER CODE END UsageFault_IRQn 0 */
 152:Core/Src/stm32f4xx_it.c ****   while (1)
 153:Core/Src/stm32f4xx_it.c ****   {
 154:Core/Src/stm32f4xx_it.c ****     /* USER CODE BEGIN W1_UsageFault_IRQn 0 */
 155:Core/Src/stm32f4xx_it.c ****     /* USER CODE END W1_UsageFault_IRQn 0 */
 156:Core/Src/stm32f4xx_it.c ****   }
 157:Core/Src/stm32f4xx_it.c **** }
 158:Core/Src/stm32f4xx_it.c **** 
 159:Core/Src/stm32f4xx_it.c **** /**
 160:Core/Src/stm32f4xx_it.c ****   * @brief This function handles Debug monitor.
 161:Core/Src/stm32f4xx_it.c ****   */
 162:Core/Src/stm32f4xx_it.c **** void DebugMon_Handler(void)
 163:Core/Src/stm32f4xx_it.c **** {
 132              		.loc 1 163 0
 133              		.cfi_startproc
ARM GAS  C:\Users\073be\AppData\Local\Temp\cc94O9UR.s 			page 6


 134              		@ args = 0, pretend = 0, frame = 0
 135              		@ frame_needed = 0, uses_anonymous_args = 0
 136              		@ link register save eliminated.
 164:Core/Src/stm32f4xx_it.c ****   /* USER CODE BEGIN DebugMonitor_IRQn 0 */
 165:Core/Src/stm32f4xx_it.c **** 
 166:Core/Src/stm32f4xx_it.c ****   /* USER CODE END DebugMonitor_IRQn 0 */
 167:Core/Src/stm32f4xx_it.c ****   /* USER CODE BEGIN DebugMonitor_IRQn 1 */
 168:Core/Src/stm32f4xx_it.c **** 
 169:Core/Src/stm32f4xx_it.c ****   /* USER CODE END DebugMonitor_IRQn 1 */
 170:Core/Src/stm32f4xx_it.c **** }
 137              		.loc 1 170 0
 138 0000 7047     		bx	lr
 139              		.cfi_endproc
 140              	.LFE136:
 142              		.section	.text.EXTI0_IRQHandler,"ax",%progbits
 143              		.align	1
 144              		.global	EXTI0_IRQHandler
 145              		.syntax unified
 146              		.thumb
 147              		.thumb_func
 148              		.fpu fpv4-sp-d16
 150              	EXTI0_IRQHandler:
 151              	.LFB137:
 171:Core/Src/stm32f4xx_it.c **** 
 172:Core/Src/stm32f4xx_it.c **** /******************************************************************************/
 173:Core/Src/stm32f4xx_it.c **** /* STM32F4xx Peripheral Interrupt Handlers                                    */
 174:Core/Src/stm32f4xx_it.c **** /* Add here the Interrupt Handlers for the used peripherals.                  */
 175:Core/Src/stm32f4xx_it.c **** /* For the available peripheral interrupt handler names,                      */
 176:Core/Src/stm32f4xx_it.c **** /* please refer to the startup file (startup_stm32f4xx.s).                    */
 177:Core/Src/stm32f4xx_it.c **** /******************************************************************************/
 178:Core/Src/stm32f4xx_it.c **** 
 179:Core/Src/stm32f4xx_it.c **** /**
 180:Core/Src/stm32f4xx_it.c ****   * @brief This function handles EXTI line0 interrupt.
 181:Core/Src/stm32f4xx_it.c ****   */
 182:Core/Src/stm32f4xx_it.c **** void EXTI0_IRQHandler(void)
 183:Core/Src/stm32f4xx_it.c **** {
 152              		.loc 1 183 0
 153              		.cfi_startproc
 154              		@ args = 0, pretend = 0, frame = 0
 155              		@ frame_needed = 0, uses_anonymous_args = 0
 156 0000 08B5     		push	{r3, lr}
 157              	.LCFI0:
 158              		.cfi_def_cfa_offset 8
 159              		.cfi_offset 3, -8
 160              		.cfi_offset 14, -4
 184:Core/Src/stm32f4xx_it.c ****   /* USER CODE BEGIN EXTI0_IRQn 0 */
 185:Core/Src/stm32f4xx_it.c **** 
 186:Core/Src/stm32f4xx_it.c ****   /* USER CODE END EXTI0_IRQn 0 */
 187:Core/Src/stm32f4xx_it.c ****   HAL_GPIO_EXTI_IRQHandler(GPIO_PIN_0);
 161              		.loc 1 187 0
 162 0002 0120     		movs	r0, #1
 163 0004 FFF7FEFF 		bl	HAL_GPIO_EXTI_IRQHandler
 164              	.LVL0:
 188:Core/Src/stm32f4xx_it.c ****   /* USER CODE BEGIN EXTI0_IRQn 1 */
 189:Core/Src/stm32f4xx_it.c **** 
 190:Core/Src/stm32f4xx_it.c ****   /* USER CODE END EXTI0_IRQn 1 */
 191:Core/Src/stm32f4xx_it.c **** }
ARM GAS  C:\Users\073be\AppData\Local\Temp\cc94O9UR.s 			page 7


 165              		.loc 1 191 0
 166 0008 08BD     		pop	{r3, pc}
 167              		.cfi_endproc
 168              	.LFE137:
 170              		.section	.text.EXTI4_IRQHandler,"ax",%progbits
 171              		.align	1
 172              		.global	EXTI4_IRQHandler
 173              		.syntax unified
 174              		.thumb
 175              		.thumb_func
 176              		.fpu fpv4-sp-d16
 178              	EXTI4_IRQHandler:
 179              	.LFB138:
 192:Core/Src/stm32f4xx_it.c **** 
 193:Core/Src/stm32f4xx_it.c **** /**
 194:Core/Src/stm32f4xx_it.c ****   * @brief This function handles EXTI line4 interrupt.
 195:Core/Src/stm32f4xx_it.c ****   */
 196:Core/Src/stm32f4xx_it.c **** void EXTI4_IRQHandler(void)
 197:Core/Src/stm32f4xx_it.c **** {
 180              		.loc 1 197 0
 181              		.cfi_startproc
 182              		@ args = 0, pretend = 0, frame = 0
 183              		@ frame_needed = 0, uses_anonymous_args = 0
 184 0000 08B5     		push	{r3, lr}
 185              	.LCFI1:
 186              		.cfi_def_cfa_offset 8
 187              		.cfi_offset 3, -8
 188              		.cfi_offset 14, -4
 198:Core/Src/stm32f4xx_it.c ****   /* USER CODE BEGIN EXTI4_IRQn 0 */
 199:Core/Src/stm32f4xx_it.c **** 
 200:Core/Src/stm32f4xx_it.c ****   /* USER CODE END EXTI4_IRQn 0 */
 201:Core/Src/stm32f4xx_it.c ****   HAL_GPIO_EXTI_IRQHandler(GPIO_PIN_4);
 189              		.loc 1 201 0
 190 0002 1020     		movs	r0, #16
 191 0004 FFF7FEFF 		bl	HAL_GPIO_EXTI_IRQHandler
 192              	.LVL1:
 202:Core/Src/stm32f4xx_it.c ****   /* USER CODE BEGIN EXTI4_IRQn 1 */
 203:Core/Src/stm32f4xx_it.c **** 
 204:Core/Src/stm32f4xx_it.c ****   /* USER CODE END EXTI4_IRQn 1 */
 205:Core/Src/stm32f4xx_it.c **** }
 193              		.loc 1 205 0
 194 0008 08BD     		pop	{r3, pc}
 195              		.cfi_endproc
 196              	.LFE138:
 198              		.section	.text.DMA1_Stream1_IRQHandler,"ax",%progbits
 199              		.align	1
 200              		.global	DMA1_Stream1_IRQHandler
 201              		.syntax unified
 202              		.thumb
 203              		.thumb_func
 204              		.fpu fpv4-sp-d16
 206              	DMA1_Stream1_IRQHandler:
 207              	.LFB139:
 206:Core/Src/stm32f4xx_it.c **** 
 207:Core/Src/stm32f4xx_it.c **** /**
 208:Core/Src/stm32f4xx_it.c ****   * @brief This function handles DMA1 stream1 global interrupt.
 209:Core/Src/stm32f4xx_it.c ****   */
ARM GAS  C:\Users\073be\AppData\Local\Temp\cc94O9UR.s 			page 8


 210:Core/Src/stm32f4xx_it.c **** void DMA1_Stream1_IRQHandler(void)
 211:Core/Src/stm32f4xx_it.c **** {
 208              		.loc 1 211 0
 209              		.cfi_startproc
 210              		@ args = 0, pretend = 0, frame = 0
 211              		@ frame_needed = 0, uses_anonymous_args = 0
 212 0000 08B5     		push	{r3, lr}
 213              	.LCFI2:
 214              		.cfi_def_cfa_offset 8
 215              		.cfi_offset 3, -8
 216              		.cfi_offset 14, -4
 212:Core/Src/stm32f4xx_it.c ****   /* USER CODE BEGIN DMA1_Stream1_IRQn 0 */
 213:Core/Src/stm32f4xx_it.c **** 
 214:Core/Src/stm32f4xx_it.c ****   /* USER CODE END DMA1_Stream1_IRQn 0 */
 215:Core/Src/stm32f4xx_it.c ****   HAL_DMA_IRQHandler(&hdma_usart3_rx);
 217              		.loc 1 215 0
 218 0002 0248     		ldr	r0, .L17
 219 0004 FFF7FEFF 		bl	HAL_DMA_IRQHandler
 220              	.LVL2:
 216:Core/Src/stm32f4xx_it.c ****   /* USER CODE BEGIN DMA1_Stream1_IRQn 1 */
 217:Core/Src/stm32f4xx_it.c **** 
 218:Core/Src/stm32f4xx_it.c ****   /* USER CODE END DMA1_Stream1_IRQn 1 */
 219:Core/Src/stm32f4xx_it.c **** }
 221              		.loc 1 219 0
 222 0008 08BD     		pop	{r3, pc}
 223              	.L18:
 224 000a 00BF     		.align	2
 225              	.L17:
 226 000c 00000000 		.word	hdma_usart3_rx
 227              		.cfi_endproc
 228              	.LFE139:
 230              		.section	.text.EXTI15_10_IRQHandler,"ax",%progbits
 231              		.align	1
 232              		.global	EXTI15_10_IRQHandler
 233              		.syntax unified
 234              		.thumb
 235              		.thumb_func
 236              		.fpu fpv4-sp-d16
 238              	EXTI15_10_IRQHandler:
 239              	.LFB140:
 220:Core/Src/stm32f4xx_it.c **** 
 221:Core/Src/stm32f4xx_it.c **** /**
 222:Core/Src/stm32f4xx_it.c ****   * @brief This function handles EXTI line[15:10] interrupts.
 223:Core/Src/stm32f4xx_it.c ****   */
 224:Core/Src/stm32f4xx_it.c **** void EXTI15_10_IRQHandler(void)
 225:Core/Src/stm32f4xx_it.c **** {
 240              		.loc 1 225 0
 241              		.cfi_startproc
 242              		@ args = 0, pretend = 0, frame = 0
 243              		@ frame_needed = 0, uses_anonymous_args = 0
 244 0000 08B5     		push	{r3, lr}
 245              	.LCFI3:
 246              		.cfi_def_cfa_offset 8
 247              		.cfi_offset 3, -8
 248              		.cfi_offset 14, -4
 226:Core/Src/stm32f4xx_it.c ****   /* USER CODE BEGIN EXTI15_10_IRQn 0 */
 227:Core/Src/stm32f4xx_it.c **** 
ARM GAS  C:\Users\073be\AppData\Local\Temp\cc94O9UR.s 			page 9


 228:Core/Src/stm32f4xx_it.c ****   /* USER CODE END EXTI15_10_IRQn 0 */
 229:Core/Src/stm32f4xx_it.c ****   HAL_GPIO_EXTI_IRQHandler(GPIO_PIN_13);
 249              		.loc 1 229 0
 250 0002 4FF40050 		mov	r0, #8192
 251 0006 FFF7FEFF 		bl	HAL_GPIO_EXTI_IRQHandler
 252              	.LVL3:
 230:Core/Src/stm32f4xx_it.c ****   /* USER CODE BEGIN EXTI15_10_IRQn 1 */
 231:Core/Src/stm32f4xx_it.c **** 
 232:Core/Src/stm32f4xx_it.c ****   /* USER CODE END EXTI15_10_IRQn 1 */
 233:Core/Src/stm32f4xx_it.c **** }
 253              		.loc 1 233 0
 254 000a 08BD     		pop	{r3, pc}
 255              		.cfi_endproc
 256              	.LFE140:
 258              		.section	.text.TIM5_IRQHandler,"ax",%progbits
 259              		.align	1
 260              		.global	TIM5_IRQHandler
 261              		.syntax unified
 262              		.thumb
 263              		.thumb_func
 264              		.fpu fpv4-sp-d16
 266              	TIM5_IRQHandler:
 267              	.LFB141:
 234:Core/Src/stm32f4xx_it.c **** 
 235:Core/Src/stm32f4xx_it.c **** /**
 236:Core/Src/stm32f4xx_it.c ****   * @brief This function handles TIM5 global interrupt.
 237:Core/Src/stm32f4xx_it.c ****   */
 238:Core/Src/stm32f4xx_it.c **** void TIM5_IRQHandler(void)
 239:Core/Src/stm32f4xx_it.c **** {
 268              		.loc 1 239 0
 269              		.cfi_startproc
 270              		@ args = 0, pretend = 0, frame = 0
 271              		@ frame_needed = 0, uses_anonymous_args = 0
 272 0000 08B5     		push	{r3, lr}
 273              	.LCFI4:
 274              		.cfi_def_cfa_offset 8
 275              		.cfi_offset 3, -8
 276              		.cfi_offset 14, -4
 240:Core/Src/stm32f4xx_it.c ****   /* USER CODE BEGIN TIM5_IRQn 0 */
 241:Core/Src/stm32f4xx_it.c **** 
 242:Core/Src/stm32f4xx_it.c ****   /* USER CODE END TIM5_IRQn 0 */
 243:Core/Src/stm32f4xx_it.c ****   HAL_TIM_IRQHandler(&htim5);
 277              		.loc 1 243 0
 278 0002 0248     		ldr	r0, .L23
 279 0004 FFF7FEFF 		bl	HAL_TIM_IRQHandler
 280              	.LVL4:
 244:Core/Src/stm32f4xx_it.c ****   /* USER CODE BEGIN TIM5_IRQn 1 */
 245:Core/Src/stm32f4xx_it.c **** 
 246:Core/Src/stm32f4xx_it.c ****   /* USER CODE END TIM5_IRQn 1 */
 247:Core/Src/stm32f4xx_it.c **** }
 281              		.loc 1 247 0
 282 0008 08BD     		pop	{r3, pc}
 283              	.L24:
 284 000a 00BF     		.align	2
 285              	.L23:
 286 000c 00000000 		.word	htim5
 287              		.cfi_endproc
ARM GAS  C:\Users\073be\AppData\Local\Temp\cc94O9UR.s 			page 10


 288              	.LFE141:
 290              		.section	.text.OTG_FS_IRQHandler,"ax",%progbits
 291              		.align	1
 292              		.global	OTG_FS_IRQHandler
 293              		.syntax unified
 294              		.thumb
 295              		.thumb_func
 296              		.fpu fpv4-sp-d16
 298              	OTG_FS_IRQHandler:
 299              	.LFB142:
 248:Core/Src/stm32f4xx_it.c **** 
 249:Core/Src/stm32f4xx_it.c **** /**
 250:Core/Src/stm32f4xx_it.c ****   * @brief This function handles USB On The Go FS global interrupt.
 251:Core/Src/stm32f4xx_it.c ****   */
 252:Core/Src/stm32f4xx_it.c **** void OTG_FS_IRQHandler(void)
 253:Core/Src/stm32f4xx_it.c **** {
 300              		.loc 1 253 0
 301              		.cfi_startproc
 302              		@ args = 0, pretend = 0, frame = 0
 303              		@ frame_needed = 0, uses_anonymous_args = 0
 304 0000 08B5     		push	{r3, lr}
 305              	.LCFI5:
 306              		.cfi_def_cfa_offset 8
 307              		.cfi_offset 3, -8
 308              		.cfi_offset 14, -4
 254:Core/Src/stm32f4xx_it.c ****   /* USER CODE BEGIN OTG_FS_IRQn 0 */
 255:Core/Src/stm32f4xx_it.c **** 
 256:Core/Src/stm32f4xx_it.c ****   /* USER CODE END OTG_FS_IRQn 0 */
 257:Core/Src/stm32f4xx_it.c ****   HAL_PCD_IRQHandler(&hpcd_USB_OTG_FS);
 309              		.loc 1 257 0
 310 0002 0248     		ldr	r0, .L27
 311 0004 FFF7FEFF 		bl	HAL_PCD_IRQHandler
 312              	.LVL5:
 258:Core/Src/stm32f4xx_it.c ****   /* USER CODE BEGIN OTG_FS_IRQn 1 */
 259:Core/Src/stm32f4xx_it.c **** 
 260:Core/Src/stm32f4xx_it.c ****   /* USER CODE END OTG_FS_IRQn 1 */
 261:Core/Src/stm32f4xx_it.c **** }
 313              		.loc 1 261 0
 314 0008 08BD     		pop	{r3, pc}
 315              	.L28:
 316 000a 00BF     		.align	2
 317              	.L27:
 318 000c 00000000 		.word	hpcd_USB_OTG_FS
 319              		.cfi_endproc
 320              	.LFE142:
 322              		.text
 323              	.Letext0:
 324              		.file 2 "c:\\program files (x86)\\gnu tools arm embedded\\7 2017-q4-major\\arm-none-eabi\\include\
 325              		.file 3 "c:\\program files (x86)\\gnu tools arm embedded\\7 2017-q4-major\\arm-none-eabi\\include\
 326              		.file 4 "C:/Users/073be/STM32Cube/Repository/STM32Cube_FW_F4_V1.23.0/Drivers/CMSIS/Include/core_cm
 327              		.file 5 "C:/Users/073be/STM32Cube/Repository/STM32Cube_FW_F4_V1.23.0/Drivers/CMSIS/Device/ST/STM32
 328              		.file 6 "C:/Users/073be/STM32Cube/Repository/STM32Cube_FW_F4_V1.23.0/Drivers/CMSIS/Device/ST/STM32
 329              		.file 7 "c:\\program files (x86)\\gnu tools arm embedded\\7 2017-q4-major\\arm-none-eabi\\include\
 330              		.file 8 "c:\\program files (x86)\\gnu tools arm embedded\\7 2017-q4-major\\arm-none-eabi\\include\
 331              		.file 9 "c:\\program files (x86)\\gnu tools arm embedded\\7 2017-q4-major\\lib\\gcc\\arm-none-eabi
 332              		.file 10 "c:\\program files (x86)\\gnu tools arm embedded\\7 2017-q4-major\\arm-none-eabi\\include
 333              		.file 11 "C:/Users/073be/STM32Cube/Repository/STM32Cube_FW_F4_V1.23.0/Drivers/STM32F4xx_HAL_Driver
ARM GAS  C:\Users\073be\AppData\Local\Temp\cc94O9UR.s 			page 11


 334              		.file 12 "C:/Users/073be/STM32Cube/Repository/STM32Cube_FW_F4_V1.23.0/Drivers/STM32F4xx_HAL_Driver
 335              		.file 13 "C:/Users/073be/STM32Cube/Repository/STM32Cube_FW_F4_V1.23.0/Drivers/STM32F4xx_HAL_Driver
 336              		.file 14 "C:/Users/073be/STM32Cube/Repository/STM32Cube_FW_F4_V1.23.0/Drivers/STM32F4xx_HAL_Driver
 337              		.file 15 "C:/Users/073be/STM32Cube/Repository/STM32Cube_FW_F4_V1.23.0/Drivers/STM32F4xx_HAL_Driver
 338              		.file 16 "C:/Users/073be/STM32Cube/Repository/STM32Cube_FW_F4_V1.23.0/Drivers/STM32F4xx_HAL_Driver
ARM GAS  C:\Users\073be\AppData\Local\Temp\cc94O9UR.s 			page 12


DEFINED SYMBOLS
                            *ABS*:00000000 stm32f4xx_it.c
C:\Users\073be\AppData\Local\Temp\cc94O9UR.s:18     .text.NMI_Handler:00000000 $t
C:\Users\073be\AppData\Local\Temp\cc94O9UR.s:25     .text.NMI_Handler:00000000 NMI_Handler
C:\Users\073be\AppData\Local\Temp\cc94O9UR.s:39     .text.HardFault_Handler:00000000 $t
C:\Users\073be\AppData\Local\Temp\cc94O9UR.s:46     .text.HardFault_Handler:00000000 HardFault_Handler
C:\Users\073be\AppData\Local\Temp\cc94O9UR.s:60     .text.MemManage_Handler:00000000 $t
C:\Users\073be\AppData\Local\Temp\cc94O9UR.s:67     .text.MemManage_Handler:00000000 MemManage_Handler
C:\Users\073be\AppData\Local\Temp\cc94O9UR.s:81     .text.BusFault_Handler:00000000 $t
C:\Users\073be\AppData\Local\Temp\cc94O9UR.s:88     .text.BusFault_Handler:00000000 BusFault_Handler
C:\Users\073be\AppData\Local\Temp\cc94O9UR.s:102    .text.UsageFault_Handler:00000000 $t
C:\Users\073be\AppData\Local\Temp\cc94O9UR.s:109    .text.UsageFault_Handler:00000000 UsageFault_Handler
C:\Users\073be\AppData\Local\Temp\cc94O9UR.s:123    .text.DebugMon_Handler:00000000 $t
C:\Users\073be\AppData\Local\Temp\cc94O9UR.s:130    .text.DebugMon_Handler:00000000 DebugMon_Handler
C:\Users\073be\AppData\Local\Temp\cc94O9UR.s:143    .text.EXTI0_IRQHandler:00000000 $t
C:\Users\073be\AppData\Local\Temp\cc94O9UR.s:150    .text.EXTI0_IRQHandler:00000000 EXTI0_IRQHandler
C:\Users\073be\AppData\Local\Temp\cc94O9UR.s:171    .text.EXTI4_IRQHandler:00000000 $t
C:\Users\073be\AppData\Local\Temp\cc94O9UR.s:178    .text.EXTI4_IRQHandler:00000000 EXTI4_IRQHandler
C:\Users\073be\AppData\Local\Temp\cc94O9UR.s:199    .text.DMA1_Stream1_IRQHandler:00000000 $t
C:\Users\073be\AppData\Local\Temp\cc94O9UR.s:206    .text.DMA1_Stream1_IRQHandler:00000000 DMA1_Stream1_IRQHandler
C:\Users\073be\AppData\Local\Temp\cc94O9UR.s:226    .text.DMA1_Stream1_IRQHandler:0000000c $d
C:\Users\073be\AppData\Local\Temp\cc94O9UR.s:231    .text.EXTI15_10_IRQHandler:00000000 $t
C:\Users\073be\AppData\Local\Temp\cc94O9UR.s:238    .text.EXTI15_10_IRQHandler:00000000 EXTI15_10_IRQHandler
C:\Users\073be\AppData\Local\Temp\cc94O9UR.s:259    .text.TIM5_IRQHandler:00000000 $t
C:\Users\073be\AppData\Local\Temp\cc94O9UR.s:266    .text.TIM5_IRQHandler:00000000 TIM5_IRQHandler
C:\Users\073be\AppData\Local\Temp\cc94O9UR.s:286    .text.TIM5_IRQHandler:0000000c $d
C:\Users\073be\AppData\Local\Temp\cc94O9UR.s:291    .text.OTG_FS_IRQHandler:00000000 $t
C:\Users\073be\AppData\Local\Temp\cc94O9UR.s:298    .text.OTG_FS_IRQHandler:00000000 OTG_FS_IRQHandler
C:\Users\073be\AppData\Local\Temp\cc94O9UR.s:318    .text.OTG_FS_IRQHandler:0000000c $d

UNDEFINED SYMBOLS
HAL_GPIO_EXTI_IRQHandler
HAL_DMA_IRQHandler
hdma_usart3_rx
HAL_TIM_IRQHandler
htim5
HAL_PCD_IRQHandler
hpcd_USB_OTG_FS
