ARM GAS  C:\Users\073be\AppData\Local\Temp\ccpVFvVZ.s 			page 1


   1              		.cpu cortex-m4
   2              		.eabi_attribute 27, 1
   3              		.eabi_attribute 28, 1
   4              		.eabi_attribute 20, 1
   5              		.eabi_attribute 21, 1
   6              		.eabi_attribute 23, 3
   7              		.eabi_attribute 24, 1
   8              		.eabi_attribute 25, 1
   9              		.eabi_attribute 26, 1
  10              		.eabi_attribute 30, 1
  11              		.eabi_attribute 34, 1
  12              		.eabi_attribute 18, 4
  13              		.file	"stm32f4xx_hal_pcd_ex.c"
  14              		.text
  15              	.Ltext0:
  16              		.cfi_sections	.debug_frame
  17              		.section	.text.HAL_PCDEx_SetTxFiFo,"ax",%progbits
  18              		.align	1
  19              		.global	HAL_PCDEx_SetTxFiFo
  20              		.syntax unified
  21              		.thumb
  22              		.thumb_func
  23              		.fpu fpv4-sp-d16
  25              	HAL_PCDEx_SetTxFiFo:
  26              	.LFB126:
  27              		.file 1 "C:/Users/073be/STM32Cube/Repository/STM32Cube_FW_F4_V1.23.0/Drivers/STM32F4xx_HAL_Driver/
   1:C:/Users/073be/STM32Cube/Repository/STM32Cube_FW_F4_V1.23.0/Drivers/STM32F4xx_HAL_Driver/Src\stm32f4xx_hal_pcd_ex.c **** /**
   2:C:/Users/073be/STM32Cube/Repository/STM32Cube_FW_F4_V1.23.0/Drivers/STM32F4xx_HAL_Driver/Src\stm32f4xx_hal_pcd_ex.c ****   ******************************************************************************
   3:C:/Users/073be/STM32Cube/Repository/STM32Cube_FW_F4_V1.23.0/Drivers/STM32F4xx_HAL_Driver/Src\stm32f4xx_hal_pcd_ex.c ****   * @file    stm32f4xx_hal_pcd_ex.c
   4:C:/Users/073be/STM32Cube/Repository/STM32Cube_FW_F4_V1.23.0/Drivers/STM32F4xx_HAL_Driver/Src\stm32f4xx_hal_pcd_ex.c ****   * @author  MCD Application Team
   5:C:/Users/073be/STM32Cube/Repository/STM32Cube_FW_F4_V1.23.0/Drivers/STM32F4xx_HAL_Driver/Src\stm32f4xx_hal_pcd_ex.c ****   * @brief   PCD HAL module driver.
   6:C:/Users/073be/STM32Cube/Repository/STM32Cube_FW_F4_V1.23.0/Drivers/STM32F4xx_HAL_Driver/Src\stm32f4xx_hal_pcd_ex.c ****   *          This file provides firmware functions to manage the following 
   7:C:/Users/073be/STM32Cube/Repository/STM32Cube_FW_F4_V1.23.0/Drivers/STM32F4xx_HAL_Driver/Src\stm32f4xx_hal_pcd_ex.c ****   *          functionalities of the USB Peripheral Controller:
   8:C:/Users/073be/STM32Cube/Repository/STM32Cube_FW_F4_V1.23.0/Drivers/STM32F4xx_HAL_Driver/Src\stm32f4xx_hal_pcd_ex.c ****   *           + Extended features functions
   9:C:/Users/073be/STM32Cube/Repository/STM32Cube_FW_F4_V1.23.0/Drivers/STM32F4xx_HAL_Driver/Src\stm32f4xx_hal_pcd_ex.c ****   *
  10:C:/Users/073be/STM32Cube/Repository/STM32Cube_FW_F4_V1.23.0/Drivers/STM32F4xx_HAL_Driver/Src\stm32f4xx_hal_pcd_ex.c ****   ******************************************************************************
  11:C:/Users/073be/STM32Cube/Repository/STM32Cube_FW_F4_V1.23.0/Drivers/STM32F4xx_HAL_Driver/Src\stm32f4xx_hal_pcd_ex.c ****   * @attention
  12:C:/Users/073be/STM32Cube/Repository/STM32Cube_FW_F4_V1.23.0/Drivers/STM32F4xx_HAL_Driver/Src\stm32f4xx_hal_pcd_ex.c ****   *
  13:C:/Users/073be/STM32Cube/Repository/STM32Cube_FW_F4_V1.23.0/Drivers/STM32F4xx_HAL_Driver/Src\stm32f4xx_hal_pcd_ex.c ****   * <h2><center>&copy; COPYRIGHT(c) 2017 STMicroelectronics</center></h2>
  14:C:/Users/073be/STM32Cube/Repository/STM32Cube_FW_F4_V1.23.0/Drivers/STM32F4xx_HAL_Driver/Src\stm32f4xx_hal_pcd_ex.c ****   *
  15:C:/Users/073be/STM32Cube/Repository/STM32Cube_FW_F4_V1.23.0/Drivers/STM32F4xx_HAL_Driver/Src\stm32f4xx_hal_pcd_ex.c ****   * Redistribution and use in source and binary forms, with or without modification,
  16:C:/Users/073be/STM32Cube/Repository/STM32Cube_FW_F4_V1.23.0/Drivers/STM32F4xx_HAL_Driver/Src\stm32f4xx_hal_pcd_ex.c ****   * are permitted provided that the following conditions are met:
  17:C:/Users/073be/STM32Cube/Repository/STM32Cube_FW_F4_V1.23.0/Drivers/STM32F4xx_HAL_Driver/Src\stm32f4xx_hal_pcd_ex.c ****   *   1. Redistributions of source code must retain the above copyright notice,
  18:C:/Users/073be/STM32Cube/Repository/STM32Cube_FW_F4_V1.23.0/Drivers/STM32F4xx_HAL_Driver/Src\stm32f4xx_hal_pcd_ex.c ****   *      this list of conditions and the following disclaimer.
  19:C:/Users/073be/STM32Cube/Repository/STM32Cube_FW_F4_V1.23.0/Drivers/STM32F4xx_HAL_Driver/Src\stm32f4xx_hal_pcd_ex.c ****   *   2. Redistributions in binary form must reproduce the above copyright notice,
  20:C:/Users/073be/STM32Cube/Repository/STM32Cube_FW_F4_V1.23.0/Drivers/STM32F4xx_HAL_Driver/Src\stm32f4xx_hal_pcd_ex.c ****   *      this list of conditions and the following disclaimer in the documentation
  21:C:/Users/073be/STM32Cube/Repository/STM32Cube_FW_F4_V1.23.0/Drivers/STM32F4xx_HAL_Driver/Src\stm32f4xx_hal_pcd_ex.c ****   *      and/or other materials provided with the distribution.
  22:C:/Users/073be/STM32Cube/Repository/STM32Cube_FW_F4_V1.23.0/Drivers/STM32F4xx_HAL_Driver/Src\stm32f4xx_hal_pcd_ex.c ****   *   3. Neither the name of STMicroelectronics nor the names of its contributors
  23:C:/Users/073be/STM32Cube/Repository/STM32Cube_FW_F4_V1.23.0/Drivers/STM32F4xx_HAL_Driver/Src\stm32f4xx_hal_pcd_ex.c ****   *      may be used to endorse or promote products derived from this software
  24:C:/Users/073be/STM32Cube/Repository/STM32Cube_FW_F4_V1.23.0/Drivers/STM32F4xx_HAL_Driver/Src\stm32f4xx_hal_pcd_ex.c ****   *      without specific prior written permission.
  25:C:/Users/073be/STM32Cube/Repository/STM32Cube_FW_F4_V1.23.0/Drivers/STM32F4xx_HAL_Driver/Src\stm32f4xx_hal_pcd_ex.c ****   *
  26:C:/Users/073be/STM32Cube/Repository/STM32Cube_FW_F4_V1.23.0/Drivers/STM32F4xx_HAL_Driver/Src\stm32f4xx_hal_pcd_ex.c ****   * THIS SOFTWARE IS PROVIDED BY THE COPYRIGHT HOLDERS AND CONTRIBUTORS "AS IS"
  27:C:/Users/073be/STM32Cube/Repository/STM32Cube_FW_F4_V1.23.0/Drivers/STM32F4xx_HAL_Driver/Src\stm32f4xx_hal_pcd_ex.c ****   * AND ANY EXPRESS OR IMPLIED WARRANTIES, INCLUDING, BUT NOT LIMITED TO, THE
  28:C:/Users/073be/STM32Cube/Repository/STM32Cube_FW_F4_V1.23.0/Drivers/STM32F4xx_HAL_Driver/Src\stm32f4xx_hal_pcd_ex.c ****   * IMPLIED WARRANTIES OF MERCHANTABILITY AND FITNESS FOR A PARTICULAR PURPOSE ARE
  29:C:/Users/073be/STM32Cube/Repository/STM32Cube_FW_F4_V1.23.0/Drivers/STM32F4xx_HAL_Driver/Src\stm32f4xx_hal_pcd_ex.c ****   * DISCLAIMED. IN NO EVENT SHALL THE COPYRIGHT HOLDER OR CONTRIBUTORS BE LIABLE
  30:C:/Users/073be/STM32Cube/Repository/STM32Cube_FW_F4_V1.23.0/Drivers/STM32F4xx_HAL_Driver/Src\stm32f4xx_hal_pcd_ex.c ****   * FOR ANY DIRECT, INDIRECT, INCIDENTAL, SPECIAL, EXEMPLARY, OR CONSEQUENTIAL
  31:C:/Users/073be/STM32Cube/Repository/STM32Cube_FW_F4_V1.23.0/Drivers/STM32F4xx_HAL_Driver/Src\stm32f4xx_hal_pcd_ex.c ****   * DAMAGES (INCLUDING, BUT NOT LIMITED TO, PROCUREMENT OF SUBSTITUTE GOODS OR
ARM GAS  C:\Users\073be\AppData\Local\Temp\ccpVFvVZ.s 			page 2


  32:C:/Users/073be/STM32Cube/Repository/STM32Cube_FW_F4_V1.23.0/Drivers/STM32F4xx_HAL_Driver/Src\stm32f4xx_hal_pcd_ex.c ****   * SERVICES; LOSS OF USE, DATA, OR PROFITS; OR BUSINESS INTERRUPTION) HOWEVER
  33:C:/Users/073be/STM32Cube/Repository/STM32Cube_FW_F4_V1.23.0/Drivers/STM32F4xx_HAL_Driver/Src\stm32f4xx_hal_pcd_ex.c ****   * CAUSED AND ON ANY THEORY OF LIABILITY, WHETHER IN CONTRACT, STRICT LIABILITY,
  34:C:/Users/073be/STM32Cube/Repository/STM32Cube_FW_F4_V1.23.0/Drivers/STM32F4xx_HAL_Driver/Src\stm32f4xx_hal_pcd_ex.c ****   * OR TORT (INCLUDING NEGLIGENCE OR OTHERWISE) ARISING IN ANY WAY OUT OF THE USE
  35:C:/Users/073be/STM32Cube/Repository/STM32Cube_FW_F4_V1.23.0/Drivers/STM32F4xx_HAL_Driver/Src\stm32f4xx_hal_pcd_ex.c ****   * OF THIS SOFTWARE, EVEN IF ADVISED OF THE POSSIBILITY OF SUCH DAMAGE.
  36:C:/Users/073be/STM32Cube/Repository/STM32Cube_FW_F4_V1.23.0/Drivers/STM32F4xx_HAL_Driver/Src\stm32f4xx_hal_pcd_ex.c ****   *
  37:C:/Users/073be/STM32Cube/Repository/STM32Cube_FW_F4_V1.23.0/Drivers/STM32F4xx_HAL_Driver/Src\stm32f4xx_hal_pcd_ex.c ****   ******************************************************************************
  38:C:/Users/073be/STM32Cube/Repository/STM32Cube_FW_F4_V1.23.0/Drivers/STM32F4xx_HAL_Driver/Src\stm32f4xx_hal_pcd_ex.c ****   */ 
  39:C:/Users/073be/STM32Cube/Repository/STM32Cube_FW_F4_V1.23.0/Drivers/STM32F4xx_HAL_Driver/Src\stm32f4xx_hal_pcd_ex.c **** 
  40:C:/Users/073be/STM32Cube/Repository/STM32Cube_FW_F4_V1.23.0/Drivers/STM32F4xx_HAL_Driver/Src\stm32f4xx_hal_pcd_ex.c **** /* Includes ------------------------------------------------------------------*/
  41:C:/Users/073be/STM32Cube/Repository/STM32Cube_FW_F4_V1.23.0/Drivers/STM32F4xx_HAL_Driver/Src\stm32f4xx_hal_pcd_ex.c **** #include "stm32f4xx_hal.h"
  42:C:/Users/073be/STM32Cube/Repository/STM32Cube_FW_F4_V1.23.0/Drivers/STM32F4xx_HAL_Driver/Src\stm32f4xx_hal_pcd_ex.c **** 
  43:C:/Users/073be/STM32Cube/Repository/STM32Cube_FW_F4_V1.23.0/Drivers/STM32F4xx_HAL_Driver/Src\stm32f4xx_hal_pcd_ex.c **** /** @addtogroup STM32F4xx_HAL_Driver
  44:C:/Users/073be/STM32Cube/Repository/STM32Cube_FW_F4_V1.23.0/Drivers/STM32F4xx_HAL_Driver/Src\stm32f4xx_hal_pcd_ex.c ****   * @{
  45:C:/Users/073be/STM32Cube/Repository/STM32Cube_FW_F4_V1.23.0/Drivers/STM32F4xx_HAL_Driver/Src\stm32f4xx_hal_pcd_ex.c ****   */
  46:C:/Users/073be/STM32Cube/Repository/STM32Cube_FW_F4_V1.23.0/Drivers/STM32F4xx_HAL_Driver/Src\stm32f4xx_hal_pcd_ex.c **** 
  47:C:/Users/073be/STM32Cube/Repository/STM32Cube_FW_F4_V1.23.0/Drivers/STM32F4xx_HAL_Driver/Src\stm32f4xx_hal_pcd_ex.c **** /** @defgroup PCDEx PCDEx
  48:C:/Users/073be/STM32Cube/Repository/STM32Cube_FW_F4_V1.23.0/Drivers/STM32F4xx_HAL_Driver/Src\stm32f4xx_hal_pcd_ex.c ****   * @brief PCD Extended HAL module driver
  49:C:/Users/073be/STM32Cube/Repository/STM32Cube_FW_F4_V1.23.0/Drivers/STM32F4xx_HAL_Driver/Src\stm32f4xx_hal_pcd_ex.c ****   * @{
  50:C:/Users/073be/STM32Cube/Repository/STM32Cube_FW_F4_V1.23.0/Drivers/STM32F4xx_HAL_Driver/Src\stm32f4xx_hal_pcd_ex.c ****   */
  51:C:/Users/073be/STM32Cube/Repository/STM32Cube_FW_F4_V1.23.0/Drivers/STM32F4xx_HAL_Driver/Src\stm32f4xx_hal_pcd_ex.c **** #ifdef HAL_PCD_MODULE_ENABLED
  52:C:/Users/073be/STM32Cube/Repository/STM32Cube_FW_F4_V1.23.0/Drivers/STM32F4xx_HAL_Driver/Src\stm32f4xx_hal_pcd_ex.c **** #if defined(STM32F405xx) || defined(STM32F415xx) || defined(STM32F407xx) || defined(STM32F417xx) ||
  53:C:/Users/073be/STM32Cube/Repository/STM32Cube_FW_F4_V1.23.0/Drivers/STM32F4xx_HAL_Driver/Src\stm32f4xx_hal_pcd_ex.c ****     defined(STM32F427xx) || defined(STM32F437xx) || defined(STM32F429xx) || defined(STM32F439xx) ||
  54:C:/Users/073be/STM32Cube/Repository/STM32Cube_FW_F4_V1.23.0/Drivers/STM32F4xx_HAL_Driver/Src\stm32f4xx_hal_pcd_ex.c ****     defined(STM32F401xC) || defined(STM32F401xE) || defined(STM32F411xE) || defined(STM32F446xx) ||
  55:C:/Users/073be/STM32Cube/Repository/STM32Cube_FW_F4_V1.23.0/Drivers/STM32F4xx_HAL_Driver/Src\stm32f4xx_hal_pcd_ex.c ****     defined(STM32F469xx) || defined(STM32F479xx) || defined(STM32F412Zx) || defined(STM32F412Vx) ||
  56:C:/Users/073be/STM32Cube/Repository/STM32Cube_FW_F4_V1.23.0/Drivers/STM32F4xx_HAL_Driver/Src\stm32f4xx_hal_pcd_ex.c ****     defined(STM32F412Rx) || defined(STM32F412Cx) || defined(STM32F413xx) || defined(STM32F423xx)
  57:C:/Users/073be/STM32Cube/Repository/STM32Cube_FW_F4_V1.23.0/Drivers/STM32F4xx_HAL_Driver/Src\stm32f4xx_hal_pcd_ex.c **** /* Private types -------------------------------------------------------------*/
  58:C:/Users/073be/STM32Cube/Repository/STM32Cube_FW_F4_V1.23.0/Drivers/STM32F4xx_HAL_Driver/Src\stm32f4xx_hal_pcd_ex.c **** /* Private variables ---------------------------------------------------------*/
  59:C:/Users/073be/STM32Cube/Repository/STM32Cube_FW_F4_V1.23.0/Drivers/STM32F4xx_HAL_Driver/Src\stm32f4xx_hal_pcd_ex.c **** /* Private constants ---------------------------------------------------------*/
  60:C:/Users/073be/STM32Cube/Repository/STM32Cube_FW_F4_V1.23.0/Drivers/STM32F4xx_HAL_Driver/Src\stm32f4xx_hal_pcd_ex.c **** /* Private macros ------------------------------------------------------------*/
  61:C:/Users/073be/STM32Cube/Repository/STM32Cube_FW_F4_V1.23.0/Drivers/STM32F4xx_HAL_Driver/Src\stm32f4xx_hal_pcd_ex.c **** /* Private functions ---------------------------------------------------------*/
  62:C:/Users/073be/STM32Cube/Repository/STM32Cube_FW_F4_V1.23.0/Drivers/STM32F4xx_HAL_Driver/Src\stm32f4xx_hal_pcd_ex.c **** /* Exported functions --------------------------------------------------------*/
  63:C:/Users/073be/STM32Cube/Repository/STM32Cube_FW_F4_V1.23.0/Drivers/STM32F4xx_HAL_Driver/Src\stm32f4xx_hal_pcd_ex.c **** 
  64:C:/Users/073be/STM32Cube/Repository/STM32Cube_FW_F4_V1.23.0/Drivers/STM32F4xx_HAL_Driver/Src\stm32f4xx_hal_pcd_ex.c **** /** @defgroup PCDEx_Exported_Functions PCD Extended Exported Functions
  65:C:/Users/073be/STM32Cube/Repository/STM32Cube_FW_F4_V1.23.0/Drivers/STM32F4xx_HAL_Driver/Src\stm32f4xx_hal_pcd_ex.c ****   * @{
  66:C:/Users/073be/STM32Cube/Repository/STM32Cube_FW_F4_V1.23.0/Drivers/STM32F4xx_HAL_Driver/Src\stm32f4xx_hal_pcd_ex.c ****   */
  67:C:/Users/073be/STM32Cube/Repository/STM32Cube_FW_F4_V1.23.0/Drivers/STM32F4xx_HAL_Driver/Src\stm32f4xx_hal_pcd_ex.c **** 
  68:C:/Users/073be/STM32Cube/Repository/STM32Cube_FW_F4_V1.23.0/Drivers/STM32F4xx_HAL_Driver/Src\stm32f4xx_hal_pcd_ex.c **** /** @defgroup PCDEx_Exported_Functions_Group1 Peripheral Control functions
  69:C:/Users/073be/STM32Cube/Repository/STM32Cube_FW_F4_V1.23.0/Drivers/STM32F4xx_HAL_Driver/Src\stm32f4xx_hal_pcd_ex.c ****   * @brief    PCDEx control functions 
  70:C:/Users/073be/STM32Cube/Repository/STM32Cube_FW_F4_V1.23.0/Drivers/STM32F4xx_HAL_Driver/Src\stm32f4xx_hal_pcd_ex.c ****   *
  71:C:/Users/073be/STM32Cube/Repository/STM32Cube_FW_F4_V1.23.0/Drivers/STM32F4xx_HAL_Driver/Src\stm32f4xx_hal_pcd_ex.c **** @verbatim  
  72:C:/Users/073be/STM32Cube/Repository/STM32Cube_FW_F4_V1.23.0/Drivers/STM32F4xx_HAL_Driver/Src\stm32f4xx_hal_pcd_ex.c ****  ===============================================================================
  73:C:/Users/073be/STM32Cube/Repository/STM32Cube_FW_F4_V1.23.0/Drivers/STM32F4xx_HAL_Driver/Src\stm32f4xx_hal_pcd_ex.c ****                  ##### Extended features functions #####
  74:C:/Users/073be/STM32Cube/Repository/STM32Cube_FW_F4_V1.23.0/Drivers/STM32F4xx_HAL_Driver/Src\stm32f4xx_hal_pcd_ex.c ****  ===============================================================================  
  75:C:/Users/073be/STM32Cube/Repository/STM32Cube_FW_F4_V1.23.0/Drivers/STM32F4xx_HAL_Driver/Src\stm32f4xx_hal_pcd_ex.c ****     [..]  This section provides functions allowing to:
  76:C:/Users/073be/STM32Cube/Repository/STM32Cube_FW_F4_V1.23.0/Drivers/STM32F4xx_HAL_Driver/Src\stm32f4xx_hal_pcd_ex.c ****       (+) Update FIFO configuration
  77:C:/Users/073be/STM32Cube/Repository/STM32Cube_FW_F4_V1.23.0/Drivers/STM32F4xx_HAL_Driver/Src\stm32f4xx_hal_pcd_ex.c **** 
  78:C:/Users/073be/STM32Cube/Repository/STM32Cube_FW_F4_V1.23.0/Drivers/STM32F4xx_HAL_Driver/Src\stm32f4xx_hal_pcd_ex.c **** @endverbatim
  79:C:/Users/073be/STM32Cube/Repository/STM32Cube_FW_F4_V1.23.0/Drivers/STM32F4xx_HAL_Driver/Src\stm32f4xx_hal_pcd_ex.c ****   * @{
  80:C:/Users/073be/STM32Cube/Repository/STM32Cube_FW_F4_V1.23.0/Drivers/STM32F4xx_HAL_Driver/Src\stm32f4xx_hal_pcd_ex.c ****   */
  81:C:/Users/073be/STM32Cube/Repository/STM32Cube_FW_F4_V1.23.0/Drivers/STM32F4xx_HAL_Driver/Src\stm32f4xx_hal_pcd_ex.c **** 
  82:C:/Users/073be/STM32Cube/Repository/STM32Cube_FW_F4_V1.23.0/Drivers/STM32F4xx_HAL_Driver/Src\stm32f4xx_hal_pcd_ex.c **** /**
  83:C:/Users/073be/STM32Cube/Repository/STM32Cube_FW_F4_V1.23.0/Drivers/STM32F4xx_HAL_Driver/Src\stm32f4xx_hal_pcd_ex.c ****   * @brief  Set Tx FIFO
  84:C:/Users/073be/STM32Cube/Repository/STM32Cube_FW_F4_V1.23.0/Drivers/STM32F4xx_HAL_Driver/Src\stm32f4xx_hal_pcd_ex.c ****   * @param  hpcd PCD handle
  85:C:/Users/073be/STM32Cube/Repository/STM32Cube_FW_F4_V1.23.0/Drivers/STM32F4xx_HAL_Driver/Src\stm32f4xx_hal_pcd_ex.c ****   * @param  fifo The number of Tx fifo
  86:C:/Users/073be/STM32Cube/Repository/STM32Cube_FW_F4_V1.23.0/Drivers/STM32F4xx_HAL_Driver/Src\stm32f4xx_hal_pcd_ex.c ****   * @param  size Fifo size
  87:C:/Users/073be/STM32Cube/Repository/STM32Cube_FW_F4_V1.23.0/Drivers/STM32F4xx_HAL_Driver/Src\stm32f4xx_hal_pcd_ex.c ****   * @retval HAL status
  88:C:/Users/073be/STM32Cube/Repository/STM32Cube_FW_F4_V1.23.0/Drivers/STM32F4xx_HAL_Driver/Src\stm32f4xx_hal_pcd_ex.c ****   */
ARM GAS  C:\Users\073be\AppData\Local\Temp\ccpVFvVZ.s 			page 3


  89:C:/Users/073be/STM32Cube/Repository/STM32Cube_FW_F4_V1.23.0/Drivers/STM32F4xx_HAL_Driver/Src\stm32f4xx_hal_pcd_ex.c **** HAL_StatusTypeDef HAL_PCDEx_SetTxFiFo(PCD_HandleTypeDef *hpcd, uint8_t fifo, uint16_t size)
  90:C:/Users/073be/STM32Cube/Repository/STM32Cube_FW_F4_V1.23.0/Drivers/STM32F4xx_HAL_Driver/Src\stm32f4xx_hal_pcd_ex.c **** {
  28              		.loc 1 90 0
  29              		.cfi_startproc
  30              		@ args = 0, pretend = 0, frame = 0
  31              		@ frame_needed = 0, uses_anonymous_args = 0
  32              		@ link register save eliminated.
  33              	.LVL0:
  34 0000 30B4     		push	{r4, r5}
  35              	.LCFI0:
  36              		.cfi_def_cfa_offset 8
  37              		.cfi_offset 4, -8
  38              		.cfi_offset 5, -4
  39              	.LVL1:
  91:C:/Users/073be/STM32Cube/Repository/STM32Cube_FW_F4_V1.23.0/Drivers/STM32F4xx_HAL_Driver/Src\stm32f4xx_hal_pcd_ex.c ****   uint8_t i = 0;
  92:C:/Users/073be/STM32Cube/Repository/STM32Cube_FW_F4_V1.23.0/Drivers/STM32F4xx_HAL_Driver/Src\stm32f4xx_hal_pcd_ex.c ****   uint32_t Tx_Offset = 0U;
  93:C:/Users/073be/STM32Cube/Repository/STM32Cube_FW_F4_V1.23.0/Drivers/STM32F4xx_HAL_Driver/Src\stm32f4xx_hal_pcd_ex.c **** 
  94:C:/Users/073be/STM32Cube/Repository/STM32Cube_FW_F4_V1.23.0/Drivers/STM32F4xx_HAL_Driver/Src\stm32f4xx_hal_pcd_ex.c ****   /*  TXn min size = 16 words. (n  : Transmit FIFO index)
  95:C:/Users/073be/STM32Cube/Repository/STM32Cube_FW_F4_V1.23.0/Drivers/STM32F4xx_HAL_Driver/Src\stm32f4xx_hal_pcd_ex.c ****       When a TxFIFO is not used, the Configuration should be as follows: 
  96:C:/Users/073be/STM32Cube/Repository/STM32Cube_FW_F4_V1.23.0/Drivers/STM32F4xx_HAL_Driver/Src\stm32f4xx_hal_pcd_ex.c ****           case 1 :  n > m    and Txn is not used    (n,m  : Transmit FIFO indexes)
  97:C:/Users/073be/STM32Cube/Repository/STM32Cube_FW_F4_V1.23.0/Drivers/STM32F4xx_HAL_Driver/Src\stm32f4xx_hal_pcd_ex.c ****          --> Txm can use the space allocated for Txn.
  98:C:/Users/073be/STM32Cube/Repository/STM32Cube_FW_F4_V1.23.0/Drivers/STM32F4xx_HAL_Driver/Src\stm32f4xx_hal_pcd_ex.c ****          case2  :  n < m    and Txn is not used    (n,m  : Transmit FIFO indexes)
  99:C:/Users/073be/STM32Cube/Repository/STM32Cube_FW_F4_V1.23.0/Drivers/STM32F4xx_HAL_Driver/Src\stm32f4xx_hal_pcd_ex.c ****          --> Txn should be configured with the minimum space of 16 words
 100:C:/Users/073be/STM32Cube/Repository/STM32Cube_FW_F4_V1.23.0/Drivers/STM32F4xx_HAL_Driver/Src\stm32f4xx_hal_pcd_ex.c ****      The FIFO is used optimally when used TxFIFOs are allocated in the top 
 101:C:/Users/073be/STM32Cube/Repository/STM32Cube_FW_F4_V1.23.0/Drivers/STM32F4xx_HAL_Driver/Src\stm32f4xx_hal_pcd_ex.c ****          of the FIFO.Ex: use EP1 and EP2 as IN instead of EP1 and EP3 as IN ones.
 102:C:/Users/073be/STM32Cube/Repository/STM32Cube_FW_F4_V1.23.0/Drivers/STM32F4xx_HAL_Driver/Src\stm32f4xx_hal_pcd_ex.c ****      When DMA is used 3n * FIFO locations should be reserved for internal DMA registers */
 103:C:/Users/073be/STM32Cube/Repository/STM32Cube_FW_F4_V1.23.0/Drivers/STM32F4xx_HAL_Driver/Src\stm32f4xx_hal_pcd_ex.c ****   
 104:C:/Users/073be/STM32Cube/Repository/STM32Cube_FW_F4_V1.23.0/Drivers/STM32F4xx_HAL_Driver/Src\stm32f4xx_hal_pcd_ex.c ****   Tx_Offset = hpcd->Instance->GRXFSIZ;
  40              		.loc 1 104 0
  41 0002 0468     		ldr	r4, [r0]
  42 0004 606A     		ldr	r0, [r4, #36]
  43              	.LVL2:
 105:C:/Users/073be/STM32Cube/Repository/STM32Cube_FW_F4_V1.23.0/Drivers/STM32F4xx_HAL_Driver/Src\stm32f4xx_hal_pcd_ex.c ****   
 106:C:/Users/073be/STM32Cube/Repository/STM32Cube_FW_F4_V1.23.0/Drivers/STM32F4xx_HAL_Driver/Src\stm32f4xx_hal_pcd_ex.c ****   if(fifo == 0)
  44              		.loc 1 106 0
  45 0006 29B1     		cbz	r1, .L7
  46 0008 0D46     		mov	r5, r1
 107:C:/Users/073be/STM32Cube/Repository/STM32Cube_FW_F4_V1.23.0/Drivers/STM32F4xx_HAL_Driver/Src\stm32f4xx_hal_pcd_ex.c ****   {
 108:C:/Users/073be/STM32Cube/Repository/STM32Cube_FW_F4_V1.23.0/Drivers/STM32F4xx_HAL_Driver/Src\stm32f4xx_hal_pcd_ex.c ****     hpcd->Instance->DIEPTXF0_HNPTXFSIZ = (uint32_t)(((uint32_t)size << 16U) | Tx_Offset);
 109:C:/Users/073be/STM32Cube/Repository/STM32Cube_FW_F4_V1.23.0/Drivers/STM32F4xx_HAL_Driver/Src\stm32f4xx_hal_pcd_ex.c ****   }
 110:C:/Users/073be/STM32Cube/Repository/STM32Cube_FW_F4_V1.23.0/Drivers/STM32F4xx_HAL_Driver/Src\stm32f4xx_hal_pcd_ex.c ****   else
 111:C:/Users/073be/STM32Cube/Repository/STM32Cube_FW_F4_V1.23.0/Drivers/STM32F4xx_HAL_Driver/Src\stm32f4xx_hal_pcd_ex.c ****   {
 112:C:/Users/073be/STM32Cube/Repository/STM32Cube_FW_F4_V1.23.0/Drivers/STM32F4xx_HAL_Driver/Src\stm32f4xx_hal_pcd_ex.c ****     Tx_Offset += (hpcd->Instance->DIEPTXF0_HNPTXFSIZ) >> 16U;
  47              		.loc 1 112 0
  48 000a A36A     		ldr	r3, [r4, #40]
  49 000c 00EB1340 		add	r0, r0, r3, lsr #16
  50              	.LVL3:
 113:C:/Users/073be/STM32Cube/Repository/STM32Cube_FW_F4_V1.23.0/Drivers/STM32F4xx_HAL_Driver/Src\stm32f4xx_hal_pcd_ex.c ****     for (i = 0; i < (fifo - 1); i++)
  51              		.loc 1 113 0
  52 0010 0023     		movs	r3, #0
  53 0012 0CE0     		b	.L4
  54              	.L7:
 108:C:/Users/073be/STM32Cube/Repository/STM32Cube_FW_F4_V1.23.0/Drivers/STM32F4xx_HAL_Driver/Src\stm32f4xx_hal_pcd_ex.c ****   }
  55              		.loc 1 108 0
  56 0014 40EA0240 		orr	r0, r0, r2, lsl #16
  57              	.LVL4:
  58 0018 A062     		str	r0, [r4, #40]
ARM GAS  C:\Users\073be\AppData\Local\Temp\ccpVFvVZ.s 			page 4


  59 001a 12E0     		b	.L3
  60              	.LVL5:
  61              	.L5:
 114:C:/Users/073be/STM32Cube/Repository/STM32Cube_FW_F4_V1.23.0/Drivers/STM32F4xx_HAL_Driver/Src\stm32f4xx_hal_pcd_ex.c ****     {
 115:C:/Users/073be/STM32Cube/Repository/STM32Cube_FW_F4_V1.23.0/Drivers/STM32F4xx_HAL_Driver/Src\stm32f4xx_hal_pcd_ex.c ****       Tx_Offset += (hpcd->Instance->DIEPTXF[i] >> 16U);
  62              		.loc 1 115 0 discriminator 3
  63 001c 03F14001 		add	r1, r3, #64
  64 0020 04EB8101 		add	r1, r4, r1, lsl #2
  65 0024 4968     		ldr	r1, [r1, #4]
  66 0026 00EB1140 		add	r0, r0, r1, lsr #16
  67              	.LVL6:
 113:C:/Users/073be/STM32Cube/Repository/STM32Cube_FW_F4_V1.23.0/Drivers/STM32F4xx_HAL_Driver/Src\stm32f4xx_hal_pcd_ex.c ****     {
  68              		.loc 1 113 0 discriminator 3
  69 002a 0133     		adds	r3, r3, #1
  70              	.LVL7:
  71 002c DBB2     		uxtb	r3, r3
  72              	.LVL8:
  73              	.L4:
 113:C:/Users/073be/STM32Cube/Repository/STM32Cube_FW_F4_V1.23.0/Drivers/STM32F4xx_HAL_Driver/Src\stm32f4xx_hal_pcd_ex.c ****     {
  74              		.loc 1 113 0 is_stmt 0 discriminator 1
  75 002e 691E     		subs	r1, r5, #1
  76 0030 8B42     		cmp	r3, r1
  77 0032 F3DB     		blt	.L5
 116:C:/Users/073be/STM32Cube/Repository/STM32Cube_FW_F4_V1.23.0/Drivers/STM32F4xx_HAL_Driver/Src\stm32f4xx_hal_pcd_ex.c ****     }
 117:C:/Users/073be/STM32Cube/Repository/STM32Cube_FW_F4_V1.23.0/Drivers/STM32F4xx_HAL_Driver/Src\stm32f4xx_hal_pcd_ex.c ****     
 118:C:/Users/073be/STM32Cube/Repository/STM32Cube_FW_F4_V1.23.0/Drivers/STM32F4xx_HAL_Driver/Src\stm32f4xx_hal_pcd_ex.c ****     /* Multiply Tx_Size by 2 to get higher performance */
 119:C:/Users/073be/STM32Cube/Repository/STM32Cube_FW_F4_V1.23.0/Drivers/STM32F4xx_HAL_Driver/Src\stm32f4xx_hal_pcd_ex.c ****     hpcd->Instance->DIEPTXF[fifo - 1] = (uint32_t)(((uint32_t)size << 16U) | Tx_Offset);        
  78              		.loc 1 119 0 is_stmt 1
  79 0034 40EA0240 		orr	r0, r0, r2, lsl #16
  80              	.LVL9:
  81 0038 05F13F01 		add	r1, r5, #63
  82 003c 04EB8101 		add	r1, r4, r1, lsl #2
  83 0040 4860     		str	r0, [r1, #4]
  84              	.LVL10:
  85              	.L3:
 120:C:/Users/073be/STM32Cube/Repository/STM32Cube_FW_F4_V1.23.0/Drivers/STM32F4xx_HAL_Driver/Src\stm32f4xx_hal_pcd_ex.c ****   }
 121:C:/Users/073be/STM32Cube/Repository/STM32Cube_FW_F4_V1.23.0/Drivers/STM32F4xx_HAL_Driver/Src\stm32f4xx_hal_pcd_ex.c ****   
 122:C:/Users/073be/STM32Cube/Repository/STM32Cube_FW_F4_V1.23.0/Drivers/STM32F4xx_HAL_Driver/Src\stm32f4xx_hal_pcd_ex.c ****   return HAL_OK;
 123:C:/Users/073be/STM32Cube/Repository/STM32Cube_FW_F4_V1.23.0/Drivers/STM32F4xx_HAL_Driver/Src\stm32f4xx_hal_pcd_ex.c **** }
  86              		.loc 1 123 0
  87 0042 0020     		movs	r0, #0
  88 0044 30BC     		pop	{r4, r5}
  89              	.LCFI1:
  90              		.cfi_restore 5
  91              		.cfi_restore 4
  92              		.cfi_def_cfa_offset 0
  93 0046 7047     		bx	lr
  94              		.cfi_endproc
  95              	.LFE126:
  97              		.section	.text.HAL_PCDEx_SetRxFiFo,"ax",%progbits
  98              		.align	1
  99              		.global	HAL_PCDEx_SetRxFiFo
 100              		.syntax unified
 101              		.thumb
 102              		.thumb_func
 103              		.fpu fpv4-sp-d16
 105              	HAL_PCDEx_SetRxFiFo:
ARM GAS  C:\Users\073be\AppData\Local\Temp\ccpVFvVZ.s 			page 5


 106              	.LFB127:
 124:C:/Users/073be/STM32Cube/Repository/STM32Cube_FW_F4_V1.23.0/Drivers/STM32F4xx_HAL_Driver/Src\stm32f4xx_hal_pcd_ex.c **** 
 125:C:/Users/073be/STM32Cube/Repository/STM32Cube_FW_F4_V1.23.0/Drivers/STM32F4xx_HAL_Driver/Src\stm32f4xx_hal_pcd_ex.c **** /**
 126:C:/Users/073be/STM32Cube/Repository/STM32Cube_FW_F4_V1.23.0/Drivers/STM32F4xx_HAL_Driver/Src\stm32f4xx_hal_pcd_ex.c ****   * @brief  Set Rx FIFO
 127:C:/Users/073be/STM32Cube/Repository/STM32Cube_FW_F4_V1.23.0/Drivers/STM32F4xx_HAL_Driver/Src\stm32f4xx_hal_pcd_ex.c ****   * @param  hpcd PCD handle
 128:C:/Users/073be/STM32Cube/Repository/STM32Cube_FW_F4_V1.23.0/Drivers/STM32F4xx_HAL_Driver/Src\stm32f4xx_hal_pcd_ex.c ****   * @param  size Size of Rx fifo
 129:C:/Users/073be/STM32Cube/Repository/STM32Cube_FW_F4_V1.23.0/Drivers/STM32F4xx_HAL_Driver/Src\stm32f4xx_hal_pcd_ex.c ****   * @retval HAL status
 130:C:/Users/073be/STM32Cube/Repository/STM32Cube_FW_F4_V1.23.0/Drivers/STM32F4xx_HAL_Driver/Src\stm32f4xx_hal_pcd_ex.c ****   */
 131:C:/Users/073be/STM32Cube/Repository/STM32Cube_FW_F4_V1.23.0/Drivers/STM32F4xx_HAL_Driver/Src\stm32f4xx_hal_pcd_ex.c **** HAL_StatusTypeDef HAL_PCDEx_SetRxFiFo(PCD_HandleTypeDef *hpcd, uint16_t size)
 132:C:/Users/073be/STM32Cube/Repository/STM32Cube_FW_F4_V1.23.0/Drivers/STM32F4xx_HAL_Driver/Src\stm32f4xx_hal_pcd_ex.c **** {
 107              		.loc 1 132 0
 108              		.cfi_startproc
 109              		@ args = 0, pretend = 0, frame = 0
 110              		@ frame_needed = 0, uses_anonymous_args = 0
 111              		@ link register save eliminated.
 112              	.LVL11:
 133:C:/Users/073be/STM32Cube/Repository/STM32Cube_FW_F4_V1.23.0/Drivers/STM32F4xx_HAL_Driver/Src\stm32f4xx_hal_pcd_ex.c ****   hpcd->Instance->GRXFSIZ = size;
 113              		.loc 1 133 0
 114 0000 0368     		ldr	r3, [r0]
 115 0002 5962     		str	r1, [r3, #36]
 134:C:/Users/073be/STM32Cube/Repository/STM32Cube_FW_F4_V1.23.0/Drivers/STM32F4xx_HAL_Driver/Src\stm32f4xx_hal_pcd_ex.c ****   
 135:C:/Users/073be/STM32Cube/Repository/STM32Cube_FW_F4_V1.23.0/Drivers/STM32F4xx_HAL_Driver/Src\stm32f4xx_hal_pcd_ex.c ****   return HAL_OK;
 136:C:/Users/073be/STM32Cube/Repository/STM32Cube_FW_F4_V1.23.0/Drivers/STM32F4xx_HAL_Driver/Src\stm32f4xx_hal_pcd_ex.c **** }
 116              		.loc 1 136 0
 117 0004 0020     		movs	r0, #0
 118              	.LVL12:
 119 0006 7047     		bx	lr
 120              		.cfi_endproc
 121              	.LFE127:
 123              		.text
 124              	.Letext0:
 125              		.file 2 "c:\\program files (x86)\\gnu tools arm embedded\\7 2017-q4-major\\arm-none-eabi\\include\
 126              		.file 3 "c:\\program files (x86)\\gnu tools arm embedded\\7 2017-q4-major\\arm-none-eabi\\include\
 127              		.file 4 "C:/Users/073be/STM32Cube/Repository/STM32Cube_FW_F4_V1.23.0/Drivers/CMSIS/Include/core_cm
 128              		.file 5 "C:/Users/073be/STM32Cube/Repository/STM32Cube_FW_F4_V1.23.0/Drivers/CMSIS/Device/ST/STM32
 129              		.file 6 "C:/Users/073be/STM32Cube/Repository/STM32Cube_FW_F4_V1.23.0/Drivers/CMSIS/Device/ST/STM32
 130              		.file 7 "c:\\program files (x86)\\gnu tools arm embedded\\7 2017-q4-major\\arm-none-eabi\\include\
 131              		.file 8 "c:\\program files (x86)\\gnu tools arm embedded\\7 2017-q4-major\\arm-none-eabi\\include\
 132              		.file 9 "c:\\program files (x86)\\gnu tools arm embedded\\7 2017-q4-major\\lib\\gcc\\arm-none-eabi
 133              		.file 10 "c:\\program files (x86)\\gnu tools arm embedded\\7 2017-q4-major\\arm-none-eabi\\include
 134              		.file 11 "C:/Users/073be/STM32Cube/Repository/STM32Cube_FW_F4_V1.23.0/Drivers/STM32F4xx_HAL_Driver
 135              		.file 12 "C:/Users/073be/STM32Cube/Repository/STM32Cube_FW_F4_V1.23.0/Drivers/STM32F4xx_HAL_Driver
 136              		.file 13 "C:/Users/073be/STM32Cube/Repository/STM32Cube_FW_F4_V1.23.0/Drivers/STM32F4xx_HAL_Driver
ARM GAS  C:\Users\073be\AppData\Local\Temp\ccpVFvVZ.s 			page 6


DEFINED SYMBOLS
                            *ABS*:00000000 stm32f4xx_hal_pcd_ex.c
C:\Users\073be\AppData\Local\Temp\ccpVFvVZ.s:18     .text.HAL_PCDEx_SetTxFiFo:00000000 $t
C:\Users\073be\AppData\Local\Temp\ccpVFvVZ.s:25     .text.HAL_PCDEx_SetTxFiFo:00000000 HAL_PCDEx_SetTxFiFo
C:\Users\073be\AppData\Local\Temp\ccpVFvVZ.s:98     .text.HAL_PCDEx_SetRxFiFo:00000000 $t
C:\Users\073be\AppData\Local\Temp\ccpVFvVZ.s:105    .text.HAL_PCDEx_SetRxFiFo:00000000 HAL_PCDEx_SetRxFiFo

NO UNDEFINED SYMBOLS
