ARM GAS  C:\Users\073be\AppData\Local\Temp\ccc3QI5g.s 			page 1


   1              		.cpu cortex-m4
   2              		.eabi_attribute 27, 1
   3              		.eabi_attribute 28, 1
   4              		.eabi_attribute 20, 1
   5              		.eabi_attribute 21, 1
   6              		.eabi_attribute 23, 3
   7              		.eabi_attribute 24, 1
   8              		.eabi_attribute 25, 1
   9              		.eabi_attribute 26, 1
  10              		.eabi_attribute 30, 1
  11              		.eabi_attribute 34, 1
  12              		.eabi_attribute 18, 4
  13              		.file	"stm32f4xx_hal_pwr_ex.c"
  14              		.text
  15              	.Ltext0:
  16              		.cfi_sections	.debug_frame
  17              		.section	.text.HAL_PWREx_EnableBkUpReg,"ax",%progbits
  18              		.align	1
  19              		.global	HAL_PWREx_EnableBkUpReg
  20              		.syntax unified
  21              		.thumb
  22              		.thumb_func
  23              		.fpu fpv4-sp-d16
  25              	HAL_PWREx_EnableBkUpReg:
  26              	.LFB126:
  27              		.file 1 "C:/Users/073be/STM32Cube/Repository/STM32Cube_FW_F4_V1.23.0/Drivers/STM32F4xx_HAL_Driver/
   1:C:/Users/073be/STM32Cube/Repository/STM32Cube_FW_F4_V1.23.0/Drivers/STM32F4xx_HAL_Driver/Src\stm32f4xx_hal_pwr_ex.c **** /**
   2:C:/Users/073be/STM32Cube/Repository/STM32Cube_FW_F4_V1.23.0/Drivers/STM32F4xx_HAL_Driver/Src\stm32f4xx_hal_pwr_ex.c ****   ******************************************************************************
   3:C:/Users/073be/STM32Cube/Repository/STM32Cube_FW_F4_V1.23.0/Drivers/STM32F4xx_HAL_Driver/Src\stm32f4xx_hal_pwr_ex.c ****   * @file    stm32f4xx_hal_pwr_ex.c
   4:C:/Users/073be/STM32Cube/Repository/STM32Cube_FW_F4_V1.23.0/Drivers/STM32F4xx_HAL_Driver/Src\stm32f4xx_hal_pwr_ex.c ****   * @author  MCD Application Team
   5:C:/Users/073be/STM32Cube/Repository/STM32Cube_FW_F4_V1.23.0/Drivers/STM32F4xx_HAL_Driver/Src\stm32f4xx_hal_pwr_ex.c ****   * @brief   Extended PWR HAL module driver.
   6:C:/Users/073be/STM32Cube/Repository/STM32Cube_FW_F4_V1.23.0/Drivers/STM32F4xx_HAL_Driver/Src\stm32f4xx_hal_pwr_ex.c ****   *          This file provides firmware functions to manage the following 
   7:C:/Users/073be/STM32Cube/Repository/STM32Cube_FW_F4_V1.23.0/Drivers/STM32F4xx_HAL_Driver/Src\stm32f4xx_hal_pwr_ex.c ****   *          functionalities of PWR extension peripheral:           
   8:C:/Users/073be/STM32Cube/Repository/STM32Cube_FW_F4_V1.23.0/Drivers/STM32F4xx_HAL_Driver/Src\stm32f4xx_hal_pwr_ex.c ****   *           + Peripheral Extended features functions
   9:C:/Users/073be/STM32Cube/Repository/STM32Cube_FW_F4_V1.23.0/Drivers/STM32F4xx_HAL_Driver/Src\stm32f4xx_hal_pwr_ex.c ****   *         
  10:C:/Users/073be/STM32Cube/Repository/STM32Cube_FW_F4_V1.23.0/Drivers/STM32F4xx_HAL_Driver/Src\stm32f4xx_hal_pwr_ex.c ****   ******************************************************************************
  11:C:/Users/073be/STM32Cube/Repository/STM32Cube_FW_F4_V1.23.0/Drivers/STM32F4xx_HAL_Driver/Src\stm32f4xx_hal_pwr_ex.c ****   * @attention
  12:C:/Users/073be/STM32Cube/Repository/STM32Cube_FW_F4_V1.23.0/Drivers/STM32F4xx_HAL_Driver/Src\stm32f4xx_hal_pwr_ex.c ****   *
  13:C:/Users/073be/STM32Cube/Repository/STM32Cube_FW_F4_V1.23.0/Drivers/STM32F4xx_HAL_Driver/Src\stm32f4xx_hal_pwr_ex.c ****   * <h2><center>&copy; COPYRIGHT(c) 2017 STMicroelectronics</center></h2>
  14:C:/Users/073be/STM32Cube/Repository/STM32Cube_FW_F4_V1.23.0/Drivers/STM32F4xx_HAL_Driver/Src\stm32f4xx_hal_pwr_ex.c ****   *
  15:C:/Users/073be/STM32Cube/Repository/STM32Cube_FW_F4_V1.23.0/Drivers/STM32F4xx_HAL_Driver/Src\stm32f4xx_hal_pwr_ex.c ****   * Redistribution and use in source and binary forms, with or without modification,
  16:C:/Users/073be/STM32Cube/Repository/STM32Cube_FW_F4_V1.23.0/Drivers/STM32F4xx_HAL_Driver/Src\stm32f4xx_hal_pwr_ex.c ****   * are permitted provided that the following conditions are met:
  17:C:/Users/073be/STM32Cube/Repository/STM32Cube_FW_F4_V1.23.0/Drivers/STM32F4xx_HAL_Driver/Src\stm32f4xx_hal_pwr_ex.c ****   *   1. Redistributions of source code must retain the above copyright notice,
  18:C:/Users/073be/STM32Cube/Repository/STM32Cube_FW_F4_V1.23.0/Drivers/STM32F4xx_HAL_Driver/Src\stm32f4xx_hal_pwr_ex.c ****   *      this list of conditions and the following disclaimer.
  19:C:/Users/073be/STM32Cube/Repository/STM32Cube_FW_F4_V1.23.0/Drivers/STM32F4xx_HAL_Driver/Src\stm32f4xx_hal_pwr_ex.c ****   *   2. Redistributions in binary form must reproduce the above copyright notice,
  20:C:/Users/073be/STM32Cube/Repository/STM32Cube_FW_F4_V1.23.0/Drivers/STM32F4xx_HAL_Driver/Src\stm32f4xx_hal_pwr_ex.c ****   *      this list of conditions and the following disclaimer in the documentation
  21:C:/Users/073be/STM32Cube/Repository/STM32Cube_FW_F4_V1.23.0/Drivers/STM32F4xx_HAL_Driver/Src\stm32f4xx_hal_pwr_ex.c ****   *      and/or other materials provided with the distribution.
  22:C:/Users/073be/STM32Cube/Repository/STM32Cube_FW_F4_V1.23.0/Drivers/STM32F4xx_HAL_Driver/Src\stm32f4xx_hal_pwr_ex.c ****   *   3. Neither the name of STMicroelectronics nor the names of its contributors
  23:C:/Users/073be/STM32Cube/Repository/STM32Cube_FW_F4_V1.23.0/Drivers/STM32F4xx_HAL_Driver/Src\stm32f4xx_hal_pwr_ex.c ****   *      may be used to endorse or promote products derived from this software
  24:C:/Users/073be/STM32Cube/Repository/STM32Cube_FW_F4_V1.23.0/Drivers/STM32F4xx_HAL_Driver/Src\stm32f4xx_hal_pwr_ex.c ****   *      without specific prior written permission.
  25:C:/Users/073be/STM32Cube/Repository/STM32Cube_FW_F4_V1.23.0/Drivers/STM32F4xx_HAL_Driver/Src\stm32f4xx_hal_pwr_ex.c ****   *
  26:C:/Users/073be/STM32Cube/Repository/STM32Cube_FW_F4_V1.23.0/Drivers/STM32F4xx_HAL_Driver/Src\stm32f4xx_hal_pwr_ex.c ****   * THIS SOFTWARE IS PROVIDED BY THE COPYRIGHT HOLDERS AND CONTRIBUTORS "AS IS"
  27:C:/Users/073be/STM32Cube/Repository/STM32Cube_FW_F4_V1.23.0/Drivers/STM32F4xx_HAL_Driver/Src\stm32f4xx_hal_pwr_ex.c ****   * AND ANY EXPRESS OR IMPLIED WARRANTIES, INCLUDING, BUT NOT LIMITED TO, THE
  28:C:/Users/073be/STM32Cube/Repository/STM32Cube_FW_F4_V1.23.0/Drivers/STM32F4xx_HAL_Driver/Src\stm32f4xx_hal_pwr_ex.c ****   * IMPLIED WARRANTIES OF MERCHANTABILITY AND FITNESS FOR A PARTICULAR PURPOSE ARE
  29:C:/Users/073be/STM32Cube/Repository/STM32Cube_FW_F4_V1.23.0/Drivers/STM32F4xx_HAL_Driver/Src\stm32f4xx_hal_pwr_ex.c ****   * DISCLAIMED. IN NO EVENT SHALL THE COPYRIGHT HOLDER OR CONTRIBUTORS BE LIABLE
  30:C:/Users/073be/STM32Cube/Repository/STM32Cube_FW_F4_V1.23.0/Drivers/STM32F4xx_HAL_Driver/Src\stm32f4xx_hal_pwr_ex.c ****   * FOR ANY DIRECT, INDIRECT, INCIDENTAL, SPECIAL, EXEMPLARY, OR CONSEQUENTIAL
  31:C:/Users/073be/STM32Cube/Repository/STM32Cube_FW_F4_V1.23.0/Drivers/STM32F4xx_HAL_Driver/Src\stm32f4xx_hal_pwr_ex.c ****   * DAMAGES (INCLUDING, BUT NOT LIMITED TO, PROCUREMENT OF SUBSTITUTE GOODS OR
ARM GAS  C:\Users\073be\AppData\Local\Temp\ccc3QI5g.s 			page 2


  32:C:/Users/073be/STM32Cube/Repository/STM32Cube_FW_F4_V1.23.0/Drivers/STM32F4xx_HAL_Driver/Src\stm32f4xx_hal_pwr_ex.c ****   * SERVICES; LOSS OF USE, DATA, OR PROFITS; OR BUSINESS INTERRUPTION) HOWEVER
  33:C:/Users/073be/STM32Cube/Repository/STM32Cube_FW_F4_V1.23.0/Drivers/STM32F4xx_HAL_Driver/Src\stm32f4xx_hal_pwr_ex.c ****   * CAUSED AND ON ANY THEORY OF LIABILITY, WHETHER IN CONTRACT, STRICT LIABILITY,
  34:C:/Users/073be/STM32Cube/Repository/STM32Cube_FW_F4_V1.23.0/Drivers/STM32F4xx_HAL_Driver/Src\stm32f4xx_hal_pwr_ex.c ****   * OR TORT (INCLUDING NEGLIGENCE OR OTHERWISE) ARISING IN ANY WAY OUT OF THE USE
  35:C:/Users/073be/STM32Cube/Repository/STM32Cube_FW_F4_V1.23.0/Drivers/STM32F4xx_HAL_Driver/Src\stm32f4xx_hal_pwr_ex.c ****   * OF THIS SOFTWARE, EVEN IF ADVISED OF THE POSSIBILITY OF SUCH DAMAGE.
  36:C:/Users/073be/STM32Cube/Repository/STM32Cube_FW_F4_V1.23.0/Drivers/STM32F4xx_HAL_Driver/Src\stm32f4xx_hal_pwr_ex.c ****   *
  37:C:/Users/073be/STM32Cube/Repository/STM32Cube_FW_F4_V1.23.0/Drivers/STM32F4xx_HAL_Driver/Src\stm32f4xx_hal_pwr_ex.c ****   ******************************************************************************
  38:C:/Users/073be/STM32Cube/Repository/STM32Cube_FW_F4_V1.23.0/Drivers/STM32F4xx_HAL_Driver/Src\stm32f4xx_hal_pwr_ex.c ****   */ 
  39:C:/Users/073be/STM32Cube/Repository/STM32Cube_FW_F4_V1.23.0/Drivers/STM32F4xx_HAL_Driver/Src\stm32f4xx_hal_pwr_ex.c **** 
  40:C:/Users/073be/STM32Cube/Repository/STM32Cube_FW_F4_V1.23.0/Drivers/STM32F4xx_HAL_Driver/Src\stm32f4xx_hal_pwr_ex.c **** /* Includes ------------------------------------------------------------------*/
  41:C:/Users/073be/STM32Cube/Repository/STM32Cube_FW_F4_V1.23.0/Drivers/STM32F4xx_HAL_Driver/Src\stm32f4xx_hal_pwr_ex.c **** #include "stm32f4xx_hal.h"
  42:C:/Users/073be/STM32Cube/Repository/STM32Cube_FW_F4_V1.23.0/Drivers/STM32F4xx_HAL_Driver/Src\stm32f4xx_hal_pwr_ex.c **** 
  43:C:/Users/073be/STM32Cube/Repository/STM32Cube_FW_F4_V1.23.0/Drivers/STM32F4xx_HAL_Driver/Src\stm32f4xx_hal_pwr_ex.c **** /** @addtogroup STM32F4xx_HAL_Driver
  44:C:/Users/073be/STM32Cube/Repository/STM32Cube_FW_F4_V1.23.0/Drivers/STM32F4xx_HAL_Driver/Src\stm32f4xx_hal_pwr_ex.c ****   * @{
  45:C:/Users/073be/STM32Cube/Repository/STM32Cube_FW_F4_V1.23.0/Drivers/STM32F4xx_HAL_Driver/Src\stm32f4xx_hal_pwr_ex.c ****   */
  46:C:/Users/073be/STM32Cube/Repository/STM32Cube_FW_F4_V1.23.0/Drivers/STM32F4xx_HAL_Driver/Src\stm32f4xx_hal_pwr_ex.c **** 
  47:C:/Users/073be/STM32Cube/Repository/STM32Cube_FW_F4_V1.23.0/Drivers/STM32F4xx_HAL_Driver/Src\stm32f4xx_hal_pwr_ex.c **** /** @defgroup PWREx PWREx
  48:C:/Users/073be/STM32Cube/Repository/STM32Cube_FW_F4_V1.23.0/Drivers/STM32F4xx_HAL_Driver/Src\stm32f4xx_hal_pwr_ex.c ****   * @brief PWR HAL module driver
  49:C:/Users/073be/STM32Cube/Repository/STM32Cube_FW_F4_V1.23.0/Drivers/STM32F4xx_HAL_Driver/Src\stm32f4xx_hal_pwr_ex.c ****   * @{
  50:C:/Users/073be/STM32Cube/Repository/STM32Cube_FW_F4_V1.23.0/Drivers/STM32F4xx_HAL_Driver/Src\stm32f4xx_hal_pwr_ex.c ****   */
  51:C:/Users/073be/STM32Cube/Repository/STM32Cube_FW_F4_V1.23.0/Drivers/STM32F4xx_HAL_Driver/Src\stm32f4xx_hal_pwr_ex.c **** 
  52:C:/Users/073be/STM32Cube/Repository/STM32Cube_FW_F4_V1.23.0/Drivers/STM32F4xx_HAL_Driver/Src\stm32f4xx_hal_pwr_ex.c **** #ifdef HAL_PWR_MODULE_ENABLED
  53:C:/Users/073be/STM32Cube/Repository/STM32Cube_FW_F4_V1.23.0/Drivers/STM32F4xx_HAL_Driver/Src\stm32f4xx_hal_pwr_ex.c **** 
  54:C:/Users/073be/STM32Cube/Repository/STM32Cube_FW_F4_V1.23.0/Drivers/STM32F4xx_HAL_Driver/Src\stm32f4xx_hal_pwr_ex.c **** /* Private typedef -----------------------------------------------------------*/
  55:C:/Users/073be/STM32Cube/Repository/STM32Cube_FW_F4_V1.23.0/Drivers/STM32F4xx_HAL_Driver/Src\stm32f4xx_hal_pwr_ex.c **** /* Private define ------------------------------------------------------------*/
  56:C:/Users/073be/STM32Cube/Repository/STM32Cube_FW_F4_V1.23.0/Drivers/STM32F4xx_HAL_Driver/Src\stm32f4xx_hal_pwr_ex.c **** /** @addtogroup PWREx_Private_Constants
  57:C:/Users/073be/STM32Cube/Repository/STM32Cube_FW_F4_V1.23.0/Drivers/STM32F4xx_HAL_Driver/Src\stm32f4xx_hal_pwr_ex.c ****   * @{
  58:C:/Users/073be/STM32Cube/Repository/STM32Cube_FW_F4_V1.23.0/Drivers/STM32F4xx_HAL_Driver/Src\stm32f4xx_hal_pwr_ex.c ****   */    
  59:C:/Users/073be/STM32Cube/Repository/STM32Cube_FW_F4_V1.23.0/Drivers/STM32F4xx_HAL_Driver/Src\stm32f4xx_hal_pwr_ex.c **** #define PWR_OVERDRIVE_TIMEOUT_VALUE  1000U
  60:C:/Users/073be/STM32Cube/Repository/STM32Cube_FW_F4_V1.23.0/Drivers/STM32F4xx_HAL_Driver/Src\stm32f4xx_hal_pwr_ex.c **** #define PWR_UDERDRIVE_TIMEOUT_VALUE  1000U
  61:C:/Users/073be/STM32Cube/Repository/STM32Cube_FW_F4_V1.23.0/Drivers/STM32F4xx_HAL_Driver/Src\stm32f4xx_hal_pwr_ex.c **** #define PWR_BKPREG_TIMEOUT_VALUE     1000U
  62:C:/Users/073be/STM32Cube/Repository/STM32Cube_FW_F4_V1.23.0/Drivers/STM32F4xx_HAL_Driver/Src\stm32f4xx_hal_pwr_ex.c **** #define PWR_VOSRDY_TIMEOUT_VALUE     1000U
  63:C:/Users/073be/STM32Cube/Repository/STM32Cube_FW_F4_V1.23.0/Drivers/STM32F4xx_HAL_Driver/Src\stm32f4xx_hal_pwr_ex.c **** /**
  64:C:/Users/073be/STM32Cube/Repository/STM32Cube_FW_F4_V1.23.0/Drivers/STM32F4xx_HAL_Driver/Src\stm32f4xx_hal_pwr_ex.c ****   * @}
  65:C:/Users/073be/STM32Cube/Repository/STM32Cube_FW_F4_V1.23.0/Drivers/STM32F4xx_HAL_Driver/Src\stm32f4xx_hal_pwr_ex.c ****   */
  66:C:/Users/073be/STM32Cube/Repository/STM32Cube_FW_F4_V1.23.0/Drivers/STM32F4xx_HAL_Driver/Src\stm32f4xx_hal_pwr_ex.c **** 
  67:C:/Users/073be/STM32Cube/Repository/STM32Cube_FW_F4_V1.23.0/Drivers/STM32F4xx_HAL_Driver/Src\stm32f4xx_hal_pwr_ex.c ****    
  68:C:/Users/073be/STM32Cube/Repository/STM32Cube_FW_F4_V1.23.0/Drivers/STM32F4xx_HAL_Driver/Src\stm32f4xx_hal_pwr_ex.c **** /* Private macro -------------------------------------------------------------*/
  69:C:/Users/073be/STM32Cube/Repository/STM32Cube_FW_F4_V1.23.0/Drivers/STM32F4xx_HAL_Driver/Src\stm32f4xx_hal_pwr_ex.c **** /* Private variables ---------------------------------------------------------*/
  70:C:/Users/073be/STM32Cube/Repository/STM32Cube_FW_F4_V1.23.0/Drivers/STM32F4xx_HAL_Driver/Src\stm32f4xx_hal_pwr_ex.c **** /* Private function prototypes -----------------------------------------------*/
  71:C:/Users/073be/STM32Cube/Repository/STM32Cube_FW_F4_V1.23.0/Drivers/STM32F4xx_HAL_Driver/Src\stm32f4xx_hal_pwr_ex.c **** /* Private functions ---------------------------------------------------------*/
  72:C:/Users/073be/STM32Cube/Repository/STM32Cube_FW_F4_V1.23.0/Drivers/STM32F4xx_HAL_Driver/Src\stm32f4xx_hal_pwr_ex.c **** /** @defgroup PWREx_Exported_Functions PWREx Exported Functions
  73:C:/Users/073be/STM32Cube/Repository/STM32Cube_FW_F4_V1.23.0/Drivers/STM32F4xx_HAL_Driver/Src\stm32f4xx_hal_pwr_ex.c ****   *  @{
  74:C:/Users/073be/STM32Cube/Repository/STM32Cube_FW_F4_V1.23.0/Drivers/STM32F4xx_HAL_Driver/Src\stm32f4xx_hal_pwr_ex.c ****   */
  75:C:/Users/073be/STM32Cube/Repository/STM32Cube_FW_F4_V1.23.0/Drivers/STM32F4xx_HAL_Driver/Src\stm32f4xx_hal_pwr_ex.c **** 
  76:C:/Users/073be/STM32Cube/Repository/STM32Cube_FW_F4_V1.23.0/Drivers/STM32F4xx_HAL_Driver/Src\stm32f4xx_hal_pwr_ex.c **** /** @defgroup PWREx_Exported_Functions_Group1 Peripheral Extended features functions 
  77:C:/Users/073be/STM32Cube/Repository/STM32Cube_FW_F4_V1.23.0/Drivers/STM32F4xx_HAL_Driver/Src\stm32f4xx_hal_pwr_ex.c ****   *  @brief Peripheral Extended features functions 
  78:C:/Users/073be/STM32Cube/Repository/STM32Cube_FW_F4_V1.23.0/Drivers/STM32F4xx_HAL_Driver/Src\stm32f4xx_hal_pwr_ex.c ****   *
  79:C:/Users/073be/STM32Cube/Repository/STM32Cube_FW_F4_V1.23.0/Drivers/STM32F4xx_HAL_Driver/Src\stm32f4xx_hal_pwr_ex.c **** @verbatim   
  80:C:/Users/073be/STM32Cube/Repository/STM32Cube_FW_F4_V1.23.0/Drivers/STM32F4xx_HAL_Driver/Src\stm32f4xx_hal_pwr_ex.c **** 
  81:C:/Users/073be/STM32Cube/Repository/STM32Cube_FW_F4_V1.23.0/Drivers/STM32F4xx_HAL_Driver/Src\stm32f4xx_hal_pwr_ex.c ****  ===============================================================================
  82:C:/Users/073be/STM32Cube/Repository/STM32Cube_FW_F4_V1.23.0/Drivers/STM32F4xx_HAL_Driver/Src\stm32f4xx_hal_pwr_ex.c ****                  ##### Peripheral extended features functions #####
  83:C:/Users/073be/STM32Cube/Repository/STM32Cube_FW_F4_V1.23.0/Drivers/STM32F4xx_HAL_Driver/Src\stm32f4xx_hal_pwr_ex.c ****  ===============================================================================
  84:C:/Users/073be/STM32Cube/Repository/STM32Cube_FW_F4_V1.23.0/Drivers/STM32F4xx_HAL_Driver/Src\stm32f4xx_hal_pwr_ex.c **** 
  85:C:/Users/073be/STM32Cube/Repository/STM32Cube_FW_F4_V1.23.0/Drivers/STM32F4xx_HAL_Driver/Src\stm32f4xx_hal_pwr_ex.c ****     *** Main and Backup Regulators configuration ***
  86:C:/Users/073be/STM32Cube/Repository/STM32Cube_FW_F4_V1.23.0/Drivers/STM32F4xx_HAL_Driver/Src\stm32f4xx_hal_pwr_ex.c ****     ================================================
  87:C:/Users/073be/STM32Cube/Repository/STM32Cube_FW_F4_V1.23.0/Drivers/STM32F4xx_HAL_Driver/Src\stm32f4xx_hal_pwr_ex.c ****     [..] 
  88:C:/Users/073be/STM32Cube/Repository/STM32Cube_FW_F4_V1.23.0/Drivers/STM32F4xx_HAL_Driver/Src\stm32f4xx_hal_pwr_ex.c ****       (+) The backup domain includes 4 Kbytes of backup SRAM accessible only from 
ARM GAS  C:\Users\073be\AppData\Local\Temp\ccc3QI5g.s 			page 3


  89:C:/Users/073be/STM32Cube/Repository/STM32Cube_FW_F4_V1.23.0/Drivers/STM32F4xx_HAL_Driver/Src\stm32f4xx_hal_pwr_ex.c ****           the CPU, and address in 32-bit, 16-bit or 8-bit mode. Its content is 
  90:C:/Users/073be/STM32Cube/Repository/STM32Cube_FW_F4_V1.23.0/Drivers/STM32F4xx_HAL_Driver/Src\stm32f4xx_hal_pwr_ex.c ****           retained even in Standby or VBAT mode when the low power backup regulator
  91:C:/Users/073be/STM32Cube/Repository/STM32Cube_FW_F4_V1.23.0/Drivers/STM32F4xx_HAL_Driver/Src\stm32f4xx_hal_pwr_ex.c ****           is enabled. It can be considered as an internal EEPROM when VBAT is 
  92:C:/Users/073be/STM32Cube/Repository/STM32Cube_FW_F4_V1.23.0/Drivers/STM32F4xx_HAL_Driver/Src\stm32f4xx_hal_pwr_ex.c ****           always present. You can use the HAL_PWREx_EnableBkUpReg() function to 
  93:C:/Users/073be/STM32Cube/Repository/STM32Cube_FW_F4_V1.23.0/Drivers/STM32F4xx_HAL_Driver/Src\stm32f4xx_hal_pwr_ex.c ****           enable the low power backup regulator. 
  94:C:/Users/073be/STM32Cube/Repository/STM32Cube_FW_F4_V1.23.0/Drivers/STM32F4xx_HAL_Driver/Src\stm32f4xx_hal_pwr_ex.c **** 
  95:C:/Users/073be/STM32Cube/Repository/STM32Cube_FW_F4_V1.23.0/Drivers/STM32F4xx_HAL_Driver/Src\stm32f4xx_hal_pwr_ex.c ****       (+) When the backup domain is supplied by VDD (analog switch connected to VDD) 
  96:C:/Users/073be/STM32Cube/Repository/STM32Cube_FW_F4_V1.23.0/Drivers/STM32F4xx_HAL_Driver/Src\stm32f4xx_hal_pwr_ex.c ****           the backup SRAM is powered from VDD which replaces the VBAT power supply to 
  97:C:/Users/073be/STM32Cube/Repository/STM32Cube_FW_F4_V1.23.0/Drivers/STM32F4xx_HAL_Driver/Src\stm32f4xx_hal_pwr_ex.c ****           save battery life.
  98:C:/Users/073be/STM32Cube/Repository/STM32Cube_FW_F4_V1.23.0/Drivers/STM32F4xx_HAL_Driver/Src\stm32f4xx_hal_pwr_ex.c **** 
  99:C:/Users/073be/STM32Cube/Repository/STM32Cube_FW_F4_V1.23.0/Drivers/STM32F4xx_HAL_Driver/Src\stm32f4xx_hal_pwr_ex.c ****       (+) The backup SRAM is not mass erased by a tamper event. It is read 
 100:C:/Users/073be/STM32Cube/Repository/STM32Cube_FW_F4_V1.23.0/Drivers/STM32F4xx_HAL_Driver/Src\stm32f4xx_hal_pwr_ex.c ****           protected to prevent confidential data, such as cryptographic private 
 101:C:/Users/073be/STM32Cube/Repository/STM32Cube_FW_F4_V1.23.0/Drivers/STM32F4xx_HAL_Driver/Src\stm32f4xx_hal_pwr_ex.c ****           key, from being accessed. The backup SRAM can be erased only through 
 102:C:/Users/073be/STM32Cube/Repository/STM32Cube_FW_F4_V1.23.0/Drivers/STM32F4xx_HAL_Driver/Src\stm32f4xx_hal_pwr_ex.c ****           the Flash interface when a protection level change from level 1 to 
 103:C:/Users/073be/STM32Cube/Repository/STM32Cube_FW_F4_V1.23.0/Drivers/STM32F4xx_HAL_Driver/Src\stm32f4xx_hal_pwr_ex.c ****           level 0 is requested. 
 104:C:/Users/073be/STM32Cube/Repository/STM32Cube_FW_F4_V1.23.0/Drivers/STM32F4xx_HAL_Driver/Src\stm32f4xx_hal_pwr_ex.c ****       -@- Refer to the description of Read protection (RDP) in the Flash 
 105:C:/Users/073be/STM32Cube/Repository/STM32Cube_FW_F4_V1.23.0/Drivers/STM32F4xx_HAL_Driver/Src\stm32f4xx_hal_pwr_ex.c ****           programming manual.
 106:C:/Users/073be/STM32Cube/Repository/STM32Cube_FW_F4_V1.23.0/Drivers/STM32F4xx_HAL_Driver/Src\stm32f4xx_hal_pwr_ex.c **** 
 107:C:/Users/073be/STM32Cube/Repository/STM32Cube_FW_F4_V1.23.0/Drivers/STM32F4xx_HAL_Driver/Src\stm32f4xx_hal_pwr_ex.c ****       (+) The main internal regulator can be configured to have a tradeoff between 
 108:C:/Users/073be/STM32Cube/Repository/STM32Cube_FW_F4_V1.23.0/Drivers/STM32F4xx_HAL_Driver/Src\stm32f4xx_hal_pwr_ex.c ****           performance and power consumption when the device does not operate at 
 109:C:/Users/073be/STM32Cube/Repository/STM32Cube_FW_F4_V1.23.0/Drivers/STM32F4xx_HAL_Driver/Src\stm32f4xx_hal_pwr_ex.c ****           the maximum frequency. This is done through __HAL_PWR_MAINREGULATORMODE_CONFIG() 
 110:C:/Users/073be/STM32Cube/Repository/STM32Cube_FW_F4_V1.23.0/Drivers/STM32F4xx_HAL_Driver/Src\stm32f4xx_hal_pwr_ex.c ****           macro which configure VOS bit in PWR_CR register
 111:C:/Users/073be/STM32Cube/Repository/STM32Cube_FW_F4_V1.23.0/Drivers/STM32F4xx_HAL_Driver/Src\stm32f4xx_hal_pwr_ex.c ****           
 112:C:/Users/073be/STM32Cube/Repository/STM32Cube_FW_F4_V1.23.0/Drivers/STM32F4xx_HAL_Driver/Src\stm32f4xx_hal_pwr_ex.c ****         Refer to the product datasheets for more details.
 113:C:/Users/073be/STM32Cube/Repository/STM32Cube_FW_F4_V1.23.0/Drivers/STM32F4xx_HAL_Driver/Src\stm32f4xx_hal_pwr_ex.c **** 
 114:C:/Users/073be/STM32Cube/Repository/STM32Cube_FW_F4_V1.23.0/Drivers/STM32F4xx_HAL_Driver/Src\stm32f4xx_hal_pwr_ex.c ****     *** FLASH Power Down configuration ****
 115:C:/Users/073be/STM32Cube/Repository/STM32Cube_FW_F4_V1.23.0/Drivers/STM32F4xx_HAL_Driver/Src\stm32f4xx_hal_pwr_ex.c ****     =======================================
 116:C:/Users/073be/STM32Cube/Repository/STM32Cube_FW_F4_V1.23.0/Drivers/STM32F4xx_HAL_Driver/Src\stm32f4xx_hal_pwr_ex.c ****     [..] 
 117:C:/Users/073be/STM32Cube/Repository/STM32Cube_FW_F4_V1.23.0/Drivers/STM32F4xx_HAL_Driver/Src\stm32f4xx_hal_pwr_ex.c ****       (+) By setting the FPDS bit in the PWR_CR register by using the 
 118:C:/Users/073be/STM32Cube/Repository/STM32Cube_FW_F4_V1.23.0/Drivers/STM32F4xx_HAL_Driver/Src\stm32f4xx_hal_pwr_ex.c ****           HAL_PWREx_EnableFlashPowerDown() function, the Flash memory also enters power 
 119:C:/Users/073be/STM32Cube/Repository/STM32Cube_FW_F4_V1.23.0/Drivers/STM32F4xx_HAL_Driver/Src\stm32f4xx_hal_pwr_ex.c ****           down mode when the device enters Stop mode. When the Flash memory 
 120:C:/Users/073be/STM32Cube/Repository/STM32Cube_FW_F4_V1.23.0/Drivers/STM32F4xx_HAL_Driver/Src\stm32f4xx_hal_pwr_ex.c ****           is in power down mode, an additional startup delay is incurred when 
 121:C:/Users/073be/STM32Cube/Repository/STM32Cube_FW_F4_V1.23.0/Drivers/STM32F4xx_HAL_Driver/Src\stm32f4xx_hal_pwr_ex.c ****           waking up from Stop mode.
 122:C:/Users/073be/STM32Cube/Repository/STM32Cube_FW_F4_V1.23.0/Drivers/STM32F4xx_HAL_Driver/Src\stm32f4xx_hal_pwr_ex.c ****           
 123:C:/Users/073be/STM32Cube/Repository/STM32Cube_FW_F4_V1.23.0/Drivers/STM32F4xx_HAL_Driver/Src\stm32f4xx_hal_pwr_ex.c ****            (+) For STM32F42xxx/43xxx/446xx/469xx/479xx Devices, the scale can be modified only when
 124:C:/Users/073be/STM32Cube/Repository/STM32Cube_FW_F4_V1.23.0/Drivers/STM32F4xx_HAL_Driver/Src\stm32f4xx_hal_pwr_ex.c ****            is OFF and the HSI or HSE clock source is selected as system clock. 
 125:C:/Users/073be/STM32Cube/Repository/STM32Cube_FW_F4_V1.23.0/Drivers/STM32F4xx_HAL_Driver/Src\stm32f4xx_hal_pwr_ex.c ****            The new value programmed is active only when the PLL is ON.
 126:C:/Users/073be/STM32Cube/Repository/STM32Cube_FW_F4_V1.23.0/Drivers/STM32F4xx_HAL_Driver/Src\stm32f4xx_hal_pwr_ex.c ****            When the PLL is OFF, the voltage scale 3 is automatically selected. 
 127:C:/Users/073be/STM32Cube/Repository/STM32Cube_FW_F4_V1.23.0/Drivers/STM32F4xx_HAL_Driver/Src\stm32f4xx_hal_pwr_ex.c ****         Refer to the datasheets for more details.
 128:C:/Users/073be/STM32Cube/Repository/STM32Cube_FW_F4_V1.23.0/Drivers/STM32F4xx_HAL_Driver/Src\stm32f4xx_hal_pwr_ex.c **** 
 129:C:/Users/073be/STM32Cube/Repository/STM32Cube_FW_F4_V1.23.0/Drivers/STM32F4xx_HAL_Driver/Src\stm32f4xx_hal_pwr_ex.c ****     *** Over-Drive and Under-Drive configuration ****
 130:C:/Users/073be/STM32Cube/Repository/STM32Cube_FW_F4_V1.23.0/Drivers/STM32F4xx_HAL_Driver/Src\stm32f4xx_hal_pwr_ex.c ****     =================================================
 131:C:/Users/073be/STM32Cube/Repository/STM32Cube_FW_F4_V1.23.0/Drivers/STM32F4xx_HAL_Driver/Src\stm32f4xx_hal_pwr_ex.c ****     [..]         
 132:C:/Users/073be/STM32Cube/Repository/STM32Cube_FW_F4_V1.23.0/Drivers/STM32F4xx_HAL_Driver/Src\stm32f4xx_hal_pwr_ex.c ****        (+) For STM32F42xxx/43xxx/446xx/469xx/479xx Devices, in Run mode: the main regulator has
 133:C:/Users/073be/STM32Cube/Repository/STM32Cube_FW_F4_V1.23.0/Drivers/STM32F4xx_HAL_Driver/Src\stm32f4xx_hal_pwr_ex.c ****            2 operating modes available:
 134:C:/Users/073be/STM32Cube/Repository/STM32Cube_FW_F4_V1.23.0/Drivers/STM32F4xx_HAL_Driver/Src\stm32f4xx_hal_pwr_ex.c ****         (++) Normal mode: The CPU and core logic operate at maximum frequency at a given 
 135:C:/Users/073be/STM32Cube/Repository/STM32Cube_FW_F4_V1.23.0/Drivers/STM32F4xx_HAL_Driver/Src\stm32f4xx_hal_pwr_ex.c ****              voltage scaling (scale 1, scale 2 or scale 3)
 136:C:/Users/073be/STM32Cube/Repository/STM32Cube_FW_F4_V1.23.0/Drivers/STM32F4xx_HAL_Driver/Src\stm32f4xx_hal_pwr_ex.c ****         (++) Over-drive mode: This mode allows the CPU and the core logic to operate at a 
 137:C:/Users/073be/STM32Cube/Repository/STM32Cube_FW_F4_V1.23.0/Drivers/STM32F4xx_HAL_Driver/Src\stm32f4xx_hal_pwr_ex.c ****             higher frequency than the normal mode for a given voltage scaling (scale 1,  
 138:C:/Users/073be/STM32Cube/Repository/STM32Cube_FW_F4_V1.23.0/Drivers/STM32F4xx_HAL_Driver/Src\stm32f4xx_hal_pwr_ex.c ****             scale 2 or scale 3). This mode is enabled through HAL_PWREx_EnableOverDrive() function 
 139:C:/Users/073be/STM32Cube/Repository/STM32Cube_FW_F4_V1.23.0/Drivers/STM32F4xx_HAL_Driver/Src\stm32f4xx_hal_pwr_ex.c ****             disabled by HAL_PWREx_DisableOverDrive() function, to enter or exit from Over-drive mod
 140:C:/Users/073be/STM32Cube/Repository/STM32Cube_FW_F4_V1.23.0/Drivers/STM32F4xx_HAL_Driver/Src\stm32f4xx_hal_pwr_ex.c ****             the sequence described in Reference manual.
 141:C:/Users/073be/STM32Cube/Repository/STM32Cube_FW_F4_V1.23.0/Drivers/STM32F4xx_HAL_Driver/Src\stm32f4xx_hal_pwr_ex.c ****              
 142:C:/Users/073be/STM32Cube/Repository/STM32Cube_FW_F4_V1.23.0/Drivers/STM32F4xx_HAL_Driver/Src\stm32f4xx_hal_pwr_ex.c ****        (+) For STM32F42xxx/43xxx/446xx/469xx/479xx Devices, in Stop mode: the main regulator or low
 143:C:/Users/073be/STM32Cube/Repository/STM32Cube_FW_F4_V1.23.0/Drivers/STM32F4xx_HAL_Driver/Src\stm32f4xx_hal_pwr_ex.c ****            supplies a low power voltage to the 1.2V domain, thus preserving the content of register
 144:C:/Users/073be/STM32Cube/Repository/STM32Cube_FW_F4_V1.23.0/Drivers/STM32F4xx_HAL_Driver/Src\stm32f4xx_hal_pwr_ex.c ****            and internal SRAM. 2 operating modes are available:
 145:C:/Users/073be/STM32Cube/Repository/STM32Cube_FW_F4_V1.23.0/Drivers/STM32F4xx_HAL_Driver/Src\stm32f4xx_hal_pwr_ex.c ****          (++) Normal mode: the 1.2V domain is preserved in nominal leakage mode. This mode is only 
ARM GAS  C:\Users\073be\AppData\Local\Temp\ccc3QI5g.s 			page 4


 146:C:/Users/073be/STM32Cube/Repository/STM32Cube_FW_F4_V1.23.0/Drivers/STM32F4xx_HAL_Driver/Src\stm32f4xx_hal_pwr_ex.c ****               available when the main regulator or the low power regulator is used in Scale 3 or 
 147:C:/Users/073be/STM32Cube/Repository/STM32Cube_FW_F4_V1.23.0/Drivers/STM32F4xx_HAL_Driver/Src\stm32f4xx_hal_pwr_ex.c ****               low voltage mode.
 148:C:/Users/073be/STM32Cube/Repository/STM32Cube_FW_F4_V1.23.0/Drivers/STM32F4xx_HAL_Driver/Src\stm32f4xx_hal_pwr_ex.c ****          (++) Under-drive mode: the 1.2V domain is preserved in reduced leakage mode. This mode is 
 149:C:/Users/073be/STM32Cube/Repository/STM32Cube_FW_F4_V1.23.0/Drivers/STM32F4xx_HAL_Driver/Src\stm32f4xx_hal_pwr_ex.c ****               available when the main regulator or the low power regulator is in low voltage mode.
 150:C:/Users/073be/STM32Cube/Repository/STM32Cube_FW_F4_V1.23.0/Drivers/STM32F4xx_HAL_Driver/Src\stm32f4xx_hal_pwr_ex.c **** 
 151:C:/Users/073be/STM32Cube/Repository/STM32Cube_FW_F4_V1.23.0/Drivers/STM32F4xx_HAL_Driver/Src\stm32f4xx_hal_pwr_ex.c **** @endverbatim
 152:C:/Users/073be/STM32Cube/Repository/STM32Cube_FW_F4_V1.23.0/Drivers/STM32F4xx_HAL_Driver/Src\stm32f4xx_hal_pwr_ex.c ****   * @{
 153:C:/Users/073be/STM32Cube/Repository/STM32Cube_FW_F4_V1.23.0/Drivers/STM32F4xx_HAL_Driver/Src\stm32f4xx_hal_pwr_ex.c ****   */
 154:C:/Users/073be/STM32Cube/Repository/STM32Cube_FW_F4_V1.23.0/Drivers/STM32F4xx_HAL_Driver/Src\stm32f4xx_hal_pwr_ex.c **** 
 155:C:/Users/073be/STM32Cube/Repository/STM32Cube_FW_F4_V1.23.0/Drivers/STM32F4xx_HAL_Driver/Src\stm32f4xx_hal_pwr_ex.c **** /**
 156:C:/Users/073be/STM32Cube/Repository/STM32Cube_FW_F4_V1.23.0/Drivers/STM32F4xx_HAL_Driver/Src\stm32f4xx_hal_pwr_ex.c ****   * @brief Enables the Backup Regulator.
 157:C:/Users/073be/STM32Cube/Repository/STM32Cube_FW_F4_V1.23.0/Drivers/STM32F4xx_HAL_Driver/Src\stm32f4xx_hal_pwr_ex.c ****   * @retval HAL status
 158:C:/Users/073be/STM32Cube/Repository/STM32Cube_FW_F4_V1.23.0/Drivers/STM32F4xx_HAL_Driver/Src\stm32f4xx_hal_pwr_ex.c ****   */
 159:C:/Users/073be/STM32Cube/Repository/STM32Cube_FW_F4_V1.23.0/Drivers/STM32F4xx_HAL_Driver/Src\stm32f4xx_hal_pwr_ex.c **** HAL_StatusTypeDef HAL_PWREx_EnableBkUpReg(void)
 160:C:/Users/073be/STM32Cube/Repository/STM32Cube_FW_F4_V1.23.0/Drivers/STM32F4xx_HAL_Driver/Src\stm32f4xx_hal_pwr_ex.c **** {
  28              		.loc 1 160 0
  29              		.cfi_startproc
  30              		@ args = 0, pretend = 0, frame = 0
  31              		@ frame_needed = 0, uses_anonymous_args = 0
  32 0000 10B5     		push	{r4, lr}
  33              	.LCFI0:
  34              		.cfi_def_cfa_offset 8
  35              		.cfi_offset 4, -8
  36              		.cfi_offset 14, -4
  37              	.LVL0:
 161:C:/Users/073be/STM32Cube/Repository/STM32Cube_FW_F4_V1.23.0/Drivers/STM32F4xx_HAL_Driver/Src\stm32f4xx_hal_pwr_ex.c ****   uint32_t tickstart = 0U;
 162:C:/Users/073be/STM32Cube/Repository/STM32Cube_FW_F4_V1.23.0/Drivers/STM32F4xx_HAL_Driver/Src\stm32f4xx_hal_pwr_ex.c **** 
 163:C:/Users/073be/STM32Cube/Repository/STM32Cube_FW_F4_V1.23.0/Drivers/STM32F4xx_HAL_Driver/Src\stm32f4xx_hal_pwr_ex.c ****   *(__IO uint32_t *) CSR_BRE_BB = (uint32_t)ENABLE;
  38              		.loc 1 163 0
  39 0002 0A4B     		ldr	r3, .L8
  40 0004 0122     		movs	r2, #1
  41 0006 1A60     		str	r2, [r3]
 164:C:/Users/073be/STM32Cube/Repository/STM32Cube_FW_F4_V1.23.0/Drivers/STM32F4xx_HAL_Driver/Src\stm32f4xx_hal_pwr_ex.c **** 
 165:C:/Users/073be/STM32Cube/Repository/STM32Cube_FW_F4_V1.23.0/Drivers/STM32F4xx_HAL_Driver/Src\stm32f4xx_hal_pwr_ex.c ****   /* Get tick */
 166:C:/Users/073be/STM32Cube/Repository/STM32Cube_FW_F4_V1.23.0/Drivers/STM32F4xx_HAL_Driver/Src\stm32f4xx_hal_pwr_ex.c ****   tickstart = HAL_GetTick();
  42              		.loc 1 166 0
  43 0008 FFF7FEFF 		bl	HAL_GetTick
  44              	.LVL1:
  45 000c 0446     		mov	r4, r0
  46              	.LVL2:
  47              	.L2:
 167:C:/Users/073be/STM32Cube/Repository/STM32Cube_FW_F4_V1.23.0/Drivers/STM32F4xx_HAL_Driver/Src\stm32f4xx_hal_pwr_ex.c **** 
 168:C:/Users/073be/STM32Cube/Repository/STM32Cube_FW_F4_V1.23.0/Drivers/STM32F4xx_HAL_Driver/Src\stm32f4xx_hal_pwr_ex.c ****   /* Wait till Backup regulator ready flag is set */  
 169:C:/Users/073be/STM32Cube/Repository/STM32Cube_FW_F4_V1.23.0/Drivers/STM32F4xx_HAL_Driver/Src\stm32f4xx_hal_pwr_ex.c ****   while(__HAL_PWR_GET_FLAG(PWR_FLAG_BRR) == RESET)
  48              		.loc 1 169 0
  49 000e 084B     		ldr	r3, .L8+4
  50 0010 5B68     		ldr	r3, [r3, #4]
  51 0012 13F0080F 		tst	r3, #8
  52 0016 07D1     		bne	.L7
 170:C:/Users/073be/STM32Cube/Repository/STM32Cube_FW_F4_V1.23.0/Drivers/STM32F4xx_HAL_Driver/Src\stm32f4xx_hal_pwr_ex.c ****   {
 171:C:/Users/073be/STM32Cube/Repository/STM32Cube_FW_F4_V1.23.0/Drivers/STM32F4xx_HAL_Driver/Src\stm32f4xx_hal_pwr_ex.c ****     if((HAL_GetTick() - tickstart ) > PWR_BKPREG_TIMEOUT_VALUE)
  53              		.loc 1 171 0
  54 0018 FFF7FEFF 		bl	HAL_GetTick
  55              	.LVL3:
  56 001c 001B     		subs	r0, r0, r4
  57 001e B0F57A7F 		cmp	r0, #1000
  58 0022 F4D9     		bls	.L2
ARM GAS  C:\Users\073be\AppData\Local\Temp\ccc3QI5g.s 			page 5


 172:C:/Users/073be/STM32Cube/Repository/STM32Cube_FW_F4_V1.23.0/Drivers/STM32F4xx_HAL_Driver/Src\stm32f4xx_hal_pwr_ex.c ****     {
 173:C:/Users/073be/STM32Cube/Repository/STM32Cube_FW_F4_V1.23.0/Drivers/STM32F4xx_HAL_Driver/Src\stm32f4xx_hal_pwr_ex.c ****       return HAL_TIMEOUT;
  59              		.loc 1 173 0
  60 0024 0320     		movs	r0, #3
  61 0026 00E0     		b	.L3
  62              	.L7:
 174:C:/Users/073be/STM32Cube/Repository/STM32Cube_FW_F4_V1.23.0/Drivers/STM32F4xx_HAL_Driver/Src\stm32f4xx_hal_pwr_ex.c ****     } 
 175:C:/Users/073be/STM32Cube/Repository/STM32Cube_FW_F4_V1.23.0/Drivers/STM32F4xx_HAL_Driver/Src\stm32f4xx_hal_pwr_ex.c ****   }
 176:C:/Users/073be/STM32Cube/Repository/STM32Cube_FW_F4_V1.23.0/Drivers/STM32F4xx_HAL_Driver/Src\stm32f4xx_hal_pwr_ex.c ****   return HAL_OK;
  63              		.loc 1 176 0
  64 0028 0020     		movs	r0, #0
  65              	.L3:
 177:C:/Users/073be/STM32Cube/Repository/STM32Cube_FW_F4_V1.23.0/Drivers/STM32F4xx_HAL_Driver/Src\stm32f4xx_hal_pwr_ex.c **** }
  66              		.loc 1 177 0
  67 002a 10BD     		pop	{r4, pc}
  68              	.LVL4:
  69              	.L9:
  70              		.align	2
  71              	.L8:
  72 002c A4000E42 		.word	1108213924
  73 0030 00700040 		.word	1073770496
  74              		.cfi_endproc
  75              	.LFE126:
  77              		.section	.text.HAL_PWREx_DisableBkUpReg,"ax",%progbits
  78              		.align	1
  79              		.global	HAL_PWREx_DisableBkUpReg
  80              		.syntax unified
  81              		.thumb
  82              		.thumb_func
  83              		.fpu fpv4-sp-d16
  85              	HAL_PWREx_DisableBkUpReg:
  86              	.LFB127:
 178:C:/Users/073be/STM32Cube/Repository/STM32Cube_FW_F4_V1.23.0/Drivers/STM32F4xx_HAL_Driver/Src\stm32f4xx_hal_pwr_ex.c **** 
 179:C:/Users/073be/STM32Cube/Repository/STM32Cube_FW_F4_V1.23.0/Drivers/STM32F4xx_HAL_Driver/Src\stm32f4xx_hal_pwr_ex.c **** /**
 180:C:/Users/073be/STM32Cube/Repository/STM32Cube_FW_F4_V1.23.0/Drivers/STM32F4xx_HAL_Driver/Src\stm32f4xx_hal_pwr_ex.c ****   * @brief Disables the Backup Regulator.
 181:C:/Users/073be/STM32Cube/Repository/STM32Cube_FW_F4_V1.23.0/Drivers/STM32F4xx_HAL_Driver/Src\stm32f4xx_hal_pwr_ex.c ****   * @retval HAL status
 182:C:/Users/073be/STM32Cube/Repository/STM32Cube_FW_F4_V1.23.0/Drivers/STM32F4xx_HAL_Driver/Src\stm32f4xx_hal_pwr_ex.c ****   */
 183:C:/Users/073be/STM32Cube/Repository/STM32Cube_FW_F4_V1.23.0/Drivers/STM32F4xx_HAL_Driver/Src\stm32f4xx_hal_pwr_ex.c **** HAL_StatusTypeDef HAL_PWREx_DisableBkUpReg(void)
 184:C:/Users/073be/STM32Cube/Repository/STM32Cube_FW_F4_V1.23.0/Drivers/STM32F4xx_HAL_Driver/Src\stm32f4xx_hal_pwr_ex.c **** {
  87              		.loc 1 184 0
  88              		.cfi_startproc
  89              		@ args = 0, pretend = 0, frame = 0
  90              		@ frame_needed = 0, uses_anonymous_args = 0
  91 0000 10B5     		push	{r4, lr}
  92              	.LCFI1:
  93              		.cfi_def_cfa_offset 8
  94              		.cfi_offset 4, -8
  95              		.cfi_offset 14, -4
  96              	.LVL5:
 185:C:/Users/073be/STM32Cube/Repository/STM32Cube_FW_F4_V1.23.0/Drivers/STM32F4xx_HAL_Driver/Src\stm32f4xx_hal_pwr_ex.c ****   uint32_t tickstart = 0U;
 186:C:/Users/073be/STM32Cube/Repository/STM32Cube_FW_F4_V1.23.0/Drivers/STM32F4xx_HAL_Driver/Src\stm32f4xx_hal_pwr_ex.c **** 
 187:C:/Users/073be/STM32Cube/Repository/STM32Cube_FW_F4_V1.23.0/Drivers/STM32F4xx_HAL_Driver/Src\stm32f4xx_hal_pwr_ex.c ****   *(__IO uint32_t *) CSR_BRE_BB = (uint32_t)DISABLE;
  97              		.loc 1 187 0
  98 0002 0A4B     		ldr	r3, .L17
  99 0004 0022     		movs	r2, #0
 100 0006 1A60     		str	r2, [r3]
 188:C:/Users/073be/STM32Cube/Repository/STM32Cube_FW_F4_V1.23.0/Drivers/STM32F4xx_HAL_Driver/Src\stm32f4xx_hal_pwr_ex.c **** 
ARM GAS  C:\Users\073be\AppData\Local\Temp\ccc3QI5g.s 			page 6


 189:C:/Users/073be/STM32Cube/Repository/STM32Cube_FW_F4_V1.23.0/Drivers/STM32F4xx_HAL_Driver/Src\stm32f4xx_hal_pwr_ex.c ****   /* Get tick */
 190:C:/Users/073be/STM32Cube/Repository/STM32Cube_FW_F4_V1.23.0/Drivers/STM32F4xx_HAL_Driver/Src\stm32f4xx_hal_pwr_ex.c ****   tickstart = HAL_GetTick();
 101              		.loc 1 190 0
 102 0008 FFF7FEFF 		bl	HAL_GetTick
 103              	.LVL6:
 104 000c 0446     		mov	r4, r0
 105              	.LVL7:
 106              	.L11:
 191:C:/Users/073be/STM32Cube/Repository/STM32Cube_FW_F4_V1.23.0/Drivers/STM32F4xx_HAL_Driver/Src\stm32f4xx_hal_pwr_ex.c **** 
 192:C:/Users/073be/STM32Cube/Repository/STM32Cube_FW_F4_V1.23.0/Drivers/STM32F4xx_HAL_Driver/Src\stm32f4xx_hal_pwr_ex.c ****   /* Wait till Backup regulator ready flag is set */  
 193:C:/Users/073be/STM32Cube/Repository/STM32Cube_FW_F4_V1.23.0/Drivers/STM32F4xx_HAL_Driver/Src\stm32f4xx_hal_pwr_ex.c ****   while(__HAL_PWR_GET_FLAG(PWR_FLAG_BRR) != RESET)
 107              		.loc 1 193 0
 108 000e 084B     		ldr	r3, .L17+4
 109 0010 5B68     		ldr	r3, [r3, #4]
 110 0012 13F0080F 		tst	r3, #8
 111 0016 07D0     		beq	.L16
 194:C:/Users/073be/STM32Cube/Repository/STM32Cube_FW_F4_V1.23.0/Drivers/STM32F4xx_HAL_Driver/Src\stm32f4xx_hal_pwr_ex.c ****   {
 195:C:/Users/073be/STM32Cube/Repository/STM32Cube_FW_F4_V1.23.0/Drivers/STM32F4xx_HAL_Driver/Src\stm32f4xx_hal_pwr_ex.c ****     if((HAL_GetTick() - tickstart ) > PWR_BKPREG_TIMEOUT_VALUE)
 112              		.loc 1 195 0
 113 0018 FFF7FEFF 		bl	HAL_GetTick
 114              	.LVL8:
 115 001c 001B     		subs	r0, r0, r4
 116 001e B0F57A7F 		cmp	r0, #1000
 117 0022 F4D9     		bls	.L11
 196:C:/Users/073be/STM32Cube/Repository/STM32Cube_FW_F4_V1.23.0/Drivers/STM32F4xx_HAL_Driver/Src\stm32f4xx_hal_pwr_ex.c ****     {
 197:C:/Users/073be/STM32Cube/Repository/STM32Cube_FW_F4_V1.23.0/Drivers/STM32F4xx_HAL_Driver/Src\stm32f4xx_hal_pwr_ex.c ****       return HAL_TIMEOUT;
 118              		.loc 1 197 0
 119 0024 0320     		movs	r0, #3
 120 0026 00E0     		b	.L12
 121              	.L16:
 198:C:/Users/073be/STM32Cube/Repository/STM32Cube_FW_F4_V1.23.0/Drivers/STM32F4xx_HAL_Driver/Src\stm32f4xx_hal_pwr_ex.c ****     } 
 199:C:/Users/073be/STM32Cube/Repository/STM32Cube_FW_F4_V1.23.0/Drivers/STM32F4xx_HAL_Driver/Src\stm32f4xx_hal_pwr_ex.c ****   }
 200:C:/Users/073be/STM32Cube/Repository/STM32Cube_FW_F4_V1.23.0/Drivers/STM32F4xx_HAL_Driver/Src\stm32f4xx_hal_pwr_ex.c ****   return HAL_OK;
 122              		.loc 1 200 0
 123 0028 0020     		movs	r0, #0
 124              	.L12:
 201:C:/Users/073be/STM32Cube/Repository/STM32Cube_FW_F4_V1.23.0/Drivers/STM32F4xx_HAL_Driver/Src\stm32f4xx_hal_pwr_ex.c **** }
 125              		.loc 1 201 0
 126 002a 10BD     		pop	{r4, pc}
 127              	.LVL9:
 128              	.L18:
 129              		.align	2
 130              	.L17:
 131 002c A4000E42 		.word	1108213924
 132 0030 00700040 		.word	1073770496
 133              		.cfi_endproc
 134              	.LFE127:
 136              		.section	.text.HAL_PWREx_EnableFlashPowerDown,"ax",%progbits
 137              		.align	1
 138              		.global	HAL_PWREx_EnableFlashPowerDown
 139              		.syntax unified
 140              		.thumb
 141              		.thumb_func
 142              		.fpu fpv4-sp-d16
 144              	HAL_PWREx_EnableFlashPowerDown:
 145              	.LFB128:
 202:C:/Users/073be/STM32Cube/Repository/STM32Cube_FW_F4_V1.23.0/Drivers/STM32F4xx_HAL_Driver/Src\stm32f4xx_hal_pwr_ex.c **** 
ARM GAS  C:\Users\073be\AppData\Local\Temp\ccc3QI5g.s 			page 7


 203:C:/Users/073be/STM32Cube/Repository/STM32Cube_FW_F4_V1.23.0/Drivers/STM32F4xx_HAL_Driver/Src\stm32f4xx_hal_pwr_ex.c **** /**
 204:C:/Users/073be/STM32Cube/Repository/STM32Cube_FW_F4_V1.23.0/Drivers/STM32F4xx_HAL_Driver/Src\stm32f4xx_hal_pwr_ex.c ****   * @brief Enables the Flash Power Down in Stop mode.
 205:C:/Users/073be/STM32Cube/Repository/STM32Cube_FW_F4_V1.23.0/Drivers/STM32F4xx_HAL_Driver/Src\stm32f4xx_hal_pwr_ex.c ****   * @retval None
 206:C:/Users/073be/STM32Cube/Repository/STM32Cube_FW_F4_V1.23.0/Drivers/STM32F4xx_HAL_Driver/Src\stm32f4xx_hal_pwr_ex.c ****   */
 207:C:/Users/073be/STM32Cube/Repository/STM32Cube_FW_F4_V1.23.0/Drivers/STM32F4xx_HAL_Driver/Src\stm32f4xx_hal_pwr_ex.c **** void HAL_PWREx_EnableFlashPowerDown(void)
 208:C:/Users/073be/STM32Cube/Repository/STM32Cube_FW_F4_V1.23.0/Drivers/STM32F4xx_HAL_Driver/Src\stm32f4xx_hal_pwr_ex.c **** {
 146              		.loc 1 208 0
 147              		.cfi_startproc
 148              		@ args = 0, pretend = 0, frame = 0
 149              		@ frame_needed = 0, uses_anonymous_args = 0
 150              		@ link register save eliminated.
 209:C:/Users/073be/STM32Cube/Repository/STM32Cube_FW_F4_V1.23.0/Drivers/STM32F4xx_HAL_Driver/Src\stm32f4xx_hal_pwr_ex.c ****   *(__IO uint32_t *) CR_FPDS_BB = (uint32_t)ENABLE;
 151              		.loc 1 209 0
 152 0000 014B     		ldr	r3, .L20
 153 0002 0122     		movs	r2, #1
 154 0004 1A60     		str	r2, [r3]
 210:C:/Users/073be/STM32Cube/Repository/STM32Cube_FW_F4_V1.23.0/Drivers/STM32F4xx_HAL_Driver/Src\stm32f4xx_hal_pwr_ex.c **** }
 155              		.loc 1 210 0
 156 0006 7047     		bx	lr
 157              	.L21:
 158              		.align	2
 159              	.L20:
 160 0008 24000E42 		.word	1108213796
 161              		.cfi_endproc
 162              	.LFE128:
 164              		.section	.text.HAL_PWREx_DisableFlashPowerDown,"ax",%progbits
 165              		.align	1
 166              		.global	HAL_PWREx_DisableFlashPowerDown
 167              		.syntax unified
 168              		.thumb
 169              		.thumb_func
 170              		.fpu fpv4-sp-d16
 172              	HAL_PWREx_DisableFlashPowerDown:
 173              	.LFB129:
 211:C:/Users/073be/STM32Cube/Repository/STM32Cube_FW_F4_V1.23.0/Drivers/STM32F4xx_HAL_Driver/Src\stm32f4xx_hal_pwr_ex.c **** 
 212:C:/Users/073be/STM32Cube/Repository/STM32Cube_FW_F4_V1.23.0/Drivers/STM32F4xx_HAL_Driver/Src\stm32f4xx_hal_pwr_ex.c **** /**
 213:C:/Users/073be/STM32Cube/Repository/STM32Cube_FW_F4_V1.23.0/Drivers/STM32F4xx_HAL_Driver/Src\stm32f4xx_hal_pwr_ex.c ****   * @brief Disables the Flash Power Down in Stop mode.
 214:C:/Users/073be/STM32Cube/Repository/STM32Cube_FW_F4_V1.23.0/Drivers/STM32F4xx_HAL_Driver/Src\stm32f4xx_hal_pwr_ex.c ****   * @retval None
 215:C:/Users/073be/STM32Cube/Repository/STM32Cube_FW_F4_V1.23.0/Drivers/STM32F4xx_HAL_Driver/Src\stm32f4xx_hal_pwr_ex.c ****   */
 216:C:/Users/073be/STM32Cube/Repository/STM32Cube_FW_F4_V1.23.0/Drivers/STM32F4xx_HAL_Driver/Src\stm32f4xx_hal_pwr_ex.c **** void HAL_PWREx_DisableFlashPowerDown(void)
 217:C:/Users/073be/STM32Cube/Repository/STM32Cube_FW_F4_V1.23.0/Drivers/STM32F4xx_HAL_Driver/Src\stm32f4xx_hal_pwr_ex.c **** {
 174              		.loc 1 217 0
 175              		.cfi_startproc
 176              		@ args = 0, pretend = 0, frame = 0
 177              		@ frame_needed = 0, uses_anonymous_args = 0
 178              		@ link register save eliminated.
 218:C:/Users/073be/STM32Cube/Repository/STM32Cube_FW_F4_V1.23.0/Drivers/STM32F4xx_HAL_Driver/Src\stm32f4xx_hal_pwr_ex.c ****   *(__IO uint32_t *) CR_FPDS_BB = (uint32_t)DISABLE;
 179              		.loc 1 218 0
 180 0000 014B     		ldr	r3, .L23
 181 0002 0022     		movs	r2, #0
 182 0004 1A60     		str	r2, [r3]
 219:C:/Users/073be/STM32Cube/Repository/STM32Cube_FW_F4_V1.23.0/Drivers/STM32F4xx_HAL_Driver/Src\stm32f4xx_hal_pwr_ex.c **** }
 183              		.loc 1 219 0
 184 0006 7047     		bx	lr
 185              	.L24:
 186              		.align	2
 187              	.L23:
ARM GAS  C:\Users\073be\AppData\Local\Temp\ccc3QI5g.s 			page 8


 188 0008 24000E42 		.word	1108213796
 189              		.cfi_endproc
 190              	.LFE129:
 192              		.section	.text.HAL_PWREx_GetVoltageRange,"ax",%progbits
 193              		.align	1
 194              		.global	HAL_PWREx_GetVoltageRange
 195              		.syntax unified
 196              		.thumb
 197              		.thumb_func
 198              		.fpu fpv4-sp-d16
 200              	HAL_PWREx_GetVoltageRange:
 201              	.LFB130:
 220:C:/Users/073be/STM32Cube/Repository/STM32Cube_FW_F4_V1.23.0/Drivers/STM32F4xx_HAL_Driver/Src\stm32f4xx_hal_pwr_ex.c **** 
 221:C:/Users/073be/STM32Cube/Repository/STM32Cube_FW_F4_V1.23.0/Drivers/STM32F4xx_HAL_Driver/Src\stm32f4xx_hal_pwr_ex.c **** /**
 222:C:/Users/073be/STM32Cube/Repository/STM32Cube_FW_F4_V1.23.0/Drivers/STM32F4xx_HAL_Driver/Src\stm32f4xx_hal_pwr_ex.c ****   * @brief Return Voltage Scaling Range.
 223:C:/Users/073be/STM32Cube/Repository/STM32Cube_FW_F4_V1.23.0/Drivers/STM32F4xx_HAL_Driver/Src\stm32f4xx_hal_pwr_ex.c ****   * @retval The configured scale for the regulator voltage(VOS bit field).
 224:C:/Users/073be/STM32Cube/Repository/STM32Cube_FW_F4_V1.23.0/Drivers/STM32F4xx_HAL_Driver/Src\stm32f4xx_hal_pwr_ex.c ****   *         The returned value can be one of the following:
 225:C:/Users/073be/STM32Cube/Repository/STM32Cube_FW_F4_V1.23.0/Drivers/STM32F4xx_HAL_Driver/Src\stm32f4xx_hal_pwr_ex.c ****   *            - @arg PWR_REGULATOR_VOLTAGE_SCALE1: Regulator voltage output Scale 1 mode
 226:C:/Users/073be/STM32Cube/Repository/STM32Cube_FW_F4_V1.23.0/Drivers/STM32F4xx_HAL_Driver/Src\stm32f4xx_hal_pwr_ex.c ****   *            - @arg PWR_REGULATOR_VOLTAGE_SCALE2: Regulator voltage output Scale 2 mode
 227:C:/Users/073be/STM32Cube/Repository/STM32Cube_FW_F4_V1.23.0/Drivers/STM32F4xx_HAL_Driver/Src\stm32f4xx_hal_pwr_ex.c ****   *            - @arg PWR_REGULATOR_VOLTAGE_SCALE3: Regulator voltage output Scale 3 mode
 228:C:/Users/073be/STM32Cube/Repository/STM32Cube_FW_F4_V1.23.0/Drivers/STM32F4xx_HAL_Driver/Src\stm32f4xx_hal_pwr_ex.c ****   */  
 229:C:/Users/073be/STM32Cube/Repository/STM32Cube_FW_F4_V1.23.0/Drivers/STM32F4xx_HAL_Driver/Src\stm32f4xx_hal_pwr_ex.c **** uint32_t HAL_PWREx_GetVoltageRange(void)
 230:C:/Users/073be/STM32Cube/Repository/STM32Cube_FW_F4_V1.23.0/Drivers/STM32F4xx_HAL_Driver/Src\stm32f4xx_hal_pwr_ex.c **** {
 202              		.loc 1 230 0
 203              		.cfi_startproc
 204              		@ args = 0, pretend = 0, frame = 0
 205              		@ frame_needed = 0, uses_anonymous_args = 0
 206              		@ link register save eliminated.
 231:C:/Users/073be/STM32Cube/Repository/STM32Cube_FW_F4_V1.23.0/Drivers/STM32F4xx_HAL_Driver/Src\stm32f4xx_hal_pwr_ex.c ****   return (PWR->CR & PWR_CR_VOS);
 207              		.loc 1 231 0
 208 0000 024B     		ldr	r3, .L26
 209 0002 1868     		ldr	r0, [r3]
 232:C:/Users/073be/STM32Cube/Repository/STM32Cube_FW_F4_V1.23.0/Drivers/STM32F4xx_HAL_Driver/Src\stm32f4xx_hal_pwr_ex.c **** }
 210              		.loc 1 232 0
 211 0004 00F48040 		and	r0, r0, #16384
 212 0008 7047     		bx	lr
 213              	.L27:
 214 000a 00BF     		.align	2
 215              	.L26:
 216 000c 00700040 		.word	1073770496
 217              		.cfi_endproc
 218              	.LFE130:
 220              		.section	.text.HAL_PWREx_ControlVoltageScaling,"ax",%progbits
 221              		.align	1
 222              		.global	HAL_PWREx_ControlVoltageScaling
 223              		.syntax unified
 224              		.thumb
 225              		.thumb_func
 226              		.fpu fpv4-sp-d16
 228              	HAL_PWREx_ControlVoltageScaling:
 229              	.LFB131:
 233:C:/Users/073be/STM32Cube/Repository/STM32Cube_FW_F4_V1.23.0/Drivers/STM32F4xx_HAL_Driver/Src\stm32f4xx_hal_pwr_ex.c **** 
 234:C:/Users/073be/STM32Cube/Repository/STM32Cube_FW_F4_V1.23.0/Drivers/STM32F4xx_HAL_Driver/Src\stm32f4xx_hal_pwr_ex.c **** #if defined(STM32F405xx) || defined(STM32F415xx) || defined(STM32F407xx) || defined(STM32F417xx)
 235:C:/Users/073be/STM32Cube/Repository/STM32Cube_FW_F4_V1.23.0/Drivers/STM32F4xx_HAL_Driver/Src\stm32f4xx_hal_pwr_ex.c **** /**
 236:C:/Users/073be/STM32Cube/Repository/STM32Cube_FW_F4_V1.23.0/Drivers/STM32F4xx_HAL_Driver/Src\stm32f4xx_hal_pwr_ex.c ****   * @brief Configures the main internal regulator output voltage.
 237:C:/Users/073be/STM32Cube/Repository/STM32Cube_FW_F4_V1.23.0/Drivers/STM32F4xx_HAL_Driver/Src\stm32f4xx_hal_pwr_ex.c ****   * @param  VoltageScaling specifies the regulator output voltage to achieve
 238:C:/Users/073be/STM32Cube/Repository/STM32Cube_FW_F4_V1.23.0/Drivers/STM32F4xx_HAL_Driver/Src\stm32f4xx_hal_pwr_ex.c ****   *         a tradeoff between performance and power consumption.
ARM GAS  C:\Users\073be\AppData\Local\Temp\ccc3QI5g.s 			page 9


 239:C:/Users/073be/STM32Cube/Repository/STM32Cube_FW_F4_V1.23.0/Drivers/STM32F4xx_HAL_Driver/Src\stm32f4xx_hal_pwr_ex.c ****   *          This parameter can be one of the following values:
 240:C:/Users/073be/STM32Cube/Repository/STM32Cube_FW_F4_V1.23.0/Drivers/STM32F4xx_HAL_Driver/Src\stm32f4xx_hal_pwr_ex.c ****   *            @arg PWR_REGULATOR_VOLTAGE_SCALE1: Regulator voltage output range 1 mode,
 241:C:/Users/073be/STM32Cube/Repository/STM32Cube_FW_F4_V1.23.0/Drivers/STM32F4xx_HAL_Driver/Src\stm32f4xx_hal_pwr_ex.c ****   *                                               the maximum value of fHCLK = 168 MHz.
 242:C:/Users/073be/STM32Cube/Repository/STM32Cube_FW_F4_V1.23.0/Drivers/STM32F4xx_HAL_Driver/Src\stm32f4xx_hal_pwr_ex.c ****   *            @arg PWR_REGULATOR_VOLTAGE_SCALE2: Regulator voltage output range 2 mode,
 243:C:/Users/073be/STM32Cube/Repository/STM32Cube_FW_F4_V1.23.0/Drivers/STM32F4xx_HAL_Driver/Src\stm32f4xx_hal_pwr_ex.c ****   *                                               the maximum value of fHCLK = 144 MHz.
 244:C:/Users/073be/STM32Cube/Repository/STM32Cube_FW_F4_V1.23.0/Drivers/STM32F4xx_HAL_Driver/Src\stm32f4xx_hal_pwr_ex.c ****   * @note  When moving from Range 1 to Range 2, the system frequency must be decreased to
 245:C:/Users/073be/STM32Cube/Repository/STM32Cube_FW_F4_V1.23.0/Drivers/STM32F4xx_HAL_Driver/Src\stm32f4xx_hal_pwr_ex.c ****   *        a value below 144 MHz before calling HAL_PWREx_ConfigVoltageScaling() API.
 246:C:/Users/073be/STM32Cube/Repository/STM32Cube_FW_F4_V1.23.0/Drivers/STM32F4xx_HAL_Driver/Src\stm32f4xx_hal_pwr_ex.c ****   *        When moving from Range 2 to Range 1, the system frequency can be increased to
 247:C:/Users/073be/STM32Cube/Repository/STM32Cube_FW_F4_V1.23.0/Drivers/STM32F4xx_HAL_Driver/Src\stm32f4xx_hal_pwr_ex.c ****   *        a value up to 168 MHz after calling HAL_PWREx_ConfigVoltageScaling() API.
 248:C:/Users/073be/STM32Cube/Repository/STM32Cube_FW_F4_V1.23.0/Drivers/STM32F4xx_HAL_Driver/Src\stm32f4xx_hal_pwr_ex.c ****   * @retval HAL Status
 249:C:/Users/073be/STM32Cube/Repository/STM32Cube_FW_F4_V1.23.0/Drivers/STM32F4xx_HAL_Driver/Src\stm32f4xx_hal_pwr_ex.c ****   */
 250:C:/Users/073be/STM32Cube/Repository/STM32Cube_FW_F4_V1.23.0/Drivers/STM32F4xx_HAL_Driver/Src\stm32f4xx_hal_pwr_ex.c **** HAL_StatusTypeDef HAL_PWREx_ControlVoltageScaling(uint32_t VoltageScaling)
 251:C:/Users/073be/STM32Cube/Repository/STM32Cube_FW_F4_V1.23.0/Drivers/STM32F4xx_HAL_Driver/Src\stm32f4xx_hal_pwr_ex.c **** {
 230              		.loc 1 251 0
 231              		.cfi_startproc
 232              		@ args = 0, pretend = 0, frame = 8
 233              		@ frame_needed = 0, uses_anonymous_args = 0
 234              	.LVL10:
 235 0000 10B5     		push	{r4, lr}
 236              	.LCFI2:
 237              		.cfi_def_cfa_offset 8
 238              		.cfi_offset 4, -8
 239              		.cfi_offset 14, -4
 240 0002 82B0     		sub	sp, sp, #8
 241              	.LCFI3:
 242              		.cfi_def_cfa_offset 16
 243 0004 0446     		mov	r4, r0
 244              	.LVL11:
 252:C:/Users/073be/STM32Cube/Repository/STM32Cube_FW_F4_V1.23.0/Drivers/STM32F4xx_HAL_Driver/Src\stm32f4xx_hal_pwr_ex.c ****   uint32_t tickstart = 0U;
 253:C:/Users/073be/STM32Cube/Repository/STM32Cube_FW_F4_V1.23.0/Drivers/STM32F4xx_HAL_Driver/Src\stm32f4xx_hal_pwr_ex.c ****   
 254:C:/Users/073be/STM32Cube/Repository/STM32Cube_FW_F4_V1.23.0/Drivers/STM32F4xx_HAL_Driver/Src\stm32f4xx_hal_pwr_ex.c ****   assert_param(IS_PWR_VOLTAGE_SCALING_RANGE(VoltageScaling));
 245              		.loc 1 254 0
 246 0006 B0F5804F 		cmp	r0, #16384
 247 000a 00D0     		beq	.L29
 248              		.loc 1 254 0 is_stmt 0 discriminator 1
 249 000c 38BB     		cbnz	r0, .L35
 250              	.LVL12:
 251              	.L29:
 252              	.LBB2:
 255:C:/Users/073be/STM32Cube/Repository/STM32Cube_FW_F4_V1.23.0/Drivers/STM32F4xx_HAL_Driver/Src\stm32f4xx_hal_pwr_ex.c ****   
 256:C:/Users/073be/STM32Cube/Repository/STM32Cube_FW_F4_V1.23.0/Drivers/STM32F4xx_HAL_Driver/Src\stm32f4xx_hal_pwr_ex.c ****   /* Enable PWR RCC Clock Peripheral */
 257:C:/Users/073be/STM32Cube/Repository/STM32Cube_FW_F4_V1.23.0/Drivers/STM32F4xx_HAL_Driver/Src\stm32f4xx_hal_pwr_ex.c ****   __HAL_RCC_PWR_CLK_ENABLE();
 253              		.loc 1 257 0 is_stmt 1
 254 000e 0021     		movs	r1, #0
 255 0010 0091     		str	r1, [sp]
 256 0012 174B     		ldr	r3, .L37
 257 0014 1A6C     		ldr	r2, [r3, #64]
 258 0016 42F08052 		orr	r2, r2, #268435456
 259 001a 1A64     		str	r2, [r3, #64]
 260 001c 1B6C     		ldr	r3, [r3, #64]
 261 001e 03F08053 		and	r3, r3, #268435456
 262 0022 0093     		str	r3, [sp]
 263 0024 009B     		ldr	r3, [sp]
 264              	.LBE2:
 265              	.LBB3:
 258:C:/Users/073be/STM32Cube/Repository/STM32Cube_FW_F4_V1.23.0/Drivers/STM32F4xx_HAL_Driver/Src\stm32f4xx_hal_pwr_ex.c ****   
 259:C:/Users/073be/STM32Cube/Repository/STM32Cube_FW_F4_V1.23.0/Drivers/STM32F4xx_HAL_Driver/Src\stm32f4xx_hal_pwr_ex.c ****   /* Set Range */
ARM GAS  C:\Users\073be\AppData\Local\Temp\ccc3QI5g.s 			page 10


 260:C:/Users/073be/STM32Cube/Repository/STM32Cube_FW_F4_V1.23.0/Drivers/STM32F4xx_HAL_Driver/Src\stm32f4xx_hal_pwr_ex.c ****   __HAL_PWR_VOLTAGESCALING_CONFIG(VoltageScaling);
 266              		.loc 1 260 0
 267 0026 0191     		str	r1, [sp, #4]
 268 0028 124B     		ldr	r3, .L37+4
 269 002a 1868     		ldr	r0, [r3]
 270 002c 20F48040 		bic	r0, r0, #16384
 271 0030 2043     		orrs	r0, r0, r4
 272 0032 1860     		str	r0, [r3]
 273 0034 1B68     		ldr	r3, [r3]
 274 0036 03F48043 		and	r3, r3, #16384
 275 003a 0193     		str	r3, [sp, #4]
 276 003c 019B     		ldr	r3, [sp, #4]
 277              	.LBE3:
 261:C:/Users/073be/STM32Cube/Repository/STM32Cube_FW_F4_V1.23.0/Drivers/STM32F4xx_HAL_Driver/Src\stm32f4xx_hal_pwr_ex.c ****   
 262:C:/Users/073be/STM32Cube/Repository/STM32Cube_FW_F4_V1.23.0/Drivers/STM32F4xx_HAL_Driver/Src\stm32f4xx_hal_pwr_ex.c ****   /* Get Start Tick*/
 263:C:/Users/073be/STM32Cube/Repository/STM32Cube_FW_F4_V1.23.0/Drivers/STM32F4xx_HAL_Driver/Src\stm32f4xx_hal_pwr_ex.c ****   tickstart = HAL_GetTick();
 278              		.loc 1 263 0
 279 003e FFF7FEFF 		bl	HAL_GetTick
 280              	.LVL13:
 281 0042 0446     		mov	r4, r0
 282              	.LVL14:
 283              	.L30:
 264:C:/Users/073be/STM32Cube/Repository/STM32Cube_FW_F4_V1.23.0/Drivers/STM32F4xx_HAL_Driver/Src\stm32f4xx_hal_pwr_ex.c ****   while((__HAL_PWR_GET_FLAG(PWR_FLAG_VOSRDY) == RESET))
 284              		.loc 1 264 0
 285 0044 0B4B     		ldr	r3, .L37+4
 286 0046 5B68     		ldr	r3, [r3, #4]
 287 0048 13F4804F 		tst	r3, #16384
 288 004c 0CD1     		bne	.L36
 265:C:/Users/073be/STM32Cube/Repository/STM32Cube_FW_F4_V1.23.0/Drivers/STM32F4xx_HAL_Driver/Src\stm32f4xx_hal_pwr_ex.c ****   {
 266:C:/Users/073be/STM32Cube/Repository/STM32Cube_FW_F4_V1.23.0/Drivers/STM32F4xx_HAL_Driver/Src\stm32f4xx_hal_pwr_ex.c ****     if((HAL_GetTick() - tickstart ) > PWR_VOSRDY_TIMEOUT_VALUE)
 289              		.loc 1 266 0
 290 004e FFF7FEFF 		bl	HAL_GetTick
 291              	.LVL15:
 292 0052 001B     		subs	r0, r0, r4
 293 0054 B0F57A7F 		cmp	r0, #1000
 294 0058 F4D9     		bls	.L30
 267:C:/Users/073be/STM32Cube/Repository/STM32Cube_FW_F4_V1.23.0/Drivers/STM32F4xx_HAL_Driver/Src\stm32f4xx_hal_pwr_ex.c ****     {
 268:C:/Users/073be/STM32Cube/Repository/STM32Cube_FW_F4_V1.23.0/Drivers/STM32F4xx_HAL_Driver/Src\stm32f4xx_hal_pwr_ex.c ****       return HAL_TIMEOUT;
 295              		.loc 1 268 0
 296 005a 0320     		movs	r0, #3
 297 005c 05E0     		b	.L31
 298              	.LVL16:
 299              	.L35:
 254:C:/Users/073be/STM32Cube/Repository/STM32Cube_FW_F4_V1.23.0/Drivers/STM32F4xx_HAL_Driver/Src\stm32f4xx_hal_pwr_ex.c ****   
 300              		.loc 1 254 0 discriminator 2
 301 005e FE21     		movs	r1, #254
 302 0060 0548     		ldr	r0, .L37+8
 303              	.LVL17:
 304 0062 FFF7FEFF 		bl	assert_failed
 305              	.LVL18:
 306 0066 D2E7     		b	.L29
 307              	.LVL19:
 308              	.L36:
 269:C:/Users/073be/STM32Cube/Repository/STM32Cube_FW_F4_V1.23.0/Drivers/STM32F4xx_HAL_Driver/Src\stm32f4xx_hal_pwr_ex.c ****     } 
 270:C:/Users/073be/STM32Cube/Repository/STM32Cube_FW_F4_V1.23.0/Drivers/STM32F4xx_HAL_Driver/Src\stm32f4xx_hal_pwr_ex.c ****   }
 271:C:/Users/073be/STM32Cube/Repository/STM32Cube_FW_F4_V1.23.0/Drivers/STM32F4xx_HAL_Driver/Src\stm32f4xx_hal_pwr_ex.c **** 
 272:C:/Users/073be/STM32Cube/Repository/STM32Cube_FW_F4_V1.23.0/Drivers/STM32F4xx_HAL_Driver/Src\stm32f4xx_hal_pwr_ex.c ****   return HAL_OK;
ARM GAS  C:\Users\073be\AppData\Local\Temp\ccc3QI5g.s 			page 11


 309              		.loc 1 272 0
 310 0068 0020     		movs	r0, #0
 311              	.L31:
 273:C:/Users/073be/STM32Cube/Repository/STM32Cube_FW_F4_V1.23.0/Drivers/STM32F4xx_HAL_Driver/Src\stm32f4xx_hal_pwr_ex.c **** }
 312              		.loc 1 273 0
 313 006a 02B0     		add	sp, sp, #8
 314              	.LCFI4:
 315              		.cfi_def_cfa_offset 8
 316              		@ sp needed
 317 006c 10BD     		pop	{r4, pc}
 318              	.LVL20:
 319              	.L38:
 320 006e 00BF     		.align	2
 321              	.L37:
 322 0070 00380240 		.word	1073887232
 323 0074 00700040 		.word	1073770496
 324 0078 00000000 		.word	.LC0
 325              		.cfi_endproc
 326              	.LFE131:
 328              		.section	.rodata.HAL_PWREx_ControlVoltageScaling.str1.4,"aMS",%progbits,1
 329              		.align	2
 330              	.LC0:
 331 0000 433A2F55 		.ascii	"C:/Users/073be/STM32Cube/Repository/STM32Cube_FW_F4"
 331      73657273 
 331      2F303733 
 331      62652F53 
 331      544D3332 
 332 0033 5F56312E 		.ascii	"_V1.23.0/Drivers/STM32F4xx_HAL_Driver/Src/stm32f4xx"
 332      32332E30 
 332      2F447269 
 332      76657273 
 332      2F53544D 
 333 0066 5F68616C 		.ascii	"_hal_pwr_ex.c\000"
 333      5F707772 
 333      5F65782E 
 333      6300
 334              		.text
 335              	.Letext0:
 336              		.file 2 "c:\\program files (x86)\\gnu tools arm embedded\\7 2017-q4-major\\arm-none-eabi\\include\
 337              		.file 3 "c:\\program files (x86)\\gnu tools arm embedded\\7 2017-q4-major\\arm-none-eabi\\include\
 338              		.file 4 "C:/Users/073be/STM32Cube/Repository/STM32Cube_FW_F4_V1.23.0/Drivers/CMSIS/Include/core_cm
 339              		.file 5 "C:/Users/073be/STM32Cube/Repository/STM32Cube_FW_F4_V1.23.0/Drivers/CMSIS/Device/ST/STM32
 340              		.file 6 "C:/Users/073be/STM32Cube/Repository/STM32Cube_FW_F4_V1.23.0/Drivers/CMSIS/Device/ST/STM32
 341              		.file 7 "C:/Users/073be/STM32Cube/Repository/STM32Cube_FW_F4_V1.23.0/Drivers/CMSIS/Device/ST/STM32
 342              		.file 8 "c:\\program files (x86)\\gnu tools arm embedded\\7 2017-q4-major\\arm-none-eabi\\include\
 343              		.file 9 "c:\\program files (x86)\\gnu tools arm embedded\\7 2017-q4-major\\arm-none-eabi\\include\
 344              		.file 10 "c:\\program files (x86)\\gnu tools arm embedded\\7 2017-q4-major\\lib\\gcc\\arm-none-eab
 345              		.file 11 "c:\\program files (x86)\\gnu tools arm embedded\\7 2017-q4-major\\arm-none-eabi\\include
 346              		.file 12 "C:/Users/073be/STM32Cube/Repository/STM32Cube_FW_F4_V1.23.0/Drivers/STM32F4xx_HAL_Driver
 347              		.file 13 "C:/Users/073be/STM32Cube/Repository/STM32Cube_FW_F4_V1.23.0/Drivers/STM32F4xx_HAL_Driver
 348              		.file 14 "Core/Inc/stm32f4xx_hal_conf.h"
ARM GAS  C:\Users\073be\AppData\Local\Temp\ccc3QI5g.s 			page 12


DEFINED SYMBOLS
                            *ABS*:00000000 stm32f4xx_hal_pwr_ex.c
C:\Users\073be\AppData\Local\Temp\ccc3QI5g.s:18     .text.HAL_PWREx_EnableBkUpReg:00000000 $t
C:\Users\073be\AppData\Local\Temp\ccc3QI5g.s:25     .text.HAL_PWREx_EnableBkUpReg:00000000 HAL_PWREx_EnableBkUpReg
C:\Users\073be\AppData\Local\Temp\ccc3QI5g.s:72     .text.HAL_PWREx_EnableBkUpReg:0000002c $d
C:\Users\073be\AppData\Local\Temp\ccc3QI5g.s:78     .text.HAL_PWREx_DisableBkUpReg:00000000 $t
C:\Users\073be\AppData\Local\Temp\ccc3QI5g.s:85     .text.HAL_PWREx_DisableBkUpReg:00000000 HAL_PWREx_DisableBkUpReg
C:\Users\073be\AppData\Local\Temp\ccc3QI5g.s:131    .text.HAL_PWREx_DisableBkUpReg:0000002c $d
C:\Users\073be\AppData\Local\Temp\ccc3QI5g.s:137    .text.HAL_PWREx_EnableFlashPowerDown:00000000 $t
C:\Users\073be\AppData\Local\Temp\ccc3QI5g.s:144    .text.HAL_PWREx_EnableFlashPowerDown:00000000 HAL_PWREx_EnableFlashPowerDown
C:\Users\073be\AppData\Local\Temp\ccc3QI5g.s:160    .text.HAL_PWREx_EnableFlashPowerDown:00000008 $d
C:\Users\073be\AppData\Local\Temp\ccc3QI5g.s:165    .text.HAL_PWREx_DisableFlashPowerDown:00000000 $t
C:\Users\073be\AppData\Local\Temp\ccc3QI5g.s:172    .text.HAL_PWREx_DisableFlashPowerDown:00000000 HAL_PWREx_DisableFlashPowerDown
C:\Users\073be\AppData\Local\Temp\ccc3QI5g.s:188    .text.HAL_PWREx_DisableFlashPowerDown:00000008 $d
C:\Users\073be\AppData\Local\Temp\ccc3QI5g.s:193    .text.HAL_PWREx_GetVoltageRange:00000000 $t
C:\Users\073be\AppData\Local\Temp\ccc3QI5g.s:200    .text.HAL_PWREx_GetVoltageRange:00000000 HAL_PWREx_GetVoltageRange
C:\Users\073be\AppData\Local\Temp\ccc3QI5g.s:216    .text.HAL_PWREx_GetVoltageRange:0000000c $d
C:\Users\073be\AppData\Local\Temp\ccc3QI5g.s:221    .text.HAL_PWREx_ControlVoltageScaling:00000000 $t
C:\Users\073be\AppData\Local\Temp\ccc3QI5g.s:228    .text.HAL_PWREx_ControlVoltageScaling:00000000 HAL_PWREx_ControlVoltageScaling
C:\Users\073be\AppData\Local\Temp\ccc3QI5g.s:322    .text.HAL_PWREx_ControlVoltageScaling:00000070 $d
C:\Users\073be\AppData\Local\Temp\ccc3QI5g.s:329    .rodata.HAL_PWREx_ControlVoltageScaling.str1.4:00000000 $d

UNDEFINED SYMBOLS
HAL_GetTick
assert_failed
