ARM GAS  C:\Users\073be\AppData\Local\Temp\ccWwRfav.s 			page 1


   1              		.cpu cortex-m4
   2              		.eabi_attribute 27, 1
   3              		.eabi_attribute 28, 1
   4              		.eabi_attribute 20, 1
   5              		.eabi_attribute 21, 1
   6              		.eabi_attribute 23, 3
   7              		.eabi_attribute 24, 1
   8              		.eabi_attribute 25, 1
   9              		.eabi_attribute 26, 1
  10              		.eabi_attribute 30, 1
  11              		.eabi_attribute 34, 1
  12              		.eabi_attribute 18, 4
  13              		.file	"tim.c"
  14              		.text
  15              	.Ltext0:
  16              		.cfi_sections	.debug_frame
  17              		.section	.text.MX_TIM1_Init,"ax",%progbits
  18              		.align	1
  19              		.global	MX_TIM1_Init
  20              		.syntax unified
  21              		.thumb
  22              		.thumb_func
  23              		.fpu fpv4-sp-d16
  25              	MX_TIM1_Init:
  26              	.LFB126:
  27              		.file 1 "Core/Src/periphs/tim.c"
   1:Core/Src/periphs/tim.c **** /**
   2:Core/Src/periphs/tim.c ****   ******************************************************************************
   3:Core/Src/periphs/tim.c ****   * File Name          : TIM.c
   4:Core/Src/periphs/tim.c ****   * Description        : This file provides code for the configuration
   5:Core/Src/periphs/tim.c ****   *                      of the TIM instances.
   6:Core/Src/periphs/tim.c ****   ******************************************************************************
   7:Core/Src/periphs/tim.c ****   * This notice applies to any and all portions of this file
   8:Core/Src/periphs/tim.c ****   * that are not between comment pairs USER CODE BEGIN and
   9:Core/Src/periphs/tim.c ****   * USER CODE END. Other portions of this file, whether 
  10:Core/Src/periphs/tim.c ****   * inserted by the user or by software development tools
  11:Core/Src/periphs/tim.c ****   * are owned by their respective copyright owners.
  12:Core/Src/periphs/tim.c ****   *
  13:Core/Src/periphs/tim.c ****   * Copyright (c) 2018 STMicroelectronics International N.V. 
  14:Core/Src/periphs/tim.c ****   * All rights reserved.
  15:Core/Src/periphs/tim.c ****   *
  16:Core/Src/periphs/tim.c ****   * Redistribution and use in source and binary forms, with or without 
  17:Core/Src/periphs/tim.c ****   * modification, are permitted, provided that the following conditions are met:
  18:Core/Src/periphs/tim.c ****   *
  19:Core/Src/periphs/tim.c ****   * 1. Redistribution of source code must retain the above copyright notice, 
  20:Core/Src/periphs/tim.c ****   *    this list of conditions and the following disclaimer.
  21:Core/Src/periphs/tim.c ****   * 2. Redistributions in binary form must reproduce the above copyright notice,
  22:Core/Src/periphs/tim.c ****   *    this list of conditions and the following disclaimer in the documentation
  23:Core/Src/periphs/tim.c ****   *    and/or other materials provided with the distribution.
  24:Core/Src/periphs/tim.c ****   * 3. Neither the name of STMicroelectronics nor the names of other 
  25:Core/Src/periphs/tim.c ****   *    contributors to this software may be used to endorse or promote products 
  26:Core/Src/periphs/tim.c ****   *    derived from this software without specific written permission.
  27:Core/Src/periphs/tim.c ****   * 4. This software, including modifications and/or derivative works of this 
  28:Core/Src/periphs/tim.c ****   *    software, must execute solely and exclusively on microcontroller or
  29:Core/Src/periphs/tim.c ****   *    microprocessor devices manufactured by or for STMicroelectronics.
  30:Core/Src/periphs/tim.c ****   * 5. Redistribution and use of this software other than as permitted under 
  31:Core/Src/periphs/tim.c ****   *    this license is void and will automatically terminate your rights under 
ARM GAS  C:\Users\073be\AppData\Local\Temp\ccWwRfav.s 			page 2


  32:Core/Src/periphs/tim.c ****   *    this license. 
  33:Core/Src/periphs/tim.c ****   *
  34:Core/Src/periphs/tim.c ****   * THIS SOFTWARE IS PROVIDED BY STMICROELECTRONICS AND CONTRIBUTORS "AS IS" 
  35:Core/Src/periphs/tim.c ****   * AND ANY EXPRESS, IMPLIED OR STATUTORY WARRANTIES, INCLUDING, BUT NOT 
  36:Core/Src/periphs/tim.c ****   * LIMITED TO, THE IMPLIED WARRANTIES OF MERCHANTABILITY, FITNESS FOR A 
  37:Core/Src/periphs/tim.c ****   * PARTICULAR PURPOSE AND NON-INFRINGEMENT OF THIRD PARTY INTELLECTUAL PROPERTY
  38:Core/Src/periphs/tim.c ****   * RIGHTS ARE DISCLAIMED TO THE FULLEST EXTENT PERMITTED BY LAW. IN NO EVENT 
  39:Core/Src/periphs/tim.c ****   * SHALL STMICROELECTRONICS OR CONTRIBUTORS BE LIABLE FOR ANY DIRECT, INDIRECT,
  40:Core/Src/periphs/tim.c ****   * INCIDENTAL, SPECIAL, EXEMPLARY, OR CONSEQUENTIAL DAMAGES (INCLUDING, BUT NOT
  41:Core/Src/periphs/tim.c ****   * LIMITED TO, PROCUREMENT OF SUBSTITUTE GOODS OR SERVICES; LOSS OF USE, DATA, 
  42:Core/Src/periphs/tim.c ****   * OR PROFITS; OR BUSINESS INTERRUPTION) HOWEVER CAUSED AND ON ANY THEORY OF 
  43:Core/Src/periphs/tim.c ****   * LIABILITY, WHETHER IN CONTRACT, STRICT LIABILITY, OR TORT (INCLUDING 
  44:Core/Src/periphs/tim.c ****   * NEGLIGENCE OR OTHERWISE) ARISING IN ANY WAY OUT OF THE USE OF THIS SOFTWARE,
  45:Core/Src/periphs/tim.c ****   * EVEN IF ADVISED OF THE POSSIBILITY OF SUCH DAMAGE.
  46:Core/Src/periphs/tim.c ****   *
  47:Core/Src/periphs/tim.c ****   ******************************************************************************
  48:Core/Src/periphs/tim.c ****   */
  49:Core/Src/periphs/tim.c **** 
  50:Core/Src/periphs/tim.c **** /* Includes ------------------------------------------------------------------*/
  51:Core/Src/periphs/tim.c **** #include "tim.h"
  52:Core/Src/periphs/tim.c **** 
  53:Core/Src/periphs/tim.c **** /* USER CODE BEGIN 0 */
  54:Core/Src/periphs/tim.c **** 
  55:Core/Src/periphs/tim.c **** /* USER CODE END 0 */
  56:Core/Src/periphs/tim.c **** 
  57:Core/Src/periphs/tim.c **** TIM_HandleTypeDef htim1;
  58:Core/Src/periphs/tim.c **** TIM_HandleTypeDef htim2;
  59:Core/Src/periphs/tim.c **** TIM_HandleTypeDef htim3;
  60:Core/Src/periphs/tim.c **** TIM_HandleTypeDef htim4;
  61:Core/Src/periphs/tim.c **** TIM_HandleTypeDef htim8;
  62:Core/Src/periphs/tim.c **** 
  63:Core/Src/periphs/tim.c **** /* TIM1 init function */
  64:Core/Src/periphs/tim.c **** void MX_TIM1_Init(void)
  65:Core/Src/periphs/tim.c **** {
  28              		.loc 1 65 0
  29              		.cfi_startproc
  30              		@ args = 0, pretend = 0, frame = 48
  31              		@ frame_needed = 0, uses_anonymous_args = 0
  32 0000 00B5     		push	{lr}
  33              	.LCFI0:
  34              		.cfi_def_cfa_offset 4
  35              		.cfi_offset 14, -4
  36 0002 8DB0     		sub	sp, sp, #52
  37              	.LCFI1:
  38              		.cfi_def_cfa_offset 56
  66:Core/Src/periphs/tim.c ****   TIM_Encoder_InitTypeDef sConfig = {0};
  39              		.loc 1 66 0
  40 0004 2022     		movs	r2, #32
  41 0006 0021     		movs	r1, #0
  42 0008 04A8     		add	r0, sp, #16
  43 000a FFF7FEFF 		bl	memset
  44              	.LVL0:
  67:Core/Src/periphs/tim.c ****   TIM_MasterConfigTypeDef sMasterConfig = {0};
  45              		.loc 1 67 0
  46 000e 0023     		movs	r3, #0
  47 0010 0193     		str	r3, [sp, #4]
  48 0012 0293     		str	r3, [sp, #8]
ARM GAS  C:\Users\073be\AppData\Local\Temp\ccWwRfav.s 			page 3


  68:Core/Src/periphs/tim.c **** 
  69:Core/Src/periphs/tim.c ****   htim1.Instance = TIM1;
  49              		.loc 1 69 0
  50 0014 1148     		ldr	r0, .L7
  51 0016 124A     		ldr	r2, .L7+4
  52 0018 0260     		str	r2, [r0]
  70:Core/Src/periphs/tim.c ****   htim1.Init.Prescaler = 0;
  53              		.loc 1 70 0
  54 001a 4360     		str	r3, [r0, #4]
  71:Core/Src/periphs/tim.c ****   htim1.Init.CounterMode = TIM_COUNTERMODE_UP;
  55              		.loc 1 71 0
  56 001c 8360     		str	r3, [r0, #8]
  72:Core/Src/periphs/tim.c ****   htim1.Init.Period = 65535;
  57              		.loc 1 72 0
  58 001e 4FF6FF72 		movw	r2, #65535
  59 0022 C260     		str	r2, [r0, #12]
  73:Core/Src/periphs/tim.c ****   htim1.Init.ClockDivision = TIM_CLOCKDIVISION_DIV1;
  60              		.loc 1 73 0
  61 0024 0361     		str	r3, [r0, #16]
  74:Core/Src/periphs/tim.c ****   htim1.Init.RepetitionCounter = 0;
  62              		.loc 1 74 0
  63 0026 4361     		str	r3, [r0, #20]
  75:Core/Src/periphs/tim.c ****   sConfig.EncoderMode = TIM_ENCODERMODE_TI12;
  64              		.loc 1 75 0
  65 0028 0323     		movs	r3, #3
  66 002a 0393     		str	r3, [sp, #12]
  76:Core/Src/periphs/tim.c ****   sConfig.IC1Polarity = TIM_ICPOLARITY_RISING;
  77:Core/Src/periphs/tim.c ****   sConfig.IC1Selection = TIM_ICSELECTION_DIRECTTI;
  67              		.loc 1 77 0
  68 002c 0123     		movs	r3, #1
  69 002e 0593     		str	r3, [sp, #20]
  78:Core/Src/periphs/tim.c ****   sConfig.IC1Prescaler = TIM_ICPSC_DIV1;
  79:Core/Src/periphs/tim.c ****   sConfig.IC1Filter = 0;
  80:Core/Src/periphs/tim.c ****   sConfig.IC2Polarity = TIM_ICPOLARITY_RISING;
  81:Core/Src/periphs/tim.c ****   sConfig.IC2Selection = TIM_ICSELECTION_DIRECTTI;
  70              		.loc 1 81 0
  71 0030 0993     		str	r3, [sp, #36]
  82:Core/Src/periphs/tim.c ****   sConfig.IC2Prescaler = TIM_ICPSC_DIV1;
  83:Core/Src/periphs/tim.c ****   sConfig.IC2Filter = 0;
  84:Core/Src/periphs/tim.c ****   if (HAL_TIM_Encoder_Init(&htim1, &sConfig) != HAL_OK)
  72              		.loc 1 84 0
  73 0032 03A9     		add	r1, sp, #12
  74 0034 FFF7FEFF 		bl	HAL_TIM_Encoder_Init
  75              	.LVL1:
  76 0038 50B9     		cbnz	r0, .L5
  77              	.L2:
  85:Core/Src/periphs/tim.c ****   {
  86:Core/Src/periphs/tim.c ****     Error_Handler();
  87:Core/Src/periphs/tim.c ****   }
  88:Core/Src/periphs/tim.c ****   sMasterConfig.MasterOutputTrigger = TIM_TRGO_RESET;
  78              		.loc 1 88 0
  79 003a 0023     		movs	r3, #0
  80 003c 0193     		str	r3, [sp, #4]
  89:Core/Src/periphs/tim.c ****   sMasterConfig.MasterSlaveMode = TIM_MASTERSLAVEMODE_DISABLE;
  81              		.loc 1 89 0
  82 003e 0293     		str	r3, [sp, #8]
  90:Core/Src/periphs/tim.c ****   if (HAL_TIMEx_MasterConfigSynchronization(&htim1, &sMasterConfig) != HAL_OK)
ARM GAS  C:\Users\073be\AppData\Local\Temp\ccWwRfav.s 			page 4


  83              		.loc 1 90 0
  84 0040 01A9     		add	r1, sp, #4
  85 0042 0648     		ldr	r0, .L7
  86 0044 FFF7FEFF 		bl	HAL_TIMEx_MasterConfigSynchronization
  87              	.LVL2:
  88 0048 28B9     		cbnz	r0, .L6
  89              	.L1:
  91:Core/Src/periphs/tim.c ****   {
  92:Core/Src/periphs/tim.c ****     Error_Handler();
  93:Core/Src/periphs/tim.c ****   }
  94:Core/Src/periphs/tim.c **** 
  95:Core/Src/periphs/tim.c **** }
  90              		.loc 1 95 0
  91 004a 0DB0     		add	sp, sp, #52
  92              	.LCFI2:
  93              		.cfi_remember_state
  94              		.cfi_def_cfa_offset 4
  95              		@ sp needed
  96 004c 5DF804FB 		ldr	pc, [sp], #4
  97              	.L5:
  98              	.LCFI3:
  99              		.cfi_restore_state
  86:Core/Src/periphs/tim.c ****   }
 100              		.loc 1 86 0
 101 0050 FFF7FEFF 		bl	Error_Handler
 102              	.LVL3:
 103 0054 F1E7     		b	.L2
 104              	.L6:
  92:Core/Src/periphs/tim.c ****   }
 105              		.loc 1 92 0
 106 0056 FFF7FEFF 		bl	Error_Handler
 107              	.LVL4:
 108              		.loc 1 95 0
 109 005a F6E7     		b	.L1
 110              	.L8:
 111              		.align	2
 112              	.L7:
 113 005c 00000000 		.word	htim1
 114 0060 00000140 		.word	1073807360
 115              		.cfi_endproc
 116              	.LFE126:
 118              		.section	.text.MX_TIM2_Init,"ax",%progbits
 119              		.align	1
 120              		.global	MX_TIM2_Init
 121              		.syntax unified
 122              		.thumb
 123              		.thumb_func
 124              		.fpu fpv4-sp-d16
 126              	MX_TIM2_Init:
 127              	.LFB127:
  96:Core/Src/periphs/tim.c **** /* TIM2 init function */
  97:Core/Src/periphs/tim.c **** void MX_TIM2_Init(void)
  98:Core/Src/periphs/tim.c **** {
 128              		.loc 1 98 0
 129              		.cfi_startproc
 130              		@ args = 0, pretend = 0, frame = 48
 131              		@ frame_needed = 0, uses_anonymous_args = 0
ARM GAS  C:\Users\073be\AppData\Local\Temp\ccWwRfav.s 			page 5


 132 0000 00B5     		push	{lr}
 133              	.LCFI4:
 134              		.cfi_def_cfa_offset 4
 135              		.cfi_offset 14, -4
 136 0002 8DB0     		sub	sp, sp, #52
 137              	.LCFI5:
 138              		.cfi_def_cfa_offset 56
  99:Core/Src/periphs/tim.c ****   TIM_Encoder_InitTypeDef sConfig = {0};
 139              		.loc 1 99 0
 140 0004 2022     		movs	r2, #32
 141 0006 0021     		movs	r1, #0
 142 0008 04A8     		add	r0, sp, #16
 143 000a FFF7FEFF 		bl	memset
 144              	.LVL5:
 100:Core/Src/periphs/tim.c ****   TIM_MasterConfigTypeDef sMasterConfig = {0};
 145              		.loc 1 100 0
 146 000e 0023     		movs	r3, #0
 147 0010 0193     		str	r3, [sp, #4]
 148 0012 0293     		str	r3, [sp, #8]
 101:Core/Src/periphs/tim.c **** 
 102:Core/Src/periphs/tim.c ****   htim2.Instance = TIM2;
 149              		.loc 1 102 0
 150 0014 1148     		ldr	r0, .L15
 151 0016 4FF08042 		mov	r2, #1073741824
 152 001a 0260     		str	r2, [r0]
 103:Core/Src/periphs/tim.c ****   htim2.Init.Prescaler = 0;
 153              		.loc 1 103 0
 154 001c 4360     		str	r3, [r0, #4]
 104:Core/Src/periphs/tim.c ****   htim2.Init.CounterMode = TIM_COUNTERMODE_UP;
 155              		.loc 1 104 0
 156 001e 8360     		str	r3, [r0, #8]
 105:Core/Src/periphs/tim.c ****   htim2.Init.Period = 65535;
 157              		.loc 1 105 0
 158 0020 4FF6FF72 		movw	r2, #65535
 159 0024 C260     		str	r2, [r0, #12]
 106:Core/Src/periphs/tim.c ****   htim2.Init.ClockDivision = TIM_CLOCKDIVISION_DIV1;
 160              		.loc 1 106 0
 161 0026 0361     		str	r3, [r0, #16]
 107:Core/Src/periphs/tim.c ****   sConfig.EncoderMode = TIM_ENCODERMODE_TI12;
 162              		.loc 1 107 0
 163 0028 0323     		movs	r3, #3
 164 002a 0393     		str	r3, [sp, #12]
 108:Core/Src/periphs/tim.c ****   sConfig.IC1Polarity = TIM_ICPOLARITY_RISING;
 109:Core/Src/periphs/tim.c ****   sConfig.IC1Selection = TIM_ICSELECTION_DIRECTTI;
 165              		.loc 1 109 0
 166 002c 0123     		movs	r3, #1
 167 002e 0593     		str	r3, [sp, #20]
 110:Core/Src/periphs/tim.c ****   sConfig.IC1Prescaler = TIM_ICPSC_DIV1;
 111:Core/Src/periphs/tim.c ****   sConfig.IC1Filter = 0;
 112:Core/Src/periphs/tim.c ****   sConfig.IC2Polarity = TIM_ICPOLARITY_RISING;
 113:Core/Src/periphs/tim.c ****   sConfig.IC2Selection = TIM_ICSELECTION_DIRECTTI;
 168              		.loc 1 113 0
 169 0030 0993     		str	r3, [sp, #36]
 114:Core/Src/periphs/tim.c ****   sConfig.IC2Prescaler = TIM_ICPSC_DIV1;
 115:Core/Src/periphs/tim.c ****   sConfig.IC2Filter = 0;
 116:Core/Src/periphs/tim.c ****   if (HAL_TIM_Encoder_Init(&htim2, &sConfig) != HAL_OK)
 170              		.loc 1 116 0
ARM GAS  C:\Users\073be\AppData\Local\Temp\ccWwRfav.s 			page 6


 171 0032 03A9     		add	r1, sp, #12
 172 0034 FFF7FEFF 		bl	HAL_TIM_Encoder_Init
 173              	.LVL6:
 174 0038 50B9     		cbnz	r0, .L13
 175              	.L10:
 117:Core/Src/periphs/tim.c ****   {
 118:Core/Src/periphs/tim.c ****     Error_Handler();
 119:Core/Src/periphs/tim.c ****   }
 120:Core/Src/periphs/tim.c ****   sMasterConfig.MasterOutputTrigger = TIM_TRGO_RESET;
 176              		.loc 1 120 0
 177 003a 0023     		movs	r3, #0
 178 003c 0193     		str	r3, [sp, #4]
 121:Core/Src/periphs/tim.c ****   sMasterConfig.MasterSlaveMode = TIM_MASTERSLAVEMODE_DISABLE;
 179              		.loc 1 121 0
 180 003e 0293     		str	r3, [sp, #8]
 122:Core/Src/periphs/tim.c ****   if (HAL_TIMEx_MasterConfigSynchronization(&htim2, &sMasterConfig) != HAL_OK)
 181              		.loc 1 122 0
 182 0040 01A9     		add	r1, sp, #4
 183 0042 0648     		ldr	r0, .L15
 184 0044 FFF7FEFF 		bl	HAL_TIMEx_MasterConfigSynchronization
 185              	.LVL7:
 186 0048 28B9     		cbnz	r0, .L14
 187              	.L9:
 123:Core/Src/periphs/tim.c ****   {
 124:Core/Src/periphs/tim.c ****     Error_Handler();
 125:Core/Src/periphs/tim.c ****   }
 126:Core/Src/periphs/tim.c **** 
 127:Core/Src/periphs/tim.c **** }
 188              		.loc 1 127 0
 189 004a 0DB0     		add	sp, sp, #52
 190              	.LCFI6:
 191              		.cfi_remember_state
 192              		.cfi_def_cfa_offset 4
 193              		@ sp needed
 194 004c 5DF804FB 		ldr	pc, [sp], #4
 195              	.L13:
 196              	.LCFI7:
 197              		.cfi_restore_state
 118:Core/Src/periphs/tim.c ****   }
 198              		.loc 1 118 0
 199 0050 FFF7FEFF 		bl	Error_Handler
 200              	.LVL8:
 201 0054 F1E7     		b	.L10
 202              	.L14:
 124:Core/Src/periphs/tim.c ****   }
 203              		.loc 1 124 0
 204 0056 FFF7FEFF 		bl	Error_Handler
 205              	.LVL9:
 206              		.loc 1 127 0
 207 005a F6E7     		b	.L9
 208              	.L16:
 209              		.align	2
 210              	.L15:
 211 005c 00000000 		.word	htim2
 212              		.cfi_endproc
 213              	.LFE127:
 215              		.section	.text.MX_TIM3_Init,"ax",%progbits
ARM GAS  C:\Users\073be\AppData\Local\Temp\ccWwRfav.s 			page 7


 216              		.align	1
 217              		.global	MX_TIM3_Init
 218              		.syntax unified
 219              		.thumb
 220              		.thumb_func
 221              		.fpu fpv4-sp-d16
 223              	MX_TIM3_Init:
 224              	.LFB128:
 128:Core/Src/periphs/tim.c **** /* TIM3 init function */
 129:Core/Src/periphs/tim.c **** void MX_TIM3_Init(void)
 130:Core/Src/periphs/tim.c **** {
 225              		.loc 1 130 0
 226              		.cfi_startproc
 227              		@ args = 0, pretend = 0, frame = 48
 228              		@ frame_needed = 0, uses_anonymous_args = 0
 229 0000 00B5     		push	{lr}
 230              	.LCFI8:
 231              		.cfi_def_cfa_offset 4
 232              		.cfi_offset 14, -4
 233 0002 8DB0     		sub	sp, sp, #52
 234              	.LCFI9:
 235              		.cfi_def_cfa_offset 56
 131:Core/Src/periphs/tim.c ****   TIM_Encoder_InitTypeDef sConfig = {0};
 236              		.loc 1 131 0
 237 0004 2022     		movs	r2, #32
 238 0006 0021     		movs	r1, #0
 239 0008 04A8     		add	r0, sp, #16
 240 000a FFF7FEFF 		bl	memset
 241              	.LVL10:
 132:Core/Src/periphs/tim.c ****   TIM_MasterConfigTypeDef sMasterConfig = {0};
 242              		.loc 1 132 0
 243 000e 0023     		movs	r3, #0
 244 0010 0193     		str	r3, [sp, #4]
 245 0012 0293     		str	r3, [sp, #8]
 133:Core/Src/periphs/tim.c **** 
 134:Core/Src/periphs/tim.c ****   htim3.Instance = TIM3;
 246              		.loc 1 134 0
 247 0014 1148     		ldr	r0, .L23
 248 0016 124A     		ldr	r2, .L23+4
 249 0018 0260     		str	r2, [r0]
 135:Core/Src/periphs/tim.c ****   htim3.Init.Prescaler = 0;
 250              		.loc 1 135 0
 251 001a 4360     		str	r3, [r0, #4]
 136:Core/Src/periphs/tim.c ****   htim3.Init.CounterMode = TIM_COUNTERMODE_UP;
 252              		.loc 1 136 0
 253 001c 8360     		str	r3, [r0, #8]
 137:Core/Src/periphs/tim.c ****   htim3.Init.Period = 65535;
 254              		.loc 1 137 0
 255 001e 4FF6FF72 		movw	r2, #65535
 256 0022 C260     		str	r2, [r0, #12]
 138:Core/Src/periphs/tim.c ****   htim3.Init.ClockDivision = TIM_CLOCKDIVISION_DIV1;
 257              		.loc 1 138 0
 258 0024 0361     		str	r3, [r0, #16]
 139:Core/Src/periphs/tim.c ****   sConfig.EncoderMode = TIM_ENCODERMODE_TI12;
 259              		.loc 1 139 0
 260 0026 0323     		movs	r3, #3
 261 0028 0393     		str	r3, [sp, #12]
ARM GAS  C:\Users\073be\AppData\Local\Temp\ccWwRfav.s 			page 8


 140:Core/Src/periphs/tim.c ****   sConfig.IC1Polarity = TIM_ICPOLARITY_RISING;
 141:Core/Src/periphs/tim.c ****   sConfig.IC1Selection = TIM_ICSELECTION_DIRECTTI;
 262              		.loc 1 141 0
 263 002a 0123     		movs	r3, #1
 264 002c 0593     		str	r3, [sp, #20]
 142:Core/Src/periphs/tim.c ****   sConfig.IC1Prescaler = TIM_ICPSC_DIV1;
 143:Core/Src/periphs/tim.c ****   sConfig.IC1Filter = 0;
 144:Core/Src/periphs/tim.c ****   sConfig.IC2Polarity = TIM_ICPOLARITY_RISING;
 145:Core/Src/periphs/tim.c ****   sConfig.IC2Selection = TIM_ICSELECTION_DIRECTTI;
 265              		.loc 1 145 0
 266 002e 0993     		str	r3, [sp, #36]
 146:Core/Src/periphs/tim.c ****   sConfig.IC2Prescaler = TIM_ICPSC_DIV1;
 147:Core/Src/periphs/tim.c ****   sConfig.IC2Filter = 0;
 148:Core/Src/periphs/tim.c ****   if (HAL_TIM_Encoder_Init(&htim3, &sConfig) != HAL_OK)
 267              		.loc 1 148 0
 268 0030 03A9     		add	r1, sp, #12
 269 0032 FFF7FEFF 		bl	HAL_TIM_Encoder_Init
 270              	.LVL11:
 271 0036 50B9     		cbnz	r0, .L21
 272              	.L18:
 149:Core/Src/periphs/tim.c ****   {
 150:Core/Src/periphs/tim.c ****     Error_Handler();
 151:Core/Src/periphs/tim.c ****   }
 152:Core/Src/periphs/tim.c ****   sMasterConfig.MasterOutputTrigger = TIM_TRGO_RESET;
 273              		.loc 1 152 0
 274 0038 0023     		movs	r3, #0
 275 003a 0193     		str	r3, [sp, #4]
 153:Core/Src/periphs/tim.c ****   sMasterConfig.MasterSlaveMode = TIM_MASTERSLAVEMODE_DISABLE;
 276              		.loc 1 153 0
 277 003c 0293     		str	r3, [sp, #8]
 154:Core/Src/periphs/tim.c ****   if (HAL_TIMEx_MasterConfigSynchronization(&htim3, &sMasterConfig) != HAL_OK)
 278              		.loc 1 154 0
 279 003e 01A9     		add	r1, sp, #4
 280 0040 0648     		ldr	r0, .L23
 281 0042 FFF7FEFF 		bl	HAL_TIMEx_MasterConfigSynchronization
 282              	.LVL12:
 283 0046 28B9     		cbnz	r0, .L22
 284              	.L17:
 155:Core/Src/periphs/tim.c ****   {
 156:Core/Src/periphs/tim.c ****     Error_Handler();
 157:Core/Src/periphs/tim.c ****   }
 158:Core/Src/periphs/tim.c **** 
 159:Core/Src/periphs/tim.c **** }
 285              		.loc 1 159 0
 286 0048 0DB0     		add	sp, sp, #52
 287              	.LCFI10:
 288              		.cfi_remember_state
 289              		.cfi_def_cfa_offset 4
 290              		@ sp needed
 291 004a 5DF804FB 		ldr	pc, [sp], #4
 292              	.L21:
 293              	.LCFI11:
 294              		.cfi_restore_state
 150:Core/Src/periphs/tim.c ****   }
 295              		.loc 1 150 0
 296 004e FFF7FEFF 		bl	Error_Handler
 297              	.LVL13:
ARM GAS  C:\Users\073be\AppData\Local\Temp\ccWwRfav.s 			page 9


 298 0052 F1E7     		b	.L18
 299              	.L22:
 156:Core/Src/periphs/tim.c ****   }
 300              		.loc 1 156 0
 301 0054 FFF7FEFF 		bl	Error_Handler
 302              	.LVL14:
 303              		.loc 1 159 0
 304 0058 F6E7     		b	.L17
 305              	.L24:
 306 005a 00BF     		.align	2
 307              	.L23:
 308 005c 00000000 		.word	htim3
 309 0060 00040040 		.word	1073742848
 310              		.cfi_endproc
 311              	.LFE128:
 313              		.section	.text.MX_TIM4_Init,"ax",%progbits
 314              		.align	1
 315              		.global	MX_TIM4_Init
 316              		.syntax unified
 317              		.thumb
 318              		.thumb_func
 319              		.fpu fpv4-sp-d16
 321              	MX_TIM4_Init:
 322              	.LFB129:
 160:Core/Src/periphs/tim.c **** /* TIM4 init function */
 161:Core/Src/periphs/tim.c **** void MX_TIM4_Init(void)
 162:Core/Src/periphs/tim.c **** {
 323              		.loc 1 162 0
 324              		.cfi_startproc
 325              		@ args = 0, pretend = 0, frame = 48
 326              		@ frame_needed = 0, uses_anonymous_args = 0
 327 0000 00B5     		push	{lr}
 328              	.LCFI12:
 329              		.cfi_def_cfa_offset 4
 330              		.cfi_offset 14, -4
 331 0002 8DB0     		sub	sp, sp, #52
 332              	.LCFI13:
 333              		.cfi_def_cfa_offset 56
 163:Core/Src/periphs/tim.c ****   TIM_Encoder_InitTypeDef sConfig = {0};
 334              		.loc 1 163 0
 335 0004 2022     		movs	r2, #32
 336 0006 0021     		movs	r1, #0
 337 0008 04A8     		add	r0, sp, #16
 338 000a FFF7FEFF 		bl	memset
 339              	.LVL15:
 164:Core/Src/periphs/tim.c ****   TIM_MasterConfigTypeDef sMasterConfig = {0};
 340              		.loc 1 164 0
 341 000e 0023     		movs	r3, #0
 342 0010 0193     		str	r3, [sp, #4]
 343 0012 0293     		str	r3, [sp, #8]
 165:Core/Src/periphs/tim.c **** 
 166:Core/Src/periphs/tim.c ****   htim4.Instance = TIM4;
 344              		.loc 1 166 0
 345 0014 1148     		ldr	r0, .L31
 346 0016 124A     		ldr	r2, .L31+4
 347 0018 0260     		str	r2, [r0]
 167:Core/Src/periphs/tim.c ****   htim4.Init.Prescaler = 0;
ARM GAS  C:\Users\073be\AppData\Local\Temp\ccWwRfav.s 			page 10


 348              		.loc 1 167 0
 349 001a 4360     		str	r3, [r0, #4]
 168:Core/Src/periphs/tim.c ****   htim4.Init.CounterMode = TIM_COUNTERMODE_UP;
 350              		.loc 1 168 0
 351 001c 8360     		str	r3, [r0, #8]
 169:Core/Src/periphs/tim.c ****   htim4.Init.Period = 65535;
 352              		.loc 1 169 0
 353 001e 4FF6FF72 		movw	r2, #65535
 354 0022 C260     		str	r2, [r0, #12]
 170:Core/Src/periphs/tim.c ****   htim4.Init.ClockDivision = TIM_CLOCKDIVISION_DIV1;
 355              		.loc 1 170 0
 356 0024 0361     		str	r3, [r0, #16]
 171:Core/Src/periphs/tim.c ****   sConfig.EncoderMode = TIM_ENCODERMODE_TI12;
 357              		.loc 1 171 0
 358 0026 0323     		movs	r3, #3
 359 0028 0393     		str	r3, [sp, #12]
 172:Core/Src/periphs/tim.c ****   sConfig.IC1Polarity = TIM_ICPOLARITY_RISING;
 173:Core/Src/periphs/tim.c ****   sConfig.IC1Selection = TIM_ICSELECTION_DIRECTTI;
 360              		.loc 1 173 0
 361 002a 0123     		movs	r3, #1
 362 002c 0593     		str	r3, [sp, #20]
 174:Core/Src/periphs/tim.c ****   sConfig.IC1Prescaler = TIM_ICPSC_DIV1;
 175:Core/Src/periphs/tim.c ****   sConfig.IC1Filter = 0;
 176:Core/Src/periphs/tim.c ****   sConfig.IC2Polarity = TIM_ICPOLARITY_RISING;
 177:Core/Src/periphs/tim.c ****   sConfig.IC2Selection = TIM_ICSELECTION_DIRECTTI;
 363              		.loc 1 177 0
 364 002e 0993     		str	r3, [sp, #36]
 178:Core/Src/periphs/tim.c ****   sConfig.IC2Prescaler = TIM_ICPSC_DIV1;
 179:Core/Src/periphs/tim.c ****   sConfig.IC2Filter = 0;
 180:Core/Src/periphs/tim.c ****   if (HAL_TIM_Encoder_Init(&htim4, &sConfig) != HAL_OK)
 365              		.loc 1 180 0
 366 0030 03A9     		add	r1, sp, #12
 367 0032 FFF7FEFF 		bl	HAL_TIM_Encoder_Init
 368              	.LVL16:
 369 0036 50B9     		cbnz	r0, .L29
 370              	.L26:
 181:Core/Src/periphs/tim.c ****   {
 182:Core/Src/periphs/tim.c ****     Error_Handler();
 183:Core/Src/periphs/tim.c ****   }
 184:Core/Src/periphs/tim.c ****   sMasterConfig.MasterOutputTrigger = TIM_TRGO_RESET;
 371              		.loc 1 184 0
 372 0038 0023     		movs	r3, #0
 373 003a 0193     		str	r3, [sp, #4]
 185:Core/Src/periphs/tim.c ****   sMasterConfig.MasterSlaveMode = TIM_MASTERSLAVEMODE_DISABLE;
 374              		.loc 1 185 0
 375 003c 0293     		str	r3, [sp, #8]
 186:Core/Src/periphs/tim.c ****   if (HAL_TIMEx_MasterConfigSynchronization(&htim4, &sMasterConfig) != HAL_OK)
 376              		.loc 1 186 0
 377 003e 01A9     		add	r1, sp, #4
 378 0040 0648     		ldr	r0, .L31
 379 0042 FFF7FEFF 		bl	HAL_TIMEx_MasterConfigSynchronization
 380              	.LVL17:
 381 0046 28B9     		cbnz	r0, .L30
 382              	.L25:
 187:Core/Src/periphs/tim.c ****   {
 188:Core/Src/periphs/tim.c ****     Error_Handler();
 189:Core/Src/periphs/tim.c ****   }
ARM GAS  C:\Users\073be\AppData\Local\Temp\ccWwRfav.s 			page 11


 190:Core/Src/periphs/tim.c **** 
 191:Core/Src/periphs/tim.c **** }
 383              		.loc 1 191 0
 384 0048 0DB0     		add	sp, sp, #52
 385              	.LCFI14:
 386              		.cfi_remember_state
 387              		.cfi_def_cfa_offset 4
 388              		@ sp needed
 389 004a 5DF804FB 		ldr	pc, [sp], #4
 390              	.L29:
 391              	.LCFI15:
 392              		.cfi_restore_state
 182:Core/Src/periphs/tim.c ****   }
 393              		.loc 1 182 0
 394 004e FFF7FEFF 		bl	Error_Handler
 395              	.LVL18:
 396 0052 F1E7     		b	.L26
 397              	.L30:
 188:Core/Src/periphs/tim.c ****   }
 398              		.loc 1 188 0
 399 0054 FFF7FEFF 		bl	Error_Handler
 400              	.LVL19:
 401              		.loc 1 191 0
 402 0058 F6E7     		b	.L25
 403              	.L32:
 404 005a 00BF     		.align	2
 405              	.L31:
 406 005c 00000000 		.word	htim4
 407 0060 00080040 		.word	1073743872
 408              		.cfi_endproc
 409              	.LFE129:
 411              		.section	.text.HAL_TIM_Encoder_MspInit,"ax",%progbits
 412              		.align	1
 413              		.global	HAL_TIM_Encoder_MspInit
 414              		.syntax unified
 415              		.thumb
 416              		.thumb_func
 417              		.fpu fpv4-sp-d16
 419              	HAL_TIM_Encoder_MspInit:
 420              	.LFB131:
 192:Core/Src/periphs/tim.c **** /* TIM8 init function */
 193:Core/Src/periphs/tim.c **** void MX_TIM8_Init(void)
 194:Core/Src/periphs/tim.c **** {
 195:Core/Src/periphs/tim.c ****   TIM_MasterConfigTypeDef sMasterConfig = {0};
 196:Core/Src/periphs/tim.c ****   TIM_OC_InitTypeDef sConfigOC = {0};
 197:Core/Src/periphs/tim.c ****   TIM_BreakDeadTimeConfigTypeDef sBreakDeadTimeConfig = {0};
 198:Core/Src/periphs/tim.c **** 
 199:Core/Src/periphs/tim.c ****   htim8.Instance = TIM8;
 200:Core/Src/periphs/tim.c ****   htim8.Init.Prescaler = 0;
 201:Core/Src/periphs/tim.c ****   htim8.Init.CounterMode = TIM_COUNTERMODE_CENTERALIGNED1;
 202:Core/Src/periphs/tim.c ****   htim8.Init.Period = 10499;
 203:Core/Src/periphs/tim.c ****   htim8.Init.ClockDivision = TIM_CLOCKDIVISION_DIV1;
 204:Core/Src/periphs/tim.c ****   htim8.Init.RepetitionCounter = 0;
 205:Core/Src/periphs/tim.c ****   if (HAL_TIM_PWM_Init(&htim8) != HAL_OK)
 206:Core/Src/periphs/tim.c ****   {
 207:Core/Src/periphs/tim.c ****     Error_Handler();
 208:Core/Src/periphs/tim.c ****   }
ARM GAS  C:\Users\073be\AppData\Local\Temp\ccWwRfav.s 			page 12


 209:Core/Src/periphs/tim.c ****   sMasterConfig.MasterOutputTrigger = TIM_TRGO_RESET;
 210:Core/Src/periphs/tim.c ****   sMasterConfig.MasterSlaveMode = TIM_MASTERSLAVEMODE_DISABLE;
 211:Core/Src/periphs/tim.c ****   if (HAL_TIMEx_MasterConfigSynchronization(&htim8, &sMasterConfig) != HAL_OK)
 212:Core/Src/periphs/tim.c ****   {
 213:Core/Src/periphs/tim.c ****     Error_Handler();
 214:Core/Src/periphs/tim.c ****   }
 215:Core/Src/periphs/tim.c ****   sConfigOC.OCMode = TIM_OCMODE_PWM1;
 216:Core/Src/periphs/tim.c ****   sConfigOC.Pulse = 0;
 217:Core/Src/periphs/tim.c ****   sConfigOC.OCPolarity = TIM_OCPOLARITY_HIGH;
 218:Core/Src/periphs/tim.c ****   sConfigOC.OCNPolarity = TIM_OCNPOLARITY_HIGH;
 219:Core/Src/periphs/tim.c ****   sConfigOC.OCFastMode = TIM_OCFAST_DISABLE;
 220:Core/Src/periphs/tim.c ****   sConfigOC.OCIdleState = TIM_OCIDLESTATE_RESET;
 221:Core/Src/periphs/tim.c ****   sConfigOC.OCNIdleState = TIM_OCNIDLESTATE_RESET;
 222:Core/Src/periphs/tim.c ****   if (HAL_TIM_PWM_ConfigChannel(&htim8, &sConfigOC, TIM_CHANNEL_1) != HAL_OK)
 223:Core/Src/periphs/tim.c ****   {
 224:Core/Src/periphs/tim.c ****     Error_Handler();
 225:Core/Src/periphs/tim.c ****   }
 226:Core/Src/periphs/tim.c ****   if (HAL_TIM_PWM_ConfigChannel(&htim8, &sConfigOC, TIM_CHANNEL_2) != HAL_OK)
 227:Core/Src/periphs/tim.c ****   {
 228:Core/Src/periphs/tim.c ****     Error_Handler();
 229:Core/Src/periphs/tim.c ****   }
 230:Core/Src/periphs/tim.c ****   if (HAL_TIM_PWM_ConfigChannel(&htim8, &sConfigOC, TIM_CHANNEL_3) != HAL_OK)
 231:Core/Src/periphs/tim.c ****   {
 232:Core/Src/periphs/tim.c ****     Error_Handler();
 233:Core/Src/periphs/tim.c ****   }
 234:Core/Src/periphs/tim.c ****   if (HAL_TIM_PWM_ConfigChannel(&htim8, &sConfigOC, TIM_CHANNEL_4) != HAL_OK)
 235:Core/Src/periphs/tim.c ****   {
 236:Core/Src/periphs/tim.c ****     Error_Handler();
 237:Core/Src/periphs/tim.c ****   }
 238:Core/Src/periphs/tim.c ****   sBreakDeadTimeConfig.OffStateRunMode = TIM_OSSR_DISABLE;
 239:Core/Src/periphs/tim.c ****   sBreakDeadTimeConfig.OffStateIDLEMode = TIM_OSSI_DISABLE;
 240:Core/Src/periphs/tim.c ****   sBreakDeadTimeConfig.LockLevel = TIM_LOCKLEVEL_OFF;
 241:Core/Src/periphs/tim.c ****   sBreakDeadTimeConfig.DeadTime = 0;
 242:Core/Src/periphs/tim.c ****   sBreakDeadTimeConfig.BreakState = TIM_BREAK_DISABLE;
 243:Core/Src/periphs/tim.c ****   sBreakDeadTimeConfig.BreakPolarity = TIM_BREAKPOLARITY_HIGH;
 244:Core/Src/periphs/tim.c ****   sBreakDeadTimeConfig.AutomaticOutput = TIM_AUTOMATICOUTPUT_DISABLE;
 245:Core/Src/periphs/tim.c ****   if (HAL_TIMEx_ConfigBreakDeadTime(&htim8, &sBreakDeadTimeConfig) != HAL_OK)
 246:Core/Src/periphs/tim.c ****   {
 247:Core/Src/periphs/tim.c ****     Error_Handler();
 248:Core/Src/periphs/tim.c ****   }
 249:Core/Src/periphs/tim.c ****   HAL_TIM_MspPostInit(&htim8);
 250:Core/Src/periphs/tim.c **** 
 251:Core/Src/periphs/tim.c **** }
 252:Core/Src/periphs/tim.c **** 
 253:Core/Src/periphs/tim.c **** void HAL_TIM_Encoder_MspInit(TIM_HandleTypeDef* tim_encoderHandle)
 254:Core/Src/periphs/tim.c **** {
 421              		.loc 1 254 0
 422              		.cfi_startproc
 423              		@ args = 0, pretend = 0, frame = 56
 424              		@ frame_needed = 0, uses_anonymous_args = 0
 425              	.LVL20:
 426 0000 00B5     		push	{lr}
 427              	.LCFI16:
 428              		.cfi_def_cfa_offset 4
 429              		.cfi_offset 14, -4
 430 0002 8FB0     		sub	sp, sp, #60
 431              	.LCFI17:
ARM GAS  C:\Users\073be\AppData\Local\Temp\ccWwRfav.s 			page 13


 432              		.cfi_def_cfa_offset 64
 255:Core/Src/periphs/tim.c **** 
 256:Core/Src/periphs/tim.c ****   GPIO_InitTypeDef GPIO_InitStruct = {0};
 433              		.loc 1 256 0
 434 0004 0023     		movs	r3, #0
 435 0006 0993     		str	r3, [sp, #36]
 436 0008 0A93     		str	r3, [sp, #40]
 437 000a 0B93     		str	r3, [sp, #44]
 438 000c 0C93     		str	r3, [sp, #48]
 439 000e 0D93     		str	r3, [sp, #52]
 257:Core/Src/periphs/tim.c ****   if(tim_encoderHandle->Instance==TIM1)
 440              		.loc 1 257 0
 441 0010 0368     		ldr	r3, [r0]
 442 0012 4A4A     		ldr	r2, .L43
 443 0014 9342     		cmp	r3, r2
 444 0016 0BD0     		beq	.L39
 258:Core/Src/periphs/tim.c ****   {
 259:Core/Src/periphs/tim.c ****   /* USER CODE BEGIN TIM1_MspInit 0 */
 260:Core/Src/periphs/tim.c **** 
 261:Core/Src/periphs/tim.c ****   /* USER CODE END TIM1_MspInit 0 */
 262:Core/Src/periphs/tim.c ****     /* TIM1 clock enable */
 263:Core/Src/periphs/tim.c ****     __HAL_RCC_TIM1_CLK_ENABLE();
 264:Core/Src/periphs/tim.c ****   
 265:Core/Src/periphs/tim.c ****     __HAL_RCC_GPIOA_CLK_ENABLE();
 266:Core/Src/periphs/tim.c ****     /**TIM1 GPIO Configuration    
 267:Core/Src/periphs/tim.c ****     PA8     ------> TIM1_CH1
 268:Core/Src/periphs/tim.c ****     PA9     ------> TIM1_CH2 
 269:Core/Src/periphs/tim.c ****     */
 270:Core/Src/periphs/tim.c ****     GPIO_InitStruct.Pin = GPIO_PIN_8|GPIO_PIN_9;
 271:Core/Src/periphs/tim.c ****     GPIO_InitStruct.Mode = GPIO_MODE_AF_PP;
 272:Core/Src/periphs/tim.c ****     GPIO_InitStruct.Pull = GPIO_NOPULL;
 273:Core/Src/periphs/tim.c ****     GPIO_InitStruct.Speed = GPIO_SPEED_FREQ_LOW;
 274:Core/Src/periphs/tim.c ****     GPIO_InitStruct.Alternate = GPIO_AF1_TIM1;
 275:Core/Src/periphs/tim.c ****     HAL_GPIO_Init(GPIOA, &GPIO_InitStruct);
 276:Core/Src/periphs/tim.c **** 
 277:Core/Src/periphs/tim.c ****   /* USER CODE BEGIN TIM1_MspInit 1 */
 278:Core/Src/periphs/tim.c **** 
 279:Core/Src/periphs/tim.c ****   /* USER CODE END TIM1_MspInit 1 */
 280:Core/Src/periphs/tim.c ****   }
 281:Core/Src/periphs/tim.c ****   else if(tim_encoderHandle->Instance==TIM2)
 445              		.loc 1 281 0
 446 0018 B3F1804F 		cmp	r3, #1073741824
 447 001c 2AD0     		beq	.L40
 282:Core/Src/periphs/tim.c ****   {
 283:Core/Src/periphs/tim.c ****   /* USER CODE BEGIN TIM2_MspInit 0 */
 284:Core/Src/periphs/tim.c **** 
 285:Core/Src/periphs/tim.c ****   /* USER CODE END TIM2_MspInit 0 */
 286:Core/Src/periphs/tim.c ****     /* TIM2 clock enable */
 287:Core/Src/periphs/tim.c ****     __HAL_RCC_TIM2_CLK_ENABLE();
 288:Core/Src/periphs/tim.c ****   
 289:Core/Src/periphs/tim.c ****     __HAL_RCC_GPIOA_CLK_ENABLE();
 290:Core/Src/periphs/tim.c ****     /**TIM2 GPIO Configuration    
 291:Core/Src/periphs/tim.c ****     PA1     ------> TIM2_CH2
 292:Core/Src/periphs/tim.c ****     PA15     ------> TIM2_CH1 
 293:Core/Src/periphs/tim.c ****     */
 294:Core/Src/periphs/tim.c ****     GPIO_InitStruct.Pin = GPIO_PIN_1|GPIO_PIN_15;
 295:Core/Src/periphs/tim.c ****     GPIO_InitStruct.Mode = GPIO_MODE_AF_PP;
ARM GAS  C:\Users\073be\AppData\Local\Temp\ccWwRfav.s 			page 14


 296:Core/Src/periphs/tim.c ****     GPIO_InitStruct.Pull = GPIO_NOPULL;
 297:Core/Src/periphs/tim.c ****     GPIO_InitStruct.Speed = GPIO_SPEED_FREQ_LOW;
 298:Core/Src/periphs/tim.c ****     GPIO_InitStruct.Alternate = GPIO_AF1_TIM2;
 299:Core/Src/periphs/tim.c ****     HAL_GPIO_Init(GPIOA, &GPIO_InitStruct);
 300:Core/Src/periphs/tim.c **** 
 301:Core/Src/periphs/tim.c ****   /* USER CODE BEGIN TIM2_MspInit 1 */
 302:Core/Src/periphs/tim.c **** 
 303:Core/Src/periphs/tim.c ****   /* USER CODE END TIM2_MspInit 1 */
 304:Core/Src/periphs/tim.c ****   }
 305:Core/Src/periphs/tim.c ****   else if(tim_encoderHandle->Instance==TIM3)
 448              		.loc 1 305 0
 449 001e 484A     		ldr	r2, .L43+4
 450 0020 9342     		cmp	r3, r2
 451 0022 4AD0     		beq	.L41
 306:Core/Src/periphs/tim.c ****   {
 307:Core/Src/periphs/tim.c ****   /* USER CODE BEGIN TIM3_MspInit 0 */
 308:Core/Src/periphs/tim.c **** 
 309:Core/Src/periphs/tim.c ****   /* USER CODE END TIM3_MspInit 0 */
 310:Core/Src/periphs/tim.c ****     /* TIM3 clock enable */
 311:Core/Src/periphs/tim.c ****     __HAL_RCC_TIM3_CLK_ENABLE();
 312:Core/Src/periphs/tim.c ****   
 313:Core/Src/periphs/tim.c ****     __HAL_RCC_GPIOA_CLK_ENABLE();
 314:Core/Src/periphs/tim.c ****     /**TIM3 GPIO Configuration    
 315:Core/Src/periphs/tim.c ****     PA6     ------> TIM3_CH1
 316:Core/Src/periphs/tim.c ****     PA7     ------> TIM3_CH2 
 317:Core/Src/periphs/tim.c ****     */
 318:Core/Src/periphs/tim.c ****     GPIO_InitStruct.Pin = GPIO_PIN_6|GPIO_PIN_7;
 319:Core/Src/periphs/tim.c ****     GPIO_InitStruct.Mode = GPIO_MODE_AF_PP;
 320:Core/Src/periphs/tim.c ****     GPIO_InitStruct.Pull = GPIO_NOPULL;
 321:Core/Src/periphs/tim.c ****     GPIO_InitStruct.Speed = GPIO_SPEED_FREQ_LOW;
 322:Core/Src/periphs/tim.c ****     GPIO_InitStruct.Alternate = GPIO_AF2_TIM3;
 323:Core/Src/periphs/tim.c ****     HAL_GPIO_Init(GPIOA, &GPIO_InitStruct);
 324:Core/Src/periphs/tim.c **** 
 325:Core/Src/periphs/tim.c ****   /* USER CODE BEGIN TIM3_MspInit 1 */
 326:Core/Src/periphs/tim.c **** 
 327:Core/Src/periphs/tim.c ****   /* USER CODE END TIM3_MspInit 1 */
 328:Core/Src/periphs/tim.c ****   }
 329:Core/Src/periphs/tim.c ****   else if(tim_encoderHandle->Instance==TIM4)
 452              		.loc 1 329 0
 453 0024 474A     		ldr	r2, .L43+8
 454 0026 9342     		cmp	r3, r2
 455 0028 67D0     		beq	.L42
 456              	.LVL21:
 457              	.L33:
 330:Core/Src/periphs/tim.c ****   {
 331:Core/Src/periphs/tim.c ****   /* USER CODE BEGIN TIM4_MspInit 0 */
 332:Core/Src/periphs/tim.c **** 
 333:Core/Src/periphs/tim.c ****   /* USER CODE END TIM4_MspInit 0 */
 334:Core/Src/periphs/tim.c ****     /* TIM4 clock enable */
 335:Core/Src/periphs/tim.c ****     __HAL_RCC_TIM4_CLK_ENABLE();
 336:Core/Src/periphs/tim.c ****   
 337:Core/Src/periphs/tim.c ****     __HAL_RCC_GPIOB_CLK_ENABLE();
 338:Core/Src/periphs/tim.c ****     /**TIM4 GPIO Configuration    
 339:Core/Src/periphs/tim.c ****     PB6     ------> TIM4_CH1
 340:Core/Src/periphs/tim.c ****     PB7     ------> TIM4_CH2 
 341:Core/Src/periphs/tim.c ****     */
 342:Core/Src/periphs/tim.c ****     GPIO_InitStruct.Pin = GPIO_PIN_6|GPIO_PIN_7;
ARM GAS  C:\Users\073be\AppData\Local\Temp\ccWwRfav.s 			page 15


 343:Core/Src/periphs/tim.c ****     GPIO_InitStruct.Mode = GPIO_MODE_AF_PP;
 344:Core/Src/periphs/tim.c ****     GPIO_InitStruct.Pull = GPIO_NOPULL;
 345:Core/Src/periphs/tim.c ****     GPIO_InitStruct.Speed = GPIO_SPEED_FREQ_LOW;
 346:Core/Src/periphs/tim.c ****     GPIO_InitStruct.Alternate = GPIO_AF2_TIM4;
 347:Core/Src/periphs/tim.c ****     HAL_GPIO_Init(GPIOB, &GPIO_InitStruct);
 348:Core/Src/periphs/tim.c **** 
 349:Core/Src/periphs/tim.c ****   /* USER CODE BEGIN TIM4_MspInit 1 */
 350:Core/Src/periphs/tim.c **** 
 351:Core/Src/periphs/tim.c ****   /* USER CODE END TIM4_MspInit 1 */
 352:Core/Src/periphs/tim.c ****   }
 353:Core/Src/periphs/tim.c **** }
 458              		.loc 1 353 0
 459 002a 0FB0     		add	sp, sp, #60
 460              	.LCFI18:
 461              		.cfi_remember_state
 462              		.cfi_def_cfa_offset 4
 463              		@ sp needed
 464 002c 5DF804FB 		ldr	pc, [sp], #4
 465              	.LVL22:
 466              	.L39:
 467              	.LCFI19:
 468              		.cfi_restore_state
 469              	.LBB2:
 263:Core/Src/periphs/tim.c ****   
 470              		.loc 1 263 0
 471 0030 0021     		movs	r1, #0
 472 0032 0191     		str	r1, [sp, #4]
 473 0034 444B     		ldr	r3, .L43+12
 474 0036 5A6C     		ldr	r2, [r3, #68]
 475 0038 42F00102 		orr	r2, r2, #1
 476 003c 5A64     		str	r2, [r3, #68]
 477 003e 5A6C     		ldr	r2, [r3, #68]
 478 0040 02F00102 		and	r2, r2, #1
 479 0044 0192     		str	r2, [sp, #4]
 480 0046 019A     		ldr	r2, [sp, #4]
 481              	.LBE2:
 482              	.LBB3:
 265:Core/Src/periphs/tim.c ****     /**TIM1 GPIO Configuration    
 483              		.loc 1 265 0
 484 0048 0291     		str	r1, [sp, #8]
 485 004a 1A6B     		ldr	r2, [r3, #48]
 486 004c 42F00102 		orr	r2, r2, #1
 487 0050 1A63     		str	r2, [r3, #48]
 488 0052 1B6B     		ldr	r3, [r3, #48]
 489 0054 03F00103 		and	r3, r3, #1
 490 0058 0293     		str	r3, [sp, #8]
 491 005a 029B     		ldr	r3, [sp, #8]
 492              	.LBE3:
 270:Core/Src/periphs/tim.c ****     GPIO_InitStruct.Mode = GPIO_MODE_AF_PP;
 493              		.loc 1 270 0
 494 005c 4FF44073 		mov	r3, #768
 495 0060 0993     		str	r3, [sp, #36]
 271:Core/Src/periphs/tim.c ****     GPIO_InitStruct.Pull = GPIO_NOPULL;
 496              		.loc 1 271 0
 497 0062 0223     		movs	r3, #2
 498 0064 0A93     		str	r3, [sp, #40]
 274:Core/Src/periphs/tim.c ****     HAL_GPIO_Init(GPIOA, &GPIO_InitStruct);
ARM GAS  C:\Users\073be\AppData\Local\Temp\ccWwRfav.s 			page 16


 499              		.loc 1 274 0
 500 0066 0123     		movs	r3, #1
 501 0068 0D93     		str	r3, [sp, #52]
 275:Core/Src/periphs/tim.c **** 
 502              		.loc 1 275 0
 503 006a 09A9     		add	r1, sp, #36
 504 006c 3748     		ldr	r0, .L43+16
 505              	.LVL23:
 506 006e FFF7FEFF 		bl	HAL_GPIO_Init
 507              	.LVL24:
 508 0072 DAE7     		b	.L33
 509              	.LVL25:
 510              	.L40:
 511              	.LBB4:
 287:Core/Src/periphs/tim.c ****   
 512              		.loc 1 287 0
 513 0074 0021     		movs	r1, #0
 514 0076 0391     		str	r1, [sp, #12]
 515 0078 03F50E33 		add	r3, r3, #145408
 516 007c 1A6C     		ldr	r2, [r3, #64]
 517 007e 42F00102 		orr	r2, r2, #1
 518 0082 1A64     		str	r2, [r3, #64]
 519 0084 1A6C     		ldr	r2, [r3, #64]
 520 0086 02F00102 		and	r2, r2, #1
 521 008a 0392     		str	r2, [sp, #12]
 522 008c 039A     		ldr	r2, [sp, #12]
 523              	.LBE4:
 524              	.LBB5:
 289:Core/Src/periphs/tim.c ****     /**TIM2 GPIO Configuration    
 525              		.loc 1 289 0
 526 008e 0491     		str	r1, [sp, #16]
 527 0090 1A6B     		ldr	r2, [r3, #48]
 528 0092 42F00102 		orr	r2, r2, #1
 529 0096 1A63     		str	r2, [r3, #48]
 530 0098 1B6B     		ldr	r3, [r3, #48]
 531 009a 03F00103 		and	r3, r3, #1
 532 009e 0493     		str	r3, [sp, #16]
 533 00a0 049B     		ldr	r3, [sp, #16]
 534              	.LBE5:
 294:Core/Src/periphs/tim.c ****     GPIO_InitStruct.Mode = GPIO_MODE_AF_PP;
 535              		.loc 1 294 0
 536 00a2 48F20203 		movw	r3, #32770
 537 00a6 0993     		str	r3, [sp, #36]
 295:Core/Src/periphs/tim.c ****     GPIO_InitStruct.Pull = GPIO_NOPULL;
 538              		.loc 1 295 0
 539 00a8 0223     		movs	r3, #2
 540 00aa 0A93     		str	r3, [sp, #40]
 298:Core/Src/periphs/tim.c ****     HAL_GPIO_Init(GPIOA, &GPIO_InitStruct);
 541              		.loc 1 298 0
 542 00ac 0123     		movs	r3, #1
 543 00ae 0D93     		str	r3, [sp, #52]
 299:Core/Src/periphs/tim.c **** 
 544              		.loc 1 299 0
 545 00b0 09A9     		add	r1, sp, #36
 546 00b2 2648     		ldr	r0, .L43+16
 547              	.LVL26:
 548 00b4 FFF7FEFF 		bl	HAL_GPIO_Init
ARM GAS  C:\Users\073be\AppData\Local\Temp\ccWwRfav.s 			page 17


 549              	.LVL27:
 550 00b8 B7E7     		b	.L33
 551              	.LVL28:
 552              	.L41:
 553              	.LBB6:
 311:Core/Src/periphs/tim.c ****   
 554              		.loc 1 311 0
 555 00ba 0021     		movs	r1, #0
 556 00bc 0591     		str	r1, [sp, #20]
 557 00be 224B     		ldr	r3, .L43+12
 558 00c0 1A6C     		ldr	r2, [r3, #64]
 559 00c2 42F00202 		orr	r2, r2, #2
 560 00c6 1A64     		str	r2, [r3, #64]
 561 00c8 1A6C     		ldr	r2, [r3, #64]
 562 00ca 02F00202 		and	r2, r2, #2
 563 00ce 0592     		str	r2, [sp, #20]
 564 00d0 059A     		ldr	r2, [sp, #20]
 565              	.LBE6:
 566              	.LBB7:
 313:Core/Src/periphs/tim.c ****     /**TIM3 GPIO Configuration    
 567              		.loc 1 313 0
 568 00d2 0691     		str	r1, [sp, #24]
 569 00d4 1A6B     		ldr	r2, [r3, #48]
 570 00d6 42F00102 		orr	r2, r2, #1
 571 00da 1A63     		str	r2, [r3, #48]
 572 00dc 1B6B     		ldr	r3, [r3, #48]
 573 00de 03F00103 		and	r3, r3, #1
 574 00e2 0693     		str	r3, [sp, #24]
 575 00e4 069B     		ldr	r3, [sp, #24]
 576              	.LBE7:
 318:Core/Src/periphs/tim.c ****     GPIO_InitStruct.Mode = GPIO_MODE_AF_PP;
 577              		.loc 1 318 0
 578 00e6 C023     		movs	r3, #192
 579 00e8 0993     		str	r3, [sp, #36]
 319:Core/Src/periphs/tim.c ****     GPIO_InitStruct.Pull = GPIO_NOPULL;
 580              		.loc 1 319 0
 581 00ea 0223     		movs	r3, #2
 582 00ec 0A93     		str	r3, [sp, #40]
 322:Core/Src/periphs/tim.c ****     HAL_GPIO_Init(GPIOA, &GPIO_InitStruct);
 583              		.loc 1 322 0
 584 00ee 0D93     		str	r3, [sp, #52]
 323:Core/Src/periphs/tim.c **** 
 585              		.loc 1 323 0
 586 00f0 09A9     		add	r1, sp, #36
 587 00f2 1648     		ldr	r0, .L43+16
 588              	.LVL29:
 589 00f4 FFF7FEFF 		bl	HAL_GPIO_Init
 590              	.LVL30:
 591 00f8 97E7     		b	.L33
 592              	.LVL31:
 593              	.L42:
 594              	.LBB8:
 335:Core/Src/periphs/tim.c ****   
 595              		.loc 1 335 0
 596 00fa 0021     		movs	r1, #0
 597 00fc 0791     		str	r1, [sp, #28]
 598 00fe 124B     		ldr	r3, .L43+12
ARM GAS  C:\Users\073be\AppData\Local\Temp\ccWwRfav.s 			page 18


 599 0100 1A6C     		ldr	r2, [r3, #64]
 600 0102 42F00402 		orr	r2, r2, #4
 601 0106 1A64     		str	r2, [r3, #64]
 602 0108 1A6C     		ldr	r2, [r3, #64]
 603 010a 02F00402 		and	r2, r2, #4
 604 010e 0792     		str	r2, [sp, #28]
 605 0110 079A     		ldr	r2, [sp, #28]
 606              	.LBE8:
 607              	.LBB9:
 337:Core/Src/periphs/tim.c ****     /**TIM4 GPIO Configuration    
 608              		.loc 1 337 0
 609 0112 0891     		str	r1, [sp, #32]
 610 0114 1A6B     		ldr	r2, [r3, #48]
 611 0116 42F00202 		orr	r2, r2, #2
 612 011a 1A63     		str	r2, [r3, #48]
 613 011c 1B6B     		ldr	r3, [r3, #48]
 614 011e 03F00203 		and	r3, r3, #2
 615 0122 0893     		str	r3, [sp, #32]
 616 0124 089B     		ldr	r3, [sp, #32]
 617              	.LBE9:
 342:Core/Src/periphs/tim.c ****     GPIO_InitStruct.Mode = GPIO_MODE_AF_PP;
 618              		.loc 1 342 0
 619 0126 C023     		movs	r3, #192
 620 0128 0993     		str	r3, [sp, #36]
 343:Core/Src/periphs/tim.c ****     GPIO_InitStruct.Pull = GPIO_NOPULL;
 621              		.loc 1 343 0
 622 012a 0223     		movs	r3, #2
 623 012c 0A93     		str	r3, [sp, #40]
 346:Core/Src/periphs/tim.c ****     HAL_GPIO_Init(GPIOB, &GPIO_InitStruct);
 624              		.loc 1 346 0
 625 012e 0D93     		str	r3, [sp, #52]
 347:Core/Src/periphs/tim.c **** 
 626              		.loc 1 347 0
 627 0130 09A9     		add	r1, sp, #36
 628 0132 0748     		ldr	r0, .L43+20
 629              	.LVL32:
 630 0134 FFF7FEFF 		bl	HAL_GPIO_Init
 631              	.LVL33:
 632              		.loc 1 353 0
 633 0138 77E7     		b	.L33
 634              	.L44:
 635 013a 00BF     		.align	2
 636              	.L43:
 637 013c 00000140 		.word	1073807360
 638 0140 00040040 		.word	1073742848
 639 0144 00080040 		.word	1073743872
 640 0148 00380240 		.word	1073887232
 641 014c 00000240 		.word	1073872896
 642 0150 00040240 		.word	1073873920
 643              		.cfi_endproc
 644              	.LFE131:
 646              		.section	.text.HAL_TIM_PWM_MspInit,"ax",%progbits
 647              		.align	1
 648              		.global	HAL_TIM_PWM_MspInit
 649              		.syntax unified
 650              		.thumb
 651              		.thumb_func
ARM GAS  C:\Users\073be\AppData\Local\Temp\ccWwRfav.s 			page 19


 652              		.fpu fpv4-sp-d16
 654              	HAL_TIM_PWM_MspInit:
 655              	.LFB132:
 354:Core/Src/periphs/tim.c **** 
 355:Core/Src/periphs/tim.c **** void HAL_TIM_PWM_MspInit(TIM_HandleTypeDef* tim_pwmHandle)
 356:Core/Src/periphs/tim.c **** {
 656              		.loc 1 356 0
 657              		.cfi_startproc
 658              		@ args = 0, pretend = 0, frame = 8
 659              		@ frame_needed = 0, uses_anonymous_args = 0
 660              		@ link register save eliminated.
 661              	.LVL34:
 357:Core/Src/periphs/tim.c **** 
 358:Core/Src/periphs/tim.c ****   if(tim_pwmHandle->Instance==TIM8)
 662              		.loc 1 358 0
 663 0000 0268     		ldr	r2, [r0]
 664 0002 094B     		ldr	r3, .L52
 665 0004 9A42     		cmp	r2, r3
 666 0006 00D0     		beq	.L51
 667 0008 7047     		bx	lr
 668              	.L51:
 356:Core/Src/periphs/tim.c **** 
 669              		.loc 1 356 0
 670 000a 82B0     		sub	sp, sp, #8
 671              	.LCFI20:
 672              		.cfi_def_cfa_offset 8
 673              	.LBB10:
 359:Core/Src/periphs/tim.c ****   {
 360:Core/Src/periphs/tim.c ****   /* USER CODE BEGIN TIM8_MspInit 0 */
 361:Core/Src/periphs/tim.c **** 
 362:Core/Src/periphs/tim.c ****   /* USER CODE END TIM8_MspInit 0 */
 363:Core/Src/periphs/tim.c ****     /* TIM8 clock enable */
 364:Core/Src/periphs/tim.c ****     __HAL_RCC_TIM8_CLK_ENABLE();
 674              		.loc 1 364 0
 675 000c 0023     		movs	r3, #0
 676 000e 0193     		str	r3, [sp, #4]
 677 0010 064B     		ldr	r3, .L52+4
 678 0012 5A6C     		ldr	r2, [r3, #68]
 679 0014 42F00202 		orr	r2, r2, #2
 680 0018 5A64     		str	r2, [r3, #68]
 681 001a 5B6C     		ldr	r3, [r3, #68]
 682 001c 03F00203 		and	r3, r3, #2
 683 0020 0193     		str	r3, [sp, #4]
 684 0022 019B     		ldr	r3, [sp, #4]
 685              	.LBE10:
 365:Core/Src/periphs/tim.c ****   /* USER CODE BEGIN TIM8_MspInit 1 */
 366:Core/Src/periphs/tim.c **** 
 367:Core/Src/periphs/tim.c ****   /* USER CODE END TIM8_MspInit 1 */
 368:Core/Src/periphs/tim.c ****   }
 369:Core/Src/periphs/tim.c **** }
 686              		.loc 1 369 0
 687 0024 02B0     		add	sp, sp, #8
 688              	.LCFI21:
 689              		.cfi_def_cfa_offset 0
 690              		@ sp needed
 691 0026 7047     		bx	lr
 692              	.L53:
ARM GAS  C:\Users\073be\AppData\Local\Temp\ccWwRfav.s 			page 20


 693              		.align	2
 694              	.L52:
 695 0028 00040140 		.word	1073808384
 696 002c 00380240 		.word	1073887232
 697              		.cfi_endproc
 698              	.LFE132:
 700              		.section	.text.HAL_TIM_MspPostInit,"ax",%progbits
 701              		.align	1
 702              		.global	HAL_TIM_MspPostInit
 703              		.syntax unified
 704              		.thumb
 705              		.thumb_func
 706              		.fpu fpv4-sp-d16
 708              	HAL_TIM_MspPostInit:
 709              	.LFB133:
 370:Core/Src/periphs/tim.c **** void HAL_TIM_MspPostInit(TIM_HandleTypeDef* timHandle)
 371:Core/Src/periphs/tim.c **** {
 710              		.loc 1 371 0
 711              		.cfi_startproc
 712              		@ args = 0, pretend = 0, frame = 24
 713              		@ frame_needed = 0, uses_anonymous_args = 0
 714              	.LVL35:
 715 0000 00B5     		push	{lr}
 716              	.LCFI22:
 717              		.cfi_def_cfa_offset 4
 718              		.cfi_offset 14, -4
 719 0002 87B0     		sub	sp, sp, #28
 720              	.LCFI23:
 721              		.cfi_def_cfa_offset 32
 372:Core/Src/periphs/tim.c **** 
 373:Core/Src/periphs/tim.c ****   GPIO_InitTypeDef GPIO_InitStruct = {0};
 722              		.loc 1 373 0
 723 0004 0023     		movs	r3, #0
 724 0006 0193     		str	r3, [sp, #4]
 725 0008 0293     		str	r3, [sp, #8]
 726 000a 0393     		str	r3, [sp, #12]
 727 000c 0493     		str	r3, [sp, #16]
 728 000e 0593     		str	r3, [sp, #20]
 374:Core/Src/periphs/tim.c ****   if(timHandle->Instance==TIM8)
 729              		.loc 1 374 0
 730 0010 0268     		ldr	r2, [r0]
 731 0012 03F18043 		add	r3, r3, #1073741824
 732 0016 03F58233 		add	r3, r3, #66560
 733 001a 9A42     		cmp	r2, r3
 734 001c 02D0     		beq	.L57
 735              	.LVL36:
 736              	.L54:
 375:Core/Src/periphs/tim.c ****   {
 376:Core/Src/periphs/tim.c ****   /* USER CODE BEGIN TIM8_MspPostInit 0 */
 377:Core/Src/periphs/tim.c **** 
 378:Core/Src/periphs/tim.c ****   /* USER CODE END TIM8_MspPostInit 0 */
 379:Core/Src/periphs/tim.c ****   
 380:Core/Src/periphs/tim.c ****     __HAL_RCC_GPIOC_CLK_ENABLE();
 381:Core/Src/periphs/tim.c ****     /**TIM8 GPIO Configuration    
 382:Core/Src/periphs/tim.c ****     PC6     ------> TIM8_CH1
 383:Core/Src/periphs/tim.c ****     PC7     ------> TIM8_CH2
 384:Core/Src/periphs/tim.c ****     PC8     ------> TIM8_CH3
ARM GAS  C:\Users\073be\AppData\Local\Temp\ccWwRfav.s 			page 21


 385:Core/Src/periphs/tim.c ****     PC9     ------> TIM8_CH4 
 386:Core/Src/periphs/tim.c ****     */
 387:Core/Src/periphs/tim.c ****     GPIO_InitStruct.Pin = GPIO_PIN_6|GPIO_PIN_7|GPIO_PIN_8|GPIO_PIN_9;
 388:Core/Src/periphs/tim.c ****     GPIO_InitStruct.Mode = GPIO_MODE_AF_PP;
 389:Core/Src/periphs/tim.c ****     GPIO_InitStruct.Pull = GPIO_NOPULL;
 390:Core/Src/periphs/tim.c ****     GPIO_InitStruct.Speed = GPIO_SPEED_FREQ_VERY_HIGH;
 391:Core/Src/periphs/tim.c ****     GPIO_InitStruct.Alternate = GPIO_AF3_TIM8;
 392:Core/Src/periphs/tim.c ****     HAL_GPIO_Init(GPIOC, &GPIO_InitStruct);
 393:Core/Src/periphs/tim.c **** 
 394:Core/Src/periphs/tim.c ****   /* USER CODE BEGIN TIM8_MspPostInit 1 */
 395:Core/Src/periphs/tim.c **** 
 396:Core/Src/periphs/tim.c ****   /* USER CODE END TIM8_MspPostInit 1 */
 397:Core/Src/periphs/tim.c ****   }
 398:Core/Src/periphs/tim.c **** 
 399:Core/Src/periphs/tim.c **** }
 737              		.loc 1 399 0
 738 001e 07B0     		add	sp, sp, #28
 739              	.LCFI24:
 740              		.cfi_remember_state
 741              		.cfi_def_cfa_offset 4
 742              		@ sp needed
 743 0020 5DF804FB 		ldr	pc, [sp], #4
 744              	.LVL37:
 745              	.L57:
 746              	.LCFI25:
 747              		.cfi_restore_state
 748              	.LBB11:
 380:Core/Src/periphs/tim.c ****     /**TIM8 GPIO Configuration    
 749              		.loc 1 380 0
 750 0024 0023     		movs	r3, #0
 751 0026 0093     		str	r3, [sp]
 752 0028 0B4B     		ldr	r3, .L58
 753 002a 1A6B     		ldr	r2, [r3, #48]
 754 002c 42F00402 		orr	r2, r2, #4
 755 0030 1A63     		str	r2, [r3, #48]
 756 0032 1B6B     		ldr	r3, [r3, #48]
 757 0034 03F00403 		and	r3, r3, #4
 758 0038 0093     		str	r3, [sp]
 759 003a 009B     		ldr	r3, [sp]
 760              	.LBE11:
 387:Core/Src/periphs/tim.c ****     GPIO_InitStruct.Mode = GPIO_MODE_AF_PP;
 761              		.loc 1 387 0
 762 003c 4FF47073 		mov	r3, #960
 763 0040 0193     		str	r3, [sp, #4]
 388:Core/Src/periphs/tim.c ****     GPIO_InitStruct.Pull = GPIO_NOPULL;
 764              		.loc 1 388 0
 765 0042 0223     		movs	r3, #2
 766 0044 0293     		str	r3, [sp, #8]
 390:Core/Src/periphs/tim.c ****     GPIO_InitStruct.Alternate = GPIO_AF3_TIM8;
 767              		.loc 1 390 0
 768 0046 0323     		movs	r3, #3
 769 0048 0493     		str	r3, [sp, #16]
 391:Core/Src/periphs/tim.c ****     HAL_GPIO_Init(GPIOC, &GPIO_InitStruct);
 770              		.loc 1 391 0
 771 004a 0593     		str	r3, [sp, #20]
 392:Core/Src/periphs/tim.c **** 
 772              		.loc 1 392 0
ARM GAS  C:\Users\073be\AppData\Local\Temp\ccWwRfav.s 			page 22


 773 004c 01A9     		add	r1, sp, #4
 774 004e 0348     		ldr	r0, .L58+4
 775              	.LVL38:
 776 0050 FFF7FEFF 		bl	HAL_GPIO_Init
 777              	.LVL39:
 778              		.loc 1 399 0
 779 0054 E3E7     		b	.L54
 780              	.L59:
 781 0056 00BF     		.align	2
 782              	.L58:
 783 0058 00380240 		.word	1073887232
 784 005c 00080240 		.word	1073874944
 785              		.cfi_endproc
 786              	.LFE133:
 788              		.section	.text.MX_TIM8_Init,"ax",%progbits
 789              		.align	1
 790              		.global	MX_TIM8_Init
 791              		.syntax unified
 792              		.thumb
 793              		.thumb_func
 794              		.fpu fpv4-sp-d16
 796              	MX_TIM8_Init:
 797              	.LFB130:
 194:Core/Src/periphs/tim.c ****   TIM_MasterConfigTypeDef sMasterConfig = {0};
 798              		.loc 1 194 0
 799              		.cfi_startproc
 800              		@ args = 0, pretend = 0, frame = 64
 801              		@ frame_needed = 0, uses_anonymous_args = 0
 802 0000 00B5     		push	{lr}
 803              	.LCFI26:
 804              		.cfi_def_cfa_offset 4
 805              		.cfi_offset 14, -4
 806 0002 91B0     		sub	sp, sp, #68
 807              	.LCFI27:
 808              		.cfi_def_cfa_offset 72
 195:Core/Src/periphs/tim.c ****   TIM_OC_InitTypeDef sConfigOC = {0};
 809              		.loc 1 195 0
 810 0004 0023     		movs	r3, #0
 811 0006 0E93     		str	r3, [sp, #56]
 812 0008 0F93     		str	r3, [sp, #60]
 196:Core/Src/periphs/tim.c ****   TIM_BreakDeadTimeConfigTypeDef sBreakDeadTimeConfig = {0};
 813              		.loc 1 196 0
 814 000a 0793     		str	r3, [sp, #28]
 815 000c 0893     		str	r3, [sp, #32]
 816 000e 0993     		str	r3, [sp, #36]
 817 0010 0A93     		str	r3, [sp, #40]
 818 0012 0B93     		str	r3, [sp, #44]
 819 0014 0C93     		str	r3, [sp, #48]
 820 0016 0D93     		str	r3, [sp, #52]
 197:Core/Src/periphs/tim.c **** 
 821              		.loc 1 197 0
 822 0018 0093     		str	r3, [sp]
 823 001a 0193     		str	r3, [sp, #4]
 824 001c 0293     		str	r3, [sp, #8]
 825 001e 0393     		str	r3, [sp, #12]
 826 0020 0493     		str	r3, [sp, #16]
 827 0022 0593     		str	r3, [sp, #20]
ARM GAS  C:\Users\073be\AppData\Local\Temp\ccWwRfav.s 			page 23


 828 0024 0693     		str	r3, [sp, #24]
 199:Core/Src/periphs/tim.c ****   htim8.Init.Prescaler = 0;
 829              		.loc 1 199 0
 830 0026 3148     		ldr	r0, .L76
 831 0028 314A     		ldr	r2, .L76+4
 832 002a 0260     		str	r2, [r0]
 200:Core/Src/periphs/tim.c ****   htim8.Init.CounterMode = TIM_COUNTERMODE_CENTERALIGNED1;
 833              		.loc 1 200 0
 834 002c 4360     		str	r3, [r0, #4]
 201:Core/Src/periphs/tim.c ****   htim8.Init.Period = 10499;
 835              		.loc 1 201 0
 836 002e 2022     		movs	r2, #32
 837 0030 8260     		str	r2, [r0, #8]
 202:Core/Src/periphs/tim.c ****   htim8.Init.ClockDivision = TIM_CLOCKDIVISION_DIV1;
 838              		.loc 1 202 0
 839 0032 42F60312 		movw	r2, #10499
 840 0036 C260     		str	r2, [r0, #12]
 203:Core/Src/periphs/tim.c ****   htim8.Init.RepetitionCounter = 0;
 841              		.loc 1 203 0
 842 0038 0361     		str	r3, [r0, #16]
 204:Core/Src/periphs/tim.c ****   if (HAL_TIM_PWM_Init(&htim8) != HAL_OK)
 843              		.loc 1 204 0
 844 003a 4361     		str	r3, [r0, #20]
 205:Core/Src/periphs/tim.c ****   {
 845              		.loc 1 205 0
 846 003c FFF7FEFF 		bl	HAL_TIM_PWM_Init
 847              	.LVL40:
 848 0040 0028     		cmp	r0, #0
 849 0042 3DD1     		bne	.L69
 850              	.L61:
 209:Core/Src/periphs/tim.c ****   sMasterConfig.MasterSlaveMode = TIM_MASTERSLAVEMODE_DISABLE;
 851              		.loc 1 209 0
 852 0044 0023     		movs	r3, #0
 853 0046 0E93     		str	r3, [sp, #56]
 210:Core/Src/periphs/tim.c ****   if (HAL_TIMEx_MasterConfigSynchronization(&htim8, &sMasterConfig) != HAL_OK)
 854              		.loc 1 210 0
 855 0048 0F93     		str	r3, [sp, #60]
 211:Core/Src/periphs/tim.c ****   {
 856              		.loc 1 211 0
 857 004a 0EA9     		add	r1, sp, #56
 858 004c 2748     		ldr	r0, .L76
 859 004e FFF7FEFF 		bl	HAL_TIMEx_MasterConfigSynchronization
 860              	.LVL41:
 861 0052 0028     		cmp	r0, #0
 862 0054 37D1     		bne	.L70
 863              	.L62:
 215:Core/Src/periphs/tim.c ****   sConfigOC.Pulse = 0;
 864              		.loc 1 215 0
 865 0056 6023     		movs	r3, #96
 866 0058 0793     		str	r3, [sp, #28]
 216:Core/Src/periphs/tim.c ****   sConfigOC.OCPolarity = TIM_OCPOLARITY_HIGH;
 867              		.loc 1 216 0
 868 005a 0022     		movs	r2, #0
 869 005c 0892     		str	r2, [sp, #32]
 217:Core/Src/periphs/tim.c ****   sConfigOC.OCNPolarity = TIM_OCNPOLARITY_HIGH;
 870              		.loc 1 217 0
 871 005e 0992     		str	r2, [sp, #36]
ARM GAS  C:\Users\073be\AppData\Local\Temp\ccWwRfav.s 			page 24


 218:Core/Src/periphs/tim.c ****   sConfigOC.OCFastMode = TIM_OCFAST_DISABLE;
 872              		.loc 1 218 0
 873 0060 0A92     		str	r2, [sp, #40]
 219:Core/Src/periphs/tim.c ****   sConfigOC.OCIdleState = TIM_OCIDLESTATE_RESET;
 874              		.loc 1 219 0
 875 0062 0B92     		str	r2, [sp, #44]
 220:Core/Src/periphs/tim.c ****   sConfigOC.OCNIdleState = TIM_OCNIDLESTATE_RESET;
 876              		.loc 1 220 0
 877 0064 0C92     		str	r2, [sp, #48]
 221:Core/Src/periphs/tim.c ****   if (HAL_TIM_PWM_ConfigChannel(&htim8, &sConfigOC, TIM_CHANNEL_1) != HAL_OK)
 878              		.loc 1 221 0
 879 0066 0D92     		str	r2, [sp, #52]
 222:Core/Src/periphs/tim.c ****   {
 880              		.loc 1 222 0
 881 0068 07A9     		add	r1, sp, #28
 882 006a 2048     		ldr	r0, .L76
 883 006c FFF7FEFF 		bl	HAL_TIM_PWM_ConfigChannel
 884              	.LVL42:
 885 0070 60BB     		cbnz	r0, .L71
 886              	.L63:
 226:Core/Src/periphs/tim.c ****   {
 887              		.loc 1 226 0
 888 0072 0422     		movs	r2, #4
 889 0074 07A9     		add	r1, sp, #28
 890 0076 1D48     		ldr	r0, .L76
 891 0078 FFF7FEFF 		bl	HAL_TIM_PWM_ConfigChannel
 892              	.LVL43:
 893 007c 48BB     		cbnz	r0, .L72
 894              	.L64:
 230:Core/Src/periphs/tim.c ****   {
 895              		.loc 1 230 0
 896 007e 0822     		movs	r2, #8
 897 0080 07A9     		add	r1, sp, #28
 898 0082 1A48     		ldr	r0, .L76
 899 0084 FFF7FEFF 		bl	HAL_TIM_PWM_ConfigChannel
 900              	.LVL44:
 901 0088 30BB     		cbnz	r0, .L73
 902              	.L65:
 234:Core/Src/periphs/tim.c ****   {
 903              		.loc 1 234 0
 904 008a 0C22     		movs	r2, #12
 905 008c 07A9     		add	r1, sp, #28
 906 008e 1748     		ldr	r0, .L76
 907 0090 FFF7FEFF 		bl	HAL_TIM_PWM_ConfigChannel
 908              	.LVL45:
 909 0094 18BB     		cbnz	r0, .L74
 910              	.L66:
 238:Core/Src/periphs/tim.c ****   sBreakDeadTimeConfig.OffStateIDLEMode = TIM_OSSI_DISABLE;
 911              		.loc 1 238 0
 912 0096 0023     		movs	r3, #0
 913 0098 0093     		str	r3, [sp]
 239:Core/Src/periphs/tim.c ****   sBreakDeadTimeConfig.LockLevel = TIM_LOCKLEVEL_OFF;
 914              		.loc 1 239 0
 915 009a 0193     		str	r3, [sp, #4]
 240:Core/Src/periphs/tim.c ****   sBreakDeadTimeConfig.DeadTime = 0;
 916              		.loc 1 240 0
 917 009c 0293     		str	r3, [sp, #8]
ARM GAS  C:\Users\073be\AppData\Local\Temp\ccWwRfav.s 			page 25


 241:Core/Src/periphs/tim.c ****   sBreakDeadTimeConfig.BreakState = TIM_BREAK_DISABLE;
 918              		.loc 1 241 0
 919 009e 0393     		str	r3, [sp, #12]
 242:Core/Src/periphs/tim.c ****   sBreakDeadTimeConfig.BreakPolarity = TIM_BREAKPOLARITY_HIGH;
 920              		.loc 1 242 0
 921 00a0 0493     		str	r3, [sp, #16]
 243:Core/Src/periphs/tim.c ****   sBreakDeadTimeConfig.AutomaticOutput = TIM_AUTOMATICOUTPUT_DISABLE;
 922              		.loc 1 243 0
 923 00a2 4FF40052 		mov	r2, #8192
 924 00a6 0592     		str	r2, [sp, #20]
 244:Core/Src/periphs/tim.c ****   if (HAL_TIMEx_ConfigBreakDeadTime(&htim8, &sBreakDeadTimeConfig) != HAL_OK)
 925              		.loc 1 244 0
 926 00a8 0693     		str	r3, [sp, #24]
 245:Core/Src/periphs/tim.c ****   {
 927              		.loc 1 245 0
 928 00aa 6946     		mov	r1, sp
 929 00ac 0F48     		ldr	r0, .L76
 930 00ae FFF7FEFF 		bl	HAL_TIMEx_ConfigBreakDeadTime
 931              	.LVL46:
 932 00b2 B8B9     		cbnz	r0, .L75
 933              	.L67:
 249:Core/Src/periphs/tim.c **** 
 934              		.loc 1 249 0
 935 00b4 0D48     		ldr	r0, .L76
 936 00b6 FFF7FEFF 		bl	HAL_TIM_MspPostInit
 937              	.LVL47:
 251:Core/Src/periphs/tim.c **** 
 938              		.loc 1 251 0
 939 00ba 11B0     		add	sp, sp, #68
 940              	.LCFI28:
 941              		.cfi_remember_state
 942              		.cfi_def_cfa_offset 4
 943              		@ sp needed
 944 00bc 5DF804FB 		ldr	pc, [sp], #4
 945              	.L69:
 946              	.LCFI29:
 947              		.cfi_restore_state
 207:Core/Src/periphs/tim.c ****   }
 948              		.loc 1 207 0
 949 00c0 FFF7FEFF 		bl	Error_Handler
 950              	.LVL48:
 951 00c4 BEE7     		b	.L61
 952              	.L70:
 213:Core/Src/periphs/tim.c ****   }
 953              		.loc 1 213 0
 954 00c6 FFF7FEFF 		bl	Error_Handler
 955              	.LVL49:
 956 00ca C4E7     		b	.L62
 957              	.L71:
 224:Core/Src/periphs/tim.c ****   }
 958              		.loc 1 224 0
 959 00cc FFF7FEFF 		bl	Error_Handler
 960              	.LVL50:
 961 00d0 CFE7     		b	.L63
 962              	.L72:
 228:Core/Src/periphs/tim.c ****   }
 963              		.loc 1 228 0
ARM GAS  C:\Users\073be\AppData\Local\Temp\ccWwRfav.s 			page 26


 964 00d2 FFF7FEFF 		bl	Error_Handler
 965              	.LVL51:
 966 00d6 D2E7     		b	.L64
 967              	.L73:
 232:Core/Src/periphs/tim.c ****   }
 968              		.loc 1 232 0
 969 00d8 FFF7FEFF 		bl	Error_Handler
 970              	.LVL52:
 971 00dc D5E7     		b	.L65
 972              	.L74:
 236:Core/Src/periphs/tim.c ****   }
 973              		.loc 1 236 0
 974 00de FFF7FEFF 		bl	Error_Handler
 975              	.LVL53:
 976 00e2 D8E7     		b	.L66
 977              	.L75:
 247:Core/Src/periphs/tim.c ****   }
 978              		.loc 1 247 0
 979 00e4 FFF7FEFF 		bl	Error_Handler
 980              	.LVL54:
 981 00e8 E4E7     		b	.L67
 982              	.L77:
 983 00ea 00BF     		.align	2
 984              	.L76:
 985 00ec 00000000 		.word	htim8
 986 00f0 00040140 		.word	1073808384
 987              		.cfi_endproc
 988              	.LFE130:
 990              		.section	.text.HAL_TIM_Encoder_MspDeInit,"ax",%progbits
 991              		.align	1
 992              		.global	HAL_TIM_Encoder_MspDeInit
 993              		.syntax unified
 994              		.thumb
 995              		.thumb_func
 996              		.fpu fpv4-sp-d16
 998              	HAL_TIM_Encoder_MspDeInit:
 999              	.LFB134:
 400:Core/Src/periphs/tim.c **** 
 401:Core/Src/periphs/tim.c **** void HAL_TIM_Encoder_MspDeInit(TIM_HandleTypeDef* tim_encoderHandle)
 402:Core/Src/periphs/tim.c **** {
 1000              		.loc 1 402 0
 1001              		.cfi_startproc
 1002              		@ args = 0, pretend = 0, frame = 0
 1003              		@ frame_needed = 0, uses_anonymous_args = 0
 1004              	.LVL55:
 1005 0000 08B5     		push	{r3, lr}
 1006              	.LCFI30:
 1007              		.cfi_def_cfa_offset 8
 1008              		.cfi_offset 3, -8
 1009              		.cfi_offset 14, -4
 403:Core/Src/periphs/tim.c **** 
 404:Core/Src/periphs/tim.c ****   if(tim_encoderHandle->Instance==TIM1)
 1010              		.loc 1 404 0
 1011 0002 0368     		ldr	r3, [r0]
 1012 0004 1C4A     		ldr	r2, .L88
 1013 0006 9342     		cmp	r3, r2
 1014 0008 09D0     		beq	.L84
ARM GAS  C:\Users\073be\AppData\Local\Temp\ccWwRfav.s 			page 27


 405:Core/Src/periphs/tim.c ****   {
 406:Core/Src/periphs/tim.c ****   /* USER CODE BEGIN TIM1_MspDeInit 0 */
 407:Core/Src/periphs/tim.c **** 
 408:Core/Src/periphs/tim.c ****   /* USER CODE END TIM1_MspDeInit 0 */
 409:Core/Src/periphs/tim.c ****     /* Peripheral clock disable */
 410:Core/Src/periphs/tim.c ****     __HAL_RCC_TIM1_CLK_DISABLE();
 411:Core/Src/periphs/tim.c ****   
 412:Core/Src/periphs/tim.c ****     /**TIM1 GPIO Configuration    
 413:Core/Src/periphs/tim.c ****     PA8     ------> TIM1_CH1
 414:Core/Src/periphs/tim.c ****     PA9     ------> TIM1_CH2 
 415:Core/Src/periphs/tim.c ****     */
 416:Core/Src/periphs/tim.c ****     HAL_GPIO_DeInit(GPIOA, GPIO_PIN_8|GPIO_PIN_9);
 417:Core/Src/periphs/tim.c **** 
 418:Core/Src/periphs/tim.c ****   /* USER CODE BEGIN TIM1_MspDeInit 1 */
 419:Core/Src/periphs/tim.c **** 
 420:Core/Src/periphs/tim.c ****   /* USER CODE END TIM1_MspDeInit 1 */
 421:Core/Src/periphs/tim.c ****   }
 422:Core/Src/periphs/tim.c ****   else if(tim_encoderHandle->Instance==TIM2)
 1015              		.loc 1 422 0
 1016 000a B3F1804F 		cmp	r3, #1073741824
 1017 000e 12D0     		beq	.L85
 423:Core/Src/periphs/tim.c ****   {
 424:Core/Src/periphs/tim.c ****   /* USER CODE BEGIN TIM2_MspDeInit 0 */
 425:Core/Src/periphs/tim.c **** 
 426:Core/Src/periphs/tim.c ****   /* USER CODE END TIM2_MspDeInit 0 */
 427:Core/Src/periphs/tim.c ****     /* Peripheral clock disable */
 428:Core/Src/periphs/tim.c ****     __HAL_RCC_TIM2_CLK_DISABLE();
 429:Core/Src/periphs/tim.c ****   
 430:Core/Src/periphs/tim.c ****     /**TIM2 GPIO Configuration    
 431:Core/Src/periphs/tim.c ****     PA1     ------> TIM2_CH2
 432:Core/Src/periphs/tim.c ****     PA15     ------> TIM2_CH1 
 433:Core/Src/periphs/tim.c ****     */
 434:Core/Src/periphs/tim.c ****     HAL_GPIO_DeInit(GPIOA, GPIO_PIN_1|GPIO_PIN_15);
 435:Core/Src/periphs/tim.c **** 
 436:Core/Src/periphs/tim.c ****   /* USER CODE BEGIN TIM2_MspDeInit 1 */
 437:Core/Src/periphs/tim.c **** 
 438:Core/Src/periphs/tim.c ****   /* USER CODE END TIM2_MspDeInit 1 */
 439:Core/Src/periphs/tim.c ****   }
 440:Core/Src/periphs/tim.c ****   else if(tim_encoderHandle->Instance==TIM3)
 1018              		.loc 1 440 0
 1019 0010 1A4A     		ldr	r2, .L88+4
 1020 0012 9342     		cmp	r3, r2
 1021 0014 1AD0     		beq	.L86
 441:Core/Src/periphs/tim.c ****   {
 442:Core/Src/periphs/tim.c ****   /* USER CODE BEGIN TIM3_MspDeInit 0 */
 443:Core/Src/periphs/tim.c **** 
 444:Core/Src/periphs/tim.c ****   /* USER CODE END TIM3_MspDeInit 0 */
 445:Core/Src/periphs/tim.c ****     /* Peripheral clock disable */
 446:Core/Src/periphs/tim.c ****     __HAL_RCC_TIM3_CLK_DISABLE();
 447:Core/Src/periphs/tim.c ****   
 448:Core/Src/periphs/tim.c ****     /**TIM3 GPIO Configuration    
 449:Core/Src/periphs/tim.c ****     PA6     ------> TIM3_CH1
 450:Core/Src/periphs/tim.c ****     PA7     ------> TIM3_CH2 
 451:Core/Src/periphs/tim.c ****     */
 452:Core/Src/periphs/tim.c ****     HAL_GPIO_DeInit(GPIOA, GPIO_PIN_6|GPIO_PIN_7);
 453:Core/Src/periphs/tim.c **** 
 454:Core/Src/periphs/tim.c ****   /* USER CODE BEGIN TIM3_MspDeInit 1 */
ARM GAS  C:\Users\073be\AppData\Local\Temp\ccWwRfav.s 			page 28


 455:Core/Src/periphs/tim.c **** 
 456:Core/Src/periphs/tim.c ****   /* USER CODE END TIM3_MspDeInit 1 */
 457:Core/Src/periphs/tim.c ****   }
 458:Core/Src/periphs/tim.c ****   else if(tim_encoderHandle->Instance==TIM4)
 1022              		.loc 1 458 0
 1023 0016 1A4A     		ldr	r2, .L88+8
 1024 0018 9342     		cmp	r3, r2
 1025 001a 22D0     		beq	.L87
 1026              	.LVL56:
 1027              	.L78:
 459:Core/Src/periphs/tim.c ****   {
 460:Core/Src/periphs/tim.c ****   /* USER CODE BEGIN TIM4_MspDeInit 0 */
 461:Core/Src/periphs/tim.c **** 
 462:Core/Src/periphs/tim.c ****   /* USER CODE END TIM4_MspDeInit 0 */
 463:Core/Src/periphs/tim.c ****     /* Peripheral clock disable */
 464:Core/Src/periphs/tim.c ****     __HAL_RCC_TIM4_CLK_DISABLE();
 465:Core/Src/periphs/tim.c ****   
 466:Core/Src/periphs/tim.c ****     /**TIM4 GPIO Configuration    
 467:Core/Src/periphs/tim.c ****     PB6     ------> TIM4_CH1
 468:Core/Src/periphs/tim.c ****     PB7     ------> TIM4_CH2 
 469:Core/Src/periphs/tim.c ****     */
 470:Core/Src/periphs/tim.c ****     HAL_GPIO_DeInit(GPIOB, GPIO_PIN_6|GPIO_PIN_7);
 471:Core/Src/periphs/tim.c **** 
 472:Core/Src/periphs/tim.c ****   /* USER CODE BEGIN TIM4_MspDeInit 1 */
 473:Core/Src/periphs/tim.c **** 
 474:Core/Src/periphs/tim.c ****   /* USER CODE END TIM4_MspDeInit 1 */
 475:Core/Src/periphs/tim.c ****   }
 476:Core/Src/periphs/tim.c **** }
 1028              		.loc 1 476 0
 1029 001c 08BD     		pop	{r3, pc}
 1030              	.LVL57:
 1031              	.L84:
 410:Core/Src/periphs/tim.c ****   
 1032              		.loc 1 410 0
 1033 001e 02F59C32 		add	r2, r2, #79872
 1034 0022 536C     		ldr	r3, [r2, #68]
 1035 0024 23F00103 		bic	r3, r3, #1
 1036 0028 5364     		str	r3, [r2, #68]
 416:Core/Src/periphs/tim.c **** 
 1037              		.loc 1 416 0
 1038 002a 4FF44071 		mov	r1, #768
 1039 002e 1548     		ldr	r0, .L88+12
 1040              	.LVL58:
 1041 0030 FFF7FEFF 		bl	HAL_GPIO_DeInit
 1042              	.LVL59:
 1043 0034 F2E7     		b	.L78
 1044              	.LVL60:
 1045              	.L85:
 428:Core/Src/periphs/tim.c ****   
 1046              		.loc 1 428 0
 1047 0036 144A     		ldr	r2, .L88+16
 1048 0038 136C     		ldr	r3, [r2, #64]
 1049 003a 23F00103 		bic	r3, r3, #1
 1050 003e 1364     		str	r3, [r2, #64]
 434:Core/Src/periphs/tim.c **** 
 1051              		.loc 1 434 0
 1052 0040 48F20201 		movw	r1, #32770
ARM GAS  C:\Users\073be\AppData\Local\Temp\ccWwRfav.s 			page 29


 1053 0044 0F48     		ldr	r0, .L88+12
 1054              	.LVL61:
 1055 0046 FFF7FEFF 		bl	HAL_GPIO_DeInit
 1056              	.LVL62:
 1057 004a E7E7     		b	.L78
 1058              	.LVL63:
 1059              	.L86:
 446:Core/Src/periphs/tim.c ****   
 1060              		.loc 1 446 0
 1061 004c 02F50D32 		add	r2, r2, #144384
 1062 0050 136C     		ldr	r3, [r2, #64]
 1063 0052 23F00203 		bic	r3, r3, #2
 1064 0056 1364     		str	r3, [r2, #64]
 452:Core/Src/periphs/tim.c **** 
 1065              		.loc 1 452 0
 1066 0058 C021     		movs	r1, #192
 1067 005a 0A48     		ldr	r0, .L88+12
 1068              	.LVL64:
 1069 005c FFF7FEFF 		bl	HAL_GPIO_DeInit
 1070              	.LVL65:
 1071 0060 DCE7     		b	.L78
 1072              	.LVL66:
 1073              	.L87:
 464:Core/Src/periphs/tim.c ****   
 1074              		.loc 1 464 0
 1075 0062 02F50C32 		add	r2, r2, #143360
 1076 0066 136C     		ldr	r3, [r2, #64]
 1077 0068 23F00403 		bic	r3, r3, #4
 1078 006c 1364     		str	r3, [r2, #64]
 470:Core/Src/periphs/tim.c **** 
 1079              		.loc 1 470 0
 1080 006e C021     		movs	r1, #192
 1081 0070 0648     		ldr	r0, .L88+20
 1082              	.LVL67:
 1083 0072 FFF7FEFF 		bl	HAL_GPIO_DeInit
 1084              	.LVL68:
 1085              		.loc 1 476 0
 1086 0076 D1E7     		b	.L78
 1087              	.L89:
 1088              		.align	2
 1089              	.L88:
 1090 0078 00000140 		.word	1073807360
 1091 007c 00040040 		.word	1073742848
 1092 0080 00080040 		.word	1073743872
 1093 0084 00000240 		.word	1073872896
 1094 0088 00380240 		.word	1073887232
 1095 008c 00040240 		.word	1073873920
 1096              		.cfi_endproc
 1097              	.LFE134:
 1099              		.section	.text.HAL_TIM_PWM_MspDeInit,"ax",%progbits
 1100              		.align	1
 1101              		.global	HAL_TIM_PWM_MspDeInit
 1102              		.syntax unified
 1103              		.thumb
 1104              		.thumb_func
 1105              		.fpu fpv4-sp-d16
 1107              	HAL_TIM_PWM_MspDeInit:
ARM GAS  C:\Users\073be\AppData\Local\Temp\ccWwRfav.s 			page 30


 1108              	.LFB135:
 477:Core/Src/periphs/tim.c **** 
 478:Core/Src/periphs/tim.c **** void HAL_TIM_PWM_MspDeInit(TIM_HandleTypeDef* tim_pwmHandle)
 479:Core/Src/periphs/tim.c **** {
 1109              		.loc 1 479 0
 1110              		.cfi_startproc
 1111              		@ args = 0, pretend = 0, frame = 0
 1112              		@ frame_needed = 0, uses_anonymous_args = 0
 1113              		@ link register save eliminated.
 1114              	.LVL69:
 480:Core/Src/periphs/tim.c **** 
 481:Core/Src/periphs/tim.c ****   if(tim_pwmHandle->Instance==TIM8)
 1115              		.loc 1 481 0
 1116 0000 0268     		ldr	r2, [r0]
 1117 0002 054B     		ldr	r3, .L93
 1118 0004 9A42     		cmp	r2, r3
 1119 0006 00D0     		beq	.L92
 1120              	.L90:
 482:Core/Src/periphs/tim.c ****   {
 483:Core/Src/periphs/tim.c ****   /* USER CODE BEGIN TIM8_MspDeInit 0 */
 484:Core/Src/periphs/tim.c **** 
 485:Core/Src/periphs/tim.c ****   /* USER CODE END TIM8_MspDeInit 0 */
 486:Core/Src/periphs/tim.c ****     /* Peripheral clock disable */
 487:Core/Src/periphs/tim.c ****     __HAL_RCC_TIM8_CLK_DISABLE();
 488:Core/Src/periphs/tim.c ****   /* USER CODE BEGIN TIM8_MspDeInit 1 */
 489:Core/Src/periphs/tim.c **** 
 490:Core/Src/periphs/tim.c ****   /* USER CODE END TIM8_MspDeInit 1 */
 491:Core/Src/periphs/tim.c ****   }
 492:Core/Src/periphs/tim.c **** } 
 1121              		.loc 1 492 0
 1122 0008 7047     		bx	lr
 1123              	.L92:
 487:Core/Src/periphs/tim.c ****   /* USER CODE BEGIN TIM8_MspDeInit 1 */
 1124              		.loc 1 487 0
 1125 000a 044A     		ldr	r2, .L93+4
 1126 000c 536C     		ldr	r3, [r2, #68]
 1127 000e 23F00203 		bic	r3, r3, #2
 1128 0012 5364     		str	r3, [r2, #68]
 1129              		.loc 1 492 0
 1130 0014 F8E7     		b	.L90
 1131              	.L94:
 1132 0016 00BF     		.align	2
 1133              	.L93:
 1134 0018 00040140 		.word	1073808384
 1135 001c 00380240 		.word	1073887232
 1136              		.cfi_endproc
 1137              	.LFE135:
 1139              		.comm	htim8,60,4
 1140              		.comm	htim4,60,4
 1141              		.comm	htim3,60,4
 1142              		.comm	htim2,60,4
 1143              		.comm	htim1,60,4
 1144              		.text
 1145              	.Letext0:
 1146              		.file 2 "c:\\program files (x86)\\gnu tools arm embedded\\7 2017-q4-major\\arm-none-eabi\\include\
 1147              		.file 3 "c:\\program files (x86)\\gnu tools arm embedded\\7 2017-q4-major\\arm-none-eabi\\include\
 1148              		.file 4 "C:/Users/073be/STM32Cube/Repository/STM32Cube_FW_F4_V1.23.0/Drivers/CMSIS/Include/core_cm
ARM GAS  C:\Users\073be\AppData\Local\Temp\ccWwRfav.s 			page 31


 1149              		.file 5 "C:/Users/073be/STM32Cube/Repository/STM32Cube_FW_F4_V1.23.0/Drivers/CMSIS/Device/ST/STM32
 1150              		.file 6 "C:/Users/073be/STM32Cube/Repository/STM32Cube_FW_F4_V1.23.0/Drivers/CMSIS/Device/ST/STM32
 1151              		.file 7 "c:\\program files (x86)\\gnu tools arm embedded\\7 2017-q4-major\\arm-none-eabi\\include\
 1152              		.file 8 "c:\\program files (x86)\\gnu tools arm embedded\\7 2017-q4-major\\arm-none-eabi\\include\
 1153              		.file 9 "c:\\program files (x86)\\gnu tools arm embedded\\7 2017-q4-major\\lib\\gcc\\arm-none-eabi
 1154              		.file 10 "c:\\program files (x86)\\gnu tools arm embedded\\7 2017-q4-major\\arm-none-eabi\\include
 1155              		.file 11 "C:/Users/073be/STM32Cube/Repository/STM32Cube_FW_F4_V1.23.0/Drivers/STM32F4xx_HAL_Driver
 1156              		.file 12 "C:/Users/073be/STM32Cube/Repository/STM32Cube_FW_F4_V1.23.0/Drivers/STM32F4xx_HAL_Driver
 1157              		.file 13 "C:/Users/073be/STM32Cube/Repository/STM32Cube_FW_F4_V1.23.0/Drivers/STM32F4xx_HAL_Driver
 1158              		.file 14 "C:/Users/073be/STM32Cube/Repository/STM32Cube_FW_F4_V1.23.0/Drivers/STM32F4xx_HAL_Driver
 1159              		.file 15 "C:/Users/073be/STM32Cube/Repository/STM32Cube_FW_F4_V1.23.0/Drivers/STM32F4xx_HAL_Driver
 1160              		.file 16 "Core/Inc\\periphs/tim.h"
 1161              		.file 17 "Core/Inc/main.h"
 1162              		.file 18 "<built-in>"
ARM GAS  C:\Users\073be\AppData\Local\Temp\ccWwRfav.s 			page 32


DEFINED SYMBOLS
                            *ABS*:00000000 tim.c
C:\Users\073be\AppData\Local\Temp\ccWwRfav.s:18     .text.MX_TIM1_Init:00000000 $t
C:\Users\073be\AppData\Local\Temp\ccWwRfav.s:25     .text.MX_TIM1_Init:00000000 MX_TIM1_Init
C:\Users\073be\AppData\Local\Temp\ccWwRfav.s:113    .text.MX_TIM1_Init:0000005c $d
                            *COM*:0000003c htim1
C:\Users\073be\AppData\Local\Temp\ccWwRfav.s:119    .text.MX_TIM2_Init:00000000 $t
C:\Users\073be\AppData\Local\Temp\ccWwRfav.s:126    .text.MX_TIM2_Init:00000000 MX_TIM2_Init
C:\Users\073be\AppData\Local\Temp\ccWwRfav.s:211    .text.MX_TIM2_Init:0000005c $d
                            *COM*:0000003c htim2
C:\Users\073be\AppData\Local\Temp\ccWwRfav.s:216    .text.MX_TIM3_Init:00000000 $t
C:\Users\073be\AppData\Local\Temp\ccWwRfav.s:223    .text.MX_TIM3_Init:00000000 MX_TIM3_Init
C:\Users\073be\AppData\Local\Temp\ccWwRfav.s:308    .text.MX_TIM3_Init:0000005c $d
                            *COM*:0000003c htim3
C:\Users\073be\AppData\Local\Temp\ccWwRfav.s:314    .text.MX_TIM4_Init:00000000 $t
C:\Users\073be\AppData\Local\Temp\ccWwRfav.s:321    .text.MX_TIM4_Init:00000000 MX_TIM4_Init
C:\Users\073be\AppData\Local\Temp\ccWwRfav.s:406    .text.MX_TIM4_Init:0000005c $d
                            *COM*:0000003c htim4
C:\Users\073be\AppData\Local\Temp\ccWwRfav.s:412    .text.HAL_TIM_Encoder_MspInit:00000000 $t
C:\Users\073be\AppData\Local\Temp\ccWwRfav.s:419    .text.HAL_TIM_Encoder_MspInit:00000000 HAL_TIM_Encoder_MspInit
C:\Users\073be\AppData\Local\Temp\ccWwRfav.s:637    .text.HAL_TIM_Encoder_MspInit:0000013c $d
C:\Users\073be\AppData\Local\Temp\ccWwRfav.s:647    .text.HAL_TIM_PWM_MspInit:00000000 $t
C:\Users\073be\AppData\Local\Temp\ccWwRfav.s:654    .text.HAL_TIM_PWM_MspInit:00000000 HAL_TIM_PWM_MspInit
C:\Users\073be\AppData\Local\Temp\ccWwRfav.s:695    .text.HAL_TIM_PWM_MspInit:00000028 $d
C:\Users\073be\AppData\Local\Temp\ccWwRfav.s:701    .text.HAL_TIM_MspPostInit:00000000 $t
C:\Users\073be\AppData\Local\Temp\ccWwRfav.s:708    .text.HAL_TIM_MspPostInit:00000000 HAL_TIM_MspPostInit
C:\Users\073be\AppData\Local\Temp\ccWwRfav.s:783    .text.HAL_TIM_MspPostInit:00000058 $d
C:\Users\073be\AppData\Local\Temp\ccWwRfav.s:789    .text.MX_TIM8_Init:00000000 $t
C:\Users\073be\AppData\Local\Temp\ccWwRfav.s:796    .text.MX_TIM8_Init:00000000 MX_TIM8_Init
C:\Users\073be\AppData\Local\Temp\ccWwRfav.s:985    .text.MX_TIM8_Init:000000ec $d
                            *COM*:0000003c htim8
C:\Users\073be\AppData\Local\Temp\ccWwRfav.s:991    .text.HAL_TIM_Encoder_MspDeInit:00000000 $t
C:\Users\073be\AppData\Local\Temp\ccWwRfav.s:998    .text.HAL_TIM_Encoder_MspDeInit:00000000 HAL_TIM_Encoder_MspDeInit
C:\Users\073be\AppData\Local\Temp\ccWwRfav.s:1090   .text.HAL_TIM_Encoder_MspDeInit:00000078 $d
C:\Users\073be\AppData\Local\Temp\ccWwRfav.s:1100   .text.HAL_TIM_PWM_MspDeInit:00000000 $t
C:\Users\073be\AppData\Local\Temp\ccWwRfav.s:1107   .text.HAL_TIM_PWM_MspDeInit:00000000 HAL_TIM_PWM_MspDeInit
C:\Users\073be\AppData\Local\Temp\ccWwRfav.s:1134   .text.HAL_TIM_PWM_MspDeInit:00000018 $d

UNDEFINED SYMBOLS
memset
HAL_TIM_Encoder_Init
HAL_TIMEx_MasterConfigSynchronization
Error_Handler
HAL_GPIO_Init
HAL_TIM_PWM_Init
HAL_TIM_PWM_ConfigChannel
HAL_TIMEx_ConfigBreakDeadTime
HAL_GPIO_DeInit
