ARM GAS  C:\Users\073be\AppData\Local\Temp\ccN30U7Q.s 			page 1


   1              		.cpu cortex-m4
   2              		.eabi_attribute 27, 1
   3              		.eabi_attribute 28, 1
   4              		.eabi_attribute 20, 1
   5              		.eabi_attribute 21, 1
   6              		.eabi_attribute 23, 3
   7              		.eabi_attribute 24, 1
   8              		.eabi_attribute 25, 1
   9              		.eabi_attribute 26, 1
  10              		.eabi_attribute 30, 1
  11              		.eabi_attribute 34, 1
  12              		.eabi_attribute 18, 4
  13              		.file	"usb_device.c"
  14              		.text
  15              	.Ltext0:
  16              		.cfi_sections	.debug_frame
  17              		.section	.text.MX_USB_DEVICE_Init,"ax",%progbits
  18              		.align	1
  19              		.global	MX_USB_DEVICE_Init
  20              		.syntax unified
  21              		.thumb
  22              		.thumb_func
  23              		.fpu fpv4-sp-d16
  25              	MX_USB_DEVICE_Init:
  26              	.LFB126:
  27              		.file 1 "USB_DEVICE/App/usb_device.c"
   1:USB_DEVICE/App/usb_device.c **** /**
   2:USB_DEVICE/App/usb_device.c ****   ******************************************************************************
   3:USB_DEVICE/App/usb_device.c ****   * @file           : usb_device.c
   4:USB_DEVICE/App/usb_device.c ****   * @version        : v1.0_Cube
   5:USB_DEVICE/App/usb_device.c ****   * @brief          : This file implements the USB Device
   6:USB_DEVICE/App/usb_device.c ****   ******************************************************************************
   7:USB_DEVICE/App/usb_device.c ****   * This notice applies to any and all portions of this file
   8:USB_DEVICE/App/usb_device.c ****   * that are not between comment pairs USER CODE BEGIN and
   9:USB_DEVICE/App/usb_device.c ****   * USER CODE END. Other portions of this file, whether 
  10:USB_DEVICE/App/usb_device.c ****   * inserted by the user or by software development tools
  11:USB_DEVICE/App/usb_device.c ****   * are owned by their respective copyright owners.
  12:USB_DEVICE/App/usb_device.c ****   *
  13:USB_DEVICE/App/usb_device.c ****   * Copyright (c) 2018 STMicroelectronics International N.V. 
  14:USB_DEVICE/App/usb_device.c ****   * All rights reserved.
  15:USB_DEVICE/App/usb_device.c ****   *
  16:USB_DEVICE/App/usb_device.c ****   * Redistribution and use in source and binary forms, with or without 
  17:USB_DEVICE/App/usb_device.c ****   * modification, are permitted, provided that the following conditions are met:
  18:USB_DEVICE/App/usb_device.c ****   *
  19:USB_DEVICE/App/usb_device.c ****   * 1. Redistribution of source code must retain the above copyright notice, 
  20:USB_DEVICE/App/usb_device.c ****   *    this list of conditions and the following disclaimer.
  21:USB_DEVICE/App/usb_device.c ****   * 2. Redistributions in binary form must reproduce the above copyright notice,
  22:USB_DEVICE/App/usb_device.c ****   *    this list of conditions and the following disclaimer in the documentation
  23:USB_DEVICE/App/usb_device.c ****   *    and/or other materials provided with the distribution.
  24:USB_DEVICE/App/usb_device.c ****   * 3. Neither the name of STMicroelectronics nor the names of other 
  25:USB_DEVICE/App/usb_device.c ****   *    contributors to this software may be used to endorse or promote products 
  26:USB_DEVICE/App/usb_device.c ****   *    derived from this software without specific written permission.
  27:USB_DEVICE/App/usb_device.c ****   * 4. This software, including modifications and/or derivative works of this 
  28:USB_DEVICE/App/usb_device.c ****   *    software, must execute solely and exclusively on microcontroller or
  29:USB_DEVICE/App/usb_device.c ****   *    microprocessor devices manufactured by or for STMicroelectronics.
  30:USB_DEVICE/App/usb_device.c ****   * 5. Redistribution and use of this software other than as permitted under 
  31:USB_DEVICE/App/usb_device.c ****   *    this license is void and will automatically terminate your rights under 
ARM GAS  C:\Users\073be\AppData\Local\Temp\ccN30U7Q.s 			page 2


  32:USB_DEVICE/App/usb_device.c ****   *    this license. 
  33:USB_DEVICE/App/usb_device.c ****   *
  34:USB_DEVICE/App/usb_device.c ****   * THIS SOFTWARE IS PROVIDED BY STMICROELECTRONICS AND CONTRIBUTORS "AS IS" 
  35:USB_DEVICE/App/usb_device.c ****   * AND ANY EXPRESS, IMPLIED OR STATUTORY WARRANTIES, INCLUDING, BUT NOT 
  36:USB_DEVICE/App/usb_device.c ****   * LIMITED TO, THE IMPLIED WARRANTIES OF MERCHANTABILITY, FITNESS FOR A 
  37:USB_DEVICE/App/usb_device.c ****   * PARTICULAR PURPOSE AND NON-INFRINGEMENT OF THIRD PARTY INTELLECTUAL PROPERTY
  38:USB_DEVICE/App/usb_device.c ****   * RIGHTS ARE DISCLAIMED TO THE FULLEST EXTENT PERMITTED BY LAW. IN NO EVENT 
  39:USB_DEVICE/App/usb_device.c ****   * SHALL STMICROELECTRONICS OR CONTRIBUTORS BE LIABLE FOR ANY DIRECT, INDIRECT,
  40:USB_DEVICE/App/usb_device.c ****   * INCIDENTAL, SPECIAL, EXEMPLARY, OR CONSEQUENTIAL DAMAGES (INCLUDING, BUT NOT
  41:USB_DEVICE/App/usb_device.c ****   * LIMITED TO, PROCUREMENT OF SUBSTITUTE GOODS OR SERVICES; LOSS OF USE, DATA, 
  42:USB_DEVICE/App/usb_device.c ****   * OR PROFITS; OR BUSINESS INTERRUPTION) HOWEVER CAUSED AND ON ANY THEORY OF 
  43:USB_DEVICE/App/usb_device.c ****   * LIABILITY, WHETHER IN CONTRACT, STRICT LIABILITY, OR TORT (INCLUDING 
  44:USB_DEVICE/App/usb_device.c ****   * NEGLIGENCE OR OTHERWISE) ARISING IN ANY WAY OUT OF THE USE OF THIS SOFTWARE,
  45:USB_DEVICE/App/usb_device.c ****   * EVEN IF ADVISED OF THE POSSIBILITY OF SUCH DAMAGE.
  46:USB_DEVICE/App/usb_device.c ****   *
  47:USB_DEVICE/App/usb_device.c ****   ******************************************************************************
  48:USB_DEVICE/App/usb_device.c ****   */
  49:USB_DEVICE/App/usb_device.c **** 
  50:USB_DEVICE/App/usb_device.c **** /* Includes ------------------------------------------------------------------*/
  51:USB_DEVICE/App/usb_device.c **** 
  52:USB_DEVICE/App/usb_device.c **** #include "usb_device.h"
  53:USB_DEVICE/App/usb_device.c **** #include "usbd_core.h"
  54:USB_DEVICE/App/usb_device.c **** #include "usbd_desc.h"
  55:USB_DEVICE/App/usb_device.c **** #include "usbd_cdc.h"
  56:USB_DEVICE/App/usb_device.c **** #include "usbd_cdc_if.h"
  57:USB_DEVICE/App/usb_device.c **** 
  58:USB_DEVICE/App/usb_device.c **** /* USER CODE BEGIN Includes */
  59:USB_DEVICE/App/usb_device.c **** 
  60:USB_DEVICE/App/usb_device.c **** /* USER CODE END Includes */
  61:USB_DEVICE/App/usb_device.c **** 
  62:USB_DEVICE/App/usb_device.c **** /* USER CODE BEGIN PV */
  63:USB_DEVICE/App/usb_device.c **** /* Private variables ---------------------------------------------------------*/
  64:USB_DEVICE/App/usb_device.c **** 
  65:USB_DEVICE/App/usb_device.c **** /* USER CODE END PV */
  66:USB_DEVICE/App/usb_device.c **** 
  67:USB_DEVICE/App/usb_device.c **** /* USER CODE BEGIN PFP */
  68:USB_DEVICE/App/usb_device.c **** /* Private function prototypes -----------------------------------------------*/
  69:USB_DEVICE/App/usb_device.c **** 
  70:USB_DEVICE/App/usb_device.c **** /* USER CODE END PFP */
  71:USB_DEVICE/App/usb_device.c **** 
  72:USB_DEVICE/App/usb_device.c **** /* USB Device Core handle declaration. */
  73:USB_DEVICE/App/usb_device.c **** USBD_HandleTypeDef hUsbDeviceFS;
  74:USB_DEVICE/App/usb_device.c **** 
  75:USB_DEVICE/App/usb_device.c **** /*
  76:USB_DEVICE/App/usb_device.c ****  * -- Insert your variables declaration here --
  77:USB_DEVICE/App/usb_device.c ****  */
  78:USB_DEVICE/App/usb_device.c **** /* USER CODE BEGIN 0 */
  79:USB_DEVICE/App/usb_device.c **** 
  80:USB_DEVICE/App/usb_device.c **** /* USER CODE END 0 */
  81:USB_DEVICE/App/usb_device.c **** 
  82:USB_DEVICE/App/usb_device.c **** /*
  83:USB_DEVICE/App/usb_device.c ****  * -- Insert your external function declaration here --
  84:USB_DEVICE/App/usb_device.c ****  */
  85:USB_DEVICE/App/usb_device.c **** /* USER CODE BEGIN 1 */
  86:USB_DEVICE/App/usb_device.c **** 
  87:USB_DEVICE/App/usb_device.c **** /* USER CODE END 1 */
  88:USB_DEVICE/App/usb_device.c **** 
ARM GAS  C:\Users\073be\AppData\Local\Temp\ccN30U7Q.s 			page 3


  89:USB_DEVICE/App/usb_device.c **** /**
  90:USB_DEVICE/App/usb_device.c ****   * Init USB device Library, add supported class and start the library
  91:USB_DEVICE/App/usb_device.c ****   * @retval None
  92:USB_DEVICE/App/usb_device.c ****   */
  93:USB_DEVICE/App/usb_device.c **** void MX_USB_DEVICE_Init(void)
  94:USB_DEVICE/App/usb_device.c **** {
  28              		.loc 1 94 0
  29              		.cfi_startproc
  30              		@ args = 0, pretend = 0, frame = 0
  31              		@ frame_needed = 0, uses_anonymous_args = 0
  32 0000 10B5     		push	{r4, lr}
  33              	.LCFI0:
  34              		.cfi_def_cfa_offset 8
  35              		.cfi_offset 4, -8
  36              		.cfi_offset 14, -4
  95:USB_DEVICE/App/usb_device.c ****   /* USER CODE BEGIN USB_DEVICE_Init_PreTreatment */
  96:USB_DEVICE/App/usb_device.c ****   
  97:USB_DEVICE/App/usb_device.c ****   /* USER CODE END USB_DEVICE_Init_PreTreatment */
  98:USB_DEVICE/App/usb_device.c ****   
  99:USB_DEVICE/App/usb_device.c ****   /* Init Device Library, add supported class and start the library. */
 100:USB_DEVICE/App/usb_device.c ****   USBD_Init(&hUsbDeviceFS, &FS_Desc, DEVICE_FS);
  37              		.loc 1 100 0
  38 0002 094C     		ldr	r4, .L3
  39 0004 0022     		movs	r2, #0
  40 0006 0949     		ldr	r1, .L3+4
  41 0008 2046     		mov	r0, r4
  42 000a FFF7FEFF 		bl	USBD_Init
  43              	.LVL0:
 101:USB_DEVICE/App/usb_device.c **** 
 102:USB_DEVICE/App/usb_device.c ****   USBD_RegisterClass(&hUsbDeviceFS, &USBD_CDC);
  44              		.loc 1 102 0
  45 000e 0849     		ldr	r1, .L3+8
  46 0010 2046     		mov	r0, r4
  47 0012 FFF7FEFF 		bl	USBD_RegisterClass
  48              	.LVL1:
 103:USB_DEVICE/App/usb_device.c **** 
 104:USB_DEVICE/App/usb_device.c ****   USBD_CDC_RegisterInterface(&hUsbDeviceFS, &USBD_Interface_fops_FS);
  49              		.loc 1 104 0
  50 0016 0749     		ldr	r1, .L3+12
  51 0018 2046     		mov	r0, r4
  52 001a FFF7FEFF 		bl	USBD_CDC_RegisterInterface
  53              	.LVL2:
 105:USB_DEVICE/App/usb_device.c **** 
 106:USB_DEVICE/App/usb_device.c ****   USBD_Start(&hUsbDeviceFS);
  54              		.loc 1 106 0
  55 001e 2046     		mov	r0, r4
  56 0020 FFF7FEFF 		bl	USBD_Start
  57              	.LVL3:
 107:USB_DEVICE/App/usb_device.c **** 
 108:USB_DEVICE/App/usb_device.c ****   /* USER CODE BEGIN USB_DEVICE_Init_PostTreatment */
 109:USB_DEVICE/App/usb_device.c ****   
 110:USB_DEVICE/App/usb_device.c ****   /* USER CODE END USB_DEVICE_Init_PostTreatment */
 111:USB_DEVICE/App/usb_device.c **** }
  58              		.loc 1 111 0
  59 0024 10BD     		pop	{r4, pc}
  60              	.L4:
  61 0026 00BF     		.align	2
ARM GAS  C:\Users\073be\AppData\Local\Temp\ccN30U7Q.s 			page 4


  62              	.L3:
  63 0028 00000000 		.word	hUsbDeviceFS
  64 002c 00000000 		.word	FS_Desc
  65 0030 00000000 		.word	USBD_CDC
  66 0034 00000000 		.word	USBD_Interface_fops_FS
  67              		.cfi_endproc
  68              	.LFE126:
  70              		.comm	hUsbDeviceFS,548,4
  71              		.text
  72              	.Letext0:
  73              		.file 2 "c:\\program files (x86)\\gnu tools arm embedded\\7 2017-q4-major\\arm-none-eabi\\include\
  74              		.file 3 "c:\\program files (x86)\\gnu tools arm embedded\\7 2017-q4-major\\arm-none-eabi\\include\
  75              		.file 4 "C:/Users/073be/STM32Cube/Repository/STM32Cube_FW_F4_V1.23.0/Drivers/CMSIS/Include/core_cm
  76              		.file 5 "C:/Users/073be/STM32Cube/Repository/STM32Cube_FW_F4_V1.23.0/Drivers/CMSIS/Device/ST/STM32
  77              		.file 6 "c:\\program files (x86)\\gnu tools arm embedded\\7 2017-q4-major\\arm-none-eabi\\include\
  78              		.file 7 "c:\\program files (x86)\\gnu tools arm embedded\\7 2017-q4-major\\arm-none-eabi\\include\
  79              		.file 8 "c:\\program files (x86)\\gnu tools arm embedded\\7 2017-q4-major\\lib\\gcc\\arm-none-eabi
  80              		.file 9 "c:\\program files (x86)\\gnu tools arm embedded\\7 2017-q4-major\\arm-none-eabi\\include\
  81              		.file 10 "c:\\program files (x86)\\gnu tools arm embedded\\7 2017-q4-major\\arm-none-eabi\\include
  82              		.file 11 "C:/Users/073be/STM32Cube/Repository/STM32Cube_FW_F4_V1.23.0/Middlewares/ST/STM32_USB_Dev
  83              		.file 12 "USB_DEVICE/App/usbd_desc.h"
  84              		.file 13 "C:/Users/073be/STM32Cube/Repository/STM32Cube_FW_F4_V1.23.0/Middlewares/ST/STM32_USB_Dev
  85              		.file 14 "USB_DEVICE/App/usbd_cdc_if.h"
  86              		.file 15 "C:/Users/073be/STM32Cube/Repository/STM32Cube_FW_F4_V1.23.0/Middlewares/ST/STM32_USB_Dev
ARM GAS  C:\Users\073be\AppData\Local\Temp\ccN30U7Q.s 			page 5


DEFINED SYMBOLS
                            *ABS*:00000000 usb_device.c
C:\Users\073be\AppData\Local\Temp\ccN30U7Q.s:18     .text.MX_USB_DEVICE_Init:00000000 $t
C:\Users\073be\AppData\Local\Temp\ccN30U7Q.s:25     .text.MX_USB_DEVICE_Init:00000000 MX_USB_DEVICE_Init
C:\Users\073be\AppData\Local\Temp\ccN30U7Q.s:63     .text.MX_USB_DEVICE_Init:00000028 $d
                            *COM*:00000224 hUsbDeviceFS

UNDEFINED SYMBOLS
USBD_Init
USBD_RegisterClass
USBD_CDC_RegisterInterface
USBD_Start
FS_Desc
USBD_CDC
USBD_Interface_fops_FS
