ARM GAS  C:\Users\073be\AppData\Local\Temp\cc8PPQ7g.s 			page 1


   1              		.cpu cortex-m4
   2              		.eabi_attribute 27, 1
   3              		.eabi_attribute 28, 1
   4              		.eabi_attribute 20, 1
   5              		.eabi_attribute 21, 1
   6              		.eabi_attribute 23, 3
   7              		.eabi_attribute 24, 1
   8              		.eabi_attribute 25, 1
   9              		.eabi_attribute 26, 1
  10              		.eabi_attribute 30, 1
  11              		.eabi_attribute 34, 1
  12              		.eabi_attribute 18, 4
  13              		.file	"usbd_desc.c"
  14              		.text
  15              	.Ltext0:
  16              		.cfi_sections	.debug_frame
  17              		.section	.text.USBD_FS_DeviceDescriptor,"ax",%progbits
  18              		.align	1
  19              		.global	USBD_FS_DeviceDescriptor
  20              		.syntax unified
  21              		.thumb
  22              		.thumb_func
  23              		.fpu fpv4-sp-d16
  25              	USBD_FS_DeviceDescriptor:
  26              	.LFB126:
  27              		.file 1 "USB_DEVICE/App/usbd_desc.c"
   1:USB_DEVICE/App/usbd_desc.c **** /**
   2:USB_DEVICE/App/usbd_desc.c ****   ******************************************************************************
   3:USB_DEVICE/App/usbd_desc.c ****   * @file           : App/usbd_desc.c
   4:USB_DEVICE/App/usbd_desc.c ****   * @version        : v1.0_Cube
   5:USB_DEVICE/App/usbd_desc.c ****   * @brief          : This file implements the USB device descriptors.
   6:USB_DEVICE/App/usbd_desc.c ****   ******************************************************************************
   7:USB_DEVICE/App/usbd_desc.c ****   * This notice applies to any and all portions of this file
   8:USB_DEVICE/App/usbd_desc.c ****   * that are not between comment pairs USER CODE BEGIN and
   9:USB_DEVICE/App/usbd_desc.c ****   * USER CODE END. Other portions of this file, whether 
  10:USB_DEVICE/App/usbd_desc.c ****   * inserted by the user or by software development tools
  11:USB_DEVICE/App/usbd_desc.c ****   * are owned by their respective copyright owners.
  12:USB_DEVICE/App/usbd_desc.c ****   *
  13:USB_DEVICE/App/usbd_desc.c ****   * Copyright (c) 2018 STMicroelectronics International N.V. 
  14:USB_DEVICE/App/usbd_desc.c ****   * All rights reserved.
  15:USB_DEVICE/App/usbd_desc.c ****   *
  16:USB_DEVICE/App/usbd_desc.c ****   * Redistribution and use in source and binary forms, with or without 
  17:USB_DEVICE/App/usbd_desc.c ****   * modification, are permitted, provided that the following conditions are met:
  18:USB_DEVICE/App/usbd_desc.c ****   *
  19:USB_DEVICE/App/usbd_desc.c ****   * 1. Redistribution of source code must retain the above copyright notice, 
  20:USB_DEVICE/App/usbd_desc.c ****   *    this list of conditions and the following disclaimer.
  21:USB_DEVICE/App/usbd_desc.c ****   * 2. Redistributions in binary form must reproduce the above copyright notice,
  22:USB_DEVICE/App/usbd_desc.c ****   *    this list of conditions and the following disclaimer in the documentation
  23:USB_DEVICE/App/usbd_desc.c ****   *    and/or other materials provided with the distribution.
  24:USB_DEVICE/App/usbd_desc.c ****   * 3. Neither the name of STMicroelectronics nor the names of other 
  25:USB_DEVICE/App/usbd_desc.c ****   *    contributors to this software may be used to endorse or promote products 
  26:USB_DEVICE/App/usbd_desc.c ****   *    derived from this software without specific written permission.
  27:USB_DEVICE/App/usbd_desc.c ****   * 4. This software, including modifications and/or derivative works of this 
  28:USB_DEVICE/App/usbd_desc.c ****   *    software, must execute solely and exclusively on microcontroller or
  29:USB_DEVICE/App/usbd_desc.c ****   *    microprocessor devices manufactured by or for STMicroelectronics.
  30:USB_DEVICE/App/usbd_desc.c ****   * 5. Redistribution and use of this software other than as permitted under 
  31:USB_DEVICE/App/usbd_desc.c ****   *    this license is void and will automatically terminate your rights under 
ARM GAS  C:\Users\073be\AppData\Local\Temp\cc8PPQ7g.s 			page 2


  32:USB_DEVICE/App/usbd_desc.c ****   *    this license. 
  33:USB_DEVICE/App/usbd_desc.c ****   *
  34:USB_DEVICE/App/usbd_desc.c ****   * THIS SOFTWARE IS PROVIDED BY STMICROELECTRONICS AND CONTRIBUTORS "AS IS" 
  35:USB_DEVICE/App/usbd_desc.c ****   * AND ANY EXPRESS, IMPLIED OR STATUTORY WARRANTIES, INCLUDING, BUT NOT 
  36:USB_DEVICE/App/usbd_desc.c ****   * LIMITED TO, THE IMPLIED WARRANTIES OF MERCHANTABILITY, FITNESS FOR A 
  37:USB_DEVICE/App/usbd_desc.c ****   * PARTICULAR PURPOSE AND NON-INFRINGEMENT OF THIRD PARTY INTELLECTUAL PROPERTY
  38:USB_DEVICE/App/usbd_desc.c ****   * RIGHTS ARE DISCLAIMED TO THE FULLEST EXTENT PERMITTED BY LAW. IN NO EVENT 
  39:USB_DEVICE/App/usbd_desc.c ****   * SHALL STMICROELECTRONICS OR CONTRIBUTORS BE LIABLE FOR ANY DIRECT, INDIRECT,
  40:USB_DEVICE/App/usbd_desc.c ****   * INCIDENTAL, SPECIAL, EXEMPLARY, OR CONSEQUENTIAL DAMAGES (INCLUDING, BUT NOT
  41:USB_DEVICE/App/usbd_desc.c ****   * LIMITED TO, PROCUREMENT OF SUBSTITUTE GOODS OR SERVICES; LOSS OF USE, DATA, 
  42:USB_DEVICE/App/usbd_desc.c ****   * OR PROFITS; OR BUSINESS INTERRUPTION) HOWEVER CAUSED AND ON ANY THEORY OF 
  43:USB_DEVICE/App/usbd_desc.c ****   * LIABILITY, WHETHER IN CONTRACT, STRICT LIABILITY, OR TORT (INCLUDING 
  44:USB_DEVICE/App/usbd_desc.c ****   * NEGLIGENCE OR OTHERWISE) ARISING IN ANY WAY OUT OF THE USE OF THIS SOFTWARE,
  45:USB_DEVICE/App/usbd_desc.c ****   * EVEN IF ADVISED OF THE POSSIBILITY OF SUCH DAMAGE.
  46:USB_DEVICE/App/usbd_desc.c ****   *
  47:USB_DEVICE/App/usbd_desc.c ****   ******************************************************************************
  48:USB_DEVICE/App/usbd_desc.c ****   */
  49:USB_DEVICE/App/usbd_desc.c **** 
  50:USB_DEVICE/App/usbd_desc.c **** /* Includes ------------------------------------------------------------------*/
  51:USB_DEVICE/App/usbd_desc.c **** #include "usbd_core.h"
  52:USB_DEVICE/App/usbd_desc.c **** #include "usbd_desc.h"
  53:USB_DEVICE/App/usbd_desc.c **** #include "usbd_conf.h"
  54:USB_DEVICE/App/usbd_desc.c **** 
  55:USB_DEVICE/App/usbd_desc.c **** /* USER CODE BEGIN INCLUDE */
  56:USB_DEVICE/App/usbd_desc.c **** 
  57:USB_DEVICE/App/usbd_desc.c **** /* USER CODE END INCLUDE */
  58:USB_DEVICE/App/usbd_desc.c **** 
  59:USB_DEVICE/App/usbd_desc.c **** /* Private typedef -----------------------------------------------------------*/
  60:USB_DEVICE/App/usbd_desc.c **** /* Private define ------------------------------------------------------------*/
  61:USB_DEVICE/App/usbd_desc.c **** /* Private macro -------------------------------------------------------------*/
  62:USB_DEVICE/App/usbd_desc.c **** 
  63:USB_DEVICE/App/usbd_desc.c **** /* USER CODE BEGIN PV */
  64:USB_DEVICE/App/usbd_desc.c **** /* Private variables ---------------------------------------------------------*/
  65:USB_DEVICE/App/usbd_desc.c **** 
  66:USB_DEVICE/App/usbd_desc.c **** /* USER CODE END PV */
  67:USB_DEVICE/App/usbd_desc.c **** 
  68:USB_DEVICE/App/usbd_desc.c **** /** @addtogroup STM32_USB_OTG_DEVICE_LIBRARY
  69:USB_DEVICE/App/usbd_desc.c ****   * @{
  70:USB_DEVICE/App/usbd_desc.c ****   */
  71:USB_DEVICE/App/usbd_desc.c **** 
  72:USB_DEVICE/App/usbd_desc.c **** /** @addtogroup USBD_DESC
  73:USB_DEVICE/App/usbd_desc.c ****   * @{
  74:USB_DEVICE/App/usbd_desc.c ****   */
  75:USB_DEVICE/App/usbd_desc.c **** 
  76:USB_DEVICE/App/usbd_desc.c **** /** @defgroup USBD_DESC_Private_TypesDefinitions USBD_DESC_Private_TypesDefinitions
  77:USB_DEVICE/App/usbd_desc.c ****   * @brief Private types.
  78:USB_DEVICE/App/usbd_desc.c ****   * @{
  79:USB_DEVICE/App/usbd_desc.c ****   */
  80:USB_DEVICE/App/usbd_desc.c **** 
  81:USB_DEVICE/App/usbd_desc.c **** /* USER CODE BEGIN PRIVATE_TYPES */
  82:USB_DEVICE/App/usbd_desc.c **** 
  83:USB_DEVICE/App/usbd_desc.c **** /* USER CODE END PRIVATE_TYPES */
  84:USB_DEVICE/App/usbd_desc.c **** 
  85:USB_DEVICE/App/usbd_desc.c **** /**
  86:USB_DEVICE/App/usbd_desc.c ****   * @}
  87:USB_DEVICE/App/usbd_desc.c ****   */
  88:USB_DEVICE/App/usbd_desc.c **** 
ARM GAS  C:\Users\073be\AppData\Local\Temp\cc8PPQ7g.s 			page 3


  89:USB_DEVICE/App/usbd_desc.c **** /** @defgroup USBD_DESC_Private_Defines USBD_DESC_Private_Defines
  90:USB_DEVICE/App/usbd_desc.c ****   * @brief Private defines.
  91:USB_DEVICE/App/usbd_desc.c ****   * @{
  92:USB_DEVICE/App/usbd_desc.c ****   */
  93:USB_DEVICE/App/usbd_desc.c **** 
  94:USB_DEVICE/App/usbd_desc.c **** #define USBD_VID     1155
  95:USB_DEVICE/App/usbd_desc.c **** #define USBD_LANGID_STRING     1033
  96:USB_DEVICE/App/usbd_desc.c **** #define USBD_MANUFACTURER_STRING     "STMicroelectronics"
  97:USB_DEVICE/App/usbd_desc.c **** #define USBD_PID_FS     22336
  98:USB_DEVICE/App/usbd_desc.c **** #define USBD_PRODUCT_STRING_FS     "STM32 Virtual ComPort"
  99:USB_DEVICE/App/usbd_desc.c **** #define USBD_SERIALNUMBER_STRING_FS     "00000000001A"
 100:USB_DEVICE/App/usbd_desc.c **** #define USBD_CONFIGURATION_STRING_FS     "CDC Config"
 101:USB_DEVICE/App/usbd_desc.c **** #define USBD_INTERFACE_STRING_FS     "CDC Interface"
 102:USB_DEVICE/App/usbd_desc.c **** 
 103:USB_DEVICE/App/usbd_desc.c **** #define USB_SIZ_BOS_DESC            0x0C
 104:USB_DEVICE/App/usbd_desc.c **** 
 105:USB_DEVICE/App/usbd_desc.c **** /* USER CODE BEGIN PRIVATE_DEFINES */
 106:USB_DEVICE/App/usbd_desc.c **** 
 107:USB_DEVICE/App/usbd_desc.c **** /* USER CODE END PRIVATE_DEFINES */
 108:USB_DEVICE/App/usbd_desc.c **** 
 109:USB_DEVICE/App/usbd_desc.c **** /**
 110:USB_DEVICE/App/usbd_desc.c ****   * @}
 111:USB_DEVICE/App/usbd_desc.c ****   */
 112:USB_DEVICE/App/usbd_desc.c **** 
 113:USB_DEVICE/App/usbd_desc.c **** /* USER CODE BEGIN 0 */
 114:USB_DEVICE/App/usbd_desc.c **** 
 115:USB_DEVICE/App/usbd_desc.c **** /* USER CODE END 0 */
 116:USB_DEVICE/App/usbd_desc.c **** 
 117:USB_DEVICE/App/usbd_desc.c **** /** @defgroup USBD_DESC_Private_Macros USBD_DESC_Private_Macros
 118:USB_DEVICE/App/usbd_desc.c ****   * @brief Private macros.
 119:USB_DEVICE/App/usbd_desc.c ****   * @{
 120:USB_DEVICE/App/usbd_desc.c ****   */
 121:USB_DEVICE/App/usbd_desc.c **** 
 122:USB_DEVICE/App/usbd_desc.c **** /* USER CODE BEGIN PRIVATE_MACRO */
 123:USB_DEVICE/App/usbd_desc.c **** 
 124:USB_DEVICE/App/usbd_desc.c **** /* USER CODE END PRIVATE_MACRO */
 125:USB_DEVICE/App/usbd_desc.c **** 
 126:USB_DEVICE/App/usbd_desc.c **** /**
 127:USB_DEVICE/App/usbd_desc.c ****   * @}
 128:USB_DEVICE/App/usbd_desc.c ****   */
 129:USB_DEVICE/App/usbd_desc.c **** 
 130:USB_DEVICE/App/usbd_desc.c **** /** @defgroup USBD_DESC_Private_FunctionPrototypes USBD_DESC_Private_FunctionPrototypes
 131:USB_DEVICE/App/usbd_desc.c ****   * @brief Private functions declaration.
 132:USB_DEVICE/App/usbd_desc.c ****   * @{
 133:USB_DEVICE/App/usbd_desc.c ****   */
 134:USB_DEVICE/App/usbd_desc.c **** 
 135:USB_DEVICE/App/usbd_desc.c **** uint8_t * USBD_FS_DeviceDescriptor(USBD_SpeedTypeDef speed, uint16_t *length);
 136:USB_DEVICE/App/usbd_desc.c **** uint8_t * USBD_FS_LangIDStrDescriptor(USBD_SpeedTypeDef speed, uint16_t *length);
 137:USB_DEVICE/App/usbd_desc.c **** uint8_t * USBD_FS_ManufacturerStrDescriptor(USBD_SpeedTypeDef speed, uint16_t *length);
 138:USB_DEVICE/App/usbd_desc.c **** uint8_t * USBD_FS_ProductStrDescriptor(USBD_SpeedTypeDef speed, uint16_t *length);
 139:USB_DEVICE/App/usbd_desc.c **** uint8_t * USBD_FS_SerialStrDescriptor(USBD_SpeedTypeDef speed, uint16_t *length);
 140:USB_DEVICE/App/usbd_desc.c **** uint8_t * USBD_FS_ConfigStrDescriptor(USBD_SpeedTypeDef speed, uint16_t *length);
 141:USB_DEVICE/App/usbd_desc.c **** uint8_t * USBD_FS_InterfaceStrDescriptor(USBD_SpeedTypeDef speed, uint16_t *length);
 142:USB_DEVICE/App/usbd_desc.c **** 
 143:USB_DEVICE/App/usbd_desc.c **** #ifdef USB_SUPPORT_USER_STRING_DESC
 144:USB_DEVICE/App/usbd_desc.c **** uint8_t * USBD_FS_USRStringDesc(USBD_SpeedTypeDef speed, uint8_t idx, uint16_t *length);
 145:USB_DEVICE/App/usbd_desc.c **** #endif /* USB_SUPPORT_USER_STRING_DESC */
ARM GAS  C:\Users\073be\AppData\Local\Temp\cc8PPQ7g.s 			page 4


 146:USB_DEVICE/App/usbd_desc.c **** 
 147:USB_DEVICE/App/usbd_desc.c **** #if (USBD_LPM_ENABLED == 1)
 148:USB_DEVICE/App/usbd_desc.c **** uint8_t * USBD_FS_USR_BOSDescriptor(USBD_SpeedTypeDef speed, uint16_t *length);
 149:USB_DEVICE/App/usbd_desc.c **** #endif /* (USBD_LPM_ENABLED == 1) */
 150:USB_DEVICE/App/usbd_desc.c **** 
 151:USB_DEVICE/App/usbd_desc.c **** /**
 152:USB_DEVICE/App/usbd_desc.c ****   * @}
 153:USB_DEVICE/App/usbd_desc.c ****   */
 154:USB_DEVICE/App/usbd_desc.c **** 
 155:USB_DEVICE/App/usbd_desc.c **** /** @defgroup USBD_DESC_Private_Variables USBD_DESC_Private_Variables
 156:USB_DEVICE/App/usbd_desc.c ****   * @brief Private variables.
 157:USB_DEVICE/App/usbd_desc.c ****   * @{
 158:USB_DEVICE/App/usbd_desc.c ****   */
 159:USB_DEVICE/App/usbd_desc.c **** 
 160:USB_DEVICE/App/usbd_desc.c **** USBD_DescriptorsTypeDef FS_Desc =
 161:USB_DEVICE/App/usbd_desc.c **** {
 162:USB_DEVICE/App/usbd_desc.c ****   USBD_FS_DeviceDescriptor
 163:USB_DEVICE/App/usbd_desc.c **** , USBD_FS_LangIDStrDescriptor
 164:USB_DEVICE/App/usbd_desc.c **** , USBD_FS_ManufacturerStrDescriptor
 165:USB_DEVICE/App/usbd_desc.c **** , USBD_FS_ProductStrDescriptor
 166:USB_DEVICE/App/usbd_desc.c **** , USBD_FS_SerialStrDescriptor
 167:USB_DEVICE/App/usbd_desc.c **** , USBD_FS_ConfigStrDescriptor
 168:USB_DEVICE/App/usbd_desc.c **** , USBD_FS_InterfaceStrDescriptor
 169:USB_DEVICE/App/usbd_desc.c **** #if (USBD_LPM_ENABLED == 1)
 170:USB_DEVICE/App/usbd_desc.c **** , USBD_FS_USR_BOSDescriptor
 171:USB_DEVICE/App/usbd_desc.c **** #endif /* (USBD_LPM_ENABLED == 1) */
 172:USB_DEVICE/App/usbd_desc.c **** };
 173:USB_DEVICE/App/usbd_desc.c **** 
 174:USB_DEVICE/App/usbd_desc.c **** #if defined ( __ICCARM__ ) /* IAR Compiler */
 175:USB_DEVICE/App/usbd_desc.c ****   #pragma data_alignment=4
 176:USB_DEVICE/App/usbd_desc.c **** #endif /* defined ( __ICCARM__ ) */
 177:USB_DEVICE/App/usbd_desc.c **** /** USB standard device descriptor. */
 178:USB_DEVICE/App/usbd_desc.c **** __ALIGN_BEGIN uint8_t USBD_FS_DeviceDesc[USB_LEN_DEV_DESC] __ALIGN_END =
 179:USB_DEVICE/App/usbd_desc.c **** {
 180:USB_DEVICE/App/usbd_desc.c ****   0x12,                       /*bLength */
 181:USB_DEVICE/App/usbd_desc.c ****   USB_DESC_TYPE_DEVICE,       /*bDescriptorType*/
 182:USB_DEVICE/App/usbd_desc.c **** #if (USBD_LPM_ENABLED == 1)
 183:USB_DEVICE/App/usbd_desc.c ****   0x01,                       /*bcdUSB */ /* changed to USB version 2.01
 184:USB_DEVICE/App/usbd_desc.c ****                                              in order to support LPM L1 suspend
 185:USB_DEVICE/App/usbd_desc.c ****                                              resume test of USBCV3.0*/
 186:USB_DEVICE/App/usbd_desc.c **** #else
 187:USB_DEVICE/App/usbd_desc.c ****   0x00,                       /*bcdUSB */
 188:USB_DEVICE/App/usbd_desc.c **** #endif /* (USBD_LPM_ENABLED == 1) */
 189:USB_DEVICE/App/usbd_desc.c ****   0x02,
 190:USB_DEVICE/App/usbd_desc.c ****   0x02,                       /*bDeviceClass*/
 191:USB_DEVICE/App/usbd_desc.c ****   0x02,                       /*bDeviceSubClass*/
 192:USB_DEVICE/App/usbd_desc.c ****   0x00,                       /*bDeviceProtocol*/
 193:USB_DEVICE/App/usbd_desc.c ****   USB_MAX_EP0_SIZE,           /*bMaxPacketSize*/
 194:USB_DEVICE/App/usbd_desc.c ****   LOBYTE(USBD_VID),           /*idVendor*/
 195:USB_DEVICE/App/usbd_desc.c ****   HIBYTE(USBD_VID),           /*idVendor*/
 196:USB_DEVICE/App/usbd_desc.c ****   LOBYTE(USBD_PID_FS),        /*idProduct*/
 197:USB_DEVICE/App/usbd_desc.c ****   HIBYTE(USBD_PID_FS),        /*idProduct*/
 198:USB_DEVICE/App/usbd_desc.c ****   0x00,                       /*bcdDevice rel. 2.00*/
 199:USB_DEVICE/App/usbd_desc.c ****   0x02,
 200:USB_DEVICE/App/usbd_desc.c ****   USBD_IDX_MFC_STR,           /*Index of manufacturer  string*/
 201:USB_DEVICE/App/usbd_desc.c ****   USBD_IDX_PRODUCT_STR,       /*Index of product string*/
 202:USB_DEVICE/App/usbd_desc.c ****   USBD_IDX_SERIAL_STR,        /*Index of serial number string*/
ARM GAS  C:\Users\073be\AppData\Local\Temp\cc8PPQ7g.s 			page 5


 203:USB_DEVICE/App/usbd_desc.c ****   USBD_MAX_NUM_CONFIGURATION  /*bNumConfigurations*/
 204:USB_DEVICE/App/usbd_desc.c **** };
 205:USB_DEVICE/App/usbd_desc.c **** 
 206:USB_DEVICE/App/usbd_desc.c **** /* USB_DeviceDescriptor */
 207:USB_DEVICE/App/usbd_desc.c **** /** BOS descriptor. */
 208:USB_DEVICE/App/usbd_desc.c **** #if (USBD_LPM_ENABLED == 1)
 209:USB_DEVICE/App/usbd_desc.c **** #if defined ( __ICCARM__ ) /* IAR Compiler */
 210:USB_DEVICE/App/usbd_desc.c ****   #pragma data_alignment=4
 211:USB_DEVICE/App/usbd_desc.c **** #endif /* defined ( __ICCARM__ ) */
 212:USB_DEVICE/App/usbd_desc.c **** __ALIGN_BEGIN uint8_t USBD_FS_BOSDesc[USB_SIZ_BOS_DESC] __ALIGN_END =
 213:USB_DEVICE/App/usbd_desc.c **** {
 214:USB_DEVICE/App/usbd_desc.c ****   0x5,
 215:USB_DEVICE/App/usbd_desc.c ****   USB_DESC_TYPE_BOS,
 216:USB_DEVICE/App/usbd_desc.c ****   0xC,
 217:USB_DEVICE/App/usbd_desc.c ****   0x0,
 218:USB_DEVICE/App/usbd_desc.c ****   0x1,  /* 1 device capability*/
 219:USB_DEVICE/App/usbd_desc.c ****         /* device capability*/
 220:USB_DEVICE/App/usbd_desc.c ****   0x7,
 221:USB_DEVICE/App/usbd_desc.c ****   USB_DEVICE_CAPABITY_TYPE,
 222:USB_DEVICE/App/usbd_desc.c ****   0x2,
 223:USB_DEVICE/App/usbd_desc.c ****   0x2,  /* LPM capability bit set*/
 224:USB_DEVICE/App/usbd_desc.c ****   0x0,
 225:USB_DEVICE/App/usbd_desc.c ****   0x0,
 226:USB_DEVICE/App/usbd_desc.c ****   0x0
 227:USB_DEVICE/App/usbd_desc.c **** };
 228:USB_DEVICE/App/usbd_desc.c **** #endif /* (USBD_LPM_ENABLED == 1) */
 229:USB_DEVICE/App/usbd_desc.c **** 
 230:USB_DEVICE/App/usbd_desc.c **** /**
 231:USB_DEVICE/App/usbd_desc.c ****   * @}
 232:USB_DEVICE/App/usbd_desc.c ****   */
 233:USB_DEVICE/App/usbd_desc.c **** 
 234:USB_DEVICE/App/usbd_desc.c **** /** @defgroup USBD_DESC_Private_Variables USBD_DESC_Private_Variables
 235:USB_DEVICE/App/usbd_desc.c ****   * @brief Private variables.
 236:USB_DEVICE/App/usbd_desc.c ****   * @{
 237:USB_DEVICE/App/usbd_desc.c ****   */
 238:USB_DEVICE/App/usbd_desc.c **** 
 239:USB_DEVICE/App/usbd_desc.c **** #if defined ( __ICCARM__ ) /* IAR Compiler */
 240:USB_DEVICE/App/usbd_desc.c ****   #pragma data_alignment=4
 241:USB_DEVICE/App/usbd_desc.c **** #endif /* defined ( __ICCARM__ ) */
 242:USB_DEVICE/App/usbd_desc.c **** 
 243:USB_DEVICE/App/usbd_desc.c **** /** USB lang indentifier descriptor. */
 244:USB_DEVICE/App/usbd_desc.c **** __ALIGN_BEGIN uint8_t USBD_LangIDDesc[USB_LEN_LANGID_STR_DESC] __ALIGN_END =
 245:USB_DEVICE/App/usbd_desc.c **** {
 246:USB_DEVICE/App/usbd_desc.c ****      USB_LEN_LANGID_STR_DESC,
 247:USB_DEVICE/App/usbd_desc.c ****      USB_DESC_TYPE_STRING,
 248:USB_DEVICE/App/usbd_desc.c ****      LOBYTE(USBD_LANGID_STRING),
 249:USB_DEVICE/App/usbd_desc.c ****      HIBYTE(USBD_LANGID_STRING)
 250:USB_DEVICE/App/usbd_desc.c **** };
 251:USB_DEVICE/App/usbd_desc.c **** 
 252:USB_DEVICE/App/usbd_desc.c **** #if defined ( __ICCARM__ ) /* IAR Compiler */
 253:USB_DEVICE/App/usbd_desc.c ****   #pragma data_alignment=4
 254:USB_DEVICE/App/usbd_desc.c **** #endif /* defined ( __ICCARM__ ) */
 255:USB_DEVICE/App/usbd_desc.c **** /* Internal string descriptor. */
 256:USB_DEVICE/App/usbd_desc.c **** __ALIGN_BEGIN uint8_t USBD_StrDesc[USBD_MAX_STR_DESC_SIZ] __ALIGN_END;
 257:USB_DEVICE/App/usbd_desc.c **** 
 258:USB_DEVICE/App/usbd_desc.c **** /**
 259:USB_DEVICE/App/usbd_desc.c ****   * @}
ARM GAS  C:\Users\073be\AppData\Local\Temp\cc8PPQ7g.s 			page 6


 260:USB_DEVICE/App/usbd_desc.c ****   */
 261:USB_DEVICE/App/usbd_desc.c **** 
 262:USB_DEVICE/App/usbd_desc.c **** /** @defgroup USBD_DESC_Private_Functions USBD_DESC_Private_Functions
 263:USB_DEVICE/App/usbd_desc.c ****   * @brief Private functions.
 264:USB_DEVICE/App/usbd_desc.c ****   * @{
 265:USB_DEVICE/App/usbd_desc.c ****   */
 266:USB_DEVICE/App/usbd_desc.c **** 
 267:USB_DEVICE/App/usbd_desc.c **** /**
 268:USB_DEVICE/App/usbd_desc.c ****   * @brief  Return the device descriptor
 269:USB_DEVICE/App/usbd_desc.c ****   * @param  speed : Current device speed
 270:USB_DEVICE/App/usbd_desc.c ****   * @param  length : Pointer to data length variable
 271:USB_DEVICE/App/usbd_desc.c ****   * @retval Pointer to descriptor buffer
 272:USB_DEVICE/App/usbd_desc.c ****   */
 273:USB_DEVICE/App/usbd_desc.c **** uint8_t * USBD_FS_DeviceDescriptor(USBD_SpeedTypeDef speed, uint16_t *length)
 274:USB_DEVICE/App/usbd_desc.c **** {
  28              		.loc 1 274 0
  29              		.cfi_startproc
  30              		@ args = 0, pretend = 0, frame = 0
  31              		@ frame_needed = 0, uses_anonymous_args = 0
  32              		@ link register save eliminated.
  33              	.LVL0:
 275:USB_DEVICE/App/usbd_desc.c ****   *length = sizeof(USBD_FS_DeviceDesc);
  34              		.loc 1 275 0
  35 0000 1223     		movs	r3, #18
  36 0002 0B80     		strh	r3, [r1]	@ movhi
 276:USB_DEVICE/App/usbd_desc.c ****   return USBD_FS_DeviceDesc;
 277:USB_DEVICE/App/usbd_desc.c **** }
  37              		.loc 1 277 0
  38 0004 0048     		ldr	r0, .L2
  39              	.LVL1:
  40 0006 7047     		bx	lr
  41              	.L3:
  42              		.align	2
  43              	.L2:
  44 0008 00000000 		.word	.LANCHOR0
  45              		.cfi_endproc
  46              	.LFE126:
  48              		.section	.text.USBD_FS_LangIDStrDescriptor,"ax",%progbits
  49              		.align	1
  50              		.global	USBD_FS_LangIDStrDescriptor
  51              		.syntax unified
  52              		.thumb
  53              		.thumb_func
  54              		.fpu fpv4-sp-d16
  56              	USBD_FS_LangIDStrDescriptor:
  57              	.LFB127:
 278:USB_DEVICE/App/usbd_desc.c **** 
 279:USB_DEVICE/App/usbd_desc.c **** /**
 280:USB_DEVICE/App/usbd_desc.c ****   * @brief  Return the LangID string descriptor
 281:USB_DEVICE/App/usbd_desc.c ****   * @param  speed : Current device speed
 282:USB_DEVICE/App/usbd_desc.c ****   * @param  length : Pointer to data length variable
 283:USB_DEVICE/App/usbd_desc.c ****   * @retval Pointer to descriptor buffer
 284:USB_DEVICE/App/usbd_desc.c ****   */
 285:USB_DEVICE/App/usbd_desc.c **** uint8_t * USBD_FS_LangIDStrDescriptor(USBD_SpeedTypeDef speed, uint16_t *length)
 286:USB_DEVICE/App/usbd_desc.c **** {
  58              		.loc 1 286 0
  59              		.cfi_startproc
ARM GAS  C:\Users\073be\AppData\Local\Temp\cc8PPQ7g.s 			page 7


  60              		@ args = 0, pretend = 0, frame = 0
  61              		@ frame_needed = 0, uses_anonymous_args = 0
  62              		@ link register save eliminated.
  63              	.LVL2:
 287:USB_DEVICE/App/usbd_desc.c ****   *length = sizeof(USBD_LangIDDesc);
  64              		.loc 1 287 0
  65 0000 0423     		movs	r3, #4
  66 0002 0B80     		strh	r3, [r1]	@ movhi
 288:USB_DEVICE/App/usbd_desc.c ****   return USBD_LangIDDesc;
 289:USB_DEVICE/App/usbd_desc.c **** }
  67              		.loc 1 289 0
  68 0004 0048     		ldr	r0, .L5
  69              	.LVL3:
  70 0006 7047     		bx	lr
  71              	.L6:
  72              		.align	2
  73              	.L5:
  74 0008 00000000 		.word	.LANCHOR1
  75              		.cfi_endproc
  76              	.LFE127:
  78              		.section	.text.USBD_FS_ProductStrDescriptor,"ax",%progbits
  79              		.align	1
  80              		.global	USBD_FS_ProductStrDescriptor
  81              		.syntax unified
  82              		.thumb
  83              		.thumb_func
  84              		.fpu fpv4-sp-d16
  86              	USBD_FS_ProductStrDescriptor:
  87              	.LFB128:
 290:USB_DEVICE/App/usbd_desc.c **** 
 291:USB_DEVICE/App/usbd_desc.c **** /**
 292:USB_DEVICE/App/usbd_desc.c ****   * @brief  Return the product string descriptor
 293:USB_DEVICE/App/usbd_desc.c ****   * @param  speed : Current device speed
 294:USB_DEVICE/App/usbd_desc.c ****   * @param  length : Pointer to data length variable
 295:USB_DEVICE/App/usbd_desc.c ****   * @retval Pointer to descriptor buffer
 296:USB_DEVICE/App/usbd_desc.c ****   */
 297:USB_DEVICE/App/usbd_desc.c **** uint8_t * USBD_FS_ProductStrDescriptor(USBD_SpeedTypeDef speed, uint16_t *length)
 298:USB_DEVICE/App/usbd_desc.c **** {
  88              		.loc 1 298 0
  89              		.cfi_startproc
  90              		@ args = 0, pretend = 0, frame = 0
  91              		@ frame_needed = 0, uses_anonymous_args = 0
  92              	.LVL4:
  93 0000 08B5     		push	{r3, lr}
  94              	.LCFI0:
  95              		.cfi_def_cfa_offset 8
  96              		.cfi_offset 3, -8
  97              		.cfi_offset 14, -4
  98 0002 0A46     		mov	r2, r1
 299:USB_DEVICE/App/usbd_desc.c ****   if(speed == 0)
  99              		.loc 1 299 0
 100 0004 28B1     		cbz	r0, .L11
 300:USB_DEVICE/App/usbd_desc.c ****   {
 301:USB_DEVICE/App/usbd_desc.c ****     USBD_GetString((uint8_t *)USBD_PRODUCT_STRING_FS, USBD_StrDesc, length);
 302:USB_DEVICE/App/usbd_desc.c ****   }
 303:USB_DEVICE/App/usbd_desc.c ****   else
 304:USB_DEVICE/App/usbd_desc.c ****   {
ARM GAS  C:\Users\073be\AppData\Local\Temp\cc8PPQ7g.s 			page 8


 305:USB_DEVICE/App/usbd_desc.c ****     USBD_GetString((uint8_t *)USBD_PRODUCT_STRING_FS, USBD_StrDesc, length);
 101              		.loc 1 305 0
 102 0006 0549     		ldr	r1, .L12
 103              	.LVL5:
 104 0008 0548     		ldr	r0, .L12+4
 105              	.LVL6:
 106 000a FFF7FEFF 		bl	USBD_GetString
 107              	.LVL7:
 108              	.L9:
 306:USB_DEVICE/App/usbd_desc.c ****   }
 307:USB_DEVICE/App/usbd_desc.c ****   return USBD_StrDesc;
 308:USB_DEVICE/App/usbd_desc.c **** }
 109              		.loc 1 308 0
 110 000e 0348     		ldr	r0, .L12
 111 0010 08BD     		pop	{r3, pc}
 112              	.LVL8:
 113              	.L11:
 301:USB_DEVICE/App/usbd_desc.c ****   }
 114              		.loc 1 301 0
 115 0012 0249     		ldr	r1, .L12
 116              	.LVL9:
 117 0014 0248     		ldr	r0, .L12+4
 118              	.LVL10:
 119 0016 FFF7FEFF 		bl	USBD_GetString
 120              	.LVL11:
 121 001a F8E7     		b	.L9
 122              	.L13:
 123              		.align	2
 124              	.L12:
 125 001c 00000000 		.word	USBD_StrDesc
 126 0020 00000000 		.word	.LC0
 127              		.cfi_endproc
 128              	.LFE128:
 130              		.section	.text.USBD_FS_ManufacturerStrDescriptor,"ax",%progbits
 131              		.align	1
 132              		.global	USBD_FS_ManufacturerStrDescriptor
 133              		.syntax unified
 134              		.thumb
 135              		.thumb_func
 136              		.fpu fpv4-sp-d16
 138              	USBD_FS_ManufacturerStrDescriptor:
 139              	.LFB129:
 309:USB_DEVICE/App/usbd_desc.c **** 
 310:USB_DEVICE/App/usbd_desc.c **** /**
 311:USB_DEVICE/App/usbd_desc.c ****   * @brief  Return the manufacturer string descriptor
 312:USB_DEVICE/App/usbd_desc.c ****   * @param  speed : Current device speed
 313:USB_DEVICE/App/usbd_desc.c ****   * @param  length : Pointer to data length variable
 314:USB_DEVICE/App/usbd_desc.c ****   * @retval Pointer to descriptor buffer
 315:USB_DEVICE/App/usbd_desc.c ****   */
 316:USB_DEVICE/App/usbd_desc.c **** uint8_t * USBD_FS_ManufacturerStrDescriptor(USBD_SpeedTypeDef speed, uint16_t *length)
 317:USB_DEVICE/App/usbd_desc.c **** {
 140              		.loc 1 317 0
 141              		.cfi_startproc
 142              		@ args = 0, pretend = 0, frame = 0
 143              		@ frame_needed = 0, uses_anonymous_args = 0
 144              	.LVL12:
 145 0000 10B5     		push	{r4, lr}
ARM GAS  C:\Users\073be\AppData\Local\Temp\cc8PPQ7g.s 			page 9


 146              	.LCFI1:
 147              		.cfi_def_cfa_offset 8
 148              		.cfi_offset 4, -8
 149              		.cfi_offset 14, -4
 318:USB_DEVICE/App/usbd_desc.c ****   USBD_GetString((uint8_t *)USBD_MANUFACTURER_STRING, USBD_StrDesc, length);
 150              		.loc 1 318 0
 151 0002 044C     		ldr	r4, .L16
 152 0004 0A46     		mov	r2, r1
 153 0006 2146     		mov	r1, r4
 154              	.LVL13:
 155 0008 0348     		ldr	r0, .L16+4
 156              	.LVL14:
 157 000a FFF7FEFF 		bl	USBD_GetString
 158              	.LVL15:
 319:USB_DEVICE/App/usbd_desc.c ****   return USBD_StrDesc;
 320:USB_DEVICE/App/usbd_desc.c **** }
 159              		.loc 1 320 0
 160 000e 2046     		mov	r0, r4
 161 0010 10BD     		pop	{r4, pc}
 162              	.L17:
 163 0012 00BF     		.align	2
 164              	.L16:
 165 0014 00000000 		.word	USBD_StrDesc
 166 0018 00000000 		.word	.LC1
 167              		.cfi_endproc
 168              	.LFE129:
 170              		.section	.text.USBD_FS_SerialStrDescriptor,"ax",%progbits
 171              		.align	1
 172              		.global	USBD_FS_SerialStrDescriptor
 173              		.syntax unified
 174              		.thumb
 175              		.thumb_func
 176              		.fpu fpv4-sp-d16
 178              	USBD_FS_SerialStrDescriptor:
 179              	.LFB130:
 321:USB_DEVICE/App/usbd_desc.c **** 
 322:USB_DEVICE/App/usbd_desc.c **** /**
 323:USB_DEVICE/App/usbd_desc.c ****   * @brief  Return the serial number string descriptor
 324:USB_DEVICE/App/usbd_desc.c ****   * @param  speed : Current device speed
 325:USB_DEVICE/App/usbd_desc.c ****   * @param  length : Pointer to data length variable
 326:USB_DEVICE/App/usbd_desc.c ****   * @retval Pointer to descriptor buffer
 327:USB_DEVICE/App/usbd_desc.c ****   */
 328:USB_DEVICE/App/usbd_desc.c **** uint8_t * USBD_FS_SerialStrDescriptor(USBD_SpeedTypeDef speed, uint16_t *length)
 329:USB_DEVICE/App/usbd_desc.c **** {
 180              		.loc 1 329 0
 181              		.cfi_startproc
 182              		@ args = 0, pretend = 0, frame = 0
 183              		@ frame_needed = 0, uses_anonymous_args = 0
 184              	.LVL16:
 185 0000 08B5     		push	{r3, lr}
 186              	.LCFI2:
 187              		.cfi_def_cfa_offset 8
 188              		.cfi_offset 3, -8
 189              		.cfi_offset 14, -4
 190 0002 0A46     		mov	r2, r1
 330:USB_DEVICE/App/usbd_desc.c ****   if(speed == USBD_SPEED_HIGH)
 191              		.loc 1 330 0
ARM GAS  C:\Users\073be\AppData\Local\Temp\cc8PPQ7g.s 			page 10


 192 0004 28B1     		cbz	r0, .L22
 331:USB_DEVICE/App/usbd_desc.c ****   {
 332:USB_DEVICE/App/usbd_desc.c ****     USBD_GetString((uint8_t *)USBD_SERIALNUMBER_STRING_FS, USBD_StrDesc, length);
 333:USB_DEVICE/App/usbd_desc.c ****   }
 334:USB_DEVICE/App/usbd_desc.c ****   else
 335:USB_DEVICE/App/usbd_desc.c ****   {
 336:USB_DEVICE/App/usbd_desc.c ****     USBD_GetString((uint8_t *)USBD_SERIALNUMBER_STRING_FS, USBD_StrDesc, length);
 193              		.loc 1 336 0
 194 0006 0549     		ldr	r1, .L23
 195              	.LVL17:
 196 0008 0548     		ldr	r0, .L23+4
 197              	.LVL18:
 198 000a FFF7FEFF 		bl	USBD_GetString
 199              	.LVL19:
 200              	.L20:
 337:USB_DEVICE/App/usbd_desc.c ****   }
 338:USB_DEVICE/App/usbd_desc.c ****   return USBD_StrDesc;
 339:USB_DEVICE/App/usbd_desc.c **** }
 201              		.loc 1 339 0
 202 000e 0348     		ldr	r0, .L23
 203 0010 08BD     		pop	{r3, pc}
 204              	.LVL20:
 205              	.L22:
 332:USB_DEVICE/App/usbd_desc.c ****   }
 206              		.loc 1 332 0
 207 0012 0249     		ldr	r1, .L23
 208              	.LVL21:
 209 0014 0248     		ldr	r0, .L23+4
 210              	.LVL22:
 211 0016 FFF7FEFF 		bl	USBD_GetString
 212              	.LVL23:
 213 001a F8E7     		b	.L20
 214              	.L24:
 215              		.align	2
 216              	.L23:
 217 001c 00000000 		.word	USBD_StrDesc
 218 0020 00000000 		.word	.LC2
 219              		.cfi_endproc
 220              	.LFE130:
 222              		.section	.text.USBD_FS_ConfigStrDescriptor,"ax",%progbits
 223              		.align	1
 224              		.global	USBD_FS_ConfigStrDescriptor
 225              		.syntax unified
 226              		.thumb
 227              		.thumb_func
 228              		.fpu fpv4-sp-d16
 230              	USBD_FS_ConfigStrDescriptor:
 231              	.LFB131:
 340:USB_DEVICE/App/usbd_desc.c **** 
 341:USB_DEVICE/App/usbd_desc.c **** /**
 342:USB_DEVICE/App/usbd_desc.c ****   * @brief  Return the configuration string descriptor
 343:USB_DEVICE/App/usbd_desc.c ****   * @param  speed : Current device speed
 344:USB_DEVICE/App/usbd_desc.c ****   * @param  length : Pointer to data length variable
 345:USB_DEVICE/App/usbd_desc.c ****   * @retval Pointer to descriptor buffer
 346:USB_DEVICE/App/usbd_desc.c ****   */
 347:USB_DEVICE/App/usbd_desc.c **** uint8_t * USBD_FS_ConfigStrDescriptor(USBD_SpeedTypeDef speed, uint16_t *length)
 348:USB_DEVICE/App/usbd_desc.c **** {
ARM GAS  C:\Users\073be\AppData\Local\Temp\cc8PPQ7g.s 			page 11


 232              		.loc 1 348 0
 233              		.cfi_startproc
 234              		@ args = 0, pretend = 0, frame = 0
 235              		@ frame_needed = 0, uses_anonymous_args = 0
 236              	.LVL24:
 237 0000 08B5     		push	{r3, lr}
 238              	.LCFI3:
 239              		.cfi_def_cfa_offset 8
 240              		.cfi_offset 3, -8
 241              		.cfi_offset 14, -4
 242 0002 0A46     		mov	r2, r1
 349:USB_DEVICE/App/usbd_desc.c ****   if(speed == USBD_SPEED_HIGH)
 243              		.loc 1 349 0
 244 0004 28B1     		cbz	r0, .L29
 350:USB_DEVICE/App/usbd_desc.c ****   {
 351:USB_DEVICE/App/usbd_desc.c ****     USBD_GetString((uint8_t *)USBD_CONFIGURATION_STRING_FS, USBD_StrDesc, length);
 352:USB_DEVICE/App/usbd_desc.c ****   }
 353:USB_DEVICE/App/usbd_desc.c ****   else
 354:USB_DEVICE/App/usbd_desc.c ****   {
 355:USB_DEVICE/App/usbd_desc.c ****     USBD_GetString((uint8_t *)USBD_CONFIGURATION_STRING_FS, USBD_StrDesc, length);
 245              		.loc 1 355 0
 246 0006 0549     		ldr	r1, .L30
 247              	.LVL25:
 248 0008 0548     		ldr	r0, .L30+4
 249              	.LVL26:
 250 000a FFF7FEFF 		bl	USBD_GetString
 251              	.LVL27:
 252              	.L27:
 356:USB_DEVICE/App/usbd_desc.c ****   }
 357:USB_DEVICE/App/usbd_desc.c ****   return USBD_StrDesc;
 358:USB_DEVICE/App/usbd_desc.c **** }
 253              		.loc 1 358 0
 254 000e 0348     		ldr	r0, .L30
 255 0010 08BD     		pop	{r3, pc}
 256              	.LVL28:
 257              	.L29:
 351:USB_DEVICE/App/usbd_desc.c ****   }
 258              		.loc 1 351 0
 259 0012 0249     		ldr	r1, .L30
 260              	.LVL29:
 261 0014 0248     		ldr	r0, .L30+4
 262              	.LVL30:
 263 0016 FFF7FEFF 		bl	USBD_GetString
 264              	.LVL31:
 265 001a F8E7     		b	.L27
 266              	.L31:
 267              		.align	2
 268              	.L30:
 269 001c 00000000 		.word	USBD_StrDesc
 270 0020 00000000 		.word	.LC3
 271              		.cfi_endproc
 272              	.LFE131:
 274              		.section	.text.USBD_FS_InterfaceStrDescriptor,"ax",%progbits
 275              		.align	1
 276              		.global	USBD_FS_InterfaceStrDescriptor
 277              		.syntax unified
 278              		.thumb
ARM GAS  C:\Users\073be\AppData\Local\Temp\cc8PPQ7g.s 			page 12


 279              		.thumb_func
 280              		.fpu fpv4-sp-d16
 282              	USBD_FS_InterfaceStrDescriptor:
 283              	.LFB132:
 359:USB_DEVICE/App/usbd_desc.c **** 
 360:USB_DEVICE/App/usbd_desc.c **** /**
 361:USB_DEVICE/App/usbd_desc.c ****   * @brief  Return the interface string descriptor
 362:USB_DEVICE/App/usbd_desc.c ****   * @param  speed : Current device speed
 363:USB_DEVICE/App/usbd_desc.c ****   * @param  length : Pointer to data length variable
 364:USB_DEVICE/App/usbd_desc.c ****   * @retval Pointer to descriptor buffer
 365:USB_DEVICE/App/usbd_desc.c ****   */
 366:USB_DEVICE/App/usbd_desc.c **** uint8_t * USBD_FS_InterfaceStrDescriptor(USBD_SpeedTypeDef speed, uint16_t *length)
 367:USB_DEVICE/App/usbd_desc.c **** {
 284              		.loc 1 367 0
 285              		.cfi_startproc
 286              		@ args = 0, pretend = 0, frame = 0
 287              		@ frame_needed = 0, uses_anonymous_args = 0
 288              	.LVL32:
 289 0000 08B5     		push	{r3, lr}
 290              	.LCFI4:
 291              		.cfi_def_cfa_offset 8
 292              		.cfi_offset 3, -8
 293              		.cfi_offset 14, -4
 294 0002 0A46     		mov	r2, r1
 368:USB_DEVICE/App/usbd_desc.c ****   if(speed == 0)
 295              		.loc 1 368 0
 296 0004 28B1     		cbz	r0, .L36
 369:USB_DEVICE/App/usbd_desc.c ****   {
 370:USB_DEVICE/App/usbd_desc.c ****     USBD_GetString((uint8_t *)USBD_INTERFACE_STRING_FS, USBD_StrDesc, length);
 371:USB_DEVICE/App/usbd_desc.c ****   }
 372:USB_DEVICE/App/usbd_desc.c ****   else
 373:USB_DEVICE/App/usbd_desc.c ****   {
 374:USB_DEVICE/App/usbd_desc.c ****     USBD_GetString((uint8_t *)USBD_INTERFACE_STRING_FS, USBD_StrDesc, length);
 297              		.loc 1 374 0
 298 0006 0549     		ldr	r1, .L37
 299              	.LVL33:
 300 0008 0548     		ldr	r0, .L37+4
 301              	.LVL34:
 302 000a FFF7FEFF 		bl	USBD_GetString
 303              	.LVL35:
 304              	.L34:
 375:USB_DEVICE/App/usbd_desc.c ****   }
 376:USB_DEVICE/App/usbd_desc.c ****   return USBD_StrDesc;
 377:USB_DEVICE/App/usbd_desc.c **** }
 305              		.loc 1 377 0
 306 000e 0348     		ldr	r0, .L37
 307 0010 08BD     		pop	{r3, pc}
 308              	.LVL36:
 309              	.L36:
 370:USB_DEVICE/App/usbd_desc.c ****   }
 310              		.loc 1 370 0
 311 0012 0249     		ldr	r1, .L37
 312              	.LVL37:
 313 0014 0248     		ldr	r0, .L37+4
 314              	.LVL38:
 315 0016 FFF7FEFF 		bl	USBD_GetString
 316              	.LVL39:
ARM GAS  C:\Users\073be\AppData\Local\Temp\cc8PPQ7g.s 			page 13


 317 001a F8E7     		b	.L34
 318              	.L38:
 319              		.align	2
 320              	.L37:
 321 001c 00000000 		.word	USBD_StrDesc
 322 0020 00000000 		.word	.LC4
 323              		.cfi_endproc
 324              	.LFE132:
 326              		.comm	USBD_StrDesc,512,4
 327              		.global	USBD_LangIDDesc
 328              		.global	USBD_FS_DeviceDesc
 329              		.global	FS_Desc
 330              		.section	.data.FS_Desc,"aw",%progbits
 331              		.align	2
 334              	FS_Desc:
 335 0000 00000000 		.word	USBD_FS_DeviceDescriptor
 336 0004 00000000 		.word	USBD_FS_LangIDStrDescriptor
 337 0008 00000000 		.word	USBD_FS_ManufacturerStrDescriptor
 338 000c 00000000 		.word	USBD_FS_ProductStrDescriptor
 339 0010 00000000 		.word	USBD_FS_SerialStrDescriptor
 340 0014 00000000 		.word	USBD_FS_ConfigStrDescriptor
 341 0018 00000000 		.word	USBD_FS_InterfaceStrDescriptor
 342              		.section	.data.USBD_FS_DeviceDesc,"aw",%progbits
 343              		.align	2
 344              		.set	.LANCHOR0,. + 0
 347              	USBD_FS_DeviceDesc:
 348 0000 12       		.byte	18
 349 0001 01       		.byte	1
 350 0002 00       		.byte	0
 351 0003 02       		.byte	2
 352 0004 02       		.byte	2
 353 0005 02       		.byte	2
 354 0006 00       		.byte	0
 355 0007 40       		.byte	64
 356 0008 83       		.byte	-125
 357 0009 04       		.byte	4
 358 000a 40       		.byte	64
 359 000b 57       		.byte	87
 360 000c 00       		.byte	0
 361 000d 02       		.byte	2
 362 000e 01       		.byte	1
 363 000f 02       		.byte	2
 364 0010 03       		.byte	3
 365 0011 01       		.byte	1
 366              		.section	.data.USBD_LangIDDesc,"aw",%progbits
 367              		.align	2
 368              		.set	.LANCHOR1,. + 0
 371              	USBD_LangIDDesc:
 372 0000 04       		.byte	4
 373 0001 03       		.byte	3
 374 0002 09       		.byte	9
 375 0003 04       		.byte	4
 376              		.section	.rodata.USBD_FS_ConfigStrDescriptor.str1.4,"aMS",%progbits,1
 377              		.align	2
 378              	.LC3:
 379 0000 43444320 		.ascii	"CDC Config\000"
 379      436F6E66 
ARM GAS  C:\Users\073be\AppData\Local\Temp\cc8PPQ7g.s 			page 14


 379      696700
 380              		.section	.rodata.USBD_FS_InterfaceStrDescriptor.str1.4,"aMS",%progbits,1
 381              		.align	2
 382              	.LC4:
 383 0000 43444320 		.ascii	"CDC Interface\000"
 383      496E7465 
 383      72666163 
 383      6500
 384              		.section	.rodata.USBD_FS_ManufacturerStrDescriptor.str1.4,"aMS",%progbits,1
 385              		.align	2
 386              	.LC1:
 387 0000 53544D69 		.ascii	"STMicroelectronics\000"
 387      63726F65 
 387      6C656374 
 387      726F6E69 
 387      637300
 388              		.section	.rodata.USBD_FS_ProductStrDescriptor.str1.4,"aMS",%progbits,1
 389              		.align	2
 390              	.LC0:
 391 0000 53544D33 		.ascii	"STM32 Virtual ComPort\000"
 391      32205669 
 391      72747561 
 391      6C20436F 
 391      6D506F72 
 392              		.section	.rodata.USBD_FS_SerialStrDescriptor.str1.4,"aMS",%progbits,1
 393              		.align	2
 394              	.LC2:
 395 0000 30303030 		.ascii	"00000000001A\000"
 395      30303030 
 395      30303141 
 395      00
 396              		.text
 397              	.Letext0:
 398              		.file 2 "c:\\program files (x86)\\gnu tools arm embedded\\7 2017-q4-major\\arm-none-eabi\\include\
 399              		.file 3 "c:\\program files (x86)\\gnu tools arm embedded\\7 2017-q4-major\\arm-none-eabi\\include\
 400              		.file 4 "c:\\program files (x86)\\gnu tools arm embedded\\7 2017-q4-major\\arm-none-eabi\\include\
 401              		.file 5 "c:\\program files (x86)\\gnu tools arm embedded\\7 2017-q4-major\\lib\\gcc\\arm-none-eabi
 402              		.file 6 "c:\\program files (x86)\\gnu tools arm embedded\\7 2017-q4-major\\arm-none-eabi\\include\
 403              		.file 7 "c:\\program files (x86)\\gnu tools arm embedded\\7 2017-q4-major\\arm-none-eabi\\include\
 404              		.file 8 "c:\\program files (x86)\\gnu tools arm embedded\\7 2017-q4-major\\arm-none-eabi\\include\
 405              		.file 9 "C:/Users/073be/STM32Cube/Repository/STM32Cube_FW_F4_V1.23.0/Drivers/CMSIS/Include/core_cm
 406              		.file 10 "C:/Users/073be/STM32Cube/Repository/STM32Cube_FW_F4_V1.23.0/Drivers/CMSIS/Device/ST/STM3
 407              		.file 11 "C:/Users/073be/STM32Cube/Repository/STM32Cube_FW_F4_V1.23.0/Middlewares/ST/STM32_USB_Dev
 408              		.file 12 "USB_DEVICE/App/usbd_desc.h"
 409              		.file 13 "C:/Users/073be/STM32Cube/Repository/STM32Cube_FW_F4_V1.23.0/Middlewares/ST/STM32_USB_Dev
ARM GAS  C:\Users\073be\AppData\Local\Temp\cc8PPQ7g.s 			page 15


DEFINED SYMBOLS
                            *ABS*:00000000 usbd_desc.c
C:\Users\073be\AppData\Local\Temp\cc8PPQ7g.s:18     .text.USBD_FS_DeviceDescriptor:00000000 $t
C:\Users\073be\AppData\Local\Temp\cc8PPQ7g.s:25     .text.USBD_FS_DeviceDescriptor:00000000 USBD_FS_DeviceDescriptor
C:\Users\073be\AppData\Local\Temp\cc8PPQ7g.s:44     .text.USBD_FS_DeviceDescriptor:00000008 $d
C:\Users\073be\AppData\Local\Temp\cc8PPQ7g.s:49     .text.USBD_FS_LangIDStrDescriptor:00000000 $t
C:\Users\073be\AppData\Local\Temp\cc8PPQ7g.s:56     .text.USBD_FS_LangIDStrDescriptor:00000000 USBD_FS_LangIDStrDescriptor
C:\Users\073be\AppData\Local\Temp\cc8PPQ7g.s:74     .text.USBD_FS_LangIDStrDescriptor:00000008 $d
C:\Users\073be\AppData\Local\Temp\cc8PPQ7g.s:79     .text.USBD_FS_ProductStrDescriptor:00000000 $t
C:\Users\073be\AppData\Local\Temp\cc8PPQ7g.s:86     .text.USBD_FS_ProductStrDescriptor:00000000 USBD_FS_ProductStrDescriptor
C:\Users\073be\AppData\Local\Temp\cc8PPQ7g.s:125    .text.USBD_FS_ProductStrDescriptor:0000001c $d
                            *COM*:00000200 USBD_StrDesc
C:\Users\073be\AppData\Local\Temp\cc8PPQ7g.s:131    .text.USBD_FS_ManufacturerStrDescriptor:00000000 $t
C:\Users\073be\AppData\Local\Temp\cc8PPQ7g.s:138    .text.USBD_FS_ManufacturerStrDescriptor:00000000 USBD_FS_ManufacturerStrDescriptor
C:\Users\073be\AppData\Local\Temp\cc8PPQ7g.s:165    .text.USBD_FS_ManufacturerStrDescriptor:00000014 $d
C:\Users\073be\AppData\Local\Temp\cc8PPQ7g.s:171    .text.USBD_FS_SerialStrDescriptor:00000000 $t
C:\Users\073be\AppData\Local\Temp\cc8PPQ7g.s:178    .text.USBD_FS_SerialStrDescriptor:00000000 USBD_FS_SerialStrDescriptor
C:\Users\073be\AppData\Local\Temp\cc8PPQ7g.s:217    .text.USBD_FS_SerialStrDescriptor:0000001c $d
C:\Users\073be\AppData\Local\Temp\cc8PPQ7g.s:223    .text.USBD_FS_ConfigStrDescriptor:00000000 $t
C:\Users\073be\AppData\Local\Temp\cc8PPQ7g.s:230    .text.USBD_FS_ConfigStrDescriptor:00000000 USBD_FS_ConfigStrDescriptor
C:\Users\073be\AppData\Local\Temp\cc8PPQ7g.s:269    .text.USBD_FS_ConfigStrDescriptor:0000001c $d
C:\Users\073be\AppData\Local\Temp\cc8PPQ7g.s:275    .text.USBD_FS_InterfaceStrDescriptor:00000000 $t
C:\Users\073be\AppData\Local\Temp\cc8PPQ7g.s:282    .text.USBD_FS_InterfaceStrDescriptor:00000000 USBD_FS_InterfaceStrDescriptor
C:\Users\073be\AppData\Local\Temp\cc8PPQ7g.s:321    .text.USBD_FS_InterfaceStrDescriptor:0000001c $d
C:\Users\073be\AppData\Local\Temp\cc8PPQ7g.s:371    .data.USBD_LangIDDesc:00000000 USBD_LangIDDesc
C:\Users\073be\AppData\Local\Temp\cc8PPQ7g.s:347    .data.USBD_FS_DeviceDesc:00000000 USBD_FS_DeviceDesc
C:\Users\073be\AppData\Local\Temp\cc8PPQ7g.s:334    .data.FS_Desc:00000000 FS_Desc
C:\Users\073be\AppData\Local\Temp\cc8PPQ7g.s:331    .data.FS_Desc:00000000 $d
C:\Users\073be\AppData\Local\Temp\cc8PPQ7g.s:343    .data.USBD_FS_DeviceDesc:00000000 $d
C:\Users\073be\AppData\Local\Temp\cc8PPQ7g.s:367    .data.USBD_LangIDDesc:00000000 $d
C:\Users\073be\AppData\Local\Temp\cc8PPQ7g.s:377    .rodata.USBD_FS_ConfigStrDescriptor.str1.4:00000000 $d
C:\Users\073be\AppData\Local\Temp\cc8PPQ7g.s:381    .rodata.USBD_FS_InterfaceStrDescriptor.str1.4:00000000 $d
C:\Users\073be\AppData\Local\Temp\cc8PPQ7g.s:385    .rodata.USBD_FS_ManufacturerStrDescriptor.str1.4:00000000 $d
C:\Users\073be\AppData\Local\Temp\cc8PPQ7g.s:389    .rodata.USBD_FS_ProductStrDescriptor.str1.4:00000000 $d
C:\Users\073be\AppData\Local\Temp\cc8PPQ7g.s:393    .rodata.USBD_FS_SerialStrDescriptor.str1.4:00000000 $d

UNDEFINED SYMBOLS
USBD_GetString
