ARM GAS  C:\Users\073be\AppData\Local\Temp\cccTGstC.s 			page 1


   1              		.cpu cortex-m4
   2              		.eabi_attribute 27, 1
   3              		.eabi_attribute 28, 1
   4              		.eabi_attribute 20, 1
   5              		.eabi_attribute 21, 1
   6              		.eabi_attribute 23, 3
   7              		.eabi_attribute 24, 1
   8              		.eabi_attribute 25, 1
   9              		.eabi_attribute 26, 1
  10              		.eabi_attribute 30, 1
  11              		.eabi_attribute 34, 1
  12              		.eabi_attribute 18, 4
  13              		.file	"usbd_cdc_if.c"
  14              		.text
  15              	.Ltext0:
  16              		.cfi_sections	.debug_frame
  17              		.section	.text.CDC_DeInit_FS,"ax",%progbits
  18              		.align	1
  19              		.syntax unified
  20              		.thumb
  21              		.thumb_func
  22              		.fpu fpv4-sp-d16
  24              	CDC_DeInit_FS:
  25              	.LFB127:
  26              		.file 1 "USB_DEVICE/App/usbd_cdc_if.c"
   1:USB_DEVICE/App/usbd_cdc_if.c **** /**
   2:USB_DEVICE/App/usbd_cdc_if.c ****   ******************************************************************************
   3:USB_DEVICE/App/usbd_cdc_if.c ****   * @file           : usbd_cdc_if.c
   4:USB_DEVICE/App/usbd_cdc_if.c ****   * @version        : v1.0_Cube
   5:USB_DEVICE/App/usbd_cdc_if.c ****   * @brief          : Usb device for Virtual Com Port.
   6:USB_DEVICE/App/usbd_cdc_if.c ****   ******************************************************************************
   7:USB_DEVICE/App/usbd_cdc_if.c ****   * This notice applies to any and all portions of this file
   8:USB_DEVICE/App/usbd_cdc_if.c ****   * that are not between comment pairs USER CODE BEGIN and
   9:USB_DEVICE/App/usbd_cdc_if.c ****   * USER CODE END. Other portions of this file, whether 
  10:USB_DEVICE/App/usbd_cdc_if.c ****   * inserted by the user or by software development tools
  11:USB_DEVICE/App/usbd_cdc_if.c ****   * are owned by their respective copyright owners.
  12:USB_DEVICE/App/usbd_cdc_if.c ****   *
  13:USB_DEVICE/App/usbd_cdc_if.c ****   * Copyright (c) 2018 STMicroelectronics International N.V. 
  14:USB_DEVICE/App/usbd_cdc_if.c ****   * All rights reserved.
  15:USB_DEVICE/App/usbd_cdc_if.c ****   *
  16:USB_DEVICE/App/usbd_cdc_if.c ****   * Redistribution and use in source and binary forms, with or without 
  17:USB_DEVICE/App/usbd_cdc_if.c ****   * modification, are permitted, provided that the following conditions are met:
  18:USB_DEVICE/App/usbd_cdc_if.c ****   *
  19:USB_DEVICE/App/usbd_cdc_if.c ****   * 1. Redistribution of source code must retain the above copyright notice, 
  20:USB_DEVICE/App/usbd_cdc_if.c ****   *    this list of conditions and the following disclaimer.
  21:USB_DEVICE/App/usbd_cdc_if.c ****   * 2. Redistributions in binary form must reproduce the above copyright notice,
  22:USB_DEVICE/App/usbd_cdc_if.c ****   *    this list of conditions and the following disclaimer in the documentation
  23:USB_DEVICE/App/usbd_cdc_if.c ****   *    and/or other materials provided with the distribution.
  24:USB_DEVICE/App/usbd_cdc_if.c ****   * 3. Neither the name of STMicroelectronics nor the names of other 
  25:USB_DEVICE/App/usbd_cdc_if.c ****   *    contributors to this software may be used to endorse or promote products 
  26:USB_DEVICE/App/usbd_cdc_if.c ****   *    derived from this software without specific written permission.
  27:USB_DEVICE/App/usbd_cdc_if.c ****   * 4. This software, including modifications and/or derivative works of this 
  28:USB_DEVICE/App/usbd_cdc_if.c ****   *    software, must execute solely and exclusively on microcontroller or
  29:USB_DEVICE/App/usbd_cdc_if.c ****   *    microprocessor devices manufactured by or for STMicroelectronics.
  30:USB_DEVICE/App/usbd_cdc_if.c ****   * 5. Redistribution and use of this software other than as permitted under 
  31:USB_DEVICE/App/usbd_cdc_if.c ****   *    this license is void and will automatically terminate your rights under 
  32:USB_DEVICE/App/usbd_cdc_if.c ****   *    this license. 
ARM GAS  C:\Users\073be\AppData\Local\Temp\cccTGstC.s 			page 2


  33:USB_DEVICE/App/usbd_cdc_if.c ****   *
  34:USB_DEVICE/App/usbd_cdc_if.c ****   * THIS SOFTWARE IS PROVIDED BY STMICROELECTRONICS AND CONTRIBUTORS "AS IS" 
  35:USB_DEVICE/App/usbd_cdc_if.c ****   * AND ANY EXPRESS, IMPLIED OR STATUTORY WARRANTIES, INCLUDING, BUT NOT 
  36:USB_DEVICE/App/usbd_cdc_if.c ****   * LIMITED TO, THE IMPLIED WARRANTIES OF MERCHANTABILITY, FITNESS FOR A 
  37:USB_DEVICE/App/usbd_cdc_if.c ****   * PARTICULAR PURPOSE AND NON-INFRINGEMENT OF THIRD PARTY INTELLECTUAL PROPERTY
  38:USB_DEVICE/App/usbd_cdc_if.c ****   * RIGHTS ARE DISCLAIMED TO THE FULLEST EXTENT PERMITTED BY LAW. IN NO EVENT 
  39:USB_DEVICE/App/usbd_cdc_if.c ****   * SHALL STMICROELECTRONICS OR CONTRIBUTORS BE LIABLE FOR ANY DIRECT, INDIRECT,
  40:USB_DEVICE/App/usbd_cdc_if.c ****   * INCIDENTAL, SPECIAL, EXEMPLARY, OR CONSEQUENTIAL DAMAGES (INCLUDING, BUT NOT
  41:USB_DEVICE/App/usbd_cdc_if.c ****   * LIMITED TO, PROCUREMENT OF SUBSTITUTE GOODS OR SERVICES; LOSS OF USE, DATA, 
  42:USB_DEVICE/App/usbd_cdc_if.c ****   * OR PROFITS; OR BUSINESS INTERRUPTION) HOWEVER CAUSED AND ON ANY THEORY OF 
  43:USB_DEVICE/App/usbd_cdc_if.c ****   * LIABILITY, WHETHER IN CONTRACT, STRICT LIABILITY, OR TORT (INCLUDING 
  44:USB_DEVICE/App/usbd_cdc_if.c ****   * NEGLIGENCE OR OTHERWISE) ARISING IN ANY WAY OUT OF THE USE OF THIS SOFTWARE,
  45:USB_DEVICE/App/usbd_cdc_if.c ****   * EVEN IF ADVISED OF THE POSSIBILITY OF SUCH DAMAGE.
  46:USB_DEVICE/App/usbd_cdc_if.c ****   *
  47:USB_DEVICE/App/usbd_cdc_if.c ****   ******************************************************************************
  48:USB_DEVICE/App/usbd_cdc_if.c ****   */
  49:USB_DEVICE/App/usbd_cdc_if.c **** 
  50:USB_DEVICE/App/usbd_cdc_if.c **** /* Includes ------------------------------------------------------------------*/
  51:USB_DEVICE/App/usbd_cdc_if.c **** #include "usbd_cdc_if.h"
  52:USB_DEVICE/App/usbd_cdc_if.c **** 
  53:USB_DEVICE/App/usbd_cdc_if.c **** /* USER CODE BEGIN INCLUDE */
  54:USB_DEVICE/App/usbd_cdc_if.c **** 
  55:USB_DEVICE/App/usbd_cdc_if.c **** /* USER CODE END INCLUDE */
  56:USB_DEVICE/App/usbd_cdc_if.c **** 
  57:USB_DEVICE/App/usbd_cdc_if.c **** /* Private typedef -----------------------------------------------------------*/
  58:USB_DEVICE/App/usbd_cdc_if.c **** /* Private define ------------------------------------------------------------*/
  59:USB_DEVICE/App/usbd_cdc_if.c **** /* Private macro -------------------------------------------------------------*/
  60:USB_DEVICE/App/usbd_cdc_if.c **** 
  61:USB_DEVICE/App/usbd_cdc_if.c **** /* USER CODE BEGIN PV */
  62:USB_DEVICE/App/usbd_cdc_if.c **** /* Private variables ---------------------------------------------------------*/
  63:USB_DEVICE/App/usbd_cdc_if.c **** 
  64:USB_DEVICE/App/usbd_cdc_if.c **** /* USER CODE END PV */
  65:USB_DEVICE/App/usbd_cdc_if.c **** 
  66:USB_DEVICE/App/usbd_cdc_if.c **** /** @addtogroup STM32_USB_OTG_DEVICE_LIBRARY
  67:USB_DEVICE/App/usbd_cdc_if.c ****   * @brief Usb device library.
  68:USB_DEVICE/App/usbd_cdc_if.c ****   * @{
  69:USB_DEVICE/App/usbd_cdc_if.c ****   */
  70:USB_DEVICE/App/usbd_cdc_if.c **** 
  71:USB_DEVICE/App/usbd_cdc_if.c **** /** @addtogroup USBD_CDC_IF
  72:USB_DEVICE/App/usbd_cdc_if.c ****   * @{
  73:USB_DEVICE/App/usbd_cdc_if.c ****   */
  74:USB_DEVICE/App/usbd_cdc_if.c **** 
  75:USB_DEVICE/App/usbd_cdc_if.c **** /** @defgroup USBD_CDC_IF_Private_TypesDefinitions USBD_CDC_IF_Private_TypesDefinitions
  76:USB_DEVICE/App/usbd_cdc_if.c ****   * @brief Private types.
  77:USB_DEVICE/App/usbd_cdc_if.c ****   * @{
  78:USB_DEVICE/App/usbd_cdc_if.c ****   */
  79:USB_DEVICE/App/usbd_cdc_if.c **** 
  80:USB_DEVICE/App/usbd_cdc_if.c **** /* USER CODE BEGIN PRIVATE_TYPES */
  81:USB_DEVICE/App/usbd_cdc_if.c **** 
  82:USB_DEVICE/App/usbd_cdc_if.c **** /* USER CODE END PRIVATE_TYPES */
  83:USB_DEVICE/App/usbd_cdc_if.c **** 
  84:USB_DEVICE/App/usbd_cdc_if.c **** /**
  85:USB_DEVICE/App/usbd_cdc_if.c ****   * @}
  86:USB_DEVICE/App/usbd_cdc_if.c ****   */
  87:USB_DEVICE/App/usbd_cdc_if.c **** 
  88:USB_DEVICE/App/usbd_cdc_if.c **** /** @defgroup USBD_CDC_IF_Private_Defines USBD_CDC_IF_Private_Defines
  89:USB_DEVICE/App/usbd_cdc_if.c ****   * @brief Private defines.
ARM GAS  C:\Users\073be\AppData\Local\Temp\cccTGstC.s 			page 3


  90:USB_DEVICE/App/usbd_cdc_if.c ****   * @{
  91:USB_DEVICE/App/usbd_cdc_if.c ****   */
  92:USB_DEVICE/App/usbd_cdc_if.c **** 
  93:USB_DEVICE/App/usbd_cdc_if.c **** /* USER CODE BEGIN PRIVATE_DEFINES */
  94:USB_DEVICE/App/usbd_cdc_if.c **** /* Define size for the receive and transmit buffer over CDC */
  95:USB_DEVICE/App/usbd_cdc_if.c **** /* It's up to user to redefine and/or remove those define */
  96:USB_DEVICE/App/usbd_cdc_if.c **** #define APP_RX_DATA_SIZE  2048
  97:USB_DEVICE/App/usbd_cdc_if.c **** #define APP_TX_DATA_SIZE  2048
  98:USB_DEVICE/App/usbd_cdc_if.c **** /* USER CODE END PRIVATE_DEFINES */
  99:USB_DEVICE/App/usbd_cdc_if.c **** 
 100:USB_DEVICE/App/usbd_cdc_if.c **** /**
 101:USB_DEVICE/App/usbd_cdc_if.c ****   * @}
 102:USB_DEVICE/App/usbd_cdc_if.c ****   */
 103:USB_DEVICE/App/usbd_cdc_if.c **** 
 104:USB_DEVICE/App/usbd_cdc_if.c **** /** @defgroup USBD_CDC_IF_Private_Macros USBD_CDC_IF_Private_Macros
 105:USB_DEVICE/App/usbd_cdc_if.c ****   * @brief Private macros.
 106:USB_DEVICE/App/usbd_cdc_if.c ****   * @{
 107:USB_DEVICE/App/usbd_cdc_if.c ****   */
 108:USB_DEVICE/App/usbd_cdc_if.c **** 
 109:USB_DEVICE/App/usbd_cdc_if.c **** /* USER CODE BEGIN PRIVATE_MACRO */
 110:USB_DEVICE/App/usbd_cdc_if.c **** 
 111:USB_DEVICE/App/usbd_cdc_if.c **** /* USER CODE END PRIVATE_MACRO */
 112:USB_DEVICE/App/usbd_cdc_if.c **** 
 113:USB_DEVICE/App/usbd_cdc_if.c **** /**
 114:USB_DEVICE/App/usbd_cdc_if.c ****   * @}
 115:USB_DEVICE/App/usbd_cdc_if.c ****   */
 116:USB_DEVICE/App/usbd_cdc_if.c **** 
 117:USB_DEVICE/App/usbd_cdc_if.c **** /** @defgroup USBD_CDC_IF_Private_Variables USBD_CDC_IF_Private_Variables
 118:USB_DEVICE/App/usbd_cdc_if.c ****   * @brief Private variables.
 119:USB_DEVICE/App/usbd_cdc_if.c ****   * @{
 120:USB_DEVICE/App/usbd_cdc_if.c ****   */
 121:USB_DEVICE/App/usbd_cdc_if.c **** /* Create buffer for reception and transmission           */
 122:USB_DEVICE/App/usbd_cdc_if.c **** /* It's up to user to redefine and/or remove those define */
 123:USB_DEVICE/App/usbd_cdc_if.c **** /** Received data over USB are stored in this buffer      */
 124:USB_DEVICE/App/usbd_cdc_if.c **** uint8_t UserRxBufferFS[APP_RX_DATA_SIZE];
 125:USB_DEVICE/App/usbd_cdc_if.c **** 
 126:USB_DEVICE/App/usbd_cdc_if.c **** /** Data to send over USB CDC are stored in this buffer   */
 127:USB_DEVICE/App/usbd_cdc_if.c **** uint8_t UserTxBufferFS[APP_TX_DATA_SIZE];
 128:USB_DEVICE/App/usbd_cdc_if.c **** 
 129:USB_DEVICE/App/usbd_cdc_if.c **** /* USER CODE BEGIN PRIVATE_VARIABLES */
 130:USB_DEVICE/App/usbd_cdc_if.c **** 
 131:USB_DEVICE/App/usbd_cdc_if.c **** /* USER CODE END PRIVATE_VARIABLES */
 132:USB_DEVICE/App/usbd_cdc_if.c **** 
 133:USB_DEVICE/App/usbd_cdc_if.c **** /**
 134:USB_DEVICE/App/usbd_cdc_if.c ****   * @}
 135:USB_DEVICE/App/usbd_cdc_if.c ****   */
 136:USB_DEVICE/App/usbd_cdc_if.c **** 
 137:USB_DEVICE/App/usbd_cdc_if.c **** /** @defgroup USBD_CDC_IF_Exported_Variables USBD_CDC_IF_Exported_Variables
 138:USB_DEVICE/App/usbd_cdc_if.c ****   * @brief Public variables.
 139:USB_DEVICE/App/usbd_cdc_if.c ****   * @{
 140:USB_DEVICE/App/usbd_cdc_if.c ****   */
 141:USB_DEVICE/App/usbd_cdc_if.c **** 
 142:USB_DEVICE/App/usbd_cdc_if.c **** extern USBD_HandleTypeDef hUsbDeviceFS;
 143:USB_DEVICE/App/usbd_cdc_if.c **** 
 144:USB_DEVICE/App/usbd_cdc_if.c **** /* USER CODE BEGIN EXPORTED_VARIABLES */
 145:USB_DEVICE/App/usbd_cdc_if.c **** 
 146:USB_DEVICE/App/usbd_cdc_if.c **** /* USER CODE END EXPORTED_VARIABLES */
ARM GAS  C:\Users\073be\AppData\Local\Temp\cccTGstC.s 			page 4


 147:USB_DEVICE/App/usbd_cdc_if.c **** 
 148:USB_DEVICE/App/usbd_cdc_if.c **** /**
 149:USB_DEVICE/App/usbd_cdc_if.c ****   * @}
 150:USB_DEVICE/App/usbd_cdc_if.c ****   */
 151:USB_DEVICE/App/usbd_cdc_if.c **** 
 152:USB_DEVICE/App/usbd_cdc_if.c **** /** @defgroup USBD_CDC_IF_Private_FunctionPrototypes USBD_CDC_IF_Private_FunctionPrototypes
 153:USB_DEVICE/App/usbd_cdc_if.c ****   * @brief Private functions declaration.
 154:USB_DEVICE/App/usbd_cdc_if.c ****   * @{
 155:USB_DEVICE/App/usbd_cdc_if.c ****   */
 156:USB_DEVICE/App/usbd_cdc_if.c **** 
 157:USB_DEVICE/App/usbd_cdc_if.c **** static int8_t CDC_Init_FS(void);
 158:USB_DEVICE/App/usbd_cdc_if.c **** static int8_t CDC_DeInit_FS(void);
 159:USB_DEVICE/App/usbd_cdc_if.c **** static int8_t CDC_Control_FS(uint8_t cmd, uint8_t* pbuf, uint16_t length);
 160:USB_DEVICE/App/usbd_cdc_if.c **** static int8_t CDC_Receive_FS(uint8_t* pbuf, uint32_t *Len);
 161:USB_DEVICE/App/usbd_cdc_if.c **** 
 162:USB_DEVICE/App/usbd_cdc_if.c **** /* USER CODE BEGIN PRIVATE_FUNCTIONS_DECLARATION */
 163:USB_DEVICE/App/usbd_cdc_if.c **** 
 164:USB_DEVICE/App/usbd_cdc_if.c **** /* USER CODE END PRIVATE_FUNCTIONS_DECLARATION */
 165:USB_DEVICE/App/usbd_cdc_if.c **** 
 166:USB_DEVICE/App/usbd_cdc_if.c **** /**
 167:USB_DEVICE/App/usbd_cdc_if.c ****   * @}
 168:USB_DEVICE/App/usbd_cdc_if.c ****   */
 169:USB_DEVICE/App/usbd_cdc_if.c **** 
 170:USB_DEVICE/App/usbd_cdc_if.c **** USBD_CDC_ItfTypeDef USBD_Interface_fops_FS =
 171:USB_DEVICE/App/usbd_cdc_if.c **** {
 172:USB_DEVICE/App/usbd_cdc_if.c ****   CDC_Init_FS,
 173:USB_DEVICE/App/usbd_cdc_if.c ****   CDC_DeInit_FS,
 174:USB_DEVICE/App/usbd_cdc_if.c ****   CDC_Control_FS,
 175:USB_DEVICE/App/usbd_cdc_if.c ****   CDC_Receive_FS
 176:USB_DEVICE/App/usbd_cdc_if.c **** };
 177:USB_DEVICE/App/usbd_cdc_if.c **** 
 178:USB_DEVICE/App/usbd_cdc_if.c **** /* Private functions ---------------------------------------------------------*/
 179:USB_DEVICE/App/usbd_cdc_if.c **** /**
 180:USB_DEVICE/App/usbd_cdc_if.c ****   * @brief  Initializes the CDC media low layer over the FS USB IP
 181:USB_DEVICE/App/usbd_cdc_if.c ****   * @retval USBD_OK if all operations are OK else USBD_FAIL
 182:USB_DEVICE/App/usbd_cdc_if.c ****   */
 183:USB_DEVICE/App/usbd_cdc_if.c **** static int8_t CDC_Init_FS(void)
 184:USB_DEVICE/App/usbd_cdc_if.c **** {
 185:USB_DEVICE/App/usbd_cdc_if.c ****   /* USER CODE BEGIN 3 */
 186:USB_DEVICE/App/usbd_cdc_if.c ****   /* Set Application Buffers */
 187:USB_DEVICE/App/usbd_cdc_if.c ****   USBD_CDC_SetTxBuffer(&hUsbDeviceFS, UserTxBufferFS, 0);
 188:USB_DEVICE/App/usbd_cdc_if.c ****   USBD_CDC_SetRxBuffer(&hUsbDeviceFS, UserRxBufferFS);
 189:USB_DEVICE/App/usbd_cdc_if.c ****   return (USBD_OK);
 190:USB_DEVICE/App/usbd_cdc_if.c ****   /* USER CODE END 3 */
 191:USB_DEVICE/App/usbd_cdc_if.c **** }
 192:USB_DEVICE/App/usbd_cdc_if.c **** 
 193:USB_DEVICE/App/usbd_cdc_if.c **** /**
 194:USB_DEVICE/App/usbd_cdc_if.c ****   * @brief  DeInitializes the CDC media low layer
 195:USB_DEVICE/App/usbd_cdc_if.c ****   * @retval USBD_OK if all operations are OK else USBD_FAIL
 196:USB_DEVICE/App/usbd_cdc_if.c ****   */
 197:USB_DEVICE/App/usbd_cdc_if.c **** static int8_t CDC_DeInit_FS(void)
 198:USB_DEVICE/App/usbd_cdc_if.c **** {
  27              		.loc 1 198 0
  28              		.cfi_startproc
  29              		@ args = 0, pretend = 0, frame = 0
  30              		@ frame_needed = 0, uses_anonymous_args = 0
  31              		@ link register save eliminated.
ARM GAS  C:\Users\073be\AppData\Local\Temp\cccTGstC.s 			page 5


 199:USB_DEVICE/App/usbd_cdc_if.c ****   /* USER CODE BEGIN 4 */
 200:USB_DEVICE/App/usbd_cdc_if.c ****   return (USBD_OK);
 201:USB_DEVICE/App/usbd_cdc_if.c ****   /* USER CODE END 4 */
 202:USB_DEVICE/App/usbd_cdc_if.c **** }
  32              		.loc 1 202 0
  33 0000 0020     		movs	r0, #0
  34 0002 7047     		bx	lr
  35              		.cfi_endproc
  36              	.LFE127:
  38              		.section	.text.CDC_Control_FS,"ax",%progbits
  39              		.align	1
  40              		.syntax unified
  41              		.thumb
  42              		.thumb_func
  43              		.fpu fpv4-sp-d16
  45              	CDC_Control_FS:
  46              	.LFB128:
 203:USB_DEVICE/App/usbd_cdc_if.c **** 
 204:USB_DEVICE/App/usbd_cdc_if.c **** /**
 205:USB_DEVICE/App/usbd_cdc_if.c ****   * @brief  Manage the CDC class requests
 206:USB_DEVICE/App/usbd_cdc_if.c ****   * @param  cmd: Command code
 207:USB_DEVICE/App/usbd_cdc_if.c ****   * @param  pbuf: Buffer containing command data (request parameters)
 208:USB_DEVICE/App/usbd_cdc_if.c ****   * @param  length: Number of data to be sent (in bytes)
 209:USB_DEVICE/App/usbd_cdc_if.c ****   * @retval Result of the operation: USBD_OK if all operations are OK else USBD_FAIL
 210:USB_DEVICE/App/usbd_cdc_if.c ****   */
 211:USB_DEVICE/App/usbd_cdc_if.c **** static int8_t CDC_Control_FS(uint8_t cmd, uint8_t* pbuf, uint16_t length)
 212:USB_DEVICE/App/usbd_cdc_if.c **** {
  47              		.loc 1 212 0
  48              		.cfi_startproc
  49              		@ args = 0, pretend = 0, frame = 0
  50              		@ frame_needed = 0, uses_anonymous_args = 0
  51              		@ link register save eliminated.
  52              	.LVL0:
 213:USB_DEVICE/App/usbd_cdc_if.c ****   /* USER CODE BEGIN 5 */
 214:USB_DEVICE/App/usbd_cdc_if.c ****   switch(cmd)
 215:USB_DEVICE/App/usbd_cdc_if.c ****   {
 216:USB_DEVICE/App/usbd_cdc_if.c ****     case CDC_SEND_ENCAPSULATED_COMMAND:
 217:USB_DEVICE/App/usbd_cdc_if.c **** 
 218:USB_DEVICE/App/usbd_cdc_if.c ****     break;
 219:USB_DEVICE/App/usbd_cdc_if.c **** 
 220:USB_DEVICE/App/usbd_cdc_if.c ****     case CDC_GET_ENCAPSULATED_RESPONSE:
 221:USB_DEVICE/App/usbd_cdc_if.c **** 
 222:USB_DEVICE/App/usbd_cdc_if.c ****     break;
 223:USB_DEVICE/App/usbd_cdc_if.c **** 
 224:USB_DEVICE/App/usbd_cdc_if.c ****     case CDC_SET_COMM_FEATURE:
 225:USB_DEVICE/App/usbd_cdc_if.c **** 
 226:USB_DEVICE/App/usbd_cdc_if.c ****     break;
 227:USB_DEVICE/App/usbd_cdc_if.c **** 
 228:USB_DEVICE/App/usbd_cdc_if.c ****     case CDC_GET_COMM_FEATURE:
 229:USB_DEVICE/App/usbd_cdc_if.c **** 
 230:USB_DEVICE/App/usbd_cdc_if.c ****     break;
 231:USB_DEVICE/App/usbd_cdc_if.c **** 
 232:USB_DEVICE/App/usbd_cdc_if.c ****     case CDC_CLEAR_COMM_FEATURE:
 233:USB_DEVICE/App/usbd_cdc_if.c **** 
 234:USB_DEVICE/App/usbd_cdc_if.c ****     break;
 235:USB_DEVICE/App/usbd_cdc_if.c **** 
 236:USB_DEVICE/App/usbd_cdc_if.c ****   /*******************************************************************************/
ARM GAS  C:\Users\073be\AppData\Local\Temp\cccTGstC.s 			page 6


 237:USB_DEVICE/App/usbd_cdc_if.c ****   /* Line Coding Structure                                                       */
 238:USB_DEVICE/App/usbd_cdc_if.c ****   /*-----------------------------------------------------------------------------*/
 239:USB_DEVICE/App/usbd_cdc_if.c ****   /* Offset | Field       | Size | Value  | Description                          */
 240:USB_DEVICE/App/usbd_cdc_if.c ****   /* 0      | dwDTERate   |   4  | Number |Data terminal rate, in bits per second*/
 241:USB_DEVICE/App/usbd_cdc_if.c ****   /* 4      | bCharFormat |   1  | Number | Stop bits                            */
 242:USB_DEVICE/App/usbd_cdc_if.c ****   /*                                        0 - 1 Stop bit                       */
 243:USB_DEVICE/App/usbd_cdc_if.c ****   /*                                        1 - 1.5 Stop bits                    */
 244:USB_DEVICE/App/usbd_cdc_if.c ****   /*                                        2 - 2 Stop bits                      */
 245:USB_DEVICE/App/usbd_cdc_if.c ****   /* 5      | bParityType |  1   | Number | Parity                               */
 246:USB_DEVICE/App/usbd_cdc_if.c ****   /*                                        0 - None                             */
 247:USB_DEVICE/App/usbd_cdc_if.c ****   /*                                        1 - Odd                              */
 248:USB_DEVICE/App/usbd_cdc_if.c ****   /*                                        2 - Even                             */
 249:USB_DEVICE/App/usbd_cdc_if.c ****   /*                                        3 - Mark                             */
 250:USB_DEVICE/App/usbd_cdc_if.c ****   /*                                        4 - Space                            */
 251:USB_DEVICE/App/usbd_cdc_if.c ****   /* 6      | bDataBits  |   1   | Number Data bits (5, 6, 7, 8 or 16).          */
 252:USB_DEVICE/App/usbd_cdc_if.c ****   /*******************************************************************************/
 253:USB_DEVICE/App/usbd_cdc_if.c ****     case CDC_SET_LINE_CODING:
 254:USB_DEVICE/App/usbd_cdc_if.c **** 
 255:USB_DEVICE/App/usbd_cdc_if.c ****     break;
 256:USB_DEVICE/App/usbd_cdc_if.c **** 
 257:USB_DEVICE/App/usbd_cdc_if.c ****     case CDC_GET_LINE_CODING:
 258:USB_DEVICE/App/usbd_cdc_if.c **** 
 259:USB_DEVICE/App/usbd_cdc_if.c ****     break;
 260:USB_DEVICE/App/usbd_cdc_if.c **** 
 261:USB_DEVICE/App/usbd_cdc_if.c ****     case CDC_SET_CONTROL_LINE_STATE:
 262:USB_DEVICE/App/usbd_cdc_if.c **** 
 263:USB_DEVICE/App/usbd_cdc_if.c ****     break;
 264:USB_DEVICE/App/usbd_cdc_if.c **** 
 265:USB_DEVICE/App/usbd_cdc_if.c ****     case CDC_SEND_BREAK:
 266:USB_DEVICE/App/usbd_cdc_if.c **** 
 267:USB_DEVICE/App/usbd_cdc_if.c ****     break;
 268:USB_DEVICE/App/usbd_cdc_if.c **** 
 269:USB_DEVICE/App/usbd_cdc_if.c ****   default:
 270:USB_DEVICE/App/usbd_cdc_if.c ****     break;
 271:USB_DEVICE/App/usbd_cdc_if.c ****   }
 272:USB_DEVICE/App/usbd_cdc_if.c **** 
 273:USB_DEVICE/App/usbd_cdc_if.c ****   return (USBD_OK);
 274:USB_DEVICE/App/usbd_cdc_if.c ****   /* USER CODE END 5 */
 275:USB_DEVICE/App/usbd_cdc_if.c **** }
  53              		.loc 1 275 0
  54 0000 0020     		movs	r0, #0
  55              	.LVL1:
  56 0002 7047     		bx	lr
  57              		.cfi_endproc
  58              	.LFE128:
  60              		.section	.text.CDC_Receive_FS,"ax",%progbits
  61              		.align	1
  62              		.syntax unified
  63              		.thumb
  64              		.thumb_func
  65              		.fpu fpv4-sp-d16
  67              	CDC_Receive_FS:
  68              	.LFB129:
 276:USB_DEVICE/App/usbd_cdc_if.c **** 
 277:USB_DEVICE/App/usbd_cdc_if.c **** /**
 278:USB_DEVICE/App/usbd_cdc_if.c ****   * @brief  Data received over USB OUT endpoint are sent over CDC interface
 279:USB_DEVICE/App/usbd_cdc_if.c ****   *         through this function.
ARM GAS  C:\Users\073be\AppData\Local\Temp\cccTGstC.s 			page 7


 280:USB_DEVICE/App/usbd_cdc_if.c ****   *
 281:USB_DEVICE/App/usbd_cdc_if.c ****   *         @note
 282:USB_DEVICE/App/usbd_cdc_if.c ****   *         This function will block any OUT packet reception on USB endpoint
 283:USB_DEVICE/App/usbd_cdc_if.c ****   *         untill exiting this function. If you exit this function before transfer
 284:USB_DEVICE/App/usbd_cdc_if.c ****   *         is complete on CDC interface (ie. using DMA controller) it will result
 285:USB_DEVICE/App/usbd_cdc_if.c ****   *         in receiving more data while previous ones are still not sent.
 286:USB_DEVICE/App/usbd_cdc_if.c ****   *
 287:USB_DEVICE/App/usbd_cdc_if.c ****   * @param  Buf: Buffer of data to be received
 288:USB_DEVICE/App/usbd_cdc_if.c ****   * @param  Len: Number of data received (in bytes)
 289:USB_DEVICE/App/usbd_cdc_if.c ****   * @retval Result of the operation: USBD_OK if all operations are OK else USBD_FAIL
 290:USB_DEVICE/App/usbd_cdc_if.c ****   */
 291:USB_DEVICE/App/usbd_cdc_if.c **** static int8_t CDC_Receive_FS(uint8_t* Buf, uint32_t *Len)
 292:USB_DEVICE/App/usbd_cdc_if.c **** {
  69              		.loc 1 292 0
  70              		.cfi_startproc
  71              		@ args = 0, pretend = 0, frame = 0
  72              		@ frame_needed = 0, uses_anonymous_args = 0
  73              	.LVL2:
  74 0000 10B5     		push	{r4, lr}
  75              	.LCFI0:
  76              		.cfi_def_cfa_offset 8
  77              		.cfi_offset 4, -8
  78              		.cfi_offset 14, -4
 293:USB_DEVICE/App/usbd_cdc_if.c ****   /* USER CODE BEGIN 6 */
 294:USB_DEVICE/App/usbd_cdc_if.c ****   USBD_CDC_SetRxBuffer(&hUsbDeviceFS, &Buf[0]);
  79              		.loc 1 294 0
  80 0002 054C     		ldr	r4, .L5
  81 0004 0146     		mov	r1, r0
  82              	.LVL3:
  83 0006 2046     		mov	r0, r4
  84              	.LVL4:
  85 0008 FFF7FEFF 		bl	USBD_CDC_SetRxBuffer
  86              	.LVL5:
 295:USB_DEVICE/App/usbd_cdc_if.c ****   USBD_CDC_ReceivePacket(&hUsbDeviceFS);
  87              		.loc 1 295 0
  88 000c 2046     		mov	r0, r4
  89 000e FFF7FEFF 		bl	USBD_CDC_ReceivePacket
  90              	.LVL6:
 296:USB_DEVICE/App/usbd_cdc_if.c ****   return (USBD_OK);
 297:USB_DEVICE/App/usbd_cdc_if.c ****   /* USER CODE END 6 */
 298:USB_DEVICE/App/usbd_cdc_if.c **** }
  91              		.loc 1 298 0
  92 0012 0020     		movs	r0, #0
  93 0014 10BD     		pop	{r4, pc}
  94              	.L6:
  95 0016 00BF     		.align	2
  96              	.L5:
  97 0018 00000000 		.word	hUsbDeviceFS
  98              		.cfi_endproc
  99              	.LFE129:
 101              		.section	.text.CDC_Init_FS,"ax",%progbits
 102              		.align	1
 103              		.syntax unified
 104              		.thumb
 105              		.thumb_func
 106              		.fpu fpv4-sp-d16
 108              	CDC_Init_FS:
ARM GAS  C:\Users\073be\AppData\Local\Temp\cccTGstC.s 			page 8


 109              	.LFB126:
 184:USB_DEVICE/App/usbd_cdc_if.c ****   /* USER CODE BEGIN 3 */
 110              		.loc 1 184 0
 111              		.cfi_startproc
 112              		@ args = 0, pretend = 0, frame = 0
 113              		@ frame_needed = 0, uses_anonymous_args = 0
 114 0000 10B5     		push	{r4, lr}
 115              	.LCFI1:
 116              		.cfi_def_cfa_offset 8
 117              		.cfi_offset 4, -8
 118              		.cfi_offset 14, -4
 187:USB_DEVICE/App/usbd_cdc_if.c ****   USBD_CDC_SetRxBuffer(&hUsbDeviceFS, UserRxBufferFS);
 119              		.loc 1 187 0
 120 0002 064C     		ldr	r4, .L9
 121 0004 0022     		movs	r2, #0
 122 0006 0649     		ldr	r1, .L9+4
 123 0008 2046     		mov	r0, r4
 124 000a FFF7FEFF 		bl	USBD_CDC_SetTxBuffer
 125              	.LVL7:
 188:USB_DEVICE/App/usbd_cdc_if.c ****   return (USBD_OK);
 126              		.loc 1 188 0
 127 000e 0549     		ldr	r1, .L9+8
 128 0010 2046     		mov	r0, r4
 129 0012 FFF7FEFF 		bl	USBD_CDC_SetRxBuffer
 130              	.LVL8:
 191:USB_DEVICE/App/usbd_cdc_if.c **** 
 131              		.loc 1 191 0
 132 0016 0020     		movs	r0, #0
 133 0018 10BD     		pop	{r4, pc}
 134              	.L10:
 135 001a 00BF     		.align	2
 136              	.L9:
 137 001c 00000000 		.word	hUsbDeviceFS
 138 0020 00000000 		.word	UserTxBufferFS
 139 0024 00000000 		.word	UserRxBufferFS
 140              		.cfi_endproc
 141              	.LFE126:
 143              		.section	.text.CDC_Transmit_FS,"ax",%progbits
 144              		.align	1
 145              		.global	CDC_Transmit_FS
 146              		.syntax unified
 147              		.thumb
 148              		.thumb_func
 149              		.fpu fpv4-sp-d16
 151              	CDC_Transmit_FS:
 152              	.LFB130:
 299:USB_DEVICE/App/usbd_cdc_if.c **** 
 300:USB_DEVICE/App/usbd_cdc_if.c **** /**
 301:USB_DEVICE/App/usbd_cdc_if.c ****   * @brief  CDC_Transmit_FS
 302:USB_DEVICE/App/usbd_cdc_if.c ****   *         Data to send over USB IN endpoint are sent over CDC interface
 303:USB_DEVICE/App/usbd_cdc_if.c ****   *         through this function.
 304:USB_DEVICE/App/usbd_cdc_if.c ****   *         @note
 305:USB_DEVICE/App/usbd_cdc_if.c ****   *
 306:USB_DEVICE/App/usbd_cdc_if.c ****   *
 307:USB_DEVICE/App/usbd_cdc_if.c ****   * @param  Buf: Buffer of data to be sent
 308:USB_DEVICE/App/usbd_cdc_if.c ****   * @param  Len: Number of data to be sent (in bytes)
 309:USB_DEVICE/App/usbd_cdc_if.c ****   * @retval USBD_OK if all operations are OK else USBD_FAIL or USBD_BUSY
ARM GAS  C:\Users\073be\AppData\Local\Temp\cccTGstC.s 			page 9


 310:USB_DEVICE/App/usbd_cdc_if.c ****   */
 311:USB_DEVICE/App/usbd_cdc_if.c **** uint8_t CDC_Transmit_FS(uint8_t* Buf, uint16_t Len)
 312:USB_DEVICE/App/usbd_cdc_if.c **** {
 153              		.loc 1 312 0
 154              		.cfi_startproc
 155              		@ args = 0, pretend = 0, frame = 0
 156              		@ frame_needed = 0, uses_anonymous_args = 0
 157              	.LVL9:
 313:USB_DEVICE/App/usbd_cdc_if.c ****   uint8_t result = USBD_OK;
 314:USB_DEVICE/App/usbd_cdc_if.c ****   /* USER CODE BEGIN 7 */
 315:USB_DEVICE/App/usbd_cdc_if.c ****   USBD_CDC_HandleTypeDef *hcdc = (USBD_CDC_HandleTypeDef*)hUsbDeviceFS.pClassData;
 158              		.loc 1 315 0
 159 0000 094B     		ldr	r3, .L19
 160 0002 D3F81832 		ldr	r3, [r3, #536]
 161              	.LVL10:
 316:USB_DEVICE/App/usbd_cdc_if.c ****   if (hcdc->TxState != 0){
 162              		.loc 1 316 0
 163 0006 D3F81432 		ldr	r3, [r3, #532]
 164              	.LVL11:
 165 000a 0BB1     		cbz	r3, .L18
 317:USB_DEVICE/App/usbd_cdc_if.c ****     return USBD_BUSY;
 166              		.loc 1 317 0
 167 000c 0120     		movs	r0, #1
 168              	.LVL12:
 318:USB_DEVICE/App/usbd_cdc_if.c ****   }
 319:USB_DEVICE/App/usbd_cdc_if.c ****   USBD_CDC_SetTxBuffer(&hUsbDeviceFS, Buf, Len);
 320:USB_DEVICE/App/usbd_cdc_if.c ****   result = USBD_CDC_TransmitPacket(&hUsbDeviceFS);
 321:USB_DEVICE/App/usbd_cdc_if.c ****   /* USER CODE END 7 */
 322:USB_DEVICE/App/usbd_cdc_if.c ****   return result;
 323:USB_DEVICE/App/usbd_cdc_if.c **** }
 169              		.loc 1 323 0
 170 000e 7047     		bx	lr
 171              	.LVL13:
 172              	.L18:
 312:USB_DEVICE/App/usbd_cdc_if.c ****   uint8_t result = USBD_OK;
 173              		.loc 1 312 0
 174 0010 10B5     		push	{r4, lr}
 175              	.LCFI2:
 176              		.cfi_def_cfa_offset 8
 177              		.cfi_offset 4, -8
 178              		.cfi_offset 14, -4
 179 0012 0A46     		mov	r2, r1
 180 0014 0146     		mov	r1, r0
 181              	.LVL14:
 319:USB_DEVICE/App/usbd_cdc_if.c ****   result = USBD_CDC_TransmitPacket(&hUsbDeviceFS);
 182              		.loc 1 319 0
 183 0016 044C     		ldr	r4, .L19
 184              	.LVL15:
 185 0018 2046     		mov	r0, r4
 186              	.LVL16:
 187 001a FFF7FEFF 		bl	USBD_CDC_SetTxBuffer
 188              	.LVL17:
 320:USB_DEVICE/App/usbd_cdc_if.c ****   /* USER CODE END 7 */
 189              		.loc 1 320 0
 190 001e 2046     		mov	r0, r4
 191 0020 FFF7FEFF 		bl	USBD_CDC_TransmitPacket
 192              	.LVL18:
ARM GAS  C:\Users\073be\AppData\Local\Temp\cccTGstC.s 			page 10


 193              		.loc 1 323 0
 194 0024 10BD     		pop	{r4, pc}
 195              	.L20:
 196 0026 00BF     		.align	2
 197              	.L19:
 198 0028 00000000 		.word	hUsbDeviceFS
 199              		.cfi_endproc
 200              	.LFE130:
 202              		.global	USBD_Interface_fops_FS
 203              		.comm	UserTxBufferFS,2048,4
 204              		.comm	UserRxBufferFS,2048,4
 205              		.section	.data.USBD_Interface_fops_FS,"aw",%progbits
 206              		.align	2
 209              	USBD_Interface_fops_FS:
 210 0000 00000000 		.word	CDC_Init_FS
 211 0004 00000000 		.word	CDC_DeInit_FS
 212 0008 00000000 		.word	CDC_Control_FS
 213 000c 00000000 		.word	CDC_Receive_FS
 214              		.text
 215              	.Letext0:
 216              		.file 2 "c:\\program files (x86)\\gnu tools arm embedded\\7 2017-q4-major\\arm-none-eabi\\include\
 217              		.file 3 "c:\\program files (x86)\\gnu tools arm embedded\\7 2017-q4-major\\arm-none-eabi\\include\
 218              		.file 4 "c:\\program files (x86)\\gnu tools arm embedded\\7 2017-q4-major\\arm-none-eabi\\include\
 219              		.file 5 "c:\\program files (x86)\\gnu tools arm embedded\\7 2017-q4-major\\lib\\gcc\\arm-none-eabi
 220              		.file 6 "c:\\program files (x86)\\gnu tools arm embedded\\7 2017-q4-major\\arm-none-eabi\\include\
 221              		.file 7 "c:\\program files (x86)\\gnu tools arm embedded\\7 2017-q4-major\\arm-none-eabi\\include\
 222              		.file 8 "c:\\program files (x86)\\gnu tools arm embedded\\7 2017-q4-major\\arm-none-eabi\\include\
 223              		.file 9 "C:/Users/073be/STM32Cube/Repository/STM32Cube_FW_F4_V1.23.0/Drivers/CMSIS/Include/core_cm
 224              		.file 10 "C:/Users/073be/STM32Cube/Repository/STM32Cube_FW_F4_V1.23.0/Drivers/CMSIS/Device/ST/STM3
 225              		.file 11 "C:/Users/073be/STM32Cube/Repository/STM32Cube_FW_F4_V1.23.0/Middlewares/ST/STM32_USB_Dev
 226              		.file 12 "C:/Users/073be/STM32Cube/Repository/STM32Cube_FW_F4_V1.23.0/Middlewares/ST/STM32_USB_Dev
 227              		.file 13 "USB_DEVICE/App/usbd_cdc_if.h"
ARM GAS  C:\Users\073be\AppData\Local\Temp\cccTGstC.s 			page 11


DEFINED SYMBOLS
                            *ABS*:00000000 usbd_cdc_if.c
C:\Users\073be\AppData\Local\Temp\cccTGstC.s:18     .text.CDC_DeInit_FS:00000000 $t
C:\Users\073be\AppData\Local\Temp\cccTGstC.s:24     .text.CDC_DeInit_FS:00000000 CDC_DeInit_FS
C:\Users\073be\AppData\Local\Temp\cccTGstC.s:39     .text.CDC_Control_FS:00000000 $t
C:\Users\073be\AppData\Local\Temp\cccTGstC.s:45     .text.CDC_Control_FS:00000000 CDC_Control_FS
C:\Users\073be\AppData\Local\Temp\cccTGstC.s:61     .text.CDC_Receive_FS:00000000 $t
C:\Users\073be\AppData\Local\Temp\cccTGstC.s:67     .text.CDC_Receive_FS:00000000 CDC_Receive_FS
C:\Users\073be\AppData\Local\Temp\cccTGstC.s:97     .text.CDC_Receive_FS:00000018 $d
C:\Users\073be\AppData\Local\Temp\cccTGstC.s:102    .text.CDC_Init_FS:00000000 $t
C:\Users\073be\AppData\Local\Temp\cccTGstC.s:108    .text.CDC_Init_FS:00000000 CDC_Init_FS
C:\Users\073be\AppData\Local\Temp\cccTGstC.s:137    .text.CDC_Init_FS:0000001c $d
                            *COM*:00000800 UserTxBufferFS
                            *COM*:00000800 UserRxBufferFS
C:\Users\073be\AppData\Local\Temp\cccTGstC.s:144    .text.CDC_Transmit_FS:00000000 $t
C:\Users\073be\AppData\Local\Temp\cccTGstC.s:151    .text.CDC_Transmit_FS:00000000 CDC_Transmit_FS
C:\Users\073be\AppData\Local\Temp\cccTGstC.s:198    .text.CDC_Transmit_FS:00000028 $d
C:\Users\073be\AppData\Local\Temp\cccTGstC.s:209    .data.USBD_Interface_fops_FS:00000000 USBD_Interface_fops_FS
C:\Users\073be\AppData\Local\Temp\cccTGstC.s:206    .data.USBD_Interface_fops_FS:00000000 $d

UNDEFINED SYMBOLS
USBD_CDC_SetRxBuffer
USBD_CDC_ReceivePacket
hUsbDeviceFS
USBD_CDC_SetTxBuffer
USBD_CDC_TransmitPacket
